ARM GAS  C:\Users\merce\AppData\Local\Temp\ccpYoEli.s 			page 1


   1              		.syntax unified
   2              		.cpu cortex-m3
   3              		.fpu softvfp
   4              		.eabi_attribute 20, 1
   5              		.eabi_attribute 21, 1
   6              		.eabi_attribute 23, 3
   7              		.eabi_attribute 24, 1
   8              		.eabi_attribute 25, 1
   9              		.eabi_attribute 26, 1
  10              		.eabi_attribute 30, 6
  11              		.eabi_attribute 34, 1
  12              		.eabi_attribute 18, 4
  13              		.thumb
  14              		.syntax unified
  15              		.file	"Wave_DAC.c"
  16              		.text
  17              	.Ltext0:
  18              		.cfi_sections	.debug_frame
  19              		.global	Wave_DAC_initVar
  20              		.bss
  21              		.type	Wave_DAC_initVar, %object
  22              		.size	Wave_DAC_initVar, 1
  23              	Wave_DAC_initVar:
  24 0000 00       		.space	1
  25              		.global	Wave_DAC_wave1
  26              		.section	.rodata
  27              		.align	2
  28              		.type	Wave_DAC_wave1, %object
  29              		.size	Wave_DAC_wave1, 256
  30              	Wave_DAC_wave1:
  31 0000 80       		.byte	-128
  32 0001 80       		.byte	-128
  33 0002 81       		.byte	-127
  34 0003 82       		.byte	-126
  35 0004 83       		.byte	-125
  36 0005 83       		.byte	-125
  37 0006 84       		.byte	-124
  38 0007 85       		.byte	-123
  39 0008 86       		.byte	-122
  40 0009 86       		.byte	-122
  41 000a 87       		.byte	-121
  42 000b 88       		.byte	-120
  43 000c 89       		.byte	-119
  44 000d 89       		.byte	-119
  45 000e 8A       		.byte	-118
  46 000f 8B       		.byte	-117
  47 0010 8B       		.byte	-117
  48 0011 8C       		.byte	-116
  49 0012 8D       		.byte	-115
  50 0013 8E       		.byte	-114
  51 0014 8E       		.byte	-114
  52 0015 8F       		.byte	-113
  53 0016 90       		.byte	-112
  54 0017 90       		.byte	-112
  55 0018 91       		.byte	-111
  56 0019 91       		.byte	-111
  57 001a 92       		.byte	-110
ARM GAS  C:\Users\merce\AppData\Local\Temp\ccpYoEli.s 			page 2


  58 001b 93       		.byte	-109
  59 001c 93       		.byte	-109
  60 001d 94       		.byte	-108
  61 001e 94       		.byte	-108
  62 001f 95       		.byte	-107
  63 0020 96       		.byte	-106
  64 0021 96       		.byte	-106
  65 0022 97       		.byte	-105
  66 0023 97       		.byte	-105
  67 0024 98       		.byte	-104
  68 0025 98       		.byte	-104
  69 0026 99       		.byte	-103
  70 0027 99       		.byte	-103
  71 0028 99       		.byte	-103
  72 0029 9A       		.byte	-102
  73 002a 9A       		.byte	-102
  74 002b 9B       		.byte	-101
  75 002c 9B       		.byte	-101
  76 002d 9B       		.byte	-101
  77 002e 9C       		.byte	-100
  78 002f 9C       		.byte	-100
  79 0030 9C       		.byte	-100
  80 0031 9D       		.byte	-99
  81 0032 9D       		.byte	-99
  82 0033 9D       		.byte	-99
  83 0034 9D       		.byte	-99
  84 0035 9E       		.byte	-98
  85 0036 9E       		.byte	-98
  86 0037 9E       		.byte	-98
  87 0038 9E       		.byte	-98
  88 0039 9E       		.byte	-98
  89 003a 9E       		.byte	-98
  90 003b 9F       		.byte	-97
  91 003c 9F       		.byte	-97
  92 003d 9F       		.byte	-97
  93 003e 9F       		.byte	-97
  94 003f 9F       		.byte	-97
  95 0040 9F       		.byte	-97
  96 0041 9F       		.byte	-97
  97 0042 9F       		.byte	-97
  98 0043 9F       		.byte	-97
  99 0044 9F       		.byte	-97
 100 0045 9F       		.byte	-97
 101 0046 9E       		.byte	-98
 102 0047 9E       		.byte	-98
 103 0048 9E       		.byte	-98
 104 0049 9E       		.byte	-98
 105 004a 9E       		.byte	-98
 106 004b 9E       		.byte	-98
 107 004c 9D       		.byte	-99
 108 004d 9D       		.byte	-99
 109 004e 9D       		.byte	-99
 110 004f 9D       		.byte	-99
 111 0050 9C       		.byte	-100
 112 0051 9C       		.byte	-100
 113 0052 9C       		.byte	-100
 114 0053 9B       		.byte	-101
ARM GAS  C:\Users\merce\AppData\Local\Temp\ccpYoEli.s 			page 3


 115 0054 9B       		.byte	-101
 116 0055 9B       		.byte	-101
 117 0056 9A       		.byte	-102
 118 0057 9A       		.byte	-102
 119 0058 99       		.byte	-103
 120 0059 99       		.byte	-103
 121 005a 99       		.byte	-103
 122 005b 98       		.byte	-104
 123 005c 98       		.byte	-104
 124 005d 97       		.byte	-105
 125 005e 97       		.byte	-105
 126 005f 96       		.byte	-106
 127 0060 96       		.byte	-106
 128 0061 95       		.byte	-107
 129 0062 94       		.byte	-108
 130 0063 94       		.byte	-108
 131 0064 93       		.byte	-109
 132 0065 93       		.byte	-109
 133 0066 92       		.byte	-110
 134 0067 91       		.byte	-111
 135 0068 91       		.byte	-111
 136 0069 90       		.byte	-112
 137 006a 90       		.byte	-112
 138 006b 8F       		.byte	-113
 139 006c 8E       		.byte	-114
 140 006d 8E       		.byte	-114
 141 006e 8D       		.byte	-115
 142 006f 8C       		.byte	-116
 143 0070 8B       		.byte	-117
 144 0071 8B       		.byte	-117
 145 0072 8A       		.byte	-118
 146 0073 89       		.byte	-119
 147 0074 89       		.byte	-119
 148 0075 88       		.byte	-120
 149 0076 87       		.byte	-121
 150 0077 86       		.byte	-122
 151 0078 86       		.byte	-122
 152 0079 85       		.byte	-123
 153 007a 84       		.byte	-124
 154 007b 83       		.byte	-125
 155 007c 83       		.byte	-125
 156 007d 82       		.byte	-126
 157 007e 81       		.byte	-127
 158 007f 80       		.byte	-128
 159 0080 80       		.byte	-128
 160 0081 7F       		.byte	127
 161 0082 7E       		.byte	126
 162 0083 7D       		.byte	125
 163 0084 7C       		.byte	124
 164 0085 7C       		.byte	124
 165 0086 7B       		.byte	123
 166 0087 7A       		.byte	122
 167 0088 79       		.byte	121
 168 0089 79       		.byte	121
 169 008a 78       		.byte	120
 170 008b 77       		.byte	119
 171 008c 76       		.byte	118
ARM GAS  C:\Users\merce\AppData\Local\Temp\ccpYoEli.s 			page 4


 172 008d 76       		.byte	118
 173 008e 75       		.byte	117
 174 008f 74       		.byte	116
 175 0090 74       		.byte	116
 176 0091 73       		.byte	115
 177 0092 72       		.byte	114
 178 0093 71       		.byte	113
 179 0094 71       		.byte	113
 180 0095 70       		.byte	112
 181 0096 6F       		.byte	111
 182 0097 6F       		.byte	111
 183 0098 6E       		.byte	110
 184 0099 6E       		.byte	110
 185 009a 6D       		.byte	109
 186 009b 6C       		.byte	108
 187 009c 6C       		.byte	108
 188 009d 6B       		.byte	107
 189 009e 6B       		.byte	107
 190 009f 6A       		.byte	106
 191 00a0 69       		.byte	105
 192 00a1 69       		.byte	105
 193 00a2 68       		.byte	104
 194 00a3 68       		.byte	104
 195 00a4 67       		.byte	103
 196 00a5 67       		.byte	103
 197 00a6 66       		.byte	102
 198 00a7 66       		.byte	102
 199 00a8 66       		.byte	102
 200 00a9 65       		.byte	101
 201 00aa 65       		.byte	101
 202 00ab 64       		.byte	100
 203 00ac 64       		.byte	100
 204 00ad 64       		.byte	100
 205 00ae 63       		.byte	99
 206 00af 63       		.byte	99
 207 00b0 63       		.byte	99
 208 00b1 62       		.byte	98
 209 00b2 62       		.byte	98
 210 00b3 62       		.byte	98
 211 00b4 62       		.byte	98
 212 00b5 61       		.byte	97
 213 00b6 61       		.byte	97
 214 00b7 61       		.byte	97
 215 00b8 61       		.byte	97
 216 00b9 61       		.byte	97
 217 00ba 61       		.byte	97
 218 00bb 60       		.byte	96
 219 00bc 60       		.byte	96
 220 00bd 60       		.byte	96
 221 00be 60       		.byte	96
 222 00bf 60       		.byte	96
 223 00c0 60       		.byte	96
 224 00c1 60       		.byte	96
 225 00c2 60       		.byte	96
 226 00c3 60       		.byte	96
 227 00c4 60       		.byte	96
 228 00c5 60       		.byte	96
ARM GAS  C:\Users\merce\AppData\Local\Temp\ccpYoEli.s 			page 5


 229 00c6 61       		.byte	97
 230 00c7 61       		.byte	97
 231 00c8 61       		.byte	97
 232 00c9 61       		.byte	97
 233 00ca 61       		.byte	97
 234 00cb 61       		.byte	97
 235 00cc 62       		.byte	98
 236 00cd 62       		.byte	98
 237 00ce 62       		.byte	98
 238 00cf 62       		.byte	98
 239 00d0 63       		.byte	99
 240 00d1 63       		.byte	99
 241 00d2 63       		.byte	99
 242 00d3 64       		.byte	100
 243 00d4 64       		.byte	100
 244 00d5 64       		.byte	100
 245 00d6 65       		.byte	101
 246 00d7 65       		.byte	101
 247 00d8 66       		.byte	102
 248 00d9 66       		.byte	102
 249 00da 66       		.byte	102
 250 00db 67       		.byte	103
 251 00dc 67       		.byte	103
 252 00dd 68       		.byte	104
 253 00de 68       		.byte	104
 254 00df 69       		.byte	105
 255 00e0 69       		.byte	105
 256 00e1 6A       		.byte	106
 257 00e2 6B       		.byte	107
 258 00e3 6B       		.byte	107
 259 00e4 6C       		.byte	108
 260 00e5 6C       		.byte	108
 261 00e6 6D       		.byte	109
 262 00e7 6E       		.byte	110
 263 00e8 6E       		.byte	110
 264 00e9 6F       		.byte	111
 265 00ea 6F       		.byte	111
 266 00eb 70       		.byte	112
 267 00ec 71       		.byte	113
 268 00ed 71       		.byte	113
 269 00ee 72       		.byte	114
 270 00ef 73       		.byte	115
 271 00f0 74       		.byte	116
 272 00f1 74       		.byte	116
 273 00f2 75       		.byte	117
 274 00f3 76       		.byte	118
 275 00f4 76       		.byte	118
 276 00f5 77       		.byte	119
 277 00f6 78       		.byte	120
 278 00f7 79       		.byte	121
 279 00f8 79       		.byte	121
 280 00f9 7A       		.byte	122
 281 00fa 7B       		.byte	123
 282 00fb 7C       		.byte	124
 283 00fc 7C       		.byte	124
 284 00fd 7D       		.byte	125
 285 00fe 7E       		.byte	126
ARM GAS  C:\Users\merce\AppData\Local\Temp\ccpYoEli.s 			page 6


 286 00ff 7F       		.byte	127
 287              		.global	Wave_DAC_wave2
 288              		.align	2
 289              		.type	Wave_DAC_wave2, %object
 290              		.size	Wave_DAC_wave2, 50
 291              	Wave_DAC_wave2:
 292 0100 20       		.byte	32
 293 0101 23       		.byte	35
 294 0102 25       		.byte	37
 295 0103 28       		.byte	40
 296 0104 2A       		.byte	42
 297 0105 2D       		.byte	45
 298 0106 2F       		.byte	47
 299 0107 32       		.byte	50
 300 0108 34       		.byte	52
 301 0109 37       		.byte	55
 302 010a 3A       		.byte	58
 303 010b 3C       		.byte	60
 304 010c 3F       		.byte	63
 305 010d 3F       		.byte	63
 306 010e 3C       		.byte	60
 307 010f 3A       		.byte	58
 308 0110 37       		.byte	55
 309 0111 34       		.byte	52
 310 0112 32       		.byte	50
 311 0113 2F       		.byte	47
 312 0114 2D       		.byte	45
 313 0115 2A       		.byte	42
 314 0116 28       		.byte	40
 315 0117 25       		.byte	37
 316 0118 23       		.byte	35
 317 0119 20       		.byte	32
 318 011a 1D       		.byte	29
 319 011b 1B       		.byte	27
 320 011c 18       		.byte	24
 321 011d 16       		.byte	22
 322 011e 13       		.byte	19
 323 011f 11       		.byte	17
 324 0120 0E       		.byte	14
 325 0121 0C       		.byte	12
 326 0122 09       		.byte	9
 327 0123 06       		.byte	6
 328 0124 04       		.byte	4
 329 0125 01       		.byte	1
 330 0126 01       		.byte	1
 331 0127 04       		.byte	4
 332 0128 06       		.byte	6
 333 0129 09       		.byte	9
 334 012a 0C       		.byte	12
 335 012b 0E       		.byte	14
 336 012c 11       		.byte	17
 337 012d 13       		.byte	19
 338 012e 16       		.byte	22
 339 012f 18       		.byte	24
 340 0130 1B       		.byte	27
 341 0131 1D       		.byte	29
 342              		.bss
ARM GAS  C:\Users\merce\AppData\Local\Temp\ccpYoEli.s 			page 7


 343              	Wave_DAC_Wave1Chan:
 344 0001 00       		.space	1
 345              	Wave_DAC_Wave2Chan:
 346 0002 00       		.space	1
 347              	Wave_DAC_Wave1TD:
 348 0003 00       		.space	1
 349              	Wave_DAC_Wave2TD:
 350 0004 00       		.space	1
 351              		.section	.text.Wave_DAC_Init,"ax",%progbits
 352              		.align	2
 353              		.global	Wave_DAC_Init
 354              		.thumb
 355              		.thumb_func
 356              		.type	Wave_DAC_Init, %function
 357              	Wave_DAC_Init:
 358              	.LFB0:
 359              		.file 1 "Generated_Source\\PSoC5\\Wave_DAC.c"
   1:Generated_Source\PSoC5/Wave_DAC.c **** /*******************************************************************************
   2:Generated_Source\PSoC5/Wave_DAC.c **** * File Name: Wave_DAC.c
   3:Generated_Source\PSoC5/Wave_DAC.c **** * Version 2.10
   4:Generated_Source\PSoC5/Wave_DAC.c **** *
   5:Generated_Source\PSoC5/Wave_DAC.c **** * Description:
   6:Generated_Source\PSoC5/Wave_DAC.c **** *  This file provides the source code for the 8-bit Waveform DAC 
   7:Generated_Source\PSoC5/Wave_DAC.c **** *  (WaveDAC8) Component.
   8:Generated_Source\PSoC5/Wave_DAC.c **** *
   9:Generated_Source\PSoC5/Wave_DAC.c **** ********************************************************************************
  10:Generated_Source\PSoC5/Wave_DAC.c **** * Copyright 2013, Cypress Semiconductor Corporation.  All rights reserved.
  11:Generated_Source\PSoC5/Wave_DAC.c **** * You may use this file only in accordance with the license, terms, conditions,
  12:Generated_Source\PSoC5/Wave_DAC.c **** * disclaimers, and limitations in the end user license agreement accompanying
  13:Generated_Source\PSoC5/Wave_DAC.c **** * the software package with which this file was provided.
  14:Generated_Source\PSoC5/Wave_DAC.c **** *******************************************************************************/
  15:Generated_Source\PSoC5/Wave_DAC.c **** 
  16:Generated_Source\PSoC5/Wave_DAC.c **** #include "Wave_DAC.h"
  17:Generated_Source\PSoC5/Wave_DAC.c **** 
  18:Generated_Source\PSoC5/Wave_DAC.c **** uint8  Wave_DAC_initVar = 0u;
  19:Generated_Source\PSoC5/Wave_DAC.c **** 
  20:Generated_Source\PSoC5/Wave_DAC.c **** const uint8 CYCODE Wave_DAC_wave1[Wave_DAC_WAVE1_LENGTH] = {  128,128,129,130,131,131,132,133,134,1
  21:Generated_Source\PSoC5/Wave_DAC.c **** const uint8 CYCODE Wave_DAC_wave2[Wave_DAC_WAVE2_LENGTH] = {  32,35,37,40,42,45,47,50,52,55,58,60,6
  22:Generated_Source\PSoC5/Wave_DAC.c **** 
  23:Generated_Source\PSoC5/Wave_DAC.c **** static uint8  Wave_DAC_Wave1Chan;
  24:Generated_Source\PSoC5/Wave_DAC.c **** static uint8  Wave_DAC_Wave2Chan;
  25:Generated_Source\PSoC5/Wave_DAC.c **** static uint8  Wave_DAC_Wave1TD;
  26:Generated_Source\PSoC5/Wave_DAC.c **** static uint8  Wave_DAC_Wave2TD;
  27:Generated_Source\PSoC5/Wave_DAC.c **** 
  28:Generated_Source\PSoC5/Wave_DAC.c **** 
  29:Generated_Source\PSoC5/Wave_DAC.c **** /*******************************************************************************
  30:Generated_Source\PSoC5/Wave_DAC.c **** * Function Name: Wave_DAC_Init
  31:Generated_Source\PSoC5/Wave_DAC.c **** ********************************************************************************
  32:Generated_Source\PSoC5/Wave_DAC.c **** *
  33:Generated_Source\PSoC5/Wave_DAC.c **** * Summary:
  34:Generated_Source\PSoC5/Wave_DAC.c **** *  Initializes component with parameters set in the customizer.
  35:Generated_Source\PSoC5/Wave_DAC.c **** *
  36:Generated_Source\PSoC5/Wave_DAC.c **** * Parameters:  
  37:Generated_Source\PSoC5/Wave_DAC.c **** *  None
  38:Generated_Source\PSoC5/Wave_DAC.c **** *
  39:Generated_Source\PSoC5/Wave_DAC.c **** * Return: 
  40:Generated_Source\PSoC5/Wave_DAC.c **** *  None
ARM GAS  C:\Users\merce\AppData\Local\Temp\ccpYoEli.s 			page 8


  41:Generated_Source\PSoC5/Wave_DAC.c **** *
  42:Generated_Source\PSoC5/Wave_DAC.c **** *******************************************************************************/
  43:Generated_Source\PSoC5/Wave_DAC.c **** void Wave_DAC_Init(void) 
  44:Generated_Source\PSoC5/Wave_DAC.c **** {
 360              		.loc 1 44 0
 361              		.cfi_startproc
 362              		@ args = 0, pretend = 0, frame = 0
 363              		@ frame_needed = 1, uses_anonymous_args = 0
 364 0000 80B5     		push	{r7, lr}
 365              		.cfi_def_cfa_offset 8
 366              		.cfi_offset 7, -8
 367              		.cfi_offset 14, -4
 368 0002 00AF     		add	r7, sp, #0
 369              		.cfi_def_cfa_register 7
  45:Generated_Source\PSoC5/Wave_DAC.c **** 	Wave_DAC_VDAC8_Init();
 370              		.loc 1 45 0
 371 0004 FFF7FEFF 		bl	Wave_DAC_VDAC8_Init
  46:Generated_Source\PSoC5/Wave_DAC.c **** 	Wave_DAC_VDAC8_SetSpeed(Wave_DAC_HIGHSPEED);
 372              		.loc 1 46 0
 373 0008 0220     		movs	r0, #2
 374 000a FFF7FEFF 		bl	Wave_DAC_VDAC8_SetSpeed
  47:Generated_Source\PSoC5/Wave_DAC.c **** 	Wave_DAC_VDAC8_SetRange(Wave_DAC_DAC_RANGE);
 375              		.loc 1 47 0
 376 000e 0420     		movs	r0, #4
 377 0010 FFF7FEFF 		bl	Wave_DAC_VDAC8_SetRange
  48:Generated_Source\PSoC5/Wave_DAC.c **** 
  49:Generated_Source\PSoC5/Wave_DAC.c **** 	#if(Wave_DAC_DAC_MODE == Wave_DAC_CURRENT_MODE)
  50:Generated_Source\PSoC5/Wave_DAC.c **** 		Wave_DAC_IDAC8_SetPolarity(Wave_DAC_DAC_POL);
  51:Generated_Source\PSoC5/Wave_DAC.c **** 	#endif /* Wave_DAC_DAC_MODE == Wave_DAC_CURRENT_MODE */
  52:Generated_Source\PSoC5/Wave_DAC.c **** 
  53:Generated_Source\PSoC5/Wave_DAC.c **** 	#if(Wave_DAC_OUT_MODE == Wave_DAC_BUFFER_MODE)
  54:Generated_Source\PSoC5/Wave_DAC.c **** 	   Wave_DAC_BuffAmp_Init();
  55:Generated_Source\PSoC5/Wave_DAC.c **** 	#endif /* Wave_DAC_OUT_MODE == Wave_DAC_BUFFER_MODE */
  56:Generated_Source\PSoC5/Wave_DAC.c **** 
  57:Generated_Source\PSoC5/Wave_DAC.c **** 	/* Get the TD Number for the DMA channel 1 and 2   */
  58:Generated_Source\PSoC5/Wave_DAC.c **** 	Wave_DAC_Wave1TD = CyDmaTdAllocate();
 378              		.loc 1 58 0
 379 0014 FFF7FEFF 		bl	CyDmaTdAllocate
 380 0018 0346     		mov	r3, r0
 381 001a 1A46     		mov	r2, r3
 382 001c 094B     		ldr	r3, .L2
 383 001e 1A70     		strb	r2, [r3]
  59:Generated_Source\PSoC5/Wave_DAC.c **** 	Wave_DAC_Wave2TD = CyDmaTdAllocate();
 384              		.loc 1 59 0
 385 0020 FFF7FEFF 		bl	CyDmaTdAllocate
 386 0024 0346     		mov	r3, r0
 387 0026 1A46     		mov	r2, r3
 388 0028 074B     		ldr	r3, .L2+4
 389 002a 1A70     		strb	r2, [r3]
  60:Generated_Source\PSoC5/Wave_DAC.c **** 	
  61:Generated_Source\PSoC5/Wave_DAC.c **** 	/* Initialize waveform pointers  */
  62:Generated_Source\PSoC5/Wave_DAC.c **** 	Wave_DAC_Wave1Setup(Wave_DAC_wave1, Wave_DAC_WAVE1_LENGTH) ;
 390              		.loc 1 62 0
 391 002c 4FF48071 		mov	r1, #256
 392 0030 0648     		ldr	r0, .L2+8
 393 0032 FFF7FEFF 		bl	Wave_DAC_Wave1Setup
  63:Generated_Source\PSoC5/Wave_DAC.c **** 	Wave_DAC_Wave2Setup(Wave_DAC_wave2, Wave_DAC_WAVE2_LENGTH) ;
ARM GAS  C:\Users\merce\AppData\Local\Temp\ccpYoEli.s 			page 9


 394              		.loc 1 63 0
 395 0036 3221     		movs	r1, #50
 396 0038 0548     		ldr	r0, .L2+12
 397 003a FFF7FEFF 		bl	Wave_DAC_Wave2Setup
  64:Generated_Source\PSoC5/Wave_DAC.c **** 	
  65:Generated_Source\PSoC5/Wave_DAC.c **** 	/* Initialize the internal clock if one present  */
  66:Generated_Source\PSoC5/Wave_DAC.c **** 	#if defined(Wave_DAC_DacClk_PHASE)
  67:Generated_Source\PSoC5/Wave_DAC.c **** 	   Wave_DAC_DacClk_SetPhase(Wave_DAC_CLK_PHASE_0nS);
  68:Generated_Source\PSoC5/Wave_DAC.c **** 	#endif /* defined(Wave_DAC_DacClk_PHASE) */
  69:Generated_Source\PSoC5/Wave_DAC.c **** }
 398              		.loc 1 69 0
 399 003e 00BF     		nop
 400 0040 80BD     		pop	{r7, pc}
 401              	.L3:
 402 0042 00BF     		.align	2
 403              	.L2:
 404 0044 03000000 		.word	Wave_DAC_Wave1TD
 405 0048 04000000 		.word	Wave_DAC_Wave2TD
 406 004c 00000000 		.word	Wave_DAC_wave1
 407 0050 00000000 		.word	Wave_DAC_wave2
 408              		.cfi_endproc
 409              	.LFE0:
 410              		.size	Wave_DAC_Init, .-Wave_DAC_Init
 411              		.section	.text.Wave_DAC_Enable,"ax",%progbits
 412              		.align	2
 413              		.global	Wave_DAC_Enable
 414              		.thumb
 415              		.thumb_func
 416              		.type	Wave_DAC_Enable, %function
 417              	Wave_DAC_Enable:
 418              	.LFB1:
  70:Generated_Source\PSoC5/Wave_DAC.c **** 
  71:Generated_Source\PSoC5/Wave_DAC.c **** 
  72:Generated_Source\PSoC5/Wave_DAC.c **** /*******************************************************************************
  73:Generated_Source\PSoC5/Wave_DAC.c **** * Function Name: Wave_DAC_Enable
  74:Generated_Source\PSoC5/Wave_DAC.c **** ********************************************************************************
  75:Generated_Source\PSoC5/Wave_DAC.c **** *  
  76:Generated_Source\PSoC5/Wave_DAC.c **** * Summary: 
  77:Generated_Source\PSoC5/Wave_DAC.c **** *  Enables the DAC block and DMA operation.
  78:Generated_Source\PSoC5/Wave_DAC.c **** *
  79:Generated_Source\PSoC5/Wave_DAC.c **** * Parameters:  
  80:Generated_Source\PSoC5/Wave_DAC.c **** *  None
  81:Generated_Source\PSoC5/Wave_DAC.c **** *
  82:Generated_Source\PSoC5/Wave_DAC.c **** * Return: 
  83:Generated_Source\PSoC5/Wave_DAC.c **** *  None
  84:Generated_Source\PSoC5/Wave_DAC.c **** *
  85:Generated_Source\PSoC5/Wave_DAC.c **** *******************************************************************************/
  86:Generated_Source\PSoC5/Wave_DAC.c **** void Wave_DAC_Enable(void) 
  87:Generated_Source\PSoC5/Wave_DAC.c **** {
 419              		.loc 1 87 0
 420              		.cfi_startproc
 421              		@ args = 0, pretend = 0, frame = 0
 422              		@ frame_needed = 1, uses_anonymous_args = 0
 423 0000 80B5     		push	{r7, lr}
 424              		.cfi_def_cfa_offset 8
 425              		.cfi_offset 7, -8
 426              		.cfi_offset 14, -4
ARM GAS  C:\Users\merce\AppData\Local\Temp\ccpYoEli.s 			page 10


 427 0002 00AF     		add	r7, sp, #0
 428              		.cfi_def_cfa_register 7
  88:Generated_Source\PSoC5/Wave_DAC.c **** 	Wave_DAC_VDAC8_Enable();
 429              		.loc 1 88 0
 430 0004 FFF7FEFF 		bl	Wave_DAC_VDAC8_Enable
  89:Generated_Source\PSoC5/Wave_DAC.c **** 
  90:Generated_Source\PSoC5/Wave_DAC.c **** 	#if(Wave_DAC_OUT_MODE == Wave_DAC_BUFFER_MODE)
  91:Generated_Source\PSoC5/Wave_DAC.c **** 	   Wave_DAC_BuffAmp_Enable();
  92:Generated_Source\PSoC5/Wave_DAC.c **** 	#endif /* Wave_DAC_OUT_MODE == Wave_DAC_BUFFER_MODE */
  93:Generated_Source\PSoC5/Wave_DAC.c **** 
  94:Generated_Source\PSoC5/Wave_DAC.c **** 	/* 
  95:Generated_Source\PSoC5/Wave_DAC.c **** 	* Enable the channel. It is configured to remember the TD value so that
  96:Generated_Source\PSoC5/Wave_DAC.c **** 	* it can be restored from the place where it has been stopped.
  97:Generated_Source\PSoC5/Wave_DAC.c **** 	*/
  98:Generated_Source\PSoC5/Wave_DAC.c **** 	(void)CyDmaChEnable(Wave_DAC_Wave1Chan, 1u);
 431              		.loc 1 98 0
 432 0008 084B     		ldr	r3, .L5
 433 000a 1B78     		ldrb	r3, [r3]	@ zero_extendqisi2
 434 000c 0121     		movs	r1, #1
 435 000e 1846     		mov	r0, r3
 436 0010 FFF7FEFF 		bl	CyDmaChEnable
  99:Generated_Source\PSoC5/Wave_DAC.c **** 	(void)CyDmaChEnable(Wave_DAC_Wave2Chan, 1u);
 437              		.loc 1 99 0
 438 0014 064B     		ldr	r3, .L5+4
 439 0016 1B78     		ldrb	r3, [r3]	@ zero_extendqisi2
 440 0018 0121     		movs	r1, #1
 441 001a 1846     		mov	r0, r3
 442 001c FFF7FEFF 		bl	CyDmaChEnable
 100:Generated_Source\PSoC5/Wave_DAC.c **** 	
 101:Generated_Source\PSoC5/Wave_DAC.c **** 	/* set the initial value */
 102:Generated_Source\PSoC5/Wave_DAC.c **** 	Wave_DAC_SetValue(0u);
 443              		.loc 1 102 0
 444 0020 0020     		movs	r0, #0
 445 0022 FFF7FEFF 		bl	Wave_DAC_VDAC8_SetValue
 103:Generated_Source\PSoC5/Wave_DAC.c **** 	
 104:Generated_Source\PSoC5/Wave_DAC.c **** 	#if(Wave_DAC_CLOCK_SRC == Wave_DAC_CLOCK_INT)  	
 105:Generated_Source\PSoC5/Wave_DAC.c **** 	   Wave_DAC_DacClk_Start();
 106:Generated_Source\PSoC5/Wave_DAC.c **** 	#endif /* Wave_DAC_CLOCK_SRC == Wave_DAC_CLOCK_INT */
 107:Generated_Source\PSoC5/Wave_DAC.c **** }
 446              		.loc 1 107 0
 447 0026 00BF     		nop
 448 0028 80BD     		pop	{r7, pc}
 449              	.L6:
 450 002a 00BF     		.align	2
 451              	.L5:
 452 002c 01000000 		.word	Wave_DAC_Wave1Chan
 453 0030 02000000 		.word	Wave_DAC_Wave2Chan
 454              		.cfi_endproc
 455              	.LFE1:
 456              		.size	Wave_DAC_Enable, .-Wave_DAC_Enable
 457              		.section	.text.Wave_DAC_Start,"ax",%progbits
 458              		.align	2
 459              		.global	Wave_DAC_Start
 460              		.thumb
 461              		.thumb_func
 462              		.type	Wave_DAC_Start, %function
 463              	Wave_DAC_Start:
ARM GAS  C:\Users\merce\AppData\Local\Temp\ccpYoEli.s 			page 11


 464              	.LFB2:
 108:Generated_Source\PSoC5/Wave_DAC.c **** 
 109:Generated_Source\PSoC5/Wave_DAC.c **** 
 110:Generated_Source\PSoC5/Wave_DAC.c **** /*******************************************************************************
 111:Generated_Source\PSoC5/Wave_DAC.c **** * Function Name: Wave_DAC_Start
 112:Generated_Source\PSoC5/Wave_DAC.c **** ********************************************************************************
 113:Generated_Source\PSoC5/Wave_DAC.c **** *
 114:Generated_Source\PSoC5/Wave_DAC.c **** * Summary:
 115:Generated_Source\PSoC5/Wave_DAC.c **** *  The start function initializes the voltage DAC with the default values, 
 116:Generated_Source\PSoC5/Wave_DAC.c **** *  and sets the power to the given level.  A power level of 0, is the same as 
 117:Generated_Source\PSoC5/Wave_DAC.c **** *  executing the stop function.
 118:Generated_Source\PSoC5/Wave_DAC.c **** *
 119:Generated_Source\PSoC5/Wave_DAC.c **** * Parameters:  
 120:Generated_Source\PSoC5/Wave_DAC.c **** *  None
 121:Generated_Source\PSoC5/Wave_DAC.c **** *
 122:Generated_Source\PSoC5/Wave_DAC.c **** * Return: 
 123:Generated_Source\PSoC5/Wave_DAC.c **** *  None
 124:Generated_Source\PSoC5/Wave_DAC.c **** *
 125:Generated_Source\PSoC5/Wave_DAC.c **** * Reentrant:
 126:Generated_Source\PSoC5/Wave_DAC.c **** *  No
 127:Generated_Source\PSoC5/Wave_DAC.c **** *
 128:Generated_Source\PSoC5/Wave_DAC.c **** *******************************************************************************/
 129:Generated_Source\PSoC5/Wave_DAC.c **** void Wave_DAC_Start(void) 
 130:Generated_Source\PSoC5/Wave_DAC.c **** {
 465              		.loc 1 130 0
 466              		.cfi_startproc
 467              		@ args = 0, pretend = 0, frame = 0
 468              		@ frame_needed = 1, uses_anonymous_args = 0
 469 0000 80B5     		push	{r7, lr}
 470              		.cfi_def_cfa_offset 8
 471              		.cfi_offset 7, -8
 472              		.cfi_offset 14, -4
 473 0002 00AF     		add	r7, sp, #0
 474              		.cfi_def_cfa_register 7
 131:Generated_Source\PSoC5/Wave_DAC.c **** 	/* If not Initialized then initialize all required hardware and software */
 132:Generated_Source\PSoC5/Wave_DAC.c **** 	if(Wave_DAC_initVar == 0u)
 475              		.loc 1 132 0
 476 0004 064B     		ldr	r3, .L9
 477 0006 1B78     		ldrb	r3, [r3]	@ zero_extendqisi2
 478 0008 002B     		cmp	r3, #0
 479 000a 04D1     		bne	.L8
 133:Generated_Source\PSoC5/Wave_DAC.c **** 	{
 134:Generated_Source\PSoC5/Wave_DAC.c **** 		Wave_DAC_Init();
 480              		.loc 1 134 0
 481 000c FFF7FEFF 		bl	Wave_DAC_Init
 135:Generated_Source\PSoC5/Wave_DAC.c **** 		Wave_DAC_initVar = 1u;
 482              		.loc 1 135 0
 483 0010 034B     		ldr	r3, .L9
 484 0012 0122     		movs	r2, #1
 485 0014 1A70     		strb	r2, [r3]
 486              	.L8:
 136:Generated_Source\PSoC5/Wave_DAC.c **** 	}
 137:Generated_Source\PSoC5/Wave_DAC.c **** 	
 138:Generated_Source\PSoC5/Wave_DAC.c **** 	Wave_DAC_Enable();
 487              		.loc 1 138 0
 488 0016 FFF7FEFF 		bl	Wave_DAC_Enable
 139:Generated_Source\PSoC5/Wave_DAC.c **** }
ARM GAS  C:\Users\merce\AppData\Local\Temp\ccpYoEli.s 			page 12


 489              		.loc 1 139 0
 490 001a 00BF     		nop
 491 001c 80BD     		pop	{r7, pc}
 492              	.L10:
 493 001e 00BF     		.align	2
 494              	.L9:
 495 0020 00000000 		.word	Wave_DAC_initVar
 496              		.cfi_endproc
 497              	.LFE2:
 498              		.size	Wave_DAC_Start, .-Wave_DAC_Start
 499              		.section	.text.Wave_DAC_StartEx,"ax",%progbits
 500              		.align	2
 501              		.global	Wave_DAC_StartEx
 502              		.thumb
 503              		.thumb_func
 504              		.type	Wave_DAC_StartEx, %function
 505              	Wave_DAC_StartEx:
 506              	.LFB3:
 140:Generated_Source\PSoC5/Wave_DAC.c **** 
 141:Generated_Source\PSoC5/Wave_DAC.c **** 
 142:Generated_Source\PSoC5/Wave_DAC.c **** /*******************************************************************************
 143:Generated_Source\PSoC5/Wave_DAC.c **** * Function Name: Wave_DAC_StartEx
 144:Generated_Source\PSoC5/Wave_DAC.c **** ********************************************************************************
 145:Generated_Source\PSoC5/Wave_DAC.c **** *
 146:Generated_Source\PSoC5/Wave_DAC.c **** * Summary:
 147:Generated_Source\PSoC5/Wave_DAC.c **** *  The StartEx function sets pointers and sizes for both waveforms
 148:Generated_Source\PSoC5/Wave_DAC.c **** *  and then starts the component.
 149:Generated_Source\PSoC5/Wave_DAC.c **** *
 150:Generated_Source\PSoC5/Wave_DAC.c **** * Parameters:  
 151:Generated_Source\PSoC5/Wave_DAC.c **** *   uint8 * wavePtr1:     Pointer to the waveform 1 array.
 152:Generated_Source\PSoC5/Wave_DAC.c **** *   uint16  sampleSize1:  The amount of samples in the waveform 1.
 153:Generated_Source\PSoC5/Wave_DAC.c **** *   uint8 * wavePtr2:     Pointer to the waveform 2 array.
 154:Generated_Source\PSoC5/Wave_DAC.c **** *   uint16  sampleSize2:  The amount of samples in the waveform 2.
 155:Generated_Source\PSoC5/Wave_DAC.c **** *
 156:Generated_Source\PSoC5/Wave_DAC.c **** * Return: 
 157:Generated_Source\PSoC5/Wave_DAC.c **** *  None
 158:Generated_Source\PSoC5/Wave_DAC.c **** *
 159:Generated_Source\PSoC5/Wave_DAC.c **** * Reentrant:
 160:Generated_Source\PSoC5/Wave_DAC.c **** *  No
 161:Generated_Source\PSoC5/Wave_DAC.c **** *
 162:Generated_Source\PSoC5/Wave_DAC.c **** *******************************************************************************/
 163:Generated_Source\PSoC5/Wave_DAC.c **** void Wave_DAC_StartEx(const uint8 * wavePtr1, uint16 sampleSize1, const uint8 * wavePtr2, uint16 sa
 164:Generated_Source\PSoC5/Wave_DAC.c **** 
 165:Generated_Source\PSoC5/Wave_DAC.c **** {
 507              		.loc 1 165 0
 508              		.cfi_startproc
 509              		@ args = 0, pretend = 0, frame = 16
 510              		@ frame_needed = 1, uses_anonymous_args = 0
 511 0000 80B5     		push	{r7, lr}
 512              		.cfi_def_cfa_offset 8
 513              		.cfi_offset 7, -8
 514              		.cfi_offset 14, -4
 515 0002 84B0     		sub	sp, sp, #16
 516              		.cfi_def_cfa_offset 24
 517 0004 00AF     		add	r7, sp, #0
 518              		.cfi_def_cfa_register 7
 519 0006 F860     		str	r0, [r7, #12]
ARM GAS  C:\Users\merce\AppData\Local\Temp\ccpYoEli.s 			page 13


 520 0008 7A60     		str	r2, [r7, #4]
 521 000a 1A46     		mov	r2, r3
 522 000c 0B46     		mov	r3, r1	@ movhi
 523 000e 7B81     		strh	r3, [r7, #10]	@ movhi
 524 0010 1346     		mov	r3, r2	@ movhi
 525 0012 3B81     		strh	r3, [r7, #8]	@ movhi
 166:Generated_Source\PSoC5/Wave_DAC.c **** 	Wave_DAC_Wave1Setup(wavePtr1, sampleSize1);
 526              		.loc 1 166 0
 527 0014 7B89     		ldrh	r3, [r7, #10]
 528 0016 1946     		mov	r1, r3
 529 0018 F868     		ldr	r0, [r7, #12]
 530 001a FFF7FEFF 		bl	Wave_DAC_Wave1Setup
 167:Generated_Source\PSoC5/Wave_DAC.c **** 	Wave_DAC_Wave2Setup(wavePtr2, sampleSize2);
 531              		.loc 1 167 0
 532 001e 3B89     		ldrh	r3, [r7, #8]
 533 0020 1946     		mov	r1, r3
 534 0022 7868     		ldr	r0, [r7, #4]
 535 0024 FFF7FEFF 		bl	Wave_DAC_Wave2Setup
 168:Generated_Source\PSoC5/Wave_DAC.c **** 	Wave_DAC_Start();
 536              		.loc 1 168 0
 537 0028 FFF7FEFF 		bl	Wave_DAC_Start
 169:Generated_Source\PSoC5/Wave_DAC.c **** }
 538              		.loc 1 169 0
 539 002c 00BF     		nop
 540 002e 1037     		adds	r7, r7, #16
 541              		.cfi_def_cfa_offset 8
 542 0030 BD46     		mov	sp, r7
 543              		.cfi_def_cfa_register 13
 544              		@ sp needed
 545 0032 80BD     		pop	{r7, pc}
 546              		.cfi_endproc
 547              	.LFE3:
 548              		.size	Wave_DAC_StartEx, .-Wave_DAC_StartEx
 549              		.section	.text.Wave_DAC_Stop,"ax",%progbits
 550              		.align	2
 551              		.global	Wave_DAC_Stop
 552              		.thumb
 553              		.thumb_func
 554              		.type	Wave_DAC_Stop, %function
 555              	Wave_DAC_Stop:
 556              	.LFB4:
 170:Generated_Source\PSoC5/Wave_DAC.c **** 
 171:Generated_Source\PSoC5/Wave_DAC.c **** 
 172:Generated_Source\PSoC5/Wave_DAC.c **** /*******************************************************************************
 173:Generated_Source\PSoC5/Wave_DAC.c **** * Function Name: Wave_DAC_Stop
 174:Generated_Source\PSoC5/Wave_DAC.c **** ********************************************************************************
 175:Generated_Source\PSoC5/Wave_DAC.c **** *
 176:Generated_Source\PSoC5/Wave_DAC.c **** * Summary:
 177:Generated_Source\PSoC5/Wave_DAC.c **** *  Stops the clock (if internal), disables the DMA channels
 178:Generated_Source\PSoC5/Wave_DAC.c **** *  and powers down the DAC.
 179:Generated_Source\PSoC5/Wave_DAC.c **** *
 180:Generated_Source\PSoC5/Wave_DAC.c **** * Parameters:  
 181:Generated_Source\PSoC5/Wave_DAC.c **** *  None  
 182:Generated_Source\PSoC5/Wave_DAC.c **** *
 183:Generated_Source\PSoC5/Wave_DAC.c **** * Return: 
 184:Generated_Source\PSoC5/Wave_DAC.c **** *  None
 185:Generated_Source\PSoC5/Wave_DAC.c **** *
ARM GAS  C:\Users\merce\AppData\Local\Temp\ccpYoEli.s 			page 14


 186:Generated_Source\PSoC5/Wave_DAC.c **** *******************************************************************************/
 187:Generated_Source\PSoC5/Wave_DAC.c **** void Wave_DAC_Stop(void) 
 188:Generated_Source\PSoC5/Wave_DAC.c **** {
 557              		.loc 1 188 0
 558              		.cfi_startproc
 559              		@ args = 0, pretend = 0, frame = 0
 560              		@ frame_needed = 1, uses_anonymous_args = 0
 561 0000 80B5     		push	{r7, lr}
 562              		.cfi_def_cfa_offset 8
 563              		.cfi_offset 7, -8
 564              		.cfi_offset 14, -4
 565 0002 00AF     		add	r7, sp, #0
 566              		.cfi_def_cfa_register 7
 189:Generated_Source\PSoC5/Wave_DAC.c **** 	/* Turn off internal clock, if one present */
 190:Generated_Source\PSoC5/Wave_DAC.c **** 	#if(Wave_DAC_CLOCK_SRC == Wave_DAC_CLOCK_INT)  	
 191:Generated_Source\PSoC5/Wave_DAC.c **** 	   Wave_DAC_DacClk_Stop();
 192:Generated_Source\PSoC5/Wave_DAC.c **** 	#endif /* Wave_DAC_CLOCK_SRC == Wave_DAC_CLOCK_INT */
 193:Generated_Source\PSoC5/Wave_DAC.c **** 	
 194:Generated_Source\PSoC5/Wave_DAC.c **** 	/* Disble DMA channels */
 195:Generated_Source\PSoC5/Wave_DAC.c **** 	(void)CyDmaChDisable(Wave_DAC_Wave1Chan);
 567              		.loc 1 195 0
 568 0004 064B     		ldr	r3, .L13
 569 0006 1B78     		ldrb	r3, [r3]	@ zero_extendqisi2
 570 0008 1846     		mov	r0, r3
 571 000a FFF7FEFF 		bl	CyDmaChDisable
 196:Generated_Source\PSoC5/Wave_DAC.c **** 	(void)CyDmaChDisable(Wave_DAC_Wave2Chan);
 572              		.loc 1 196 0
 573 000e 054B     		ldr	r3, .L13+4
 574 0010 1B78     		ldrb	r3, [r3]	@ zero_extendqisi2
 575 0012 1846     		mov	r0, r3
 576 0014 FFF7FEFF 		bl	CyDmaChDisable
 197:Generated_Source\PSoC5/Wave_DAC.c **** 
 198:Generated_Source\PSoC5/Wave_DAC.c **** 	/* Disable power to DAC */
 199:Generated_Source\PSoC5/Wave_DAC.c **** 	Wave_DAC_VDAC8_Stop();
 577              		.loc 1 199 0
 578 0018 FFF7FEFF 		bl	Wave_DAC_VDAC8_Stop
 200:Generated_Source\PSoC5/Wave_DAC.c **** }
 579              		.loc 1 200 0
 580 001c 00BF     		nop
 581 001e 80BD     		pop	{r7, pc}
 582              	.L14:
 583              		.align	2
 584              	.L13:
 585 0020 01000000 		.word	Wave_DAC_Wave1Chan
 586 0024 02000000 		.word	Wave_DAC_Wave2Chan
 587              		.cfi_endproc
 588              	.LFE4:
 589              		.size	Wave_DAC_Stop, .-Wave_DAC_Stop
 590              		.section	.text.Wave_DAC_Wave1Setup,"ax",%progbits
 591              		.align	2
 592              		.global	Wave_DAC_Wave1Setup
 593              		.thumb
 594              		.thumb_func
 595              		.type	Wave_DAC_Wave1Setup, %function
 596              	Wave_DAC_Wave1Setup:
 597              	.LFB5:
 201:Generated_Source\PSoC5/Wave_DAC.c **** 
ARM GAS  C:\Users\merce\AppData\Local\Temp\ccpYoEli.s 			page 15


 202:Generated_Source\PSoC5/Wave_DAC.c **** 
 203:Generated_Source\PSoC5/Wave_DAC.c **** /*******************************************************************************
 204:Generated_Source\PSoC5/Wave_DAC.c **** * Function Name: Wave_DAC_Wave1Setup
 205:Generated_Source\PSoC5/Wave_DAC.c **** ********************************************************************************
 206:Generated_Source\PSoC5/Wave_DAC.c **** *
 207:Generated_Source\PSoC5/Wave_DAC.c **** * Summary:
 208:Generated_Source\PSoC5/Wave_DAC.c **** *  Sets pointer and size for waveform 1.                                    
 209:Generated_Source\PSoC5/Wave_DAC.c **** *
 210:Generated_Source\PSoC5/Wave_DAC.c **** * Parameters:  
 211:Generated_Source\PSoC5/Wave_DAC.c **** *  uint8 * WavePtr:     Pointer to the waveform array.
 212:Generated_Source\PSoC5/Wave_DAC.c **** *  uint16  SampleSize:  The amount of samples in the waveform.
 213:Generated_Source\PSoC5/Wave_DAC.c **** *
 214:Generated_Source\PSoC5/Wave_DAC.c **** * Return: 
 215:Generated_Source\PSoC5/Wave_DAC.c **** *  None 
 216:Generated_Source\PSoC5/Wave_DAC.c **** *
 217:Generated_Source\PSoC5/Wave_DAC.c **** *******************************************************************************/
 218:Generated_Source\PSoC5/Wave_DAC.c **** void Wave_DAC_Wave1Setup(const uint8 * wavePtr, uint16 sampleSize)
 219:Generated_Source\PSoC5/Wave_DAC.c **** 
 220:Generated_Source\PSoC5/Wave_DAC.c **** {
 598              		.loc 1 220 0
 599              		.cfi_startproc
 600              		@ args = 0, pretend = 0, frame = 8
 601              		@ frame_needed = 1, uses_anonymous_args = 0
 602 0000 80B5     		push	{r7, lr}
 603              		.cfi_def_cfa_offset 8
 604              		.cfi_offset 7, -8
 605              		.cfi_offset 14, -4
 606 0002 82B0     		sub	sp, sp, #8
 607              		.cfi_def_cfa_offset 16
 608 0004 00AF     		add	r7, sp, #0
 609              		.cfi_def_cfa_register 7
 610 0006 7860     		str	r0, [r7, #4]
 611 0008 0B46     		mov	r3, r1
 612 000a 7B80     		strh	r3, [r7, #2]	@ movhi
 221:Generated_Source\PSoC5/Wave_DAC.c **** 	#if (CY_PSOC3)
 222:Generated_Source\PSoC5/Wave_DAC.c **** 		uint16 memoryType; /* determining the source memory type */
 223:Generated_Source\PSoC5/Wave_DAC.c **** 		memoryType = (Wave_DAC_HI16FLASHPTR == HI16(wavePtr)) ? HI16(CYDEV_FLS_BASE) : HI16(CYDEV_SRAM_BA
 224:Generated_Source\PSoC5/Wave_DAC.c **** 		
 225:Generated_Source\PSoC5/Wave_DAC.c **** 		Wave_DAC_Wave1Chan = Wave_DAC_Wave1_DMA_DmaInitialize(
 226:Generated_Source\PSoC5/Wave_DAC.c **** 		Wave_DAC_Wave1_DMA_BYTES_PER_BURST, Wave_DAC_Wave1_DMA_REQUEST_PER_BURST,
 227:Generated_Source\PSoC5/Wave_DAC.c **** 		memoryType, HI16(CYDEV_PERIPH_BASE));
 228:Generated_Source\PSoC5/Wave_DAC.c **** 	#else /* PSoC 5 */
 229:Generated_Source\PSoC5/Wave_DAC.c **** 		Wave_DAC_Wave1Chan = Wave_DAC_Wave1_DMA_DmaInitialize(
 230:Generated_Source\PSoC5/Wave_DAC.c **** 		Wave_DAC_Wave1_DMA_BYTES_PER_BURST, Wave_DAC_Wave1_DMA_REQUEST_PER_BURST,
 231:Generated_Source\PSoC5/Wave_DAC.c **** 		HI16(wavePtr), HI16(Wave_DAC_DAC8__D));
 613              		.loc 1 231 0
 614 000c 7B68     		ldr	r3, [r7, #4]
 615 000e 1B0C     		lsrs	r3, r3, #16
 229:Generated_Source\PSoC5/Wave_DAC.c **** 		Wave_DAC_Wave1_DMA_BYTES_PER_BURST, Wave_DAC_Wave1_DMA_REQUEST_PER_BURST,
 616              		.loc 1 229 0
 617 0010 9AB2     		uxth	r2, r3
 618 0012 4FF48043 		mov	r3, #16384
 619 0016 0121     		movs	r1, #1
 620 0018 0120     		movs	r0, #1
 621 001a FFF7FEFF 		bl	Wave_DAC_Wave1_DMA_DmaInitialize
 622 001e 0346     		mov	r3, r0
 623 0020 1A46     		mov	r2, r3
ARM GAS  C:\Users\merce\AppData\Local\Temp\ccpYoEli.s 			page 16


 624 0022 0F4B     		ldr	r3, .L16
 625 0024 1A70     		strb	r2, [r3]
 232:Generated_Source\PSoC5/Wave_DAC.c **** 	#endif /* CY_PSOC3 */
 233:Generated_Source\PSoC5/Wave_DAC.c **** 	
 234:Generated_Source\PSoC5/Wave_DAC.c **** 	/*
 235:Generated_Source\PSoC5/Wave_DAC.c **** 	* TD is looping on itself. 
 236:Generated_Source\PSoC5/Wave_DAC.c ****     * Increment the source address, but not the destination address. 
 237:Generated_Source\PSoC5/Wave_DAC.c **** 	*/
 238:Generated_Source\PSoC5/Wave_DAC.c **** 	(void)CyDmaTdSetConfiguration(Wave_DAC_Wave1TD, sampleSize, Wave_DAC_Wave1TD, 
 626              		.loc 1 238 0
 627 0026 0F4B     		ldr	r3, .L16+4
 628 0028 1878     		ldrb	r0, [r3]	@ zero_extendqisi2
 629 002a 0E4B     		ldr	r3, .L16+4
 630 002c 1A78     		ldrb	r2, [r3]	@ zero_extendqisi2
 631 002e 7988     		ldrh	r1, [r7, #2]
 632 0030 0123     		movs	r3, #1
 633 0032 FFF7FEFF 		bl	CyDmaTdSetConfiguration
 239:Generated_Source\PSoC5/Wave_DAC.c ****                                     (uint8)CY_DMA_TD_INC_SRC_ADR | (uint8)Wave_DAC_Wave1_DMA__TD_TE
 240:Generated_Source\PSoC5/Wave_DAC.c **** 	
 241:Generated_Source\PSoC5/Wave_DAC.c **** 	/* Set the TD source and destination address */
 242:Generated_Source\PSoC5/Wave_DAC.c **** 	(void)CyDmaTdSetAddress(Wave_DAC_Wave1TD, LO16((uint32)wavePtr), LO16(Wave_DAC_DAC8__D));
 634              		.loc 1 242 0
 635 0036 0B4B     		ldr	r3, .L16+4
 636 0038 1B78     		ldrb	r3, [r3]	@ zero_extendqisi2
 637 003a 7A68     		ldr	r2, [r7, #4]
 638 003c 91B2     		uxth	r1, r2
 639 003e 45F68132 		movw	r2, #23425
 640 0042 1846     		mov	r0, r3
 641 0044 FFF7FEFF 		bl	CyDmaTdSetAddress
 243:Generated_Source\PSoC5/Wave_DAC.c **** 	
 244:Generated_Source\PSoC5/Wave_DAC.c **** 	/* Associate the TD with the channel */
 245:Generated_Source\PSoC5/Wave_DAC.c **** 	(void)CyDmaChSetInitialTd(Wave_DAC_Wave1Chan, Wave_DAC_Wave1TD);
 642              		.loc 1 245 0
 643 0048 054B     		ldr	r3, .L16
 644 004a 1A78     		ldrb	r2, [r3]	@ zero_extendqisi2
 645 004c 054B     		ldr	r3, .L16+4
 646 004e 1B78     		ldrb	r3, [r3]	@ zero_extendqisi2
 647 0050 1946     		mov	r1, r3
 648 0052 1046     		mov	r0, r2
 649 0054 FFF7FEFF 		bl	CyDmaChSetInitialTd
 246:Generated_Source\PSoC5/Wave_DAC.c **** }
 650              		.loc 1 246 0
 651 0058 00BF     		nop
 652 005a 0837     		adds	r7, r7, #8
 653              		.cfi_def_cfa_offset 8
 654 005c BD46     		mov	sp, r7
 655              		.cfi_def_cfa_register 13
 656              		@ sp needed
 657 005e 80BD     		pop	{r7, pc}
 658              	.L17:
 659              		.align	2
 660              	.L16:
 661 0060 01000000 		.word	Wave_DAC_Wave1Chan
 662 0064 03000000 		.word	Wave_DAC_Wave1TD
 663              		.cfi_endproc
 664              	.LFE5:
 665              		.size	Wave_DAC_Wave1Setup, .-Wave_DAC_Wave1Setup
ARM GAS  C:\Users\merce\AppData\Local\Temp\ccpYoEli.s 			page 17


 666              		.section	.text.Wave_DAC_Wave2Setup,"ax",%progbits
 667              		.align	2
 668              		.global	Wave_DAC_Wave2Setup
 669              		.thumb
 670              		.thumb_func
 671              		.type	Wave_DAC_Wave2Setup, %function
 672              	Wave_DAC_Wave2Setup:
 673              	.LFB6:
 247:Generated_Source\PSoC5/Wave_DAC.c **** 
 248:Generated_Source\PSoC5/Wave_DAC.c **** 
 249:Generated_Source\PSoC5/Wave_DAC.c **** /*******************************************************************************
 250:Generated_Source\PSoC5/Wave_DAC.c **** * Function Name: Wave_DAC_Wave2Setup
 251:Generated_Source\PSoC5/Wave_DAC.c **** ********************************************************************************
 252:Generated_Source\PSoC5/Wave_DAC.c **** *
 253:Generated_Source\PSoC5/Wave_DAC.c **** * Summary:
 254:Generated_Source\PSoC5/Wave_DAC.c **** *  Sets pointer and size for waveform 2.                                    
 255:Generated_Source\PSoC5/Wave_DAC.c **** *
 256:Generated_Source\PSoC5/Wave_DAC.c **** * Parameters:  
 257:Generated_Source\PSoC5/Wave_DAC.c **** *  uint8 * WavePtr:     Pointer to the waveform array.
 258:Generated_Source\PSoC5/Wave_DAC.c **** *  uint16  SampleSize:  The amount of samples in the waveform.
 259:Generated_Source\PSoC5/Wave_DAC.c **** *
 260:Generated_Source\PSoC5/Wave_DAC.c **** * Return: 
 261:Generated_Source\PSoC5/Wave_DAC.c **** *  None
 262:Generated_Source\PSoC5/Wave_DAC.c **** *
 263:Generated_Source\PSoC5/Wave_DAC.c **** *******************************************************************************/
 264:Generated_Source\PSoC5/Wave_DAC.c **** void Wave_DAC_Wave2Setup(const uint8 * wavePtr, uint16 sampleSize)
 265:Generated_Source\PSoC5/Wave_DAC.c ****  
 266:Generated_Source\PSoC5/Wave_DAC.c **** {
 674              		.loc 1 266 0
 675              		.cfi_startproc
 676              		@ args = 0, pretend = 0, frame = 8
 677              		@ frame_needed = 1, uses_anonymous_args = 0
 678 0000 80B5     		push	{r7, lr}
 679              		.cfi_def_cfa_offset 8
 680              		.cfi_offset 7, -8
 681              		.cfi_offset 14, -4
 682 0002 82B0     		sub	sp, sp, #8
 683              		.cfi_def_cfa_offset 16
 684 0004 00AF     		add	r7, sp, #0
 685              		.cfi_def_cfa_register 7
 686 0006 7860     		str	r0, [r7, #4]
 687 0008 0B46     		mov	r3, r1
 688 000a 7B80     		strh	r3, [r7, #2]	@ movhi
 267:Generated_Source\PSoC5/Wave_DAC.c **** 	#if (CY_PSOC3)
 268:Generated_Source\PSoC5/Wave_DAC.c **** 		uint16 memoryType; /* determining the source memory type */
 269:Generated_Source\PSoC5/Wave_DAC.c **** 		memoryType = (Wave_DAC_HI16FLASHPTR == HI16(wavePtr)) ? HI16(CYDEV_FLS_BASE) : HI16(CYDEV_SRAM_BA
 270:Generated_Source\PSoC5/Wave_DAC.c **** 			
 271:Generated_Source\PSoC5/Wave_DAC.c **** 		Wave_DAC_Wave2Chan = Wave_DAC_Wave2_DMA_DmaInitialize(
 272:Generated_Source\PSoC5/Wave_DAC.c **** 		Wave_DAC_Wave2_DMA_BYTES_PER_BURST, Wave_DAC_Wave2_DMA_REQUEST_PER_BURST,
 273:Generated_Source\PSoC5/Wave_DAC.c **** 		memoryType, HI16(CYDEV_PERIPH_BASE));
 274:Generated_Source\PSoC5/Wave_DAC.c **** 	#else /* PSoC 5 */
 275:Generated_Source\PSoC5/Wave_DAC.c **** 		Wave_DAC_Wave2Chan = Wave_DAC_Wave2_DMA_DmaInitialize(
 276:Generated_Source\PSoC5/Wave_DAC.c **** 		Wave_DAC_Wave2_DMA_BYTES_PER_BURST, Wave_DAC_Wave2_DMA_REQUEST_PER_BURST,
 277:Generated_Source\PSoC5/Wave_DAC.c **** 		HI16(wavePtr), HI16(Wave_DAC_DAC8__D));
 689              		.loc 1 277 0
 690 000c 7B68     		ldr	r3, [r7, #4]
 691 000e 1B0C     		lsrs	r3, r3, #16
ARM GAS  C:\Users\merce\AppData\Local\Temp\ccpYoEli.s 			page 18


 275:Generated_Source\PSoC5/Wave_DAC.c **** 		Wave_DAC_Wave2_DMA_BYTES_PER_BURST, Wave_DAC_Wave2_DMA_REQUEST_PER_BURST,
 692              		.loc 1 275 0
 693 0010 9AB2     		uxth	r2, r3
 694 0012 4FF48043 		mov	r3, #16384
 695 0016 0121     		movs	r1, #1
 696 0018 0120     		movs	r0, #1
 697 001a FFF7FEFF 		bl	Wave_DAC_Wave2_DMA_DmaInitialize
 698 001e 0346     		mov	r3, r0
 699 0020 1A46     		mov	r2, r3
 700 0022 0F4B     		ldr	r3, .L19
 701 0024 1A70     		strb	r2, [r3]
 278:Generated_Source\PSoC5/Wave_DAC.c **** 	#endif /* CY_PSOC3 */
 279:Generated_Source\PSoC5/Wave_DAC.c **** 	
 280:Generated_Source\PSoC5/Wave_DAC.c **** 	/*
 281:Generated_Source\PSoC5/Wave_DAC.c **** 	* TD is looping on itself. 
 282:Generated_Source\PSoC5/Wave_DAC.c **** 	* Increment the source address, but not the destination address. 
 283:Generated_Source\PSoC5/Wave_DAC.c **** 	*/
 284:Generated_Source\PSoC5/Wave_DAC.c **** 	(void)CyDmaTdSetConfiguration(Wave_DAC_Wave2TD, sampleSize, Wave_DAC_Wave2TD, 
 702              		.loc 1 284 0
 703 0026 0F4B     		ldr	r3, .L19+4
 704 0028 1878     		ldrb	r0, [r3]	@ zero_extendqisi2
 705 002a 0E4B     		ldr	r3, .L19+4
 706 002c 1A78     		ldrb	r2, [r3]	@ zero_extendqisi2
 707 002e 7988     		ldrh	r1, [r7, #2]
 708 0030 0123     		movs	r3, #1
 709 0032 FFF7FEFF 		bl	CyDmaTdSetConfiguration
 285:Generated_Source\PSoC5/Wave_DAC.c ****                                     (uint8)CY_DMA_TD_INC_SRC_ADR | (uint8)Wave_DAC_Wave2_DMA__TD_TE
 286:Generated_Source\PSoC5/Wave_DAC.c **** 	
 287:Generated_Source\PSoC5/Wave_DAC.c **** 	/* Set the TD source and destination address */
 288:Generated_Source\PSoC5/Wave_DAC.c **** 	(void)CyDmaTdSetAddress(Wave_DAC_Wave2TD, LO16((uint32)wavePtr), LO16(Wave_DAC_DAC8__D));
 710              		.loc 1 288 0
 711 0036 0B4B     		ldr	r3, .L19+4
 712 0038 1B78     		ldrb	r3, [r3]	@ zero_extendqisi2
 713 003a 7A68     		ldr	r2, [r7, #4]
 714 003c 91B2     		uxth	r1, r2
 715 003e 45F68132 		movw	r2, #23425
 716 0042 1846     		mov	r0, r3
 717 0044 FFF7FEFF 		bl	CyDmaTdSetAddress
 289:Generated_Source\PSoC5/Wave_DAC.c **** 	
 290:Generated_Source\PSoC5/Wave_DAC.c **** 	/* Associate the TD with the channel */
 291:Generated_Source\PSoC5/Wave_DAC.c **** 	(void)CyDmaChSetInitialTd(Wave_DAC_Wave2Chan, Wave_DAC_Wave2TD);
 718              		.loc 1 291 0
 719 0048 054B     		ldr	r3, .L19
 720 004a 1A78     		ldrb	r2, [r3]	@ zero_extendqisi2
 721 004c 054B     		ldr	r3, .L19+4
 722 004e 1B78     		ldrb	r3, [r3]	@ zero_extendqisi2
 723 0050 1946     		mov	r1, r3
 724 0052 1046     		mov	r0, r2
 725 0054 FFF7FEFF 		bl	CyDmaChSetInitialTd
 292:Generated_Source\PSoC5/Wave_DAC.c **** }
 726              		.loc 1 292 0
 727 0058 00BF     		nop
 728 005a 0837     		adds	r7, r7, #8
 729              		.cfi_def_cfa_offset 8
 730 005c BD46     		mov	sp, r7
 731              		.cfi_def_cfa_register 13
 732              		@ sp needed
ARM GAS  C:\Users\merce\AppData\Local\Temp\ccpYoEli.s 			page 19


 733 005e 80BD     		pop	{r7, pc}
 734              	.L20:
 735              		.align	2
 736              	.L19:
 737 0060 02000000 		.word	Wave_DAC_Wave2Chan
 738 0064 04000000 		.word	Wave_DAC_Wave2TD
 739              		.cfi_endproc
 740              	.LFE6:
 741              		.size	Wave_DAC_Wave2Setup, .-Wave_DAC_Wave2Setup
 742              		.text
 743              	.Letext0:
 744              		.file 2 "Generated_Source\\PSoC5\\cytypes.h"
 745              		.section	.debug_info,"",%progbits
 746              	.Ldebug_info0:
 747 0000 54020000 		.4byte	0x254
 748 0004 0400     		.2byte	0x4
 749 0006 00000000 		.4byte	.Ldebug_abbrev0
 750 000a 04       		.byte	0x4
 751 000b 01       		.uleb128 0x1
 752 000c 00000000 		.4byte	.LASF37
 753 0010 0C       		.byte	0xc
 754 0011 9A020000 		.4byte	.LASF38
 755 0015 E8000000 		.4byte	.LASF39
 756 0019 00000000 		.4byte	.Ldebug_ranges0+0
 757 001d 00000000 		.4byte	0
 758 0021 00000000 		.4byte	.Ldebug_line0
 759 0025 02       		.uleb128 0x2
 760 0026 01       		.byte	0x1
 761 0027 06       		.byte	0x6
 762 0028 E2020000 		.4byte	.LASF0
 763 002c 02       		.uleb128 0x2
 764 002d 01       		.byte	0x1
 765 002e 08       		.byte	0x8
 766 002f EA010000 		.4byte	.LASF1
 767 0033 02       		.uleb128 0x2
 768 0034 02       		.byte	0x2
 769 0035 05       		.byte	0x5
 770 0036 90020000 		.4byte	.LASF2
 771 003a 02       		.uleb128 0x2
 772 003b 02       		.byte	0x2
 773 003c 07       		.byte	0x7
 774 003d D5000000 		.4byte	.LASF3
 775 0041 02       		.uleb128 0x2
 776 0042 04       		.byte	0x4
 777 0043 05       		.byte	0x5
 778 0044 CD020000 		.4byte	.LASF4
 779 0048 02       		.uleb128 0x2
 780 0049 04       		.byte	0x4
 781 004a 07       		.byte	0x7
 782 004b A4010000 		.4byte	.LASF5
 783 004f 02       		.uleb128 0x2
 784 0050 08       		.byte	0x8
 785 0051 05       		.byte	0x5
 786 0052 69020000 		.4byte	.LASF6
 787 0056 02       		.uleb128 0x2
 788 0057 08       		.byte	0x8
 789 0058 07       		.byte	0x7
ARM GAS  C:\Users\merce\AppData\Local\Temp\ccpYoEli.s 			page 20


 790 0059 49020000 		.4byte	.LASF7
 791 005d 03       		.uleb128 0x3
 792 005e 04       		.byte	0x4
 793 005f 05       		.byte	0x5
 794 0060 696E7400 		.ascii	"int\000"
 795 0064 02       		.uleb128 0x2
 796 0065 04       		.byte	0x4
 797 0066 07       		.byte	0x7
 798 0067 3C020000 		.4byte	.LASF8
 799 006b 04       		.uleb128 0x4
 800 006c BE010000 		.4byte	.LASF9
 801 0070 02       		.byte	0x2
 802 0071 E901     		.2byte	0x1e9
 803 0073 2C000000 		.4byte	0x2c
 804 0077 04       		.uleb128 0x4
 805 0078 10020000 		.4byte	.LASF10
 806 007c 02       		.byte	0x2
 807 007d EA01     		.2byte	0x1ea
 808 007f 3A000000 		.4byte	0x3a
 809 0083 04       		.uleb128 0x4
 810 0084 17020000 		.4byte	.LASF11
 811 0088 02       		.byte	0x2
 812 0089 EB01     		.2byte	0x1eb
 813 008b 48000000 		.4byte	0x48
 814 008f 02       		.uleb128 0x2
 815 0090 04       		.byte	0x4
 816 0091 04       		.byte	0x4
 817 0092 70010000 		.4byte	.LASF12
 818 0096 02       		.uleb128 0x2
 819 0097 08       		.byte	0x8
 820 0098 04       		.byte	0x4
 821 0099 F8010000 		.4byte	.LASF13
 822 009d 02       		.uleb128 0x2
 823 009e 01       		.byte	0x1
 824 009f 08       		.byte	0x8
 825 00a0 77020000 		.4byte	.LASF14
 826 00a4 02       		.uleb128 0x2
 827 00a5 08       		.byte	0x8
 828 00a6 04       		.byte	0x4
 829 00a7 D6020000 		.4byte	.LASF15
 830 00ab 02       		.uleb128 0x2
 831 00ac 04       		.byte	0x4
 832 00ad 07       		.byte	0x7
 833 00ae 60020000 		.4byte	.LASF16
 834 00b2 05       		.uleb128 0x5
 835 00b3 62010000 		.4byte	.LASF17
 836 00b7 01       		.byte	0x1
 837 00b8 2B       		.byte	0x2b
 838 00b9 00000000 		.4byte	.LFB0
 839 00bd 54000000 		.4byte	.LFE0-.LFB0
 840 00c1 01       		.uleb128 0x1
 841 00c2 9C       		.byte	0x9c
 842 00c3 05       		.uleb128 0x5
 843 00c4 94010000 		.4byte	.LASF18
 844 00c8 01       		.byte	0x1
 845 00c9 56       		.byte	0x56
 846 00ca 00000000 		.4byte	.LFB1
ARM GAS  C:\Users\merce\AppData\Local\Temp\ccpYoEli.s 			page 21


 847 00ce 34000000 		.4byte	.LFE1-.LFB1
 848 00d2 01       		.uleb128 0x1
 849 00d3 9C       		.byte	0x9c
 850 00d4 05       		.uleb128 0x5
 851 00d5 B5000000 		.4byte	.LASF19
 852 00d9 01       		.byte	0x1
 853 00da 81       		.byte	0x81
 854 00db 00000000 		.4byte	.LFB2
 855 00df 24000000 		.4byte	.LFE2-.LFB2
 856 00e3 01       		.uleb128 0x1
 857 00e4 9C       		.byte	0x9c
 858 00e5 06       		.uleb128 0x6
 859 00e6 3F010000 		.4byte	.LASF25
 860 00ea 01       		.byte	0x1
 861 00eb A3       		.byte	0xa3
 862 00ec 00000000 		.4byte	.LFB3
 863 00f0 34000000 		.4byte	.LFE3-.LFB3
 864 00f4 01       		.uleb128 0x1
 865 00f5 9C       		.byte	0x9c
 866 00f6 33010000 		.4byte	0x133
 867 00fa 07       		.uleb128 0x7
 868 00fb 50010000 		.4byte	.LASF20
 869 00ff 01       		.byte	0x1
 870 0100 A3       		.byte	0xa3
 871 0101 33010000 		.4byte	0x133
 872 0105 02       		.uleb128 0x2
 873 0106 91       		.byte	0x91
 874 0107 74       		.sleb128 -12
 875 0108 07       		.uleb128 0x7
 876 0109 D2010000 		.4byte	.LASF21
 877 010d 01       		.byte	0x1
 878 010e A3       		.byte	0xa3
 879 010f 77000000 		.4byte	0x77
 880 0113 02       		.uleb128 0x2
 881 0114 91       		.byte	0x91
 882 0115 72       		.sleb128 -14
 883 0116 07       		.uleb128 0x7
 884 0117 59010000 		.4byte	.LASF22
 885 011b 01       		.byte	0x1
 886 011c A3       		.byte	0xa3
 887 011d 33010000 		.4byte	0x133
 888 0121 02       		.uleb128 0x2
 889 0122 91       		.byte	0x91
 890 0123 6C       		.sleb128 -20
 891 0124 07       		.uleb128 0x7
 892 0125 DE010000 		.4byte	.LASF23
 893 0129 01       		.byte	0x1
 894 012a A3       		.byte	0xa3
 895 012b 77000000 		.4byte	0x77
 896 012f 02       		.uleb128 0x2
 897 0130 91       		.byte	0x91
 898 0131 70       		.sleb128 -16
 899 0132 00       		.byte	0
 900 0133 08       		.uleb128 0x8
 901 0134 04       		.byte	0x4
 902 0135 39010000 		.4byte	0x139
 903 0139 09       		.uleb128 0x9
ARM GAS  C:\Users\merce\AppData\Local\Temp\ccpYoEli.s 			page 22


 904 013a 6B000000 		.4byte	0x6b
 905 013e 05       		.uleb128 0x5
 906 013f C4010000 		.4byte	.LASF24
 907 0143 01       		.byte	0x1
 908 0144 BB       		.byte	0xbb
 909 0145 00000000 		.4byte	.LFB4
 910 0149 28000000 		.4byte	.LFE4-.LFB4
 911 014d 01       		.uleb128 0x1
 912 014e 9C       		.byte	0x9c
 913 014f 06       		.uleb128 0x6
 914 0150 8E000000 		.4byte	.LASF26
 915 0154 01       		.byte	0x1
 916 0155 DA       		.byte	0xda
 917 0156 00000000 		.4byte	.LFB5
 918 015a 68000000 		.4byte	.LFE5-.LFB5
 919 015e 01       		.uleb128 0x1
 920 015f 9C       		.byte	0x9c
 921 0160 81010000 		.4byte	0x181
 922 0164 07       		.uleb128 0x7
 923 0165 B6010000 		.4byte	.LASF27
 924 0169 01       		.byte	0x1
 925 016a DA       		.byte	0xda
 926 016b 33010000 		.4byte	0x133
 927 016f 02       		.uleb128 0x2
 928 0170 91       		.byte	0x91
 929 0171 74       		.sleb128 -12
 930 0172 07       		.uleb128 0x7
 931 0173 76010000 		.4byte	.LASF28
 932 0177 01       		.byte	0x1
 933 0178 DA       		.byte	0xda
 934 0179 77000000 		.4byte	0x77
 935 017d 02       		.uleb128 0x2
 936 017e 91       		.byte	0x91
 937 017f 72       		.sleb128 -14
 938 0180 00       		.byte	0
 939 0181 0A       		.uleb128 0xa
 940 0182 7C020000 		.4byte	.LASF29
 941 0186 01       		.byte	0x1
 942 0187 0801     		.2byte	0x108
 943 0189 00000000 		.4byte	.LFB6
 944 018d 68000000 		.4byte	.LFE6-.LFB6
 945 0191 01       		.uleb128 0x1
 946 0192 9C       		.byte	0x9c
 947 0193 B6010000 		.4byte	0x1b6
 948 0197 0B       		.uleb128 0xb
 949 0198 B6010000 		.4byte	.LASF27
 950 019c 01       		.byte	0x1
 951 019d 0801     		.2byte	0x108
 952 019f 33010000 		.4byte	0x133
 953 01a3 02       		.uleb128 0x2
 954 01a4 91       		.byte	0x91
 955 01a5 74       		.sleb128 -12
 956 01a6 0B       		.uleb128 0xb
 957 01a7 76010000 		.4byte	.LASF28
 958 01ab 01       		.byte	0x1
 959 01ac 0801     		.2byte	0x108
 960 01ae 77000000 		.4byte	0x77
ARM GAS  C:\Users\merce\AppData\Local\Temp\ccpYoEli.s 			page 23


 961 01b2 02       		.uleb128 0x2
 962 01b3 91       		.byte	0x91
 963 01b4 72       		.sleb128 -14
 964 01b5 00       		.byte	0
 965 01b6 0C       		.uleb128 0xc
 966 01b7 A2000000 		.4byte	.LASF30
 967 01bb 01       		.byte	0x1
 968 01bc 17       		.byte	0x17
 969 01bd 6B000000 		.4byte	0x6b
 970 01c1 05       		.uleb128 0x5
 971 01c2 03       		.byte	0x3
 972 01c3 01000000 		.4byte	Wave_DAC_Wave1Chan
 973 01c7 0C       		.uleb128 0xc
 974 01c8 81010000 		.4byte	.LASF31
 975 01cc 01       		.byte	0x1
 976 01cd 18       		.byte	0x18
 977 01ce 6B000000 		.4byte	0x6b
 978 01d2 05       		.uleb128 0x5
 979 01d3 03       		.byte	0x3
 980 01d4 02000000 		.4byte	Wave_DAC_Wave2Chan
 981 01d8 0C       		.uleb128 0xc
 982 01d9 C4000000 		.4byte	.LASF32
 983 01dd 01       		.byte	0x1
 984 01de 19       		.byte	0x19
 985 01df 6B000000 		.4byte	0x6b
 986 01e3 05       		.uleb128 0x5
 987 01e4 03       		.byte	0x3
 988 01e5 03000000 		.4byte	Wave_DAC_Wave1TD
 989 01e9 0C       		.uleb128 0xc
 990 01ea FF010000 		.4byte	.LASF33
 991 01ee 01       		.byte	0x1
 992 01ef 1A       		.byte	0x1a
 993 01f0 6B000000 		.4byte	0x6b
 994 01f4 05       		.uleb128 0x5
 995 01f5 03       		.byte	0x3
 996 01f6 04000000 		.4byte	Wave_DAC_Wave2TD
 997 01fa 0D       		.uleb128 0xd
 998 01fb BC020000 		.4byte	.LASF34
 999 01ff 01       		.byte	0x1
 1000 0200 12       		.byte	0x12
 1001 0201 6B000000 		.4byte	0x6b
 1002 0205 05       		.uleb128 0x5
 1003 0206 03       		.byte	0x3
 1004 0207 00000000 		.4byte	Wave_DAC_initVar
 1005 020b 0E       		.uleb128 0xe
 1006 020c 39010000 		.4byte	0x139
 1007 0210 1B020000 		.4byte	0x21b
 1008 0214 0F       		.uleb128 0xf
 1009 0215 AB000000 		.4byte	0xab
 1010 0219 FF       		.byte	0xff
 1011 021a 00       		.byte	0
 1012 021b 0D       		.uleb128 0xd
 1013 021c 1E020000 		.4byte	.LASF35
 1014 0220 01       		.byte	0x1
 1015 0221 14       		.byte	0x14
 1016 0222 2C020000 		.4byte	0x22c
 1017 0226 05       		.uleb128 0x5
ARM GAS  C:\Users\merce\AppData\Local\Temp\ccpYoEli.s 			page 24


 1018 0227 03       		.byte	0x3
 1019 0228 00000000 		.4byte	Wave_DAC_wave1
 1020 022c 09       		.uleb128 0x9
 1021 022d 0B020000 		.4byte	0x20b
 1022 0231 0E       		.uleb128 0xe
 1023 0232 39010000 		.4byte	0x139
 1024 0236 41020000 		.4byte	0x241
 1025 023a 0F       		.uleb128 0xf
 1026 023b AB000000 		.4byte	0xab
 1027 023f 31       		.byte	0x31
 1028 0240 00       		.byte	0
 1029 0241 0D       		.uleb128 0xd
 1030 0242 2D020000 		.4byte	.LASF36
 1031 0246 01       		.byte	0x1
 1032 0247 15       		.byte	0x15
 1033 0248 52020000 		.4byte	0x252
 1034 024c 05       		.uleb128 0x5
 1035 024d 03       		.byte	0x3
 1036 024e 00000000 		.4byte	Wave_DAC_wave2
 1037 0252 09       		.uleb128 0x9
 1038 0253 31020000 		.4byte	0x231
 1039 0257 00       		.byte	0
 1040              		.section	.debug_abbrev,"",%progbits
 1041              	.Ldebug_abbrev0:
 1042 0000 01       		.uleb128 0x1
 1043 0001 11       		.uleb128 0x11
 1044 0002 01       		.byte	0x1
 1045 0003 25       		.uleb128 0x25
 1046 0004 0E       		.uleb128 0xe
 1047 0005 13       		.uleb128 0x13
 1048 0006 0B       		.uleb128 0xb
 1049 0007 03       		.uleb128 0x3
 1050 0008 0E       		.uleb128 0xe
 1051 0009 1B       		.uleb128 0x1b
 1052 000a 0E       		.uleb128 0xe
 1053 000b 55       		.uleb128 0x55
 1054 000c 17       		.uleb128 0x17
 1055 000d 11       		.uleb128 0x11
 1056 000e 01       		.uleb128 0x1
 1057 000f 10       		.uleb128 0x10
 1058 0010 17       		.uleb128 0x17
 1059 0011 00       		.byte	0
 1060 0012 00       		.byte	0
 1061 0013 02       		.uleb128 0x2
 1062 0014 24       		.uleb128 0x24
 1063 0015 00       		.byte	0
 1064 0016 0B       		.uleb128 0xb
 1065 0017 0B       		.uleb128 0xb
 1066 0018 3E       		.uleb128 0x3e
 1067 0019 0B       		.uleb128 0xb
 1068 001a 03       		.uleb128 0x3
 1069 001b 0E       		.uleb128 0xe
 1070 001c 00       		.byte	0
 1071 001d 00       		.byte	0
 1072 001e 03       		.uleb128 0x3
 1073 001f 24       		.uleb128 0x24
 1074 0020 00       		.byte	0
ARM GAS  C:\Users\merce\AppData\Local\Temp\ccpYoEli.s 			page 25


 1075 0021 0B       		.uleb128 0xb
 1076 0022 0B       		.uleb128 0xb
 1077 0023 3E       		.uleb128 0x3e
 1078 0024 0B       		.uleb128 0xb
 1079 0025 03       		.uleb128 0x3
 1080 0026 08       		.uleb128 0x8
 1081 0027 00       		.byte	0
 1082 0028 00       		.byte	0
 1083 0029 04       		.uleb128 0x4
 1084 002a 16       		.uleb128 0x16
 1085 002b 00       		.byte	0
 1086 002c 03       		.uleb128 0x3
 1087 002d 0E       		.uleb128 0xe
 1088 002e 3A       		.uleb128 0x3a
 1089 002f 0B       		.uleb128 0xb
 1090 0030 3B       		.uleb128 0x3b
 1091 0031 05       		.uleb128 0x5
 1092 0032 49       		.uleb128 0x49
 1093 0033 13       		.uleb128 0x13
 1094 0034 00       		.byte	0
 1095 0035 00       		.byte	0
 1096 0036 05       		.uleb128 0x5
 1097 0037 2E       		.uleb128 0x2e
 1098 0038 00       		.byte	0
 1099 0039 3F       		.uleb128 0x3f
 1100 003a 19       		.uleb128 0x19
 1101 003b 03       		.uleb128 0x3
 1102 003c 0E       		.uleb128 0xe
 1103 003d 3A       		.uleb128 0x3a
 1104 003e 0B       		.uleb128 0xb
 1105 003f 3B       		.uleb128 0x3b
 1106 0040 0B       		.uleb128 0xb
 1107 0041 27       		.uleb128 0x27
 1108 0042 19       		.uleb128 0x19
 1109 0043 11       		.uleb128 0x11
 1110 0044 01       		.uleb128 0x1
 1111 0045 12       		.uleb128 0x12
 1112 0046 06       		.uleb128 0x6
 1113 0047 40       		.uleb128 0x40
 1114 0048 18       		.uleb128 0x18
 1115 0049 9642     		.uleb128 0x2116
 1116 004b 19       		.uleb128 0x19
 1117 004c 00       		.byte	0
 1118 004d 00       		.byte	0
 1119 004e 06       		.uleb128 0x6
 1120 004f 2E       		.uleb128 0x2e
 1121 0050 01       		.byte	0x1
 1122 0051 3F       		.uleb128 0x3f
 1123 0052 19       		.uleb128 0x19
 1124 0053 03       		.uleb128 0x3
 1125 0054 0E       		.uleb128 0xe
 1126 0055 3A       		.uleb128 0x3a
 1127 0056 0B       		.uleb128 0xb
 1128 0057 3B       		.uleb128 0x3b
 1129 0058 0B       		.uleb128 0xb
 1130 0059 27       		.uleb128 0x27
 1131 005a 19       		.uleb128 0x19
ARM GAS  C:\Users\merce\AppData\Local\Temp\ccpYoEli.s 			page 26


 1132 005b 11       		.uleb128 0x11
 1133 005c 01       		.uleb128 0x1
 1134 005d 12       		.uleb128 0x12
 1135 005e 06       		.uleb128 0x6
 1136 005f 40       		.uleb128 0x40
 1137 0060 18       		.uleb128 0x18
 1138 0061 9642     		.uleb128 0x2116
 1139 0063 19       		.uleb128 0x19
 1140 0064 01       		.uleb128 0x1
 1141 0065 13       		.uleb128 0x13
 1142 0066 00       		.byte	0
 1143 0067 00       		.byte	0
 1144 0068 07       		.uleb128 0x7
 1145 0069 05       		.uleb128 0x5
 1146 006a 00       		.byte	0
 1147 006b 03       		.uleb128 0x3
 1148 006c 0E       		.uleb128 0xe
 1149 006d 3A       		.uleb128 0x3a
 1150 006e 0B       		.uleb128 0xb
 1151 006f 3B       		.uleb128 0x3b
 1152 0070 0B       		.uleb128 0xb
 1153 0071 49       		.uleb128 0x49
 1154 0072 13       		.uleb128 0x13
 1155 0073 02       		.uleb128 0x2
 1156 0074 18       		.uleb128 0x18
 1157 0075 00       		.byte	0
 1158 0076 00       		.byte	0
 1159 0077 08       		.uleb128 0x8
 1160 0078 0F       		.uleb128 0xf
 1161 0079 00       		.byte	0
 1162 007a 0B       		.uleb128 0xb
 1163 007b 0B       		.uleb128 0xb
 1164 007c 49       		.uleb128 0x49
 1165 007d 13       		.uleb128 0x13
 1166 007e 00       		.byte	0
 1167 007f 00       		.byte	0
 1168 0080 09       		.uleb128 0x9
 1169 0081 26       		.uleb128 0x26
 1170 0082 00       		.byte	0
 1171 0083 49       		.uleb128 0x49
 1172 0084 13       		.uleb128 0x13
 1173 0085 00       		.byte	0
 1174 0086 00       		.byte	0
 1175 0087 0A       		.uleb128 0xa
 1176 0088 2E       		.uleb128 0x2e
 1177 0089 01       		.byte	0x1
 1178 008a 3F       		.uleb128 0x3f
 1179 008b 19       		.uleb128 0x19
 1180 008c 03       		.uleb128 0x3
 1181 008d 0E       		.uleb128 0xe
 1182 008e 3A       		.uleb128 0x3a
 1183 008f 0B       		.uleb128 0xb
 1184 0090 3B       		.uleb128 0x3b
 1185 0091 05       		.uleb128 0x5
 1186 0092 27       		.uleb128 0x27
 1187 0093 19       		.uleb128 0x19
 1188 0094 11       		.uleb128 0x11
ARM GAS  C:\Users\merce\AppData\Local\Temp\ccpYoEli.s 			page 27


 1189 0095 01       		.uleb128 0x1
 1190 0096 12       		.uleb128 0x12
 1191 0097 06       		.uleb128 0x6
 1192 0098 40       		.uleb128 0x40
 1193 0099 18       		.uleb128 0x18
 1194 009a 9642     		.uleb128 0x2116
 1195 009c 19       		.uleb128 0x19
 1196 009d 01       		.uleb128 0x1
 1197 009e 13       		.uleb128 0x13
 1198 009f 00       		.byte	0
 1199 00a0 00       		.byte	0
 1200 00a1 0B       		.uleb128 0xb
 1201 00a2 05       		.uleb128 0x5
 1202 00a3 00       		.byte	0
 1203 00a4 03       		.uleb128 0x3
 1204 00a5 0E       		.uleb128 0xe
 1205 00a6 3A       		.uleb128 0x3a
 1206 00a7 0B       		.uleb128 0xb
 1207 00a8 3B       		.uleb128 0x3b
 1208 00a9 05       		.uleb128 0x5
 1209 00aa 49       		.uleb128 0x49
 1210 00ab 13       		.uleb128 0x13
 1211 00ac 02       		.uleb128 0x2
 1212 00ad 18       		.uleb128 0x18
 1213 00ae 00       		.byte	0
 1214 00af 00       		.byte	0
 1215 00b0 0C       		.uleb128 0xc
 1216 00b1 34       		.uleb128 0x34
 1217 00b2 00       		.byte	0
 1218 00b3 03       		.uleb128 0x3
 1219 00b4 0E       		.uleb128 0xe
 1220 00b5 3A       		.uleb128 0x3a
 1221 00b6 0B       		.uleb128 0xb
 1222 00b7 3B       		.uleb128 0x3b
 1223 00b8 0B       		.uleb128 0xb
 1224 00b9 49       		.uleb128 0x49
 1225 00ba 13       		.uleb128 0x13
 1226 00bb 02       		.uleb128 0x2
 1227 00bc 18       		.uleb128 0x18
 1228 00bd 00       		.byte	0
 1229 00be 00       		.byte	0
 1230 00bf 0D       		.uleb128 0xd
 1231 00c0 34       		.uleb128 0x34
 1232 00c1 00       		.byte	0
 1233 00c2 03       		.uleb128 0x3
 1234 00c3 0E       		.uleb128 0xe
 1235 00c4 3A       		.uleb128 0x3a
 1236 00c5 0B       		.uleb128 0xb
 1237 00c6 3B       		.uleb128 0x3b
 1238 00c7 0B       		.uleb128 0xb
 1239 00c8 49       		.uleb128 0x49
 1240 00c9 13       		.uleb128 0x13
 1241 00ca 3F       		.uleb128 0x3f
 1242 00cb 19       		.uleb128 0x19
 1243 00cc 02       		.uleb128 0x2
 1244 00cd 18       		.uleb128 0x18
 1245 00ce 00       		.byte	0
ARM GAS  C:\Users\merce\AppData\Local\Temp\ccpYoEli.s 			page 28


 1246 00cf 00       		.byte	0
 1247 00d0 0E       		.uleb128 0xe
 1248 00d1 01       		.uleb128 0x1
 1249 00d2 01       		.byte	0x1
 1250 00d3 49       		.uleb128 0x49
 1251 00d4 13       		.uleb128 0x13
 1252 00d5 01       		.uleb128 0x1
 1253 00d6 13       		.uleb128 0x13
 1254 00d7 00       		.byte	0
 1255 00d8 00       		.byte	0
 1256 00d9 0F       		.uleb128 0xf
 1257 00da 21       		.uleb128 0x21
 1258 00db 00       		.byte	0
 1259 00dc 49       		.uleb128 0x49
 1260 00dd 13       		.uleb128 0x13
 1261 00de 2F       		.uleb128 0x2f
 1262 00df 0B       		.uleb128 0xb
 1263 00e0 00       		.byte	0
 1264 00e1 00       		.byte	0
 1265 00e2 00       		.byte	0
 1266              		.section	.debug_aranges,"",%progbits
 1267 0000 4C000000 		.4byte	0x4c
 1268 0004 0200     		.2byte	0x2
 1269 0006 00000000 		.4byte	.Ldebug_info0
 1270 000a 04       		.byte	0x4
 1271 000b 00       		.byte	0
 1272 000c 0000     		.2byte	0
 1273 000e 0000     		.2byte	0
 1274 0010 00000000 		.4byte	.LFB0
 1275 0014 54000000 		.4byte	.LFE0-.LFB0
 1276 0018 00000000 		.4byte	.LFB1
 1277 001c 34000000 		.4byte	.LFE1-.LFB1
 1278 0020 00000000 		.4byte	.LFB2
 1279 0024 24000000 		.4byte	.LFE2-.LFB2
 1280 0028 00000000 		.4byte	.LFB3
 1281 002c 34000000 		.4byte	.LFE3-.LFB3
 1282 0030 00000000 		.4byte	.LFB4
 1283 0034 28000000 		.4byte	.LFE4-.LFB4
 1284 0038 00000000 		.4byte	.LFB5
 1285 003c 68000000 		.4byte	.LFE5-.LFB5
 1286 0040 00000000 		.4byte	.LFB6
 1287 0044 68000000 		.4byte	.LFE6-.LFB6
 1288 0048 00000000 		.4byte	0
 1289 004c 00000000 		.4byte	0
 1290              		.section	.debug_ranges,"",%progbits
 1291              	.Ldebug_ranges0:
 1292 0000 00000000 		.4byte	.LFB0
 1293 0004 54000000 		.4byte	.LFE0
 1294 0008 00000000 		.4byte	.LFB1
 1295 000c 34000000 		.4byte	.LFE1
 1296 0010 00000000 		.4byte	.LFB2
 1297 0014 24000000 		.4byte	.LFE2
 1298 0018 00000000 		.4byte	.LFB3
 1299 001c 34000000 		.4byte	.LFE3
 1300 0020 00000000 		.4byte	.LFB4
 1301 0024 28000000 		.4byte	.LFE4
 1302 0028 00000000 		.4byte	.LFB5
ARM GAS  C:\Users\merce\AppData\Local\Temp\ccpYoEli.s 			page 29


 1303 002c 68000000 		.4byte	.LFE5
 1304 0030 00000000 		.4byte	.LFB6
 1305 0034 68000000 		.4byte	.LFE6
 1306 0038 00000000 		.4byte	0
 1307 003c 00000000 		.4byte	0
 1308              		.section	.debug_line,"",%progbits
 1309              	.Ldebug_line0:
 1310 0000 EC000000 		.section	.debug_str,"MS",%progbits,1
 1310      02004500 
 1310      00000201 
 1310      FB0E0D00 
 1310      01010101 
 1311              	.LASF37:
 1312 0000 474E5520 		.ascii	"GNU C11 5.4.1 20160609 (release) [ARM/embedded-5-br"
 1312      43313120 
 1312      352E342E 
 1312      31203230 
 1312      31363036 
 1313 0033 616E6368 		.ascii	"anch revision 237715] -mcpu=cortex-m3 -mthumb -g -O"
 1313      20726576 
 1313      6973696F 
 1313      6E203233 
 1313      37373135 
 1314 0066 30202D66 		.ascii	"0 -ffunction-sections -ffat-lto-objects\000"
 1314      66756E63 
 1314      74696F6E 
 1314      2D736563 
 1314      74696F6E 
 1315              	.LASF26:
 1316 008e 57617665 		.ascii	"Wave_DAC_Wave1Setup\000"
 1316      5F444143 
 1316      5F576176 
 1316      65315365 
 1316      74757000 
 1317              	.LASF30:
 1318 00a2 57617665 		.ascii	"Wave_DAC_Wave1Chan\000"
 1318      5F444143 
 1318      5F576176 
 1318      65314368 
 1318      616E00
 1319              	.LASF19:
 1320 00b5 57617665 		.ascii	"Wave_DAC_Start\000"
 1320      5F444143 
 1320      5F537461 
 1320      727400
 1321              	.LASF32:
 1322 00c4 57617665 		.ascii	"Wave_DAC_Wave1TD\000"
 1322      5F444143 
 1322      5F576176 
 1322      65315444 
 1322      00
 1323              	.LASF3:
 1324 00d5 73686F72 		.ascii	"short unsigned int\000"
 1324      7420756E 
 1324      7369676E 
 1324      65642069 
 1324      6E7400
ARM GAS  C:\Users\merce\AppData\Local\Temp\ccpYoEli.s 			page 30


 1325              	.LASF39:
 1326 00e8 433A5C55 		.ascii	"C:\\Users\\merce\\Documents\\scope\\CyScope\\Twelve"
 1326      73657273 
 1326      5C6D6572 
 1326      63655C44 
 1326      6F63756D 
 1327 0115 2D626974 		.ascii	"-bit-exp\\ScopeKitProg\\Scope_KitProg.cydsn\000"
 1327      2D657870 
 1327      5C53636F 
 1327      70654B69 
 1327      7450726F 
 1328              	.LASF25:
 1329 013f 57617665 		.ascii	"Wave_DAC_StartEx\000"
 1329      5F444143 
 1329      5F537461 
 1329      72744578 
 1329      00
 1330              	.LASF20:
 1331 0150 77617665 		.ascii	"wavePtr1\000"
 1331      50747231 
 1331      00
 1332              	.LASF22:
 1333 0159 77617665 		.ascii	"wavePtr2\000"
 1333      50747232 
 1333      00
 1334              	.LASF17:
 1335 0162 57617665 		.ascii	"Wave_DAC_Init\000"
 1335      5F444143 
 1335      5F496E69 
 1335      7400
 1336              	.LASF12:
 1337 0170 666C6F61 		.ascii	"float\000"
 1337      7400
 1338              	.LASF28:
 1339 0176 73616D70 		.ascii	"sampleSize\000"
 1339      6C655369 
 1339      7A6500
 1340              	.LASF31:
 1341 0181 57617665 		.ascii	"Wave_DAC_Wave2Chan\000"
 1341      5F444143 
 1341      5F576176 
 1341      65324368 
 1341      616E00
 1342              	.LASF18:
 1343 0194 57617665 		.ascii	"Wave_DAC_Enable\000"
 1343      5F444143 
 1343      5F456E61 
 1343      626C6500 
 1344              	.LASF5:
 1345 01a4 6C6F6E67 		.ascii	"long unsigned int\000"
 1345      20756E73 
 1345      69676E65 
 1345      6420696E 
 1345      7400
 1346              	.LASF27:
 1347 01b6 77617665 		.ascii	"wavePtr\000"
 1347      50747200 
ARM GAS  C:\Users\merce\AppData\Local\Temp\ccpYoEli.s 			page 31


 1348              	.LASF9:
 1349 01be 75696E74 		.ascii	"uint8\000"
 1349      3800
 1350              	.LASF24:
 1351 01c4 57617665 		.ascii	"Wave_DAC_Stop\000"
 1351      5F444143 
 1351      5F53746F 
 1351      7000
 1352              	.LASF21:
 1353 01d2 73616D70 		.ascii	"sampleSize1\000"
 1353      6C655369 
 1353      7A653100 
 1354              	.LASF23:
 1355 01de 73616D70 		.ascii	"sampleSize2\000"
 1355      6C655369 
 1355      7A653200 
 1356              	.LASF1:
 1357 01ea 756E7369 		.ascii	"unsigned char\000"
 1357      676E6564 
 1357      20636861 
 1357      7200
 1358              	.LASF13:
 1359 01f8 646F7562 		.ascii	"double\000"
 1359      6C6500
 1360              	.LASF33:
 1361 01ff 57617665 		.ascii	"Wave_DAC_Wave2TD\000"
 1361      5F444143 
 1361      5F576176 
 1361      65325444 
 1361      00
 1362              	.LASF10:
 1363 0210 75696E74 		.ascii	"uint16\000"
 1363      313600
 1364              	.LASF11:
 1365 0217 75696E74 		.ascii	"uint32\000"
 1365      333200
 1366              	.LASF35:
 1367 021e 57617665 		.ascii	"Wave_DAC_wave1\000"
 1367      5F444143 
 1367      5F776176 
 1367      653100
 1368              	.LASF36:
 1369 022d 57617665 		.ascii	"Wave_DAC_wave2\000"
 1369      5F444143 
 1369      5F776176 
 1369      653200
 1370              	.LASF8:
 1371 023c 756E7369 		.ascii	"unsigned int\000"
 1371      676E6564 
 1371      20696E74 
 1371      00
 1372              	.LASF7:
 1373 0249 6C6F6E67 		.ascii	"long long unsigned int\000"
 1373      206C6F6E 
 1373      6720756E 
 1373      7369676E 
 1373      65642069 
ARM GAS  C:\Users\merce\AppData\Local\Temp\ccpYoEli.s 			page 32


 1374              	.LASF16:
 1375 0260 73697A65 		.ascii	"sizetype\000"
 1375      74797065 
 1375      00
 1376              	.LASF6:
 1377 0269 6C6F6E67 		.ascii	"long long int\000"
 1377      206C6F6E 
 1377      6720696E 
 1377      7400
 1378              	.LASF14:
 1379 0277 63686172 		.ascii	"char\000"
 1379      00
 1380              	.LASF29:
 1381 027c 57617665 		.ascii	"Wave_DAC_Wave2Setup\000"
 1381      5F444143 
 1381      5F576176 
 1381      65325365 
 1381      74757000 
 1382              	.LASF2:
 1383 0290 73686F72 		.ascii	"short int\000"
 1383      7420696E 
 1383      7400
 1384              	.LASF38:
 1385 029a 47656E65 		.ascii	"Generated_Source\\PSoC5\\Wave_DAC.c\000"
 1385      72617465 
 1385      645F536F 
 1385      75726365 
 1385      5C50536F 
 1386              	.LASF34:
 1387 02bc 57617665 		.ascii	"Wave_DAC_initVar\000"
 1387      5F444143 
 1387      5F696E69 
 1387      74566172 
 1387      00
 1388              	.LASF4:
 1389 02cd 6C6F6E67 		.ascii	"long int\000"
 1389      20696E74 
 1389      00
 1390              	.LASF15:
 1391 02d6 6C6F6E67 		.ascii	"long double\000"
 1391      20646F75 
 1391      626C6500 
 1392              	.LASF0:
 1393 02e2 7369676E 		.ascii	"signed char\000"
 1393      65642063 
 1393      68617200 
 1394              		.ident	"GCC: (GNU Tools for ARM Embedded Processors) 5.4.1 20160609 (release) [ARM/embedded-5-bran
