ARM GAS  C:\Users\merce\AppData\Local\Temp\ccVbQIHH.s 			page 1


   1              		.syntax unified
   2              		.cpu cortex-m3
   3              		.fpu softvfp
   4              		.eabi_attribute 20, 1
   5              		.eabi_attribute 21, 1
   6              		.eabi_attribute 23, 3
   7              		.eabi_attribute 24, 1
   8              		.eabi_attribute 25, 1
   9              		.eabi_attribute 26, 1
  10              		.eabi_attribute 30, 6
  11              		.eabi_attribute 34, 1
  12              		.eabi_attribute 18, 4
  13              		.thumb
  14              		.syntax unified
  15              		.file	"cymetadata.c"
  16              		.text
  17              	.Ltext0:
  18              		.cfi_sections	.debug_frame
  19              		.global	cy_meta_configecc
  20              		.section	.cyconfigecc,"a",%progbits
  21              		.align	2
  22              		.type	cy_meta_configecc, %object
  23              		.size	cy_meta_configecc, 1936
  24              	cy_meta_configecc:
  25 0000 01       		.byte	1
  26 0001 45       		.byte	69
  27 0002 00       		.byte	0
  28 0003 40       		.byte	64
  29 0004 05       		.byte	5
  30 0005 52       		.byte	82
  31 0006 00       		.byte	0
  32 0007 40       		.byte	64
  33 0008 02       		.byte	2
  34 0009 5A       		.byte	90
  35 000a 00       		.byte	0
  36 000b 40       		.byte	64
  37 000c 02       		.byte	2
  38 000d 5B       		.byte	91
  39 000e 00       		.byte	0
  40 000f 40       		.byte	64
  41 0010 02       		.byte	2
  42 0011 65       		.byte	101
  43 0012 00       		.byte	0
  44 0013 40       		.byte	64
  45 0014 01       		.byte	1
  46 0015 01       		.byte	1
  47 0016 01       		.byte	1
  48 0017 40       		.byte	64
  49 0018 05       		.byte	5
  50 0019 03       		.byte	3
  51 001a 01       		.byte	1
  52 001b 40       		.byte	64
  53 001c 09       		.byte	9
  54 001d 05       		.byte	5
  55 001e 01       		.byte	1
  56 001f 40       		.byte	64
  57 0020 0B       		.byte	11
ARM GAS  C:\Users\merce\AppData\Local\Temp\ccVbQIHH.s 			page 2


  58 0021 07       		.byte	7
  59 0022 01       		.byte	1
  60 0023 40       		.byte	64
  61 0024 27       		.byte	39
  62 0025 08       		.byte	8
  63 0026 01       		.byte	1
  64 0027 40       		.byte	64
  65 0028 36       		.byte	54
  66 0029 09       		.byte	9
  67 002a 01       		.byte	1
  68 002b 40       		.byte	64
  69 002c 09       		.byte	9
  70 002d 0B       		.byte	11
  71 002e 01       		.byte	1
  72 002f 40       		.byte	64
  73 0030 04       		.byte	4
  74 0031 0D       		.byte	13
  75 0032 01       		.byte	1
  76 0033 40       		.byte	64
  77 0034 01       		.byte	1
  78 0035 0F       		.byte	15
  79 0036 01       		.byte	1
  80 0037 40       		.byte	64
  81 0038 47       		.byte	71
  82 0039 14       		.byte	20
  83 003a 01       		.byte	1
  84 003b 40       		.byte	64
  85 003c 3F       		.byte	63
  86 003d 15       		.byte	21
  87 003e 01       		.byte	1
  88 003f 40       		.byte	64
  89 0040 3B       		.byte	59
  90 0041 16       		.byte	22
  91 0042 01       		.byte	1
  92 0043 40       		.byte	64
  93 0044 2D       		.byte	45
  94 0045 17       		.byte	23
  95 0046 01       		.byte	1
  96 0047 40       		.byte	64
  97 0048 53       		.byte	83
  98 0049 18       		.byte	24
  99 004a 01       		.byte	1
 100 004b 40       		.byte	64
 101 004c 42       		.byte	66
 102 004d 19       		.byte	25
 103 004e 01       		.byte	1
 104 004f 40       		.byte	64
 105 0050 45       		.byte	69
 106 0051 1A       		.byte	26
 107 0052 01       		.byte	1
 108 0053 40       		.byte	64
 109 0054 45       		.byte	69
 110 0055 1B       		.byte	27
 111 0056 01       		.byte	1
 112 0057 40       		.byte	64
 113 0058 11       		.byte	17
 114 0059 40       		.byte	64
ARM GAS  C:\Users\merce\AppData\Local\Temp\ccVbQIHH.s 			page 3


 115 005a 01       		.byte	1
 116 005b 40       		.byte	64
 117 005c 15       		.byte	21
 118 005d 41       		.byte	65
 119 005e 01       		.byte	1
 120 005f 40       		.byte	64
 121 0060 11       		.byte	17
 122 0061 42       		.byte	66
 123 0062 01       		.byte	1
 124 0063 40       		.byte	64
 125 0064 0D       		.byte	13
 126 0065 43       		.byte	67
 127 0066 01       		.byte	1
 128 0067 40       		.byte	64
 129 0068 04       		.byte	4
 130 0069 44       		.byte	68
 131 006a 01       		.byte	1
 132 006b 40       		.byte	64
 133 006c 10       		.byte	16
 134 006d 45       		.byte	69
 135 006e 01       		.byte	1
 136 006f 40       		.byte	64
 137 0070 12       		.byte	18
 138 0071 46       		.byte	70
 139 0072 01       		.byte	1
 140 0073 40       		.byte	64
 141 0074 12       		.byte	18
 142 0075 47       		.byte	71
 143 0076 01       		.byte	1
 144 0077 40       		.byte	64
 145 0078 0D       		.byte	13
 146 0079 48       		.byte	72
 147 007a 01       		.byte	1
 148 007b 40       		.byte	64
 149 007c 0E       		.byte	14
 150 007d 49       		.byte	73
 151 007e 01       		.byte	1
 152 007f 40       		.byte	64
 153 0080 12       		.byte	18
 154 0081 4C       		.byte	76
 155 0082 01       		.byte	1
 156 0083 40       		.byte	64
 157 0084 0B       		.byte	11
 158 0085 4D       		.byte	77
 159 0086 01       		.byte	1
 160 0087 40       		.byte	64
 161 0088 0A       		.byte	10
 162 0089 50       		.byte	80
 163 008a 01       		.byte	1
 164 008b 40       		.byte	64
 165 008c 04       		.byte	4
 166 008d 51       		.byte	81
 167 008e 01       		.byte	1
 168 008f 40       		.byte	64
 169 0090 7E       		.byte	126
 170 0091 02       		.byte	2
 171 0092 00       		.byte	0
ARM GAS  C:\Users\merce\AppData\Local\Temp\ccVbQIHH.s 			page 4


 172 0093 40       		.byte	64
 173 0094 01       		.byte	1
 174 0095 80       		.byte	-128
 175 0096 60       		.byte	96
 176 0097 53       		.byte	83
 177 0098 61       		.byte	97
 178 0099 35       		.byte	53
 179 009a 7C       		.byte	124
 180 009b 40       		.byte	64
 181 009c 8F       		.byte	-113
 182 009d 01       		.byte	1
 183 009e 97       		.byte	-105
 184 009f 01       		.byte	1
 185 00a0 27       		.byte	39
 186 00a1 84       		.byte	-124
 187 00a2 2F       		.byte	47
 188 00a3 84       		.byte	-124
 189 00a4 87       		.byte	-121
 190 00a5 0F       		.byte	15
 191 00a6 89       		.byte	-119
 192 00a7 0D       		.byte	13
 193 00a8 E6       		.byte	-26
 194 00a9 08       		.byte	8
 195 00aa 93       		.byte	-109
 196 00ab 80       		.byte	-128
 197 00ac AF       		.byte	-81
 198 00ad 40       		.byte	64
 199 00ae E6       		.byte	-26
 200 00af 02       		.byte	2
 201 00b0 E8       		.byte	-24
 202 00b1 04       		.byte	4
 203 00b2 EC       		.byte	-20
 204 00b3 01       		.byte	1
 205 00b4 84       		.byte	-124
 206 00b5 08       		.byte	8
 207 00b6 8B       		.byte	-117
 208 00b7 10       		.byte	16
 209 00b8 93       		.byte	-109
 210 00b9 80       		.byte	-128
 211 00ba 98       		.byte	-104
 212 00bb 80       		.byte	-128
 213 00bc 9B       		.byte	-101
 214 00bd 10       		.byte	16
 215 00be AB       		.byte	-85
 216 00bf 10       		.byte	16
 217 00c0 B0       		.byte	-80
 218 00c1 80       		.byte	-128
 219 00c2 E2       		.byte	-30
 220 00c3 03       		.byte	3
 221 00c4 E6       		.byte	-26
 222 00c5 0C       		.byte	12
 223 00c6 86       		.byte	-122
 224 00c7 20       		.byte	32
 225 00c8 8D       		.byte	-115
 226 00c9 04       		.byte	4
 227 00ca 93       		.byte	-109
 228 00cb 80       		.byte	-128
ARM GAS  C:\Users\merce\AppData\Local\Temp\ccVbQIHH.s 			page 5


 229 00cc 97       		.byte	-105
 230 00cd 20       		.byte	32
 231 00ce 98       		.byte	-104
 232 00cf 88       		.byte	-120
 233 00d0 9B       		.byte	-101
 234 00d1 10       		.byte	16
 235 00d2 E0       		.byte	-32
 236 00d3 08       		.byte	8
 237 00d4 E2       		.byte	-30
 238 00d5 10       		.byte	16
 239 00d6 E6       		.byte	-26
 240 00d7 02       		.byte	2
 241 00d8 EA       		.byte	-22
 242 00d9 01       		.byte	1
 243 00da EE       		.byte	-18
 244 00db 08       		.byte	8
 245 00dc 00       		.byte	0
 246 00dd 04       		.byte	4
 247 00de 02       		.byte	2
 248 00df 01       		.byte	1
 249 00e0 07       		.byte	7
 250 00e1 01       		.byte	1
 251 00e2 1B       		.byte	27
 252 00e3 02       		.byte	2
 253 00e4 1D       		.byte	29
 254 00e5 02       		.byte	2
 255 00e6 22       		.byte	34
 256 00e7 05       		.byte	5
 257 00e8 2E       		.byte	46
 258 00e9 02       		.byte	2
 259 00ea 30       		.byte	48
 260 00eb 02       		.byte	2
 261 00ec 32       		.byte	50
 262 00ed 04       		.byte	4
 263 00ee 34       		.byte	52
 264 00ef 01       		.byte	1
 265 00f0 35       		.byte	53
 266 00f1 02       		.byte	2
 267 00f2 37       		.byte	55
 268 00f3 01       		.byte	1
 269 00f4 3E       		.byte	62
 270 00f5 14       		.byte	20
 271 00f6 3F       		.byte	63
 272 00f7 10       		.byte	16
 273 00f8 56       		.byte	86
 274 00f9 08       		.byte	8
 275 00fa 58       		.byte	88
 276 00fb 04       		.byte	4
 277 00fc 59       		.byte	89
 278 00fd 04       		.byte	4
 279 00fe 5B       		.byte	91
 280 00ff 04       		.byte	4
 281 0100 5C       		.byte	92
 282 0101 55       		.byte	85
 283 0102 5D       		.byte	93
 284 0103 90       		.byte	-112
 285 0104 5F       		.byte	95
ARM GAS  C:\Users\merce\AppData\Local\Temp\ccVbQIHH.s 			page 6


 286 0105 01       		.byte	1
 287 0106 82       		.byte	-126
 288 0107 03       		.byte	3
 289 0108 8C       		.byte	-116
 290 0109 01       		.byte	1
 291 010a 92       		.byte	-110
 292 010b 0C       		.byte	12
 293 010c 9C       		.byte	-100
 294 010d 08       		.byte	8
 295 010e 9E       		.byte	-98
 296 010f 04       		.byte	4
 297 0110 A2       		.byte	-94
 298 0111 03       		.byte	3
 299 0112 B0       		.byte	-80
 300 0113 08       		.byte	8
 301 0114 B2       		.byte	-78
 302 0115 04       		.byte	4
 303 0116 B4       		.byte	-76
 304 0117 01       		.byte	1
 305 0118 B6       		.byte	-74
 306 0119 02       		.byte	2
 307 011a BB       		.byte	-69
 308 011b 03       		.byte	3
 309 011c BE       		.byte	-66
 310 011d 15       		.byte	21
 311 011e D4       		.byte	-44
 312 011f 06       		.byte	6
 313 0120 D8       		.byte	-40
 314 0121 04       		.byte	4
 315 0122 D9       		.byte	-39
 316 0123 04       		.byte	4
 317 0124 DB       		.byte	-37
 318 0125 04       		.byte	4
 319 0126 DC       		.byte	-36
 320 0127 80       		.byte	-128
 321 0128 DF       		.byte	-33
 322 0129 11       		.byte	17
 323 012a 01       		.byte	1
 324 012b 82       		.byte	-126
 325 012c 05       		.byte	5
 326 012d 01       		.byte	1
 327 012e 09       		.byte	9
 328 012f 40       		.byte	64
 329 0130 0B       		.byte	11
 330 0131 80       		.byte	-128
 331 0132 12       		.byte	18
 332 0133 80       		.byte	-128
 333 0134 15       		.byte	21
 334 0135 41       		.byte	65
 335 0136 19       		.byte	25
 336 0137 90       		.byte	-112
 337 0138 1B       		.byte	27
 338 0139 05       		.byte	5
 339 013a 1D       		.byte	29
 340 013b 01       		.byte	1
 341 013c 1E       		.byte	30
 342 013d 08       		.byte	8
ARM GAS  C:\Users\merce\AppData\Local\Temp\ccVbQIHH.s 			page 7


 343 013e 1F       		.byte	31
 344 013f 04       		.byte	4
 345 0140 20       		.byte	32
 346 0141 40       		.byte	64
 347 0142 25       		.byte	37
 348 0143 40       		.byte	64
 349 0144 27       		.byte	39
 350 0145 04       		.byte	4
 351 0146 36       		.byte	54
 352 0147 20       		.byte	32
 353 0148 37       		.byte	55
 354 0149 40       		.byte	64
 355 014a 3E       		.byte	62
 356 014b 04       		.byte	4
 357 014c 40       		.byte	64
 358 014d 80       		.byte	-128
 359 014e 43       		.byte	67
 360 014f 02       		.byte	2
 361 0150 58       		.byte	88
 362 0151 80       		.byte	-128
 363 0152 59       		.byte	89
 364 0153 10       		.byte	16
 365 0154 5B       		.byte	91
 366 0155 04       		.byte	4
 367 0156 5C       		.byte	92
 368 0157 08       		.byte	8
 369 0158 5E       		.byte	94
 370 0159 12       		.byte	18
 371 015a 5F       		.byte	95
 372 015b 80       		.byte	-128
 373 015c 64       		.byte	100
 374 015d 11       		.byte	17
 375 015e 65       		.byte	101
 376 015f 20       		.byte	32
 377 0160 66       		.byte	102
 378 0161 01       		.byte	1
 379 0162 67       		.byte	103
 380 0163 02       		.byte	2
 381 0164 6D       		.byte	109
 382 0165 40       		.byte	64
 383 0166 6E       		.byte	110
 384 0167 04       		.byte	4
 385 0168 7A       		.byte	122
 386 0169 08       		.byte	8
 387 016a 7D       		.byte	125
 388 016b 01       		.byte	1
 389 016c 7F       		.byte	127
 390 016d 40       		.byte	64
 391 016e 80       		.byte	-128
 392 016f 40       		.byte	64
 393 0170 87       		.byte	-121
 394 0171 40       		.byte	64
 395 0172 97       		.byte	-105
 396 0173 09       		.byte	9
 397 0174 98       		.byte	-104
 398 0175 08       		.byte	8
 399 0176 9B       		.byte	-101
ARM GAS  C:\Users\merce\AppData\Local\Temp\ccVbQIHH.s 			page 8


 400 0177 80       		.byte	-128
 401 0178 A2       		.byte	-94
 402 0179 09       		.byte	9
 403 017a A7       		.byte	-89
 404 017b 05       		.byte	5
 405 017c AB       		.byte	-85
 406 017d 80       		.byte	-128
 407 017e AF       		.byte	-81
 408 017f 01       		.byte	1
 409 0180 C0       		.byte	-64
 410 0181 19       		.byte	25
 411 0182 C2       		.byte	-62
 412 0183 09       		.byte	9
 413 0184 C4       		.byte	-60
 414 0185 98       		.byte	-104
 415 0186 CC       		.byte	-52
 416 0187 30       		.byte	48
 417 0188 CE       		.byte	-50
 418 0189 40       		.byte	64
 419 018a D6       		.byte	-42
 420 018b FE       		.byte	-2
 421 018c D8       		.byte	-40
 422 018d F0       		.byte	-16
 423 018e DE       		.byte	-34
 424 018f 04       		.byte	4
 425 0190 E0       		.byte	-32
 426 0191 08       		.byte	8
 427 0192 E4       		.byte	-28
 428 0193 04       		.byte	4
 429 0194 EA       		.byte	-22
 430 0195 01       		.byte	1
 431 0196 83       		.byte	-125
 432 0197 05       		.byte	5
 433 0198 97       		.byte	-105
 434 0199 08       		.byte	8
 435 019a 98       		.byte	-104
 436 019b 08       		.byte	8
 437 019c A2       		.byte	-94
 438 019d 09       		.byte	9
 439 019e B0       		.byte	-80
 440 019f 08       		.byte	8
 441 01a0 E0       		.byte	-32
 442 01a1 20       		.byte	32
 443 01a2 E2       		.byte	-30
 444 01a3 02       		.byte	2
 445 01a4 E6       		.byte	-26
 446 01a5 08       		.byte	8
 447 01a6 EA       		.byte	-22
 448 01a7 20       		.byte	32
 449 01a8 97       		.byte	-105
 450 01a9 08       		.byte	8
 451 01aa A2       		.byte	-94
 452 01ab 09       		.byte	9
 453 01ac AA       		.byte	-86
 454 01ad 09       		.byte	9
 455 01ae E6       		.byte	-26
 456 01af 02       		.byte	2
ARM GAS  C:\Users\merce\AppData\Local\Temp\ccVbQIHH.s 			page 9


 457 01b0 87       		.byte	-121
 458 01b1 04       		.byte	4
 459 01b2 40       		.byte	64
 460 01b3 04       		.byte	4
 461 01b4 49       		.byte	73
 462 01b5 FF       		.byte	-1
 463 01b6 4A       		.byte	74
 464 01b7 FF       		.byte	-1
 465 01b8 4B       		.byte	75
 466 01b9 FF       		.byte	-1
 467 01ba 4C       		.byte	76
 468 01bb 02       		.byte	2
 469 01bc 4D       		.byte	77
 470 01bd 0C       		.byte	12
 471 01be 4E       		.byte	78
 472 01bf F8       		.byte	-8
 473 01c0 56       		.byte	86
 474 01c1 08       		.byte	8
 475 01c2 5A       		.byte	90
 476 01c3 0C       		.byte	12
 477 01c4 5B       		.byte	91
 478 01c5 04       		.byte	4
 479 01c6 5D       		.byte	93
 480 01c7 94       		.byte	-108
 481 01c8 5F       		.byte	95
 482 01c9 01       		.byte	1
 483 01ca 62       		.byte	98
 484 01cb 48       		.byte	72
 485 01cc 63       		.byte	99
 486 01cd A1       		.byte	-95
 487 01ce 68       		.byte	104
 488 01cf F0       		.byte	-16
 489 01d0 6A       		.byte	106
 490 01d1 F0       		.byte	-16
 491 01d2 6C       		.byte	108
 492 01d3 F0       		.byte	-16
 493 01d4 6E       		.byte	110
 494 01d5 F0       		.byte	-16
 495 01d6 80       		.byte	-128
 496 01d7 04       		.byte	4
 497 01d8 81       		.byte	-127
 498 01d9 01       		.byte	1
 499 01da 82       		.byte	-126
 500 01db 2A       		.byte	42
 501 01dc 87       		.byte	-121
 502 01dd 0F       		.byte	15
 503 01de 88       		.byte	-120
 504 01df 04       		.byte	4
 505 01e0 8A       		.byte	-118
 506 01e1 BA       		.byte	-70
 507 01e2 8B       		.byte	-117
 508 01e3 02       		.byte	2
 509 01e4 8E       		.byte	-114
 510 01e5 FE       		.byte	-2
 511 01e6 8F       		.byte	-113
 512 01e7 08       		.byte	8
 513 01e8 90       		.byte	-112
ARM GAS  C:\Users\merce\AppData\Local\Temp\ccVbQIHH.s 			page 10


 514 01e9 03       		.byte	3
 515 01ea 92       		.byte	-110
 516 01eb 04       		.byte	4
 517 01ec 93       		.byte	-109
 518 01ed 1F       		.byte	31
 519 01ee 94       		.byte	-108
 520 01ef 2A       		.byte	42
 521 01f0 96       		.byte	-106
 522 01f1 14       		.byte	20
 523 01f2 97       		.byte	-105
 524 01f3 3F       		.byte	63
 525 01f4 98       		.byte	-104
 526 01f5 04       		.byte	4
 527 01f6 99       		.byte	-103
 528 01f7 04       		.byte	4
 529 01f8 9A       		.byte	-102
 530 01f9 FA       		.byte	-6
 531 01fa 9C       		.byte	-100
 532 01fb 0A       		.byte	10
 533 01fc 9E       		.byte	-98
 534 01fd D4       		.byte	-44
 535 01fe A4       		.byte	-92
 536 01ff 01       		.byte	1
 537 0200 A6       		.byte	-90
 538 0201 FC       		.byte	-4
 539 0202 B0       		.byte	-80
 540 0203 07       		.byte	7
 541 0204 B1       		.byte	-79
 542 0205 0F       		.byte	15
 543 0206 B2       		.byte	-78
 544 0207 80       		.byte	-128
 545 0208 B3       		.byte	-77
 546 0209 10       		.byte	16
 547 020a B4       		.byte	-76
 548 020b 60       		.byte	96
 549 020c B6       		.byte	-74
 550 020d 18       		.byte	24
 551 020e B7       		.byte	-73
 552 020f 20       		.byte	32
 553 0210 B9       		.byte	-71
 554 0211 20       		.byte	32
 555 0212 BA       		.byte	-70
 556 0213 AA       		.byte	-86
 557 0214 BB       		.byte	-69
 558 0215 8A       		.byte	-118
 559 0216 C0       		.byte	-64
 560 0217 04       		.byte	4
 561 0218 C9       		.byte	-55
 562 0219 FF       		.byte	-1
 563 021a CA       		.byte	-54
 564 021b FF       		.byte	-1
 565 021c CB       		.byte	-53
 566 021d FF       		.byte	-1
 567 021e CC       		.byte	-52
 568 021f 03       		.byte	3
 569 0220 CD       		.byte	-51
 570 0221 0C       		.byte	12
ARM GAS  C:\Users\merce\AppData\Local\Temp\ccVbQIHH.s 			page 11


 571 0222 CE       		.byte	-50
 572 0223 F4       		.byte	-12
 573 0224 D6       		.byte	-42
 574 0225 08       		.byte	8
 575 0226 D8       		.byte	-40
 576 0227 04       		.byte	4
 577 0228 D9       		.byte	-39
 578 0229 04       		.byte	4
 579 022a DA       		.byte	-38
 580 022b 0C       		.byte	12
 581 022c DB       		.byte	-37
 582 022d 04       		.byte	4
 583 022e DC       		.byte	-36
 584 022f 33       		.byte	51
 585 0230 DD       		.byte	-35
 586 0231 14       		.byte	20
 587 0232 DF       		.byte	-33
 588 0233 01       		.byte	1
 589 0234 E2       		.byte	-30
 590 0235 48       		.byte	72
 591 0236 E3       		.byte	-29
 592 0237 A1       		.byte	-95
 593 0238 E8       		.byte	-24
 594 0239 F0       		.byte	-16
 595 023a EA       		.byte	-22
 596 023b F0       		.byte	-16
 597 023c EC       		.byte	-20
 598 023d F0       		.byte	-16
 599 023e EE       		.byte	-18
 600 023f F0       		.byte	-16
 601 0240 04       		.byte	4
 602 0241 01       		.byte	1
 603 0242 05       		.byte	5
 604 0243 10       		.byte	16
 605 0244 07       		.byte	7
 606 0245 02       		.byte	2
 607 0246 0E       		.byte	14
 608 0247 5A       		.byte	90
 609 0248 17       		.byte	23
 610 0249 08       		.byte	8
 611 024a 1C       		.byte	28
 612 024b 01       		.byte	1
 613 024c 1D       		.byte	29
 614 024d 10       		.byte	16
 615 024e 1E       		.byte	30
 616 024f 50       		.byte	80
 617 0250 24       		.byte	36
 618 0251 40       		.byte	64
 619 0252 25       		.byte	37
 620 0253 04       		.byte	4
 621 0254 26       		.byte	38
 622 0255 05       		.byte	5
 623 0256 27       		.byte	39
 624 0257 0A       		.byte	10
 625 0258 35       		.byte	53
 626 0259 10       		.byte	16
 627 025a 37       		.byte	55
ARM GAS  C:\Users\merce\AppData\Local\Temp\ccVbQIHH.s 			page 12


 628 025b 0A       		.byte	10
 629 025c 3C       		.byte	60
 630 025d 41       		.byte	65
 631 025e 3D       		.byte	61
 632 025f 08       		.byte	8
 633 0260 3E       		.byte	62
 634 0261 10       		.byte	16
 635 0262 41       		.byte	65
 636 0263 02       		.byte	2
 637 0264 43       		.byte	67
 638 0265 02       		.byte	2
 639 0266 45       		.byte	69
 640 0267 02       		.byte	2
 641 0268 58       		.byte	88
 642 0269 88       		.byte	-120
 643 026a 5B       		.byte	91
 644 026b 10       		.byte	16
 645 026c 5E       		.byte	94
 646 026d 40       		.byte	64
 647 026e 5F       		.byte	95
 648 026f 20       		.byte	32
 649 0270 60       		.byte	96
 650 0271 24       		.byte	36
 651 0272 61       		.byte	97
 652 0273 80       		.byte	-128
 653 0274 64       		.byte	100
 654 0275 02       		.byte	2
 655 0276 65       		.byte	101
 656 0277 20       		.byte	32
 657 0278 66       		.byte	102
 658 0279 80       		.byte	-128
 659 027a 6C       		.byte	108
 660 027b 12       		.byte	18
 661 027c 6D       		.byte	109
 662 027d 02       		.byte	2
 663 027e 6F       		.byte	111
 664 027f 04       		.byte	4
 665 0280 75       		.byte	117
 666 0281 40       		.byte	64
 667 0282 76       		.byte	118
 668 0283 20       		.byte	32
 669 0284 7B       		.byte	123
 670 0285 02       		.byte	2
 671 0286 7F       		.byte	127
 672 0287 02       		.byte	2
 673 0288 80       		.byte	-128
 674 0289 30       		.byte	48
 675 028a 81       		.byte	-127
 676 028b 01       		.byte	1
 677 028c 82       		.byte	-126
 678 028d 80       		.byte	-128
 679 028e 83       		.byte	-125
 680 028f 20       		.byte	32
 681 0290 84       		.byte	-124
 682 0291 02       		.byte	2
 683 0292 85       		.byte	-123
 684 0293 40       		.byte	64
ARM GAS  C:\Users\merce\AppData\Local\Temp\ccVbQIHH.s 			page 13


 685 0294 89       		.byte	-119
 686 0295 80       		.byte	-128
 687 0296 8C       		.byte	-116
 688 0297 04       		.byte	4
 689 0298 8F       		.byte	-113
 690 0299 04       		.byte	4
 691 029a 98       		.byte	-104
 692 029b 88       		.byte	-120
 693 029c 9B       		.byte	-101
 694 029d 10       		.byte	16
 695 029e 9C       		.byte	-100
 696 029f 02       		.byte	2
 697 02a0 9D       		.byte	-99
 698 02a1 20       		.byte	32
 699 02a2 9E       		.byte	-98
 700 02a3 20       		.byte	32
 701 02a4 A3       		.byte	-93
 702 02a5 02       		.byte	2
 703 02a6 C0       		.byte	-64
 704 02a7 D0       		.byte	-48
 705 02a8 C2       		.byte	-62
 706 02a9 F0       		.byte	-16
 707 02aa C4       		.byte	-60
 708 02ab 20       		.byte	32
 709 02ac CC       		.byte	-52
 710 02ad E0       		.byte	-32
 711 02ae CE       		.byte	-50
 712 02af F0       		.byte	-16
 713 02b0 D0       		.byte	-48
 714 02b1 81       		.byte	-127
 715 02b2 D6       		.byte	-42
 716 02b3 3E       		.byte	62
 717 02b4 D8       		.byte	-40
 718 02b5 3E       		.byte	62
 719 02b6 DE       		.byte	-34
 720 02b7 18       		.byte	24
 721 02b8 E0       		.byte	-32
 722 02b9 08       		.byte	8
 723 02ba E4       		.byte	-28
 724 02bb 84       		.byte	-124
 725 02bc EC       		.byte	-20
 726 02bd 20       		.byte	32
 727 02be 08       		.byte	8
 728 02bf 01       		.byte	1
 729 02c0 2E       		.byte	46
 730 02c1 01       		.byte	1
 731 02c2 32       		.byte	50
 732 02c3 01       		.byte	1
 733 02c4 3A       		.byte	58
 734 02c5 30       		.byte	48
 735 02c6 3E       		.byte	62
 736 02c7 04       		.byte	4
 737 02c8 52       		.byte	82
 738 02c9 01       		.byte	1
 739 02ca 58       		.byte	88
 740 02cb 04       		.byte	4
 741 02cc 5B       		.byte	91
ARM GAS  C:\Users\merce\AppData\Local\Temp\ccVbQIHH.s 			page 14


 742 02cd 04       		.byte	4
 743 02ce 5C       		.byte	92
 744 02cf 08       		.byte	8
 745 02d0 5D       		.byte	93
 746 02d1 40       		.byte	64
 747 02d2 5F       		.byte	95
 748 02d3 31       		.byte	49
 749 02d4 80       		.byte	-128
 750 02d5 01       		.byte	1
 751 02d6 87       		.byte	-121
 752 02d7 01       		.byte	1
 753 02d8 8B       		.byte	-117
 754 02d9 0E       		.byte	14
 755 02da 92       		.byte	-110
 756 02db 08       		.byte	8
 757 02dc 9D       		.byte	-99
 758 02dd 08       		.byte	8
 759 02de 9E       		.byte	-98
 760 02df 04       		.byte	4
 761 02e0 A0       		.byte	-96
 762 02e1 07       		.byte	7
 763 02e2 A4       		.byte	-92
 764 02e3 07       		.byte	7
 765 02e4 AF       		.byte	-81
 766 02e5 03       		.byte	3
 767 02e6 B0       		.byte	-80
 768 02e7 02       		.byte	2
 769 02e8 B1       		.byte	-79
 770 02e9 08       		.byte	8
 771 02ea B2       		.byte	-78
 772 02eb 04       		.byte	4
 773 02ec B3       		.byte	-77
 774 02ed 01       		.byte	1
 775 02ee B4       		.byte	-76
 776 02ef 01       		.byte	1
 777 02f0 B5       		.byte	-75
 778 02f1 02       		.byte	2
 779 02f2 B6       		.byte	-74
 780 02f3 08       		.byte	8
 781 02f4 B7       		.byte	-73
 782 02f5 04       		.byte	4
 783 02f6 BF       		.byte	-65
 784 02f7 04       		.byte	4
 785 02f8 C0       		.byte	-64
 786 02f9 50       		.byte	80
 787 02fa C1       		.byte	-63
 788 02fb 06       		.byte	6
 789 02fc C5       		.byte	-59
 790 02fd D4       		.byte	-44
 791 02fe C6       		.byte	-58
 792 02ff 15       		.byte	21
 793 0300 C7       		.byte	-57
 794 0301 02       		.byte	2
 795 0302 C8       		.byte	-56
 796 0303 1F       		.byte	31
 797 0304 C9       		.byte	-55
 798 0305 FF       		.byte	-1
ARM GAS  C:\Users\merce\AppData\Local\Temp\ccVbQIHH.s 			page 15


 799 0306 CA       		.byte	-54
 800 0307 FF       		.byte	-1
 801 0308 CB       		.byte	-53
 802 0309 FF       		.byte	-1
 803 030a CD       		.byte	-51
 804 030b A0       		.byte	-96
 805 030c CF       		.byte	-49
 806 030d 04       		.byte	4
 807 030e D0       		.byte	-48
 808 030f 18       		.byte	24
 809 0310 D2       		.byte	-46
 810 0311 80       		.byte	-128
 811 0312 D4       		.byte	-44
 812 0313 07       		.byte	7
 813 0314 D8       		.byte	-40
 814 0315 04       		.byte	4
 815 0316 D9       		.byte	-39
 816 0317 04       		.byte	4
 817 0318 DA       		.byte	-38
 818 0319 04       		.byte	4
 819 031a DB       		.byte	-37
 820 031b 04       		.byte	4
 821 031c DC       		.byte	-36
 822 031d 22       		.byte	34
 823 031e DD       		.byte	-35
 824 031f 22       		.byte	34
 825 0320 DF       		.byte	-33
 826 0321 01       		.byte	1
 827 0322 E0       		.byte	-32
 828 0323 40       		.byte	64
 829 0324 E2       		.byte	-30
 830 0325 C0       		.byte	-64
 831 0326 E4       		.byte	-28
 832 0327 40       		.byte	64
 833 0328 E5       		.byte	-27
 834 0329 40       		.byte	64
 835 032a E6       		.byte	-26
 836 032b C0       		.byte	-64
 837 032c E8       		.byte	-24
 838 032d C0       		.byte	-64
 839 032e EA       		.byte	-22
 840 032f C0       		.byte	-64
 841 0330 EC       		.byte	-20
 842 0331 C0       		.byte	-64
 843 0332 EE       		.byte	-18
 844 0333 C0       		.byte	-64
 845 0334 01       		.byte	1
 846 0335 02       		.byte	2
 847 0336 05       		.byte	5
 848 0337 20       		.byte	32
 849 0338 0A       		.byte	10
 850 0339 41       		.byte	65
 851 033a 10       		.byte	16
 852 033b A0       		.byte	-96
 853 033c 14       		.byte	20
 854 033d 02       		.byte	2
 855 033e 19       		.byte	25
ARM GAS  C:\Users\merce\AppData\Local\Temp\ccVbQIHH.s 			page 16


 856 033f 56       		.byte	86
 857 0340 1A       		.byte	26
 858 0341 01       		.byte	1
 859 0342 1D       		.byte	29
 860 0343 08       		.byte	8
 861 0344 1F       		.byte	31
 862 0345 10       		.byte	16
 863 0346 21       		.byte	33
 864 0347 80       		.byte	-128
 865 0348 22       		.byte	34
 866 0349 14       		.byte	20
 867 034a 23       		.byte	35
 868 034b 80       		.byte	-128
 869 034c 29       		.byte	41
 870 034d 40       		.byte	64
 871 034e 31       		.byte	49
 872 034f 80       		.byte	-128
 873 0350 38       		.byte	56
 874 0351 28       		.byte	40
 875 0352 48       		.byte	72
 876 0353 28       		.byte	40
 877 0354 49       		.byte	73
 878 0355 41       		.byte	65
 879 0356 50       		.byte	80
 880 0357 9C       		.byte	-100
 881 0358 59       		.byte	89
 882 0359 11       		.byte	17
 883 035a 5A       		.byte	90
 884 035b 08       		.byte	8
 885 035c 5B       		.byte	91
 886 035d 80       		.byte	-128
 887 035e 6F       		.byte	111
 888 035f 02       		.byte	2
 889 0360 72       		.byte	114
 890 0361 40       		.byte	64
 891 0362 7F       		.byte	127
 892 0363 40       		.byte	64
 893 0364 85       		.byte	-123
 894 0365 08       		.byte	8
 895 0366 8E       		.byte	-114
 896 0367 10       		.byte	16
 897 0368 93       		.byte	-109
 898 0369 80       		.byte	-128
 899 036a 97       		.byte	-105
 900 036b 20       		.byte	32
 901 036c 98       		.byte	-104
 902 036d 88       		.byte	-120
 903 036e 9B       		.byte	-101
 904 036f 10       		.byte	16
 905 0370 9D       		.byte	-99
 906 0371 04       		.byte	4
 907 0372 9E       		.byte	-98
 908 0373 20       		.byte	32
 909 0374 C0       		.byte	-64
 910 0375 48       		.byte	72
 911 0376 C2       		.byte	-62
 912 0377 09       		.byte	9
ARM GAS  C:\Users\merce\AppData\Local\Temp\ccVbQIHH.s 			page 17


 913 0378 C4       		.byte	-60
 914 0379 8C       		.byte	-116
 915 037a CA       		.byte	-54
 916 037b 08       		.byte	8
 917 037c CC       		.byte	-52
 918 037d 08       		.byte	8
 919 037e CE       		.byte	-50
 920 037f 06       		.byte	6
 921 0380 D2       		.byte	-46
 922 0381 0C       		.byte	12
 923 0382 D6       		.byte	-42
 924 0383 0F       		.byte	15
 925 0384 DE       		.byte	-34
 926 0385 80       		.byte	-128
 927 0386 E0       		.byte	-32
 928 0387 02       		.byte	2
 929 0388 E2       		.byte	-30
 930 0389 40       		.byte	64
 931 038a E6       		.byte	-26
 932 038b 84       		.byte	-124
 933 038c EA       		.byte	-22
 934 038d 42       		.byte	66
 935 038e 1B       		.byte	27
 936 038f 01       		.byte	1
 937 0390 2E       		.byte	46
 938 0391 01       		.byte	1
 939 0392 30       		.byte	48
 940 0393 01       		.byte	1
 941 0394 31       		.byte	49
 942 0395 01       		.byte	1
 943 0396 40       		.byte	64
 944 0397 54       		.byte	84
 945 0398 41       		.byte	65
 946 0399 06       		.byte	6
 947 039a 49       		.byte	73
 948 039b FF       		.byte	-1
 949 039c 4A       		.byte	74
 950 039d FF       		.byte	-1
 951 039e 4B       		.byte	75
 952 039f FF       		.byte	-1
 953 03a0 4D       		.byte	77
 954 03a1 A0       		.byte	-96
 955 03a2 4F       		.byte	79
 956 03a3 04       		.byte	4
 957 03a4 50       		.byte	80
 958 03a5 18       		.byte	24
 959 03a6 56       		.byte	86
 960 03a7 08       		.byte	8
 961 03a8 58       		.byte	88
 962 03a9 04       		.byte	4
 963 03aa 59       		.byte	89
 964 03ab 04       		.byte	4
 965 03ac 5A       		.byte	90
 966 03ad 08       		.byte	8
 967 03ae 5B       		.byte	91
 968 03af 04       		.byte	4
 969 03b0 5C       		.byte	92
ARM GAS  C:\Users\merce\AppData\Local\Temp\ccVbQIHH.s 			page 18


 970 03b1 09       		.byte	9
 971 03b2 5D       		.byte	93
 972 03b3 89       		.byte	-119
 973 03b4 5F       		.byte	95
 974 03b5 31       		.byte	49
 975 03b6 60       		.byte	96
 976 03b7 40       		.byte	64
 977 03b8 62       		.byte	98
 978 03b9 C0       		.byte	-64
 979 03ba 64       		.byte	100
 980 03bb 40       		.byte	64
 981 03bc 65       		.byte	101
 982 03bd 40       		.byte	64
 983 03be 66       		.byte	102
 984 03bf C0       		.byte	-64
 985 03c0 68       		.byte	104
 986 03c1 C0       		.byte	-64
 987 03c2 6A       		.byte	106
 988 03c3 C0       		.byte	-64
 989 03c4 6C       		.byte	108
 990 03c5 C0       		.byte	-64
 991 03c6 6E       		.byte	110
 992 03c7 C0       		.byte	-64
 993 03c8 83       		.byte	-125
 994 03c9 0A       		.byte	10
 995 03ca 8D       		.byte	-115
 996 03cb 01       		.byte	1
 997 03cc 90       		.byte	-112
 998 03cd 06       		.byte	6
 999 03ce 93       		.byte	-109
 1000 03cf 03       		.byte	3
 1001 03d0 95       		.byte	-107
 1002 03d1 02       		.byte	2
 1003 03d2 97       		.byte	-105
 1004 03d3 08       		.byte	8
 1005 03d4 9E       		.byte	-98
 1006 03d5 18       		.byte	24
 1007 03d6 9F       		.byte	-97
 1008 03d7 05       		.byte	5
 1009 03d8 A0       		.byte	-96
 1010 03d9 01       		.byte	1
 1011 03da A2       		.byte	-94
 1012 03db 0A       		.byte	10
 1013 03dc A3       		.byte	-93
 1014 03dd 05       		.byte	5
 1015 03de A4       		.byte	-92
 1016 03df 01       		.byte	1
 1017 03e0 A6       		.byte	-90
 1018 03e1 14       		.byte	20
 1019 03e2 B0       		.byte	-80
 1020 03e3 01       		.byte	1
 1021 03e4 B1       		.byte	-79
 1022 03e5 03       		.byte	3
 1023 03e6 B3       		.byte	-77
 1024 03e7 08       		.byte	8
 1025 03e8 B4       		.byte	-76
 1026 03e9 18       		.byte	24
ARM GAS  C:\Users\merce\AppData\Local\Temp\ccVbQIHH.s 			page 19


 1027 03ea B5       		.byte	-75
 1028 03eb 08       		.byte	8
 1029 03ec B6       		.byte	-74
 1030 03ed 06       		.byte	6
 1031 03ee B7       		.byte	-73
 1032 03ef 04       		.byte	4
 1033 03f0 B8       		.byte	-72
 1034 03f1 02       		.byte	2
 1035 03f2 BC       		.byte	-68
 1036 03f3 80       		.byte	-128
 1037 03f4 BD       		.byte	-67
 1038 03f5 02       		.byte	2
 1039 03f6 BF       		.byte	-65
 1040 03f7 04       		.byte	4
 1041 03f8 C0       		.byte	-64
 1042 03f9 45       		.byte	69
 1043 03fa C1       		.byte	-63
 1044 03fb 06       		.byte	6
 1045 03fc C5       		.byte	-59
 1046 03fd D1       		.byte	-47
 1047 03fe C7       		.byte	-57
 1048 03ff 02       		.byte	2
 1049 0400 C8       		.byte	-56
 1050 0401 17       		.byte	23
 1051 0402 C9       		.byte	-55
 1052 0403 FF       		.byte	-1
 1053 0404 CA       		.byte	-54
 1054 0405 FF       		.byte	-1
 1055 0406 CB       		.byte	-53
 1056 0407 FF       		.byte	-1
 1057 0408 CD       		.byte	-51
 1058 0409 AF       		.byte	-81
 1059 040a CE       		.byte	-50
 1060 040b 0F       		.byte	15
 1061 040c CF       		.byte	-49
 1062 040d 04       		.byte	4
 1063 040e D0       		.byte	-48
 1064 040f 18       		.byte	24
 1065 0410 D2       		.byte	-46
 1066 0411 80       		.byte	-128
 1067 0412 D4       		.byte	-44
 1068 0413 05       		.byte	5
 1069 0414 D8       		.byte	-40
 1070 0415 0B       		.byte	11
 1071 0416 D9       		.byte	-39
 1072 0417 0B       		.byte	11
 1073 0418 DA       		.byte	-38
 1074 0419 0B       		.byte	11
 1075 041a DB       		.byte	-37
 1076 041b 0B       		.byte	11
 1077 041c DC       		.byte	-36
 1078 041d 99       		.byte	-103
 1079 041e DD       		.byte	-35
 1080 041f 99       		.byte	-103
 1081 0420 DF       		.byte	-33
 1082 0421 05       		.byte	5
 1083 0422 E0       		.byte	-32
ARM GAS  C:\Users\merce\AppData\Local\Temp\ccVbQIHH.s 			page 20


 1084 0423 40       		.byte	64
 1085 0424 E2       		.byte	-30
 1086 0425 C0       		.byte	-64
 1087 0426 E4       		.byte	-28
 1088 0427 40       		.byte	64
 1089 0428 E5       		.byte	-27
 1090 0429 40       		.byte	64
 1091 042a E6       		.byte	-26
 1092 042b C0       		.byte	-64
 1093 042c E8       		.byte	-24
 1094 042d C0       		.byte	-64
 1095 042e EA       		.byte	-22
 1096 042f C0       		.byte	-64
 1097 0430 EC       		.byte	-20
 1098 0431 C0       		.byte	-64
 1099 0432 EE       		.byte	-18
 1100 0433 C0       		.byte	-64
 1101 0434 0A       		.byte	10
 1102 0435 82       		.byte	-126
 1103 0436 10       		.byte	16
 1104 0437 A0       		.byte	-96
 1105 0438 14       		.byte	20
 1106 0439 80       		.byte	-128
 1107 043a 15       		.byte	21
 1108 043b 01       		.byte	1
 1109 043c 16       		.byte	22
 1110 043d 01       		.byte	1
 1111 043e 19       		.byte	25
 1112 043f 80       		.byte	-128
 1113 0440 1A       		.byte	26
 1114 0441 84       		.byte	-124
 1115 0442 1E       		.byte	30
 1116 0443 40       		.byte	64
 1117 0444 21       		.byte	33
 1118 0445 41       		.byte	65
 1119 0446 22       		.byte	34
 1120 0447 25       		.byte	37
 1121 0448 27       		.byte	39
 1122 0449 40       		.byte	64
 1123 044a 29       		.byte	41
 1124 044b 02       		.byte	2
 1125 044c 30       		.byte	48
 1126 044d 02       		.byte	2
 1127 044e 31       		.byte	49
 1128 044f 80       		.byte	-128
 1129 0450 32       		.byte	50
 1130 0451 08       		.byte	8
 1131 0452 36       		.byte	54
 1132 0453 20       		.byte	32
 1133 0454 39       		.byte	57
 1134 0455 82       		.byte	-126
 1135 0456 41       		.byte	65
 1136 0457 01       		.byte	1
 1137 0458 44       		.byte	68
 1138 0459 40       		.byte	64
 1139 045a 46       		.byte	70
 1140 045b 40       		.byte	64
ARM GAS  C:\Users\merce\AppData\Local\Temp\ccVbQIHH.s 			page 21


 1141 045c 48       		.byte	72
 1142 045d 21       		.byte	33
 1143 045e 49       		.byte	73
 1144 045f 01       		.byte	1
 1145 0460 4A       		.byte	74
 1146 0461 08       		.byte	8
 1147 0462 4E       		.byte	78
 1148 0463 09       		.byte	9
 1149 0464 50       		.byte	80
 1150 0465 80       		.byte	-128
 1151 0466 52       		.byte	82
 1152 0467 08       		.byte	8
 1153 0468 59       		.byte	89
 1154 0469 81       		.byte	-127
 1155 046a 5A       		.byte	90
 1156 046b 08       		.byte	8
 1157 046c 5C       		.byte	92
 1158 046d 80       		.byte	-128
 1159 046e 5F       		.byte	95
 1160 046f 10       		.byte	16
 1161 0470 64       		.byte	100
 1162 0471 04       		.byte	4
 1163 0472 66       		.byte	102
 1164 0473 80       		.byte	-128
 1165 0474 70       		.byte	112
 1166 0475 02       		.byte	2
 1167 0476 78       		.byte	120
 1168 0477 41       		.byte	65
 1169 0478 7C       		.byte	124
 1170 0479 01       		.byte	1
 1171 047a 7F       		.byte	127
 1172 047b 01       		.byte	1
 1173 047c 80       		.byte	-128
 1174 047d 20       		.byte	32
 1175 047e 88       		.byte	-120
 1176 047f 16       		.byte	22
 1177 0480 89       		.byte	-119
 1178 0481 01       		.byte	1
 1179 0482 8C       		.byte	-116
 1180 0483 01       		.byte	1
 1181 0484 8E       		.byte	-114
 1182 0485 02       		.byte	2
 1183 0486 93       		.byte	-109
 1184 0487 12       		.byte	18
 1185 0488 97       		.byte	-105
 1186 0489 C1       		.byte	-63
 1187 048a 98       		.byte	-104
 1188 048b 11       		.byte	17
 1189 048c 99       		.byte	-103
 1190 048d 20       		.byte	32
 1191 048e 9A       		.byte	-102
 1192 048f 01       		.byte	1
 1193 0490 9D       		.byte	-99
 1194 0491 02       		.byte	2
 1195 0492 9F       		.byte	-97
 1196 0493 40       		.byte	64
 1197 0494 A6       		.byte	-90
ARM GAS  C:\Users\merce\AppData\Local\Temp\ccVbQIHH.s 			page 22


 1198 0495 A0       		.byte	-96
 1199 0496 AF       		.byte	-81
 1200 0497 40       		.byte	64
 1201 0498 B3       		.byte	-77
 1202 0499 12       		.byte	18
 1203 049a B6       		.byte	-74
 1204 049b 14       		.byte	20
 1205 049c C2       		.byte	-62
 1206 049d 09       		.byte	9
 1207 049e C4       		.byte	-60
 1208 049f 8C       		.byte	-116
 1209 04a0 CA       		.byte	-54
 1210 04a1 01       		.byte	1
 1211 04a2 CC       		.byte	-52
 1212 04a3 2B       		.byte	43
 1213 04a4 CE       		.byte	-50
 1214 04a5 09       		.byte	9
 1215 04a6 D0       		.byte	-48
 1216 04a7 81       		.byte	-127
 1217 04a8 D2       		.byte	-46
 1218 04a9 3C       		.byte	60
 1219 04aa D6       		.byte	-42
 1220 04ab 3B       		.byte	59
 1221 04ac D8       		.byte	-40
 1222 04ad 30       		.byte	48
 1223 04ae DE       		.byte	-34
 1224 04af 99       		.byte	-103
 1225 04b0 E0       		.byte	-32
 1226 04b1 02       		.byte	2
 1227 04b2 E6       		.byte	-26
 1228 04b3 84       		.byte	-124
 1229 04b4 E8       		.byte	-24
 1230 04b5 08       		.byte	8
 1231 04b6 EA       		.byte	-22
 1232 04b7 42       		.byte	66
 1233 04b8 02       		.byte	2
 1234 04b9 40       		.byte	64
 1235 04ba 04       		.byte	4
 1236 04bb 09       		.byte	9
 1237 04bc 06       		.byte	6
 1238 04bd 16       		.byte	22
 1239 04be 07       		.byte	7
 1240 04bf 0E       		.byte	14
 1241 04c0 0E       		.byte	14
 1242 04c1 0C       		.byte	12
 1243 04c2 10       		.byte	16
 1244 04c3 0C       		.byte	12
 1245 04c4 13       		.byte	19
 1246 04c5 08       		.byte	8
 1247 04c6 14       		.byte	20
 1248 04c7 20       		.byte	32
 1249 04c8 17       		.byte	23
 1250 04c9 01       		.byte	1
 1251 04ca 18       		.byte	24
 1252 04cb 60       		.byte	96
 1253 04cc 19       		.byte	25
 1254 04cd 13       		.byte	19
ARM GAS  C:\Users\merce\AppData\Local\Temp\ccVbQIHH.s 			page 23


 1255 04ce 1C       		.byte	28
 1256 04cf 05       		.byte	5
 1257 04d0 1E       		.byte	30
 1258 04d1 1A       		.byte	26
 1259 04d2 20       		.byte	32
 1260 04d3 10       		.byte	16
 1261 04d4 22       		.byte	34
 1262 04d5 02       		.byte	2
 1263 04d6 27       		.byte	39
 1264 04d7 04       		.byte	4
 1265 04d8 2A       		.byte	42
 1266 04d9 01       		.byte	1
 1267 04da 30       		.byte	48
 1268 04db 60       		.byte	96
 1269 04dc 31       		.byte	49
 1270 04dd 04       		.byte	4
 1271 04de 32       		.byte	50
 1272 04df 18       		.byte	24
 1273 04e0 33       		.byte	51
 1274 04e1 03       		.byte	3
 1275 04e2 34       		.byte	52
 1276 04e3 0F       		.byte	15
 1277 04e4 35       		.byte	53
 1278 04e5 10       		.byte	16
 1279 04e6 36       		.byte	54
 1280 04e7 06       		.byte	6
 1281 04e8 37       		.byte	55
 1282 04e9 08       		.byte	8
 1283 04ea 38       		.byte	56
 1284 04eb 08       		.byte	8
 1285 04ec 3A       		.byte	58
 1286 04ed A0       		.byte	-96
 1287 04ee 3F       		.byte	63
 1288 04ef 41       		.byte	65
 1289 04f0 56       		.byte	86
 1290 04f1 08       		.byte	8
 1291 04f2 58       		.byte	88
 1292 04f3 04       		.byte	4
 1293 04f4 59       		.byte	89
 1294 04f5 04       		.byte	4
 1295 04f6 5B       		.byte	91
 1296 04f7 04       		.byte	4
 1297 04f8 5C       		.byte	92
 1298 04f9 09       		.byte	9
 1299 04fa 5D       		.byte	93
 1300 04fb 90       		.byte	-112
 1301 04fc 5F       		.byte	95
 1302 04fd 01       		.byte	1
 1303 04fe 80       		.byte	-128
 1304 04ff 0E       		.byte	14
 1305 0500 82       		.byte	-126
 1306 0501 71       		.byte	113
 1307 0502 86       		.byte	-122
 1308 0503 80       		.byte	-128
 1309 0504 89       		.byte	-119
 1310 0505 1A       		.byte	26
 1311 0506 8B       		.byte	-117
ARM GAS  C:\Users\merce\AppData\Local\Temp\ccVbQIHH.s 			page 24


 1312 0507 05       		.byte	5
 1313 0508 8D       		.byte	-115
 1314 0509 07       		.byte	7
 1315 050a 8F       		.byte	-113
 1316 050b 18       		.byte	24
 1317 050c 90       		.byte	-112
 1318 050d 36       		.byte	54
 1319 050e 91       		.byte	-111
 1320 050f 1F       		.byte	31
 1321 0510 92       		.byte	-110
 1322 0511 49       		.byte	73
 1323 0512 94       		.byte	-108
 1324 0513 01       		.byte	1
 1325 0514 96       		.byte	-106
 1326 0515 7E       		.byte	126
 1327 0516 9C       		.byte	-100
 1328 0517 7F       		.byte	127
 1329 0518 9D       		.byte	-99
 1330 0519 09       		.byte	9
 1331 051a 9E       		.byte	-98
 1332 051b 80       		.byte	-128
 1333 051c 9F       		.byte	-97
 1334 051d 16       		.byte	22
 1335 051e A3       		.byte	-93
 1336 051f 20       		.byte	32
 1337 0520 A4       		.byte	-92
 1338 0521 94       		.byte	-108
 1339 0522 A5       		.byte	-91
 1340 0523 14       		.byte	20
 1341 0524 A6       		.byte	-90
 1342 0525 6B       		.byte	107
 1343 0526 A7       		.byte	-89
 1344 0527 0B       		.byte	11
 1345 0528 A8       		.byte	-88
 1346 0529 52       		.byte	82
 1347 052a A9       		.byte	-87
 1348 052b 1F       		.byte	31
 1349 052c AA       		.byte	-86
 1350 052d 2D       		.byte	45
 1351 052e B6       		.byte	-74
 1352 052f FF       		.byte	-1
 1353 0530 B7       		.byte	-73
 1354 0531 3F       		.byte	63
 1355 0532 BE       		.byte	-66
 1356 0533 40       		.byte	64
 1357 0534 BF       		.byte	-65
 1358 0535 40       		.byte	64
 1359 0536 D2       		.byte	-46
 1360 0537 CF       		.byte	-49
 1361 0538 D6       		.byte	-42
 1362 0539 10       		.byte	16
 1363 053a D8       		.byte	-40
 1364 053b 04       		.byte	4
 1365 053c D9       		.byte	-39
 1366 053d 04       		.byte	4
 1367 053e DB       		.byte	-37
 1368 053f 04       		.byte	4
ARM GAS  C:\Users\merce\AppData\Local\Temp\ccVbQIHH.s 			page 25


 1369 0540 DF       		.byte	-33
 1370 0541 01       		.byte	1
 1371 0542 01       		.byte	1
 1372 0543 02       		.byte	2
 1373 0544 02       		.byte	2
 1374 0545 01       		.byte	1
 1375 0546 03       		.byte	3
 1376 0547 20       		.byte	32
 1377 0548 04       		.byte	4
 1378 0549 04       		.byte	4
 1379 054a 06       		.byte	6
 1380 054b 80       		.byte	-128
 1381 054c 0A       		.byte	10
 1382 054d 65       		.byte	101
 1383 054e 0C       		.byte	12
 1384 054f 04       		.byte	4
 1385 0550 0E       		.byte	14
 1386 0551 82       		.byte	-126
 1387 0552 10       		.byte	16
 1388 0553 08       		.byte	8
 1389 0554 12       		.byte	18
 1390 0555 80       		.byte	-128
 1391 0556 15       		.byte	21
 1392 0557 14       		.byte	20
 1393 0558 19       		.byte	25
 1394 0559 02       		.byte	2
 1395 055a 1A       		.byte	26
 1396 055b 21       		.byte	33
 1397 055c 1B       		.byte	27
 1398 055d 20       		.byte	32
 1399 055e 1F       		.byte	31
 1400 055f 80       		.byte	-128
 1401 0560 20       		.byte	32
 1402 0561 04       		.byte	4
 1403 0562 21       		.byte	33
 1404 0563 04       		.byte	4
 1405 0564 23       		.byte	35
 1406 0565 41       		.byte	65
 1407 0566 25       		.byte	37
 1408 0567 80       		.byte	-128
 1409 0568 26       		.byte	38
 1410 0569 80       		.byte	-128
 1411 056a 28       		.byte	40
 1412 056b 20       		.byte	32
 1413 056c 2C       		.byte	44
 1414 056d 04       		.byte	4
 1415 056e 2D       		.byte	45
 1416 056f 04       		.byte	4
 1417 0570 2F       		.byte	47
 1418 0571 80       		.byte	-128
 1419 0572 30       		.byte	48
 1420 0573 08       		.byte	8
 1421 0574 32       		.byte	50
 1422 0575 22       		.byte	34
 1423 0576 36       		.byte	54
 1424 0577 41       		.byte	65
 1425 0578 39       		.byte	57
ARM GAS  C:\Users\merce\AppData\Local\Temp\ccVbQIHH.s 			page 26


 1426 0579 08       		.byte	8
 1427 057a 3E       		.byte	62
 1428 057b 90       		.byte	-112
 1429 057c 5A       		.byte	90
 1430 057d 80       		.byte	-128
 1431 057e 5C       		.byte	92
 1432 057f 82       		.byte	-126
 1433 0580 5D       		.byte	93
 1434 0581 20       		.byte	32
 1435 0582 5F       		.byte	95
 1436 0583 08       		.byte	8
 1437 0584 63       		.byte	99
 1438 0585 02       		.byte	2
 1439 0586 64       		.byte	100
 1440 0587 08       		.byte	8
 1441 0588 67       		.byte	103
 1442 0589 02       		.byte	2
 1443 058a 6D       		.byte	109
 1444 058b 14       		.byte	20
 1445 058c 6E       		.byte	110
 1446 058d 92       		.byte	-110
 1447 058e 74       		.byte	116
 1448 058f 09       		.byte	9
 1449 0590 76       		.byte	118
 1450 0591 40       		.byte	64
 1451 0592 83       		.byte	-125
 1452 0593 01       		.byte	1
 1453 0594 84       		.byte	-124
 1454 0595 08       		.byte	8
 1455 0596 87       		.byte	-121
 1456 0597 01       		.byte	1
 1457 0598 88       		.byte	-120
 1458 0599 80       		.byte	-128
 1459 059a 8B       		.byte	-117
 1460 059b 40       		.byte	64
 1461 059c 8E       		.byte	-114
 1462 059d 40       		.byte	64
 1463 059e 8F       		.byte	-113
 1464 059f 08       		.byte	8
 1465 05a0 92       		.byte	-110
 1466 05a1 44       		.byte	68
 1467 05a2 97       		.byte	-105
 1468 05a3 C1       		.byte	-63
 1469 05a4 98       		.byte	-104
 1470 05a5 26       		.byte	38
 1471 05a6 99       		.byte	-103
 1472 05a7 20       		.byte	32
 1473 05a8 9A       		.byte	-102
 1474 05a9 81       		.byte	-127
 1475 05aa 9D       		.byte	-99
 1476 05ab 02       		.byte	2
 1477 05ac 9E       		.byte	-98
 1478 05ad 40       		.byte	64
 1479 05ae A2       		.byte	-94
 1480 05af 22       		.byte	34
 1481 05b0 A4       		.byte	-92
 1482 05b1 01       		.byte	1
ARM GAS  C:\Users\merce\AppData\Local\Temp\ccVbQIHH.s 			page 27


 1483 05b2 A5       		.byte	-91
 1484 05b3 80       		.byte	-128
 1485 05b4 A6       		.byte	-90
 1486 05b5 80       		.byte	-128
 1487 05b6 C0       		.byte	-64
 1488 05b7 3D       		.byte	61
 1489 05b8 C2       		.byte	-62
 1490 05b9 BF       		.byte	-65
 1491 05ba C4       		.byte	-60
 1492 05bb 6A       		.byte	106
 1493 05bc CA       		.byte	-54
 1494 05bd E2       		.byte	-30
 1495 05be CC       		.byte	-52
 1496 05bf 97       		.byte	-105
 1497 05c0 CE       		.byte	-50
 1498 05c1 32       		.byte	50
 1499 05c2 D6       		.byte	-42
 1500 05c3 F8       		.byte	-8
 1501 05c4 D8       		.byte	-40
 1502 05c5 38       		.byte	56
 1503 05c6 E0       		.byte	-32
 1504 05c7 28       		.byte	40
 1505 05c8 E4       		.byte	-28
 1506 05c9 D0       		.byte	-48
 1507 05ca EC       		.byte	-20
 1508 05cb 20       		.byte	32
 1509 05cc 12       		.byte	18
 1510 05cd 20       		.byte	32
 1511 05ce 13       		.byte	19
 1512 05cf 10       		.byte	16
 1513 05d0 1B       		.byte	27
 1514 05d1 02       		.byte	2
 1515 05d2 30       		.byte	48
 1516 05d3 20       		.byte	32
 1517 05d4 33       		.byte	51
 1518 05d5 01       		.byte	1
 1519 05d6 34       		.byte	52
 1520 05d7 22       		.byte	34
 1521 05d8 39       		.byte	57
 1522 05d9 24       		.byte	36
 1523 05da 3D       		.byte	61
 1524 05db 20       		.byte	32
 1525 05dc 3E       		.byte	62
 1526 05dd 02       		.byte	2
 1527 05de 40       		.byte	64
 1528 05df 08       		.byte	8
 1529 05e0 86       		.byte	-122
 1530 05e1 02       		.byte	2
 1531 05e2 C4       		.byte	-60
 1532 05e3 50       		.byte	80
 1533 05e4 C6       		.byte	-58
 1534 05e5 10       		.byte	16
 1535 05e6 CC       		.byte	-52
 1536 05e7 F0       		.byte	-16
 1537 05e8 CE       		.byte	-50
 1538 05e9 F0       		.byte	-16
 1539 05ea D0       		.byte	-48
ARM GAS  C:\Users\merce\AppData\Local\Temp\ccVbQIHH.s 			page 28


 1540 05eb 10       		.byte	16
 1541 05ec E6       		.byte	-26
 1542 05ed 10       		.byte	16
 1543 05ee 07       		.byte	7
 1544 05ef 08       		.byte	8
 1545 05f0 3A       		.byte	58
 1546 05f1 02       		.byte	2
 1547 05f2 3D       		.byte	61
 1548 05f3 10       		.byte	16
 1549 05f4 5D       		.byte	93
 1550 05f5 02       		.byte	2
 1551 05f6 60       		.byte	96
 1552 05f7 80       		.byte	-128
 1553 05f8 84       		.byte	-124
 1554 05f9 02       		.byte	2
 1555 05fa 95       		.byte	-107
 1556 05fb 24       		.byte	36
 1557 05fc 9C       		.byte	-100
 1558 05fd 2A       		.byte	42
 1559 05fe 9F       		.byte	-97
 1560 05ff 01       		.byte	1
 1561 0600 A4       		.byte	-92
 1562 0601 20       		.byte	32
 1563 0602 A5       		.byte	-91
 1564 0603 10       		.byte	16
 1565 0604 AA       		.byte	-86
 1566 0605 20       		.byte	32
 1567 0606 AB       		.byte	-85
 1568 0607 02       		.byte	2
 1569 0608 AF       		.byte	-81
 1570 0609 10       		.byte	16
 1571 060a C0       		.byte	-64
 1572 060b 80       		.byte	-128
 1573 060c CE       		.byte	-50
 1574 060d 60       		.byte	96
 1575 060e D6       		.byte	-42
 1576 060f 80       		.byte	-128
 1577 0610 D8       		.byte	-40
 1578 0611 40       		.byte	64
 1579 0612 E6       		.byte	-26
 1580 0613 40       		.byte	64
 1581 0614 E8       		.byte	-24
 1582 0615 30       		.byte	48
 1583 0616 EC       		.byte	-20
 1584 0617 80       		.byte	-128
 1585 0618 51       		.byte	81
 1586 0619 80       		.byte	-128
 1587 061a 56       		.byte	86
 1588 061b 40       		.byte	64
 1589 061c 81       		.byte	-127
 1590 061d 10       		.byte	16
 1591 061e 82       		.byte	-126
 1592 061f 02       		.byte	2
 1593 0620 85       		.byte	-123
 1594 0621 10       		.byte	16
 1595 0622 95       		.byte	-107
 1596 0623 34       		.byte	52
ARM GAS  C:\Users\merce\AppData\Local\Temp\ccVbQIHH.s 			page 29


 1597 0624 9C       		.byte	-100
 1598 0625 A8       		.byte	-88
 1599 0626 9D       		.byte	-99
 1600 0627 02       		.byte	2
 1601 0628 9E       		.byte	-98
 1602 0629 02       		.byte	2
 1603 062a 9F       		.byte	-97
 1604 062b 01       		.byte	1
 1605 062c A4       		.byte	-92
 1606 062d 20       		.byte	32
 1607 062e A5       		.byte	-91
 1608 062f 10       		.byte	16
 1609 0630 AB       		.byte	-85
 1610 0631 08       		.byte	8
 1611 0632 D4       		.byte	-44
 1612 0633 60       		.byte	96
 1613 0634 E2       		.byte	-30
 1614 0635 C0       		.byte	-64
 1615 0636 E6       		.byte	-26
 1616 0637 20       		.byte	32
 1617 0638 E8       		.byte	-24
 1618 0639 20       		.byte	32
 1619 063a 85       		.byte	-123
 1620 063b 04       		.byte	4
 1621 063c 8C       		.byte	-116
 1622 063d 80       		.byte	-128
 1623 063e 95       		.byte	-107
 1624 063f 04       		.byte	4
 1625 0640 9C       		.byte	-100
 1626 0641 A8       		.byte	-88
 1627 0642 9D       		.byte	-99
 1628 0643 02       		.byte	2
 1629 0644 9E       		.byte	-98
 1630 0645 40       		.byte	64
 1631 0646 9F       		.byte	-97
 1632 0647 01       		.byte	1
 1633 0648 A5       		.byte	-91
 1634 0649 80       		.byte	-128
 1635 064a A8       		.byte	-88
 1636 064b 20       		.byte	32
 1637 064c AD       		.byte	-83
 1638 064d 10       		.byte	16
 1639 064e E6       		.byte	-26
 1640 064f 40       		.byte	64
 1641 0650 EA       		.byte	-22
 1642 0651 80       		.byte	-128
 1643 0652 EE       		.byte	-18
 1644 0653 10       		.byte	16
 1645 0654 70       		.byte	112
 1646 0655 01       		.byte	1
 1647 0656 74       		.byte	116
 1648 0657 04       		.byte	4
 1649 0658 DC       		.byte	-36
 1650 0659 01       		.byte	1
 1651 065a DE       		.byte	-34
 1652 065b 04       		.byte	4
 1653 065c 03       		.byte	3
ARM GAS  C:\Users\merce\AppData\Local\Temp\ccVbQIHH.s 			page 30


 1654 065d 08       		.byte	8
 1655 065e 05       		.byte	5
 1656 065f 20       		.byte	32
 1657 0660 08       		.byte	8
 1658 0661 20       		.byte	32
 1659 0662 09       		.byte	9
 1660 0663 02       		.byte	2
 1661 0664 0F       		.byte	15
 1662 0665 02       		.byte	2
 1663 0666 13       		.byte	19
 1664 0667 08       		.byte	8
 1665 0668 31       		.byte	49
 1666 0669 20       		.byte	32
 1667 066a 53       		.byte	83
 1668 066b 40       		.byte	64
 1669 066c 85       		.byte	-123
 1670 066d 01       		.byte	1
 1671 066e 94       		.byte	-108
 1672 066f 02       		.byte	2
 1673 0670 A4       		.byte	-92
 1674 0671 04       		.byte	4
 1675 0672 C0       		.byte	-64
 1676 0673 03       		.byte	3
 1677 0674 C2       		.byte	-62
 1678 0675 0B       		.byte	11
 1679 0676 C4       		.byte	-60
 1680 0677 08       		.byte	8
 1681 0678 CC       		.byte	-52
 1682 0679 08       		.byte	8
 1683 067a D4       		.byte	-44
 1684 067b 04       		.byte	4
 1685 067c 18       		.byte	24
 1686 067d 80       		.byte	-128
 1687 067e 31       		.byte	49
 1688 067f 20       		.byte	32
 1689 0680 87       		.byte	-121
 1690 0681 05       		.byte	5
 1691 0682 88       		.byte	-120
 1692 0683 04       		.byte	4
 1693 0684 94       		.byte	-108
 1694 0685 02       		.byte	2
 1695 0686 95       		.byte	-107
 1696 0687 02       		.byte	2
 1697 0688 97       		.byte	-105
 1698 0689 80       		.byte	-128
 1699 068a 9B       		.byte	-101
 1700 068b 08       		.byte	8
 1701 068c A1       		.byte	-95
 1702 068d 02       		.byte	2
 1703 068e A3       		.byte	-93
 1704 068f 09       		.byte	9
 1705 0690 A4       		.byte	-92
 1706 0691 04       		.byte	4
 1707 0692 A5       		.byte	-91
 1708 0693 20       		.byte	32
 1709 0694 B0       		.byte	-80
 1710 0695 20       		.byte	32
ARM GAS  C:\Users\merce\AppData\Local\Temp\ccVbQIHH.s 			page 31


 1711 0696 B1       		.byte	-79
 1712 0697 20       		.byte	32
 1713 0698 C6       		.byte	-58
 1714 0699 08       		.byte	8
 1715 069a CC       		.byte	-52
 1716 069b 08       		.byte	8
 1717 069c E0       		.byte	-32
 1718 069d 04       		.byte	4
 1719 069e EA       		.byte	-22
 1720 069f 05       		.byte	5
 1721 06a0 09       		.byte	9
 1722 06a1 08       		.byte	8
 1723 06a2 0B       		.byte	11
 1724 06a3 04       		.byte	4
 1725 06a4 0D       		.byte	13
 1726 06a5 01       		.byte	1
 1727 06a6 42       		.byte	66
 1728 06a7 20       		.byte	32
 1729 06a8 44       		.byte	68
 1730 06a9 01       		.byte	1
 1731 06aa 80       		.byte	-128
 1732 06ab 01       		.byte	1
 1733 06ac 87       		.byte	-121
 1734 06ad 40       		.byte	64
 1735 06ae 90       		.byte	-112
 1736 06af 80       		.byte	-128
 1737 06b0 94       		.byte	-108
 1738 06b1 02       		.byte	2
 1739 06b2 95       		.byte	-107
 1740 06b3 02       		.byte	2
 1741 06b4 97       		.byte	-105
 1742 06b5 84       		.byte	-124
 1743 06b6 9B       		.byte	-101
 1744 06b7 08       		.byte	8
 1745 06b8 A1       		.byte	-95
 1746 06b9 02       		.byte	2
 1747 06ba A3       		.byte	-93
 1748 06bb 08       		.byte	8
 1749 06bc A5       		.byte	-91
 1750 06bd 20       		.byte	32
 1751 06be A8       		.byte	-88
 1752 06bf 40       		.byte	64
 1753 06c0 C2       		.byte	-62
 1754 06c1 0E       		.byte	14
 1755 06c2 D0       		.byte	-48
 1756 06c3 06       		.byte	6
 1757 06c4 20       		.byte	32
 1758 06c5 80       		.byte	-128
 1759 06c6 80       		.byte	-128
 1760 06c7 20       		.byte	32
 1761 06c8 8A       		.byte	-118
 1762 06c9 40       		.byte	64
 1763 06ca 8D       		.byte	-115
 1764 06cb 02       		.byte	2
 1765 06cc 9C       		.byte	-100
 1766 06cd 20       		.byte	32
 1767 06ce 9D       		.byte	-99
ARM GAS  C:\Users\merce\AppData\Local\Temp\ccVbQIHH.s 			page 32


 1768 06cf 02       		.byte	2
 1769 06d0 9E       		.byte	-98
 1770 06d1 40       		.byte	64
 1771 06d2 A5       		.byte	-91
 1772 06d3 80       		.byte	-128
 1773 06d4 AF       		.byte	-81
 1774 06d5 01       		.byte	1
 1775 06d6 B4       		.byte	-76
 1776 06d7 08       		.byte	8
 1777 06d8 C8       		.byte	-56
 1778 06d9 40       		.byte	64
 1779 06da E6       		.byte	-26
 1780 06db 20       		.byte	32
 1781 06dc EA       		.byte	-22
 1782 06dd 40       		.byte	64
 1783 06de 23       		.byte	35
 1784 06df 08       		.byte	8
 1785 06e0 72       		.byte	114
 1786 06e1 40       		.byte	64
 1787 06e2 75       		.byte	117
 1788 06e3 02       		.byte	2
 1789 06e4 81       		.byte	-127
 1790 06e5 80       		.byte	-128
 1791 06e6 82       		.byte	-126
 1792 06e7 40       		.byte	64
 1793 06e8 85       		.byte	-123
 1794 06e9 02       		.byte	2
 1795 06ea 8B       		.byte	-117
 1796 06eb 08       		.byte	8
 1797 06ec A5       		.byte	-91
 1798 06ed 80       		.byte	-128
 1799 06ee B0       		.byte	-80
 1800 06ef 40       		.byte	64
 1801 06f0 C8       		.byte	-56
 1802 06f1 10       		.byte	16
 1803 06f2 DC       		.byte	-36
 1804 06f3 80       		.byte	-128
 1805 06f4 DE       		.byte	-34
 1806 06f5 20       		.byte	32
 1807 06f6 E2       		.byte	-30
 1808 06f7 20       		.byte	32
 1809 06f8 E6       		.byte	-26
 1810 06f9 90       		.byte	-112
 1811 06fa 1D       		.byte	29
 1812 06fb 10       		.byte	16
 1813 06fc 34       		.byte	52
 1814 06fd 01       		.byte	1
 1815 06fe 3A       		.byte	58
 1816 06ff 30       		.byte	48
 1817 0700 81       		.byte	-127
 1818 0701 10       		.byte	16
 1819 0702 86       		.byte	-122
 1820 0703 10       		.byte	16
 1821 0704 8C       		.byte	-116
 1822 0705 40       		.byte	64
 1823 0706 90       		.byte	-112
 1824 0707 80       		.byte	-128
ARM GAS  C:\Users\merce\AppData\Local\Temp\ccVbQIHH.s 			page 33


 1825 0708 9C       		.byte	-100
 1826 0709 01       		.byte	1
 1827 070a 9E       		.byte	-98
 1828 070b 20       		.byte	32
 1829 070c A3       		.byte	-93
 1830 070d 08       		.byte	8
 1831 070e AD       		.byte	-83
 1832 070f 28       		.byte	40
 1833 0710 B3       		.byte	-77
 1834 0711 08       		.byte	8
 1835 0712 B5       		.byte	-75
 1836 0713 02       		.byte	2
 1837 0714 C6       		.byte	-58
 1838 0715 01       		.byte	1
 1839 0716 CC       		.byte	-52
 1840 0717 01       		.byte	1
 1841 0718 CE       		.byte	-50
 1842 0719 08       		.byte	8
 1843 071a E6       		.byte	-26
 1844 071b 08       		.byte	8
 1845 071c EE       		.byte	-18
 1846 071d 09       		.byte	9
 1847 071e 72       		.byte	114
 1848 071f 20       		.byte	32
 1849 0720 77       		.byte	119
 1850 0721 80       		.byte	-128
 1851 0722 86       		.byte	-122
 1852 0723 20       		.byte	32
 1853 0724 8F       		.byte	-113
 1854 0725 88       		.byte	-120
 1855 0726 A3       		.byte	-93
 1856 0727 08       		.byte	8
 1857 0728 B0       		.byte	-80
 1858 0729 01       		.byte	1
 1859 072a DC       		.byte	-36
 1860 072b 01       		.byte	1
 1861 072c DE       		.byte	-34
 1862 072d 04       		.byte	4
 1863 072e E2       		.byte	-30
 1864 072f 08       		.byte	8
 1865 0730 E4       		.byte	-28
 1866 0731 08       		.byte	8
 1867 0732 EC       		.byte	-20
 1868 0733 04       		.byte	4
 1869 0734 00       		.byte	0
 1870 0735 21       		.byte	33
 1871 0736 01       		.byte	1
 1872 0737 01       		.byte	1
 1873 0738 0C       		.byte	12
 1874 0739 21       		.byte	33
 1875 073a 0D       		.byte	13
 1876 073b 01       		.byte	1
 1877 073c 10       		.byte	16
 1878 073d 1F       		.byte	31
 1879 073e 11       		.byte	17
 1880 073f 01       		.byte	1
 1881 0740 1A       		.byte	26
ARM GAS  C:\Users\merce\AppData\Local\Temp\ccVbQIHH.s 			page 34


 1882 0741 1E       		.byte	30
 1883 0742 1B       		.byte	27
 1884 0743 01       		.byte	1
 1885 0744 1C       		.byte	28
 1886 0745 01       		.byte	1
 1887 0746 1D       		.byte	29
 1888 0747 01       		.byte	1
 1889 0748 00       		.byte	0
 1890 0749 AF       		.byte	-81
 1891 074a 01       		.byte	1
 1892 074b 02       		.byte	2
 1893 074c 10       		.byte	16
 1894 074d AA       		.byte	-86
 1895 074e 11       		.byte	17
 1896 074f 0A       		.byte	10
 1897 0750 08       		.byte	8
 1898 0751 C8       		.byte	-56
 1899 0752 C0       		.byte	-64
 1900 0753 00       		.byte	0
 1901 0754 C0       		.byte	-64
 1902 0755 00       		.byte	0
 1903 0756 17       		.byte	23
 1904 0757 00       		.byte	0
 1905 0758 00       		.byte	0
 1906 0759 FF       		.byte	-1
 1907 075a FF       		.byte	-1
 1908 075b 00       		.byte	0
 1909 075c FF       		.byte	-1
 1910 075d 00       		.byte	0
 1911 075e 00       		.byte	0
 1912 075f 00       		.byte	0
 1913 0760 40       		.byte	64
 1914 0761 00       		.byte	0
 1915 0762 00       		.byte	0
 1916 0763 00       		.byte	0
 1917 0764 00       		.byte	0
 1918 0765 00       		.byte	0
 1919 0766 00       		.byte	0
 1920 0767 00       		.byte	0
 1921 0768 C0       		.byte	-64
 1922 0769 00       		.byte	0
 1923 076a 00       		.byte	0
 1924 076b 00       		.byte	0
 1925 076c 00       		.byte	0
 1926 076d 0B       		.byte	11
 1927 076e 0B       		.byte	11
 1928 076f 00       		.byte	0
 1929 0770 00       		.byte	0
 1930 0771 00       		.byte	0
 1931 0772 E0       		.byte	-32
 1932 0773 00       		.byte	0
 1933 0774 C4       		.byte	-60
 1934 0775 00       		.byte	0
 1935 0776 18       		.byte	24
 1936 0777 DE       		.byte	-34
 1937 0778 02       		.byte	2
 1938 0779 00       		.byte	0
ARM GAS  C:\Users\merce\AppData\Local\Temp\ccVbQIHH.s 			page 35


 1939 077a 02       		.byte	2
 1940 077b 00       		.byte	0
 1941 077c 00       		.byte	0
 1942 077d 00       		.byte	0
 1943 077e 00       		.byte	0
 1944 077f 00       		.byte	0
 1945 0780 00       		.byte	0
 1946 0781 00       		.byte	0
 1947 0782 00       		.byte	0
 1948 0783 00       		.byte	0
 1949 0784 00       		.byte	0
 1950 0785 00       		.byte	0
 1951 0786 E1       		.byte	-31
 1952 0787 00       		.byte	0
 1953 0788 00       		.byte	0
 1954 0789 02       		.byte	2
 1955 078a 00       		.byte	0
 1956 078b 00       		.byte	0
 1957 078c 00       		.byte	0
 1958 078d 04       		.byte	4
 1959 078e 00       		.byte	0
 1960 078f 00       		.byte	0
 1961              		.global	cy_meta_custnvl
 1962              		.section	.cycustnvl,"a",%progbits
 1963              		.align	2
 1964              		.type	cy_meta_custnvl, %object
 1965              		.size	cy_meta_custnvl, 4
 1966              	cy_meta_custnvl:
 1967 0000 00       		.byte	0
 1968 0001 00       		.byte	0
 1969 0002 40       		.byte	64
 1970 0003 05       		.byte	5
 1971              		.global	cy_meta_wonvl
 1972              		.section	.cywolatch,"a",%progbits
 1973              		.align	2
 1974              		.type	cy_meta_wonvl, %object
 1975              		.size	cy_meta_wonvl, 4
 1976              	cy_meta_wonvl:
 1977 0000 BC       		.byte	-68
 1978 0001 90       		.byte	-112
 1979 0002 AC       		.byte	-84
 1980 0003 AF       		.byte	-81
 1981              		.global	cy_meta_flashprotect
 1982              		.section	.cyflashprotect,"a",%progbits
 1983              		.align	2
 1984              		.type	cy_meta_flashprotect, %object
 1985              		.size	cy_meta_flashprotect, 256
 1986              	cy_meta_flashprotect:
 1987 0000 00000000 		.space	256
 1987      00000000 
 1987      00000000 
 1987      00000000 
 1987      00000000 
 1988              		.global	cy_metadata
 1989              		.section	.cymeta,"a",%progbits
 1990              		.align	2
 1991              		.type	cy_metadata, %object
ARM GAS  C:\Users\merce\AppData\Local\Temp\ccVbQIHH.s 			page 36


 1992              		.size	cy_metadata, 12
 1993              	cy_metadata:
 1994 0000 00       		.byte	0
 1995 0001 01       		.byte	1
 1996 0002 2E       		.byte	46
 1997 0003 16       		.byte	22
 1998 0004 10       		.byte	16
 1999 0005 69       		.byte	105
 2000 0006 00       		.byte	0
 2001 0007 01       		.byte	1
 2002 0008 00       		.byte	0
 2003 0009 00       		.byte	0
 2004 000a 00       		.byte	0
 2005 000b 00       		.byte	0
 2006              		.text
 2007              	.Letext0:
 2008              		.file 1 "c:\\program files (x86)\\cypress\\psoc creator\\4.4\\psoc creator\\import\\gnu\\arm\\5.4.
 2009              		.file 2 "c:\\program files (x86)\\cypress\\psoc creator\\4.4\\psoc creator\\import\\gnu\\arm\\5.4.
 2010              		.file 3 "Generated_Source\\PSoC5\\cymetadata.c"
 2011              		.section	.debug_info,"",%progbits
 2012              	.Ldebug_info0:
 2013 0000 35010000 		.4byte	0x135
 2014 0004 0400     		.2byte	0x4
 2015 0006 00000000 		.4byte	.Ldebug_abbrev0
 2016 000a 04       		.byte	0x4
 2017 000b 01       		.uleb128 0x1
 2018 000c 0A000000 		.4byte	.LASF17
 2019 0010 0C       		.byte	0xc
 2020 0011 DB010000 		.4byte	.LASF18
 2021 0015 5F010000 		.4byte	.LASF19
 2022 0019 00000000 		.4byte	.Ldebug_line0
 2023 001d 02       		.uleb128 0x2
 2024 001e 01       		.byte	0x1
 2025 001f 06       		.byte	0x6
 2026 0020 CF010000 		.4byte	.LASF0
 2027 0024 03       		.uleb128 0x3
 2028 0025 00000000 		.4byte	.LASF9
 2029 0029 01       		.byte	0x1
 2030 002a 1D       		.byte	0x1d
 2031 002b 2F000000 		.4byte	0x2f
 2032 002f 02       		.uleb128 0x2
 2033 0030 01       		.byte	0x1
 2034 0031 08       		.byte	0x8
 2035 0032 A4000000 		.4byte	.LASF1
 2036 0036 02       		.uleb128 0x2
 2037 0037 02       		.byte	0x2
 2038 0038 05       		.byte	0x5
 2039 0039 BC010000 		.4byte	.LASF2
 2040 003d 02       		.uleb128 0x2
 2041 003e 02       		.byte	0x2
 2042 003f 07       		.byte	0x7
 2043 0040 C4000000 		.4byte	.LASF3
 2044 0044 02       		.uleb128 0x2
 2045 0045 04       		.byte	0x4
 2046 0046 05       		.byte	0x5
 2047 0047 C6010000 		.4byte	.LASF4
 2048 004b 02       		.uleb128 0x2
ARM GAS  C:\Users\merce\AppData\Local\Temp\ccVbQIHH.s 			page 37


 2049 004c 04       		.byte	0x4
 2050 004d 07       		.byte	0x7
 2051 004e B2000000 		.4byte	.LASF5
 2052 0052 02       		.uleb128 0x2
 2053 0053 08       		.byte	0x8
 2054 0054 05       		.byte	0x5
 2055 0055 51010000 		.4byte	.LASF6
 2056 0059 02       		.uleb128 0x2
 2057 005a 08       		.byte	0x8
 2058 005b 07       		.byte	0x7
 2059 005c 06010000 		.4byte	.LASF7
 2060 0060 04       		.uleb128 0x4
 2061 0061 04       		.byte	0x4
 2062 0062 05       		.byte	0x5
 2063 0063 696E7400 		.ascii	"int\000"
 2064 0067 02       		.uleb128 0x2
 2065 0068 04       		.byte	0x4
 2066 0069 07       		.byte	0x7
 2067 006a F9000000 		.4byte	.LASF8
 2068 006e 03       		.uleb128 0x3
 2069 006f 1D010000 		.4byte	.LASF10
 2070 0073 02       		.byte	0x2
 2071 0074 18       		.byte	0x18
 2072 0075 24000000 		.4byte	0x24
 2073 0079 05       		.uleb128 0x5
 2074 007a 91000000 		.4byte	0x91
 2075 007e 8A000000 		.4byte	0x8a
 2076 0082 06       		.uleb128 0x6
 2077 0083 8A000000 		.4byte	0x8a
 2078 0087 8F07     		.2byte	0x78f
 2079 0089 00       		.byte	0
 2080 008a 02       		.uleb128 0x2
 2081 008b 04       		.byte	0x4
 2082 008c 07       		.byte	0x7
 2083 008d 48010000 		.4byte	.LASF11
 2084 0091 07       		.uleb128 0x7
 2085 0092 6E000000 		.4byte	0x6e
 2086 0096 08       		.uleb128 0x8
 2087 0097 E7000000 		.4byte	.LASF12
 2088 009b 03       		.byte	0x3
 2089 009c 1F       		.byte	0x1f
 2090 009d A7000000 		.4byte	0xa7
 2091 00a1 05       		.uleb128 0x5
 2092 00a2 03       		.byte	0x3
 2093 00a3 00000000 		.4byte	cy_meta_configecc
 2094 00a7 07       		.uleb128 0x7
 2095 00a8 79000000 		.4byte	0x79
 2096 00ac 05       		.uleb128 0x5
 2097 00ad 91000000 		.4byte	0x91
 2098 00b1 BC000000 		.4byte	0xbc
 2099 00b5 09       		.uleb128 0x9
 2100 00b6 8A000000 		.4byte	0x8a
 2101 00ba 03       		.byte	0x3
 2102 00bb 00       		.byte	0
 2103 00bc 0A       		.uleb128 0xa
 2104 00bd D7000000 		.4byte	.LASF13
 2105 00c1 03       		.byte	0x3
ARM GAS  C:\Users\merce\AppData\Local\Temp\ccVbQIHH.s 			page 38


 2106 00c2 1E01     		.2byte	0x11e
 2107 00c4 CE000000 		.4byte	0xce
 2108 00c8 05       		.uleb128 0x5
 2109 00c9 03       		.byte	0x3
 2110 00ca 00000000 		.4byte	cy_meta_custnvl
 2111 00ce 07       		.uleb128 0x7
 2112 00cf AC000000 		.4byte	0xac
 2113 00d3 0A       		.uleb128 0xa
 2114 00d4 3A010000 		.4byte	.LASF14
 2115 00d8 03       		.byte	0x3
 2116 00d9 2C01     		.2byte	0x12c
 2117 00db E5000000 		.4byte	0xe5
 2118 00df 05       		.uleb128 0x5
 2119 00e0 03       		.byte	0x3
 2120 00e1 00000000 		.4byte	cy_meta_wonvl
 2121 00e5 07       		.uleb128 0x7
 2122 00e6 AC000000 		.4byte	0xac
 2123 00ea 05       		.uleb128 0x5
 2124 00eb 91000000 		.4byte	0x91
 2125 00ef FA000000 		.4byte	0xfa
 2126 00f3 09       		.uleb128 0x9
 2127 00f4 8A000000 		.4byte	0x8a
 2128 00f8 FF       		.byte	0xff
 2129 00f9 00       		.byte	0
 2130 00fa 0A       		.uleb128 0xa
 2131 00fb 25010000 		.4byte	.LASF15
 2132 00ff 03       		.byte	0x3
 2133 0100 3A01     		.2byte	0x13a
 2134 0102 0C010000 		.4byte	0x10c
 2135 0106 05       		.uleb128 0x5
 2136 0107 03       		.byte	0x3
 2137 0108 00000000 		.4byte	cy_meta_flashprotect
 2138 010c 07       		.uleb128 0x7
 2139 010d EA000000 		.4byte	0xea
 2140 0111 05       		.uleb128 0x5
 2141 0112 91000000 		.4byte	0x91
 2142 0116 21010000 		.4byte	0x121
 2143 011a 09       		.uleb128 0x9
 2144 011b 8A000000 		.4byte	0x8a
 2145 011f 0B       		.byte	0xb
 2146 0120 00       		.byte	0
 2147 0121 0A       		.uleb128 0xa
 2148 0122 98000000 		.4byte	.LASF16
 2149 0126 03       		.byte	0x3
 2150 0127 6701     		.2byte	0x167
 2151 0129 33010000 		.4byte	0x133
 2152 012d 05       		.uleb128 0x5
 2153 012e 03       		.byte	0x3
 2154 012f 00000000 		.4byte	cy_metadata
 2155 0133 07       		.uleb128 0x7
 2156 0134 11010000 		.4byte	0x111
 2157 0138 00       		.byte	0
 2158              		.section	.debug_abbrev,"",%progbits
 2159              	.Ldebug_abbrev0:
 2160 0000 01       		.uleb128 0x1
 2161 0001 11       		.uleb128 0x11
 2162 0002 01       		.byte	0x1
ARM GAS  C:\Users\merce\AppData\Local\Temp\ccVbQIHH.s 			page 39


 2163 0003 25       		.uleb128 0x25
 2164 0004 0E       		.uleb128 0xe
 2165 0005 13       		.uleb128 0x13
 2166 0006 0B       		.uleb128 0xb
 2167 0007 03       		.uleb128 0x3
 2168 0008 0E       		.uleb128 0xe
 2169 0009 1B       		.uleb128 0x1b
 2170 000a 0E       		.uleb128 0xe
 2171 000b 10       		.uleb128 0x10
 2172 000c 17       		.uleb128 0x17
 2173 000d 00       		.byte	0
 2174 000e 00       		.byte	0
 2175 000f 02       		.uleb128 0x2
 2176 0010 24       		.uleb128 0x24
 2177 0011 00       		.byte	0
 2178 0012 0B       		.uleb128 0xb
 2179 0013 0B       		.uleb128 0xb
 2180 0014 3E       		.uleb128 0x3e
 2181 0015 0B       		.uleb128 0xb
 2182 0016 03       		.uleb128 0x3
 2183 0017 0E       		.uleb128 0xe
 2184 0018 00       		.byte	0
 2185 0019 00       		.byte	0
 2186 001a 03       		.uleb128 0x3
 2187 001b 16       		.uleb128 0x16
 2188 001c 00       		.byte	0
 2189 001d 03       		.uleb128 0x3
 2190 001e 0E       		.uleb128 0xe
 2191 001f 3A       		.uleb128 0x3a
 2192 0020 0B       		.uleb128 0xb
 2193 0021 3B       		.uleb128 0x3b
 2194 0022 0B       		.uleb128 0xb
 2195 0023 49       		.uleb128 0x49
 2196 0024 13       		.uleb128 0x13
 2197 0025 00       		.byte	0
 2198 0026 00       		.byte	0
 2199 0027 04       		.uleb128 0x4
 2200 0028 24       		.uleb128 0x24
 2201 0029 00       		.byte	0
 2202 002a 0B       		.uleb128 0xb
 2203 002b 0B       		.uleb128 0xb
 2204 002c 3E       		.uleb128 0x3e
 2205 002d 0B       		.uleb128 0xb
 2206 002e 03       		.uleb128 0x3
 2207 002f 08       		.uleb128 0x8
 2208 0030 00       		.byte	0
 2209 0031 00       		.byte	0
 2210 0032 05       		.uleb128 0x5
 2211 0033 01       		.uleb128 0x1
 2212 0034 01       		.byte	0x1
 2213 0035 49       		.uleb128 0x49
 2214 0036 13       		.uleb128 0x13
 2215 0037 01       		.uleb128 0x1
 2216 0038 13       		.uleb128 0x13
 2217 0039 00       		.byte	0
 2218 003a 00       		.byte	0
 2219 003b 06       		.uleb128 0x6
ARM GAS  C:\Users\merce\AppData\Local\Temp\ccVbQIHH.s 			page 40


 2220 003c 21       		.uleb128 0x21
 2221 003d 00       		.byte	0
 2222 003e 49       		.uleb128 0x49
 2223 003f 13       		.uleb128 0x13
 2224 0040 2F       		.uleb128 0x2f
 2225 0041 05       		.uleb128 0x5
 2226 0042 00       		.byte	0
 2227 0043 00       		.byte	0
 2228 0044 07       		.uleb128 0x7
 2229 0045 26       		.uleb128 0x26
 2230 0046 00       		.byte	0
 2231 0047 49       		.uleb128 0x49
 2232 0048 13       		.uleb128 0x13
 2233 0049 00       		.byte	0
 2234 004a 00       		.byte	0
 2235 004b 08       		.uleb128 0x8
 2236 004c 34       		.uleb128 0x34
 2237 004d 00       		.byte	0
 2238 004e 03       		.uleb128 0x3
 2239 004f 0E       		.uleb128 0xe
 2240 0050 3A       		.uleb128 0x3a
 2241 0051 0B       		.uleb128 0xb
 2242 0052 3B       		.uleb128 0x3b
 2243 0053 0B       		.uleb128 0xb
 2244 0054 49       		.uleb128 0x49
 2245 0055 13       		.uleb128 0x13
 2246 0056 3F       		.uleb128 0x3f
 2247 0057 19       		.uleb128 0x19
 2248 0058 02       		.uleb128 0x2
 2249 0059 18       		.uleb128 0x18
 2250 005a 00       		.byte	0
 2251 005b 00       		.byte	0
 2252 005c 09       		.uleb128 0x9
 2253 005d 21       		.uleb128 0x21
 2254 005e 00       		.byte	0
 2255 005f 49       		.uleb128 0x49
 2256 0060 13       		.uleb128 0x13
 2257 0061 2F       		.uleb128 0x2f
 2258 0062 0B       		.uleb128 0xb
 2259 0063 00       		.byte	0
 2260 0064 00       		.byte	0
 2261 0065 0A       		.uleb128 0xa
 2262 0066 34       		.uleb128 0x34
 2263 0067 00       		.byte	0
 2264 0068 03       		.uleb128 0x3
 2265 0069 0E       		.uleb128 0xe
 2266 006a 3A       		.uleb128 0x3a
 2267 006b 0B       		.uleb128 0xb
 2268 006c 3B       		.uleb128 0x3b
 2269 006d 05       		.uleb128 0x5
 2270 006e 49       		.uleb128 0x49
 2271 006f 13       		.uleb128 0x13
 2272 0070 3F       		.uleb128 0x3f
 2273 0071 19       		.uleb128 0x19
 2274 0072 02       		.uleb128 0x2
 2275 0073 18       		.uleb128 0x18
 2276 0074 00       		.byte	0
ARM GAS  C:\Users\merce\AppData\Local\Temp\ccVbQIHH.s 			page 41


 2277 0075 00       		.byte	0
 2278 0076 00       		.byte	0
 2279              		.section	.debug_aranges,"",%progbits
 2280 0000 14000000 		.4byte	0x14
 2281 0004 0200     		.2byte	0x2
 2282 0006 00000000 		.4byte	.Ldebug_info0
 2283 000a 04       		.byte	0x4
 2284 000b 00       		.byte	0
 2285 000c 0000     		.2byte	0
 2286 000e 0000     		.2byte	0
 2287 0010 00000000 		.4byte	0
 2288 0014 00000000 		.4byte	0
 2289              		.section	.debug_line,"",%progbits
 2290              	.Ldebug_line0:
 2291 0000 3D010000 		.section	.debug_str,"MS",%progbits,1
 2291      02003701 
 2291      00000201 
 2291      FB0E0D00 
 2291      01010101 
 2292              	.LASF9:
 2293 0000 5F5F7569 		.ascii	"__uint8_t\000"
 2293      6E74385F 
 2293      7400
 2294              	.LASF17:
 2295 000a 474E5520 		.ascii	"GNU C11 5.4.1 20160609 (release) [ARM/embedded-5-br"
 2295      43313120 
 2295      352E342E 
 2295      31203230 
 2295      31363036 
 2296 003d 616E6368 		.ascii	"anch revision 237715] -mcpu=cortex-m3 -mthumb -g -O"
 2296      20726576 
 2296      6973696F 
 2296      6E203233 
 2296      37373135 
 2297 0070 30202D66 		.ascii	"0 -ffunction-sections -ffat-lto-objects\000"
 2297      66756E63 
 2297      74696F6E 
 2297      2D736563 
 2297      74696F6E 
 2298              	.LASF16:
 2299 0098 63795F6D 		.ascii	"cy_metadata\000"
 2299      65746164 
 2299      61746100 
 2300              	.LASF1:
 2301 00a4 756E7369 		.ascii	"unsigned char\000"
 2301      676E6564 
 2301      20636861 
 2301      7200
 2302              	.LASF5:
 2303 00b2 6C6F6E67 		.ascii	"long unsigned int\000"
 2303      20756E73 
 2303      69676E65 
 2303      6420696E 
 2303      7400
 2304              	.LASF3:
 2305 00c4 73686F72 		.ascii	"short unsigned int\000"
 2305      7420756E 
ARM GAS  C:\Users\merce\AppData\Local\Temp\ccVbQIHH.s 			page 42


 2305      7369676E 
 2305      65642069 
 2305      6E7400
 2306              	.LASF13:
 2307 00d7 63795F6D 		.ascii	"cy_meta_custnvl\000"
 2307      6574615F 
 2307      63757374 
 2307      6E766C00 
 2308              	.LASF12:
 2309 00e7 63795F6D 		.ascii	"cy_meta_configecc\000"
 2309      6574615F 
 2309      636F6E66 
 2309      69676563 
 2309      6300
 2310              	.LASF8:
 2311 00f9 756E7369 		.ascii	"unsigned int\000"
 2311      676E6564 
 2311      20696E74 
 2311      00
 2312              	.LASF7:
 2313 0106 6C6F6E67 		.ascii	"long long unsigned int\000"
 2313      206C6F6E 
 2313      6720756E 
 2313      7369676E 
 2313      65642069 
 2314              	.LASF10:
 2315 011d 75696E74 		.ascii	"uint8_t\000"
 2315      385F7400 
 2316              	.LASF15:
 2317 0125 63795F6D 		.ascii	"cy_meta_flashprotect\000"
 2317      6574615F 
 2317      666C6173 
 2317      6870726F 
 2317      74656374 
 2318              	.LASF14:
 2319 013a 63795F6D 		.ascii	"cy_meta_wonvl\000"
 2319      6574615F 
 2319      776F6E76 
 2319      6C00
 2320              	.LASF11:
 2321 0148 73697A65 		.ascii	"sizetype\000"
 2321      74797065 
 2321      00
 2322              	.LASF6:
 2323 0151 6C6F6E67 		.ascii	"long long int\000"
 2323      206C6F6E 
 2323      6720696E 
 2323      7400
 2324              	.LASF19:
 2325 015f 433A5C55 		.ascii	"C:\\Users\\merce\\Documents\\scope\\CyScope\\Twelve"
 2325      73657273 
 2325      5C6D6572 
 2325      63655C44 
 2325      6F63756D 
 2326 018c 2D626974 		.ascii	"-bit-4-chan-59\\ScopePSoC\\Scope-CY8CKIT-59.cydsn\000"
 2326      2D342D63 
 2326      68616E2D 
ARM GAS  C:\Users\merce\AppData\Local\Temp\ccVbQIHH.s 			page 43


 2326      35395C53 
 2326      636F7065 
 2327              	.LASF2:
 2328 01bc 73686F72 		.ascii	"short int\000"
 2328      7420696E 
 2328      7400
 2329              	.LASF4:
 2330 01c6 6C6F6E67 		.ascii	"long int\000"
 2330      20696E74 
 2330      00
 2331              	.LASF0:
 2332 01cf 7369676E 		.ascii	"signed char\000"
 2332      65642063 
 2332      68617200 
 2333              	.LASF18:
 2334 01db 47656E65 		.ascii	"Generated_Source\\PSoC5\\cymetadata.c\000"
 2334      72617465 
 2334      645F536F 
 2334      75726365 
 2334      5C50536F 
 2335              		.ident	"GCC: (GNU Tools for ARM Embedded Processors) 5.4.1 20160609 (release) [ARM/embedded-5-bran
