ARM GAS  C:\Users\merce\AppData\Local\Temp\ccE0b0LV.s 			page 1


   1              		.syntax unified
   2              		.cpu cortex-m3
   3              		.fpu softvfp
   4              		.eabi_attribute 20, 1
   5              		.eabi_attribute 21, 1
   6              		.eabi_attribute 23, 3
   7              		.eabi_attribute 24, 1
   8              		.eabi_attribute 25, 1
   9              		.eabi_attribute 26, 1
  10              		.eabi_attribute 30, 6
  11              		.eabi_attribute 34, 1
  12              		.eabi_attribute 18, 4
  13              		.thumb
  14              		.syntax unified
  15              		.file	"WaveB_DAC.c"
  16              		.text
  17              	.Ltext0:
  18              		.cfi_sections	.debug_frame
  19              		.global	WaveB_DAC_initVar
  20              		.bss
  21              		.type	WaveB_DAC_initVar, %object
  22              		.size	WaveB_DAC_initVar, 1
  23              	WaveB_DAC_initVar:
  24 0000 00       		.space	1
  25              		.global	WaveB_DAC_wave1
  26              		.section	.rodata
  27              		.align	2
  28              		.type	WaveB_DAC_wave1, %object
  29              		.size	WaveB_DAC_wave1, 512
  30              	WaveB_DAC_wave1:
  31 0000 80       		.byte	-128
  32 0001 81       		.byte	-127
  33 0002 83       		.byte	-125
  34 0003 84       		.byte	-124
  35 0004 86       		.byte	-122
  36 0005 87       		.byte	-121
  37 0006 89       		.byte	-119
  38 0007 8A       		.byte	-118
  39 0008 8C       		.byte	-116
  40 0009 8D       		.byte	-115
  41 000a 8F       		.byte	-113
  42 000b 90       		.byte	-112
  43 000c 92       		.byte	-110
  44 000d 93       		.byte	-109
  45 000e 95       		.byte	-107
  46 000f 96       		.byte	-106
  47 0010 98       		.byte	-104
  48 0011 99       		.byte	-103
  49 0012 9B       		.byte	-101
  50 0013 9C       		.byte	-100
  51 0014 9E       		.byte	-98
  52 0015 9F       		.byte	-97
  53 0016 A1       		.byte	-95
  54 0017 A2       		.byte	-94
  55 0018 A4       		.byte	-92
  56 0019 A5       		.byte	-91
  57 001a A7       		.byte	-89
ARM GAS  C:\Users\merce\AppData\Local\Temp\ccE0b0LV.s 			page 2


  58 001b A8       		.byte	-88
  59 001c AA       		.byte	-86
  60 001d AB       		.byte	-85
  61 001e AC       		.byte	-84
  62 001f AE       		.byte	-82
  63 0020 AF       		.byte	-81
  64 0021 B1       		.byte	-79
  65 0022 B2       		.byte	-78
  66 0023 B4       		.byte	-76
  67 0024 B5       		.byte	-75
  68 0025 B6       		.byte	-74
  69 0026 B8       		.byte	-72
  70 0027 B9       		.byte	-71
  71 0028 BA       		.byte	-70
  72 0029 BC       		.byte	-68
  73 002a BD       		.byte	-67
  74 002b BE       		.byte	-66
  75 002c C0       		.byte	-64
  76 002d C1       		.byte	-63
  77 002e C2       		.byte	-62
  78 002f C4       		.byte	-60
  79 0030 C5       		.byte	-59
  80 0031 C6       		.byte	-58
  81 0032 C7       		.byte	-57
  82 0033 C9       		.byte	-55
  83 0034 CA       		.byte	-54
  84 0035 CB       		.byte	-53
  85 0036 CC       		.byte	-52
  86 0037 CE       		.byte	-50
  87 0038 CF       		.byte	-49
  88 0039 D0       		.byte	-48
  89 003a D1       		.byte	-47
  90 003b D2       		.byte	-46
  91 003c D3       		.byte	-45
  92 003d D5       		.byte	-43
  93 003e D6       		.byte	-42
  94 003f D7       		.byte	-41
  95 0040 D8       		.byte	-40
  96 0041 D9       		.byte	-39
  97 0042 DA       		.byte	-38
  98 0043 DB       		.byte	-37
  99 0044 DC       		.byte	-36
 100 0045 DD       		.byte	-35
 101 0046 DE       		.byte	-34
 102 0047 DF       		.byte	-33
 103 0048 E0       		.byte	-32
 104 0049 E1       		.byte	-31
 105 004a E2       		.byte	-30
 106 004b E3       		.byte	-29
 107 004c E4       		.byte	-28
 108 004d E5       		.byte	-27
 109 004e E6       		.byte	-26
 110 004f E7       		.byte	-25
 111 0050 E7       		.byte	-25
 112 0051 E8       		.byte	-24
 113 0052 E9       		.byte	-23
 114 0053 EA       		.byte	-22
ARM GAS  C:\Users\merce\AppData\Local\Temp\ccE0b0LV.s 			page 3


 115 0054 EB       		.byte	-21
 116 0055 EB       		.byte	-21
 117 0056 EC       		.byte	-20
 118 0057 ED       		.byte	-19
 119 0058 EE       		.byte	-18
 120 0059 EE       		.byte	-18
 121 005a EF       		.byte	-17
 122 005b F0       		.byte	-16
 123 005c F0       		.byte	-16
 124 005d F1       		.byte	-15
 125 005e F2       		.byte	-14
 126 005f F2       		.byte	-14
 127 0060 F3       		.byte	-13
 128 0061 F4       		.byte	-12
 129 0062 F4       		.byte	-12
 130 0063 F5       		.byte	-11
 131 0064 F5       		.byte	-11
 132 0065 F6       		.byte	-10
 133 0066 F6       		.byte	-10
 134 0067 F7       		.byte	-9
 135 0068 F7       		.byte	-9
 136 0069 F8       		.byte	-8
 137 006a F8       		.byte	-8
 138 006b F8       		.byte	-8
 139 006c F9       		.byte	-7
 140 006d F9       		.byte	-7
 141 006e F9       		.byte	-7
 142 006f FA       		.byte	-6
 143 0070 FA       		.byte	-6
 144 0071 FA       		.byte	-6
 145 0072 FB       		.byte	-5
 146 0073 FB       		.byte	-5
 147 0074 FB       		.byte	-5
 148 0075 FB       		.byte	-5
 149 0076 FC       		.byte	-4
 150 0077 FC       		.byte	-4
 151 0078 FC       		.byte	-4
 152 0079 FC       		.byte	-4
 153 007a FC       		.byte	-4
 154 007b FC       		.byte	-4
 155 007c FC       		.byte	-4
 156 007d FC       		.byte	-4
 157 007e FC       		.byte	-4
 158 007f FC       		.byte	-4
 159 0080 FC       		.byte	-4
 160 0081 FC       		.byte	-4
 161 0082 FC       		.byte	-4
 162 0083 FC       		.byte	-4
 163 0084 FC       		.byte	-4
 164 0085 FC       		.byte	-4
 165 0086 FC       		.byte	-4
 166 0087 FC       		.byte	-4
 167 0088 FC       		.byte	-4
 168 0089 FC       		.byte	-4
 169 008a FC       		.byte	-4
 170 008b FB       		.byte	-5
 171 008c FB       		.byte	-5
ARM GAS  C:\Users\merce\AppData\Local\Temp\ccE0b0LV.s 			page 4


 172 008d FB       		.byte	-5
 173 008e FB       		.byte	-5
 174 008f FA       		.byte	-6
 175 0090 FA       		.byte	-6
 176 0091 FA       		.byte	-6
 177 0092 F9       		.byte	-7
 178 0093 F9       		.byte	-7
 179 0094 F9       		.byte	-7
 180 0095 F8       		.byte	-8
 181 0096 F8       		.byte	-8
 182 0097 F8       		.byte	-8
 183 0098 F7       		.byte	-9
 184 0099 F7       		.byte	-9
 185 009a F6       		.byte	-10
 186 009b F6       		.byte	-10
 187 009c F5       		.byte	-11
 188 009d F5       		.byte	-11
 189 009e F4       		.byte	-12
 190 009f F4       		.byte	-12
 191 00a0 F3       		.byte	-13
 192 00a1 F2       		.byte	-14
 193 00a2 F2       		.byte	-14
 194 00a3 F1       		.byte	-15
 195 00a4 F0       		.byte	-16
 196 00a5 F0       		.byte	-16
 197 00a6 EF       		.byte	-17
 198 00a7 EE       		.byte	-18
 199 00a8 EE       		.byte	-18
 200 00a9 ED       		.byte	-19
 201 00aa EC       		.byte	-20
 202 00ab EB       		.byte	-21
 203 00ac EB       		.byte	-21
 204 00ad EA       		.byte	-22
 205 00ae E9       		.byte	-23
 206 00af E8       		.byte	-24
 207 00b0 E7       		.byte	-25
 208 00b1 E7       		.byte	-25
 209 00b2 E6       		.byte	-26
 210 00b3 E5       		.byte	-27
 211 00b4 E4       		.byte	-28
 212 00b5 E3       		.byte	-29
 213 00b6 E2       		.byte	-30
 214 00b7 E1       		.byte	-31
 215 00b8 E0       		.byte	-32
 216 00b9 DF       		.byte	-33
 217 00ba DE       		.byte	-34
 218 00bb DD       		.byte	-35
 219 00bc DC       		.byte	-36
 220 00bd DB       		.byte	-37
 221 00be DA       		.byte	-38
 222 00bf D9       		.byte	-39
 223 00c0 D8       		.byte	-40
 224 00c1 D7       		.byte	-41
 225 00c2 D6       		.byte	-42
 226 00c3 D5       		.byte	-43
 227 00c4 D3       		.byte	-45
 228 00c5 D2       		.byte	-46
ARM GAS  C:\Users\merce\AppData\Local\Temp\ccE0b0LV.s 			page 5


 229 00c6 D1       		.byte	-47
 230 00c7 D0       		.byte	-48
 231 00c8 CF       		.byte	-49
 232 00c9 CE       		.byte	-50
 233 00ca CC       		.byte	-52
 234 00cb CB       		.byte	-53
 235 00cc CA       		.byte	-54
 236 00cd C9       		.byte	-55
 237 00ce C7       		.byte	-57
 238 00cf C6       		.byte	-58
 239 00d0 C5       		.byte	-59
 240 00d1 C4       		.byte	-60
 241 00d2 C2       		.byte	-62
 242 00d3 C1       		.byte	-63
 243 00d4 C0       		.byte	-64
 244 00d5 BE       		.byte	-66
 245 00d6 BD       		.byte	-67
 246 00d7 BC       		.byte	-68
 247 00d8 BA       		.byte	-70
 248 00d9 B9       		.byte	-71
 249 00da B8       		.byte	-72
 250 00db B6       		.byte	-74
 251 00dc B5       		.byte	-75
 252 00dd B4       		.byte	-76
 253 00de B2       		.byte	-78
 254 00df B1       		.byte	-79
 255 00e0 AF       		.byte	-81
 256 00e1 AE       		.byte	-82
 257 00e2 AC       		.byte	-84
 258 00e3 AB       		.byte	-85
 259 00e4 AA       		.byte	-86
 260 00e5 A8       		.byte	-88
 261 00e6 A7       		.byte	-89
 262 00e7 A5       		.byte	-91
 263 00e8 A4       		.byte	-92
 264 00e9 A2       		.byte	-94
 265 00ea A1       		.byte	-95
 266 00eb 9F       		.byte	-97
 267 00ec 9E       		.byte	-98
 268 00ed 9C       		.byte	-100
 269 00ee 9B       		.byte	-101
 270 00ef 99       		.byte	-103
 271 00f0 98       		.byte	-104
 272 00f1 96       		.byte	-106
 273 00f2 95       		.byte	-107
 274 00f3 93       		.byte	-109
 275 00f4 92       		.byte	-110
 276 00f5 90       		.byte	-112
 277 00f6 8F       		.byte	-113
 278 00f7 8D       		.byte	-115
 279 00f8 8C       		.byte	-116
 280 00f9 8A       		.byte	-118
 281 00fa 89       		.byte	-119
 282 00fb 87       		.byte	-121
 283 00fc 86       		.byte	-122
 284 00fd 84       		.byte	-124
 285 00fe 83       		.byte	-125
ARM GAS  C:\Users\merce\AppData\Local\Temp\ccE0b0LV.s 			page 6


 286 00ff 81       		.byte	-127
 287 0100 80       		.byte	-128
 288 0101 7E       		.byte	126
 289 0102 7C       		.byte	124
 290 0103 7B       		.byte	123
 291 0104 79       		.byte	121
 292 0105 78       		.byte	120
 293 0106 76       		.byte	118
 294 0107 75       		.byte	117
 295 0108 73       		.byte	115
 296 0109 72       		.byte	114
 297 010a 70       		.byte	112
 298 010b 6F       		.byte	111
 299 010c 6D       		.byte	109
 300 010d 6C       		.byte	108
 301 010e 6A       		.byte	106
 302 010f 69       		.byte	105
 303 0110 67       		.byte	103
 304 0111 66       		.byte	102
 305 0112 64       		.byte	100
 306 0113 63       		.byte	99
 307 0114 61       		.byte	97
 308 0115 60       		.byte	96
 309 0116 5E       		.byte	94
 310 0117 5D       		.byte	93
 311 0118 5B       		.byte	91
 312 0119 5A       		.byte	90
 313 011a 58       		.byte	88
 314 011b 57       		.byte	87
 315 011c 55       		.byte	85
 316 011d 54       		.byte	84
 317 011e 53       		.byte	83
 318 011f 51       		.byte	81
 319 0120 50       		.byte	80
 320 0121 4E       		.byte	78
 321 0122 4D       		.byte	77
 322 0123 4B       		.byte	75
 323 0124 4A       		.byte	74
 324 0125 49       		.byte	73
 325 0126 47       		.byte	71
 326 0127 46       		.byte	70
 327 0128 45       		.byte	69
 328 0129 43       		.byte	67
 329 012a 42       		.byte	66
 330 012b 41       		.byte	65
 331 012c 3F       		.byte	63
 332 012d 3E       		.byte	62
 333 012e 3D       		.byte	61
 334 012f 3B       		.byte	59
 335 0130 3A       		.byte	58
 336 0131 39       		.byte	57
 337 0132 38       		.byte	56
 338 0133 36       		.byte	54
 339 0134 35       		.byte	53
 340 0135 34       		.byte	52
 341 0136 33       		.byte	51
 342 0137 31       		.byte	49
ARM GAS  C:\Users\merce\AppData\Local\Temp\ccE0b0LV.s 			page 7


 343 0138 30       		.byte	48
 344 0139 2F       		.byte	47
 345 013a 2E       		.byte	46
 346 013b 2D       		.byte	45
 347 013c 2C       		.byte	44
 348 013d 2A       		.byte	42
 349 013e 29       		.byte	41
 350 013f 28       		.byte	40
 351 0140 27       		.byte	39
 352 0141 26       		.byte	38
 353 0142 25       		.byte	37
 354 0143 24       		.byte	36
 355 0144 23       		.byte	35
 356 0145 22       		.byte	34
 357 0146 21       		.byte	33
 358 0147 20       		.byte	32
 359 0148 1F       		.byte	31
 360 0149 1E       		.byte	30
 361 014a 1D       		.byte	29
 362 014b 1C       		.byte	28
 363 014c 1B       		.byte	27
 364 014d 1A       		.byte	26
 365 014e 19       		.byte	25
 366 014f 18       		.byte	24
 367 0150 18       		.byte	24
 368 0151 17       		.byte	23
 369 0152 16       		.byte	22
 370 0153 15       		.byte	21
 371 0154 14       		.byte	20
 372 0155 14       		.byte	20
 373 0156 13       		.byte	19
 374 0157 12       		.byte	18
 375 0158 11       		.byte	17
 376 0159 11       		.byte	17
 377 015a 10       		.byte	16
 378 015b 0F       		.byte	15
 379 015c 0F       		.byte	15
 380 015d 0E       		.byte	14
 381 015e 0D       		.byte	13
 382 015f 0D       		.byte	13
 383 0160 0C       		.byte	12
 384 0161 0B       		.byte	11
 385 0162 0B       		.byte	11
 386 0163 0A       		.byte	10
 387 0164 0A       		.byte	10
 388 0165 09       		.byte	9
 389 0166 09       		.byte	9
 390 0167 08       		.byte	8
 391 0168 08       		.byte	8
 392 0169 07       		.byte	7
 393 016a 07       		.byte	7
 394 016b 07       		.byte	7
 395 016c 06       		.byte	6
 396 016d 06       		.byte	6
 397 016e 06       		.byte	6
 398 016f 05       		.byte	5
 399 0170 05       		.byte	5
ARM GAS  C:\Users\merce\AppData\Local\Temp\ccE0b0LV.s 			page 8


 400 0171 05       		.byte	5
 401 0172 04       		.byte	4
 402 0173 04       		.byte	4
 403 0174 04       		.byte	4
 404 0175 04       		.byte	4
 405 0176 03       		.byte	3
 406 0177 03       		.byte	3
 407 0178 03       		.byte	3
 408 0179 03       		.byte	3
 409 017a 03       		.byte	3
 410 017b 03       		.byte	3
 411 017c 03       		.byte	3
 412 017d 03       		.byte	3
 413 017e 03       		.byte	3
 414 017f 03       		.byte	3
 415 0180 03       		.byte	3
 416 0181 03       		.byte	3
 417 0182 03       		.byte	3
 418 0183 03       		.byte	3
 419 0184 03       		.byte	3
 420 0185 03       		.byte	3
 421 0186 03       		.byte	3
 422 0187 03       		.byte	3
 423 0188 03       		.byte	3
 424 0189 03       		.byte	3
 425 018a 03       		.byte	3
 426 018b 04       		.byte	4
 427 018c 04       		.byte	4
 428 018d 04       		.byte	4
 429 018e 04       		.byte	4
 430 018f 05       		.byte	5
 431 0190 05       		.byte	5
 432 0191 05       		.byte	5
 433 0192 06       		.byte	6
 434 0193 06       		.byte	6
 435 0194 06       		.byte	6
 436 0195 07       		.byte	7
 437 0196 07       		.byte	7
 438 0197 07       		.byte	7
 439 0198 08       		.byte	8
 440 0199 08       		.byte	8
 441 019a 09       		.byte	9
 442 019b 09       		.byte	9
 443 019c 0A       		.byte	10
 444 019d 0A       		.byte	10
 445 019e 0B       		.byte	11
 446 019f 0B       		.byte	11
 447 01a0 0C       		.byte	12
 448 01a1 0D       		.byte	13
 449 01a2 0D       		.byte	13
 450 01a3 0E       		.byte	14
 451 01a4 0F       		.byte	15
 452 01a5 0F       		.byte	15
 453 01a6 10       		.byte	16
 454 01a7 11       		.byte	17
 455 01a8 11       		.byte	17
 456 01a9 12       		.byte	18
ARM GAS  C:\Users\merce\AppData\Local\Temp\ccE0b0LV.s 			page 9


 457 01aa 13       		.byte	19
 458 01ab 14       		.byte	20
 459 01ac 14       		.byte	20
 460 01ad 15       		.byte	21
 461 01ae 16       		.byte	22
 462 01af 17       		.byte	23
 463 01b0 18       		.byte	24
 464 01b1 18       		.byte	24
 465 01b2 19       		.byte	25
 466 01b3 1A       		.byte	26
 467 01b4 1B       		.byte	27
 468 01b5 1C       		.byte	28
 469 01b6 1D       		.byte	29
 470 01b7 1E       		.byte	30
 471 01b8 1F       		.byte	31
 472 01b9 20       		.byte	32
 473 01ba 21       		.byte	33
 474 01bb 22       		.byte	34
 475 01bc 23       		.byte	35
 476 01bd 24       		.byte	36
 477 01be 25       		.byte	37
 478 01bf 26       		.byte	38
 479 01c0 27       		.byte	39
 480 01c1 28       		.byte	40
 481 01c2 29       		.byte	41
 482 01c3 2A       		.byte	42
 483 01c4 2C       		.byte	44
 484 01c5 2D       		.byte	45
 485 01c6 2E       		.byte	46
 486 01c7 2F       		.byte	47
 487 01c8 30       		.byte	48
 488 01c9 31       		.byte	49
 489 01ca 33       		.byte	51
 490 01cb 34       		.byte	52
 491 01cc 35       		.byte	53
 492 01cd 36       		.byte	54
 493 01ce 38       		.byte	56
 494 01cf 39       		.byte	57
 495 01d0 3A       		.byte	58
 496 01d1 3B       		.byte	59
 497 01d2 3D       		.byte	61
 498 01d3 3E       		.byte	62
 499 01d4 3F       		.byte	63
 500 01d5 41       		.byte	65
 501 01d6 42       		.byte	66
 502 01d7 43       		.byte	67
 503 01d8 45       		.byte	69
 504 01d9 46       		.byte	70
 505 01da 47       		.byte	71
 506 01db 49       		.byte	73
 507 01dc 4A       		.byte	74
 508 01dd 4B       		.byte	75
 509 01de 4D       		.byte	77
 510 01df 4E       		.byte	78
 511 01e0 50       		.byte	80
 512 01e1 51       		.byte	81
 513 01e2 53       		.byte	83
ARM GAS  C:\Users\merce\AppData\Local\Temp\ccE0b0LV.s 			page 10


 514 01e3 54       		.byte	84
 515 01e4 55       		.byte	85
 516 01e5 57       		.byte	87
 517 01e6 58       		.byte	88
 518 01e7 5A       		.byte	90
 519 01e8 5B       		.byte	91
 520 01e9 5D       		.byte	93
 521 01ea 5E       		.byte	94
 522 01eb 60       		.byte	96
 523 01ec 61       		.byte	97
 524 01ed 63       		.byte	99
 525 01ee 64       		.byte	100
 526 01ef 66       		.byte	102
 527 01f0 67       		.byte	103
 528 01f1 69       		.byte	105
 529 01f2 6A       		.byte	106
 530 01f3 6C       		.byte	108
 531 01f4 6D       		.byte	109
 532 01f5 6F       		.byte	111
 533 01f6 70       		.byte	112
 534 01f7 72       		.byte	114
 535 01f8 73       		.byte	115
 536 01f9 75       		.byte	117
 537 01fa 76       		.byte	118
 538 01fb 78       		.byte	120
 539 01fc 79       		.byte	121
 540 01fd 7B       		.byte	123
 541 01fe 7C       		.byte	124
 542 01ff 7E       		.byte	126
 543              		.global	WaveB_DAC_wave2
 544              		.align	2
 545              		.type	WaveB_DAC_wave2, %object
 546              		.size	WaveB_DAC_wave2, 100
 547              	WaveB_DAC_wave2:
 548 0200 80       		.byte	-128
 549 0201 84       		.byte	-124
 550 0202 8A       		.byte	-118
 551 0203 8F       		.byte	-113
 552 0204 94       		.byte	-108
 553 0205 98       		.byte	-104
 554 0206 9E       		.byte	-98
 555 0207 A2       		.byte	-94
 556 0208 A8       		.byte	-88
 557 0209 AC       		.byte	-84
 558 020a B2       		.byte	-78
 559 020b B6       		.byte	-74
 560 020c BC       		.byte	-68
 561 020d C0       		.byte	-64
 562 020e C6       		.byte	-58
 563 020f CA       		.byte	-54
 564 0210 D0       		.byte	-48
 565 0211 D5       		.byte	-43
 566 0212 DA       		.byte	-38
 567 0213 DE       		.byte	-34
 568 0214 E4       		.byte	-28
 569 0215 E8       		.byte	-24
 570 0216 EE       		.byte	-18
ARM GAS  C:\Users\merce\AppData\Local\Temp\ccE0b0LV.s 			page 11


 571 0217 F2       		.byte	-14
 572 0218 F8       		.byte	-8
 573 0219 FC       		.byte	-4
 574 021a F8       		.byte	-8
 575 021b F2       		.byte	-14
 576 021c EE       		.byte	-18
 577 021d E8       		.byte	-24
 578 021e E4       		.byte	-28
 579 021f DE       		.byte	-34
 580 0220 DA       		.byte	-38
 581 0221 D4       		.byte	-44
 582 0222 D0       		.byte	-48
 583 0223 CA       		.byte	-54
 584 0224 C6       		.byte	-58
 585 0225 C0       		.byte	-64
 586 0226 BC       		.byte	-68
 587 0227 B6       		.byte	-74
 588 0228 B2       		.byte	-78
 589 0229 AD       		.byte	-83
 590 022a A8       		.byte	-88
 591 022b A2       		.byte	-94
 592 022c 9E       		.byte	-98
 593 022d 98       		.byte	-104
 594 022e 94       		.byte	-108
 595 022f 8F       		.byte	-113
 596 0230 8A       		.byte	-118
 597 0231 84       		.byte	-124
 598 0232 80       		.byte	-128
 599 0233 7A       		.byte	122
 600 0234 76       		.byte	118
 601 0235 70       		.byte	112
 602 0236 6B       		.byte	107
 603 0237 66       		.byte	102
 604 0238 61       		.byte	97
 605 0239 5D       		.byte	93
 606 023a 58       		.byte	88
 607 023b 53       		.byte	83
 608 023c 4E       		.byte	78
 609 023d 49       		.byte	73
 610 023e 44       		.byte	68
 611 023f 3E       		.byte	62
 612 0240 39       		.byte	57
 613 0241 34       		.byte	52
 614 0242 2F       		.byte	47
 615 0243 2A       		.byte	42
 616 0244 25       		.byte	37
 617 0245 21       		.byte	33
 618 0246 1C       		.byte	28
 619 0247 17       		.byte	23
 620 0248 12       		.byte	18
 621 0249 0D       		.byte	13
 622 024a 08       		.byte	8
 623 024b 03       		.byte	3
 624 024c 08       		.byte	8
 625 024d 0D       		.byte	13
 626 024e 12       		.byte	18
 627 024f 17       		.byte	23
ARM GAS  C:\Users\merce\AppData\Local\Temp\ccE0b0LV.s 			page 12


 628 0250 1C       		.byte	28
 629 0251 21       		.byte	33
 630 0252 25       		.byte	37
 631 0253 2A       		.byte	42
 632 0254 2F       		.byte	47
 633 0255 34       		.byte	52
 634 0256 39       		.byte	57
 635 0257 3E       		.byte	62
 636 0258 44       		.byte	68
 637 0259 49       		.byte	73
 638 025a 4E       		.byte	78
 639 025b 53       		.byte	83
 640 025c 58       		.byte	88
 641 025d 5D       		.byte	93
 642 025e 61       		.byte	97
 643 025f 66       		.byte	102
 644 0260 6B       		.byte	107
 645 0261 70       		.byte	112
 646 0262 76       		.byte	118
 647 0263 7A       		.byte	122
 648              		.bss
 649              	WaveB_DAC_Wave1Chan:
 650 0001 00       		.space	1
 651              	WaveB_DAC_Wave2Chan:
 652 0002 00       		.space	1
 653              	WaveB_DAC_Wave1TD:
 654 0003 00       		.space	1
 655              	WaveB_DAC_Wave2TD:
 656 0004 00       		.space	1
 657              		.section	.text.WaveB_DAC_Init,"ax",%progbits
 658              		.align	2
 659              		.global	WaveB_DAC_Init
 660              		.thumb
 661              		.thumb_func
 662              		.type	WaveB_DAC_Init, %function
 663              	WaveB_DAC_Init:
 664              	.LFB0:
 665              		.file 1 "Generated_Source\\PSoC5\\WaveB_DAC.c"
   1:Generated_Source\PSoC5/WaveB_DAC.c **** /*******************************************************************************
   2:Generated_Source\PSoC5/WaveB_DAC.c **** * File Name: WaveB_DAC.c
   3:Generated_Source\PSoC5/WaveB_DAC.c **** * Version 2.10
   4:Generated_Source\PSoC5/WaveB_DAC.c **** *
   5:Generated_Source\PSoC5/WaveB_DAC.c **** * Description:
   6:Generated_Source\PSoC5/WaveB_DAC.c **** *  This file provides the source code for the 8-bit Waveform DAC 
   7:Generated_Source\PSoC5/WaveB_DAC.c **** *  (WaveDAC8) Component.
   8:Generated_Source\PSoC5/WaveB_DAC.c **** *
   9:Generated_Source\PSoC5/WaveB_DAC.c **** ********************************************************************************
  10:Generated_Source\PSoC5/WaveB_DAC.c **** * Copyright 2013, Cypress Semiconductor Corporation.  All rights reserved.
  11:Generated_Source\PSoC5/WaveB_DAC.c **** * You may use this file only in accordance with the license, terms, conditions,
  12:Generated_Source\PSoC5/WaveB_DAC.c **** * disclaimers, and limitations in the end user license agreement accompanying
  13:Generated_Source\PSoC5/WaveB_DAC.c **** * the software package with which this file was provided.
  14:Generated_Source\PSoC5/WaveB_DAC.c **** *******************************************************************************/
  15:Generated_Source\PSoC5/WaveB_DAC.c **** 
  16:Generated_Source\PSoC5/WaveB_DAC.c **** #include "WaveB_DAC.h"
  17:Generated_Source\PSoC5/WaveB_DAC.c **** 
  18:Generated_Source\PSoC5/WaveB_DAC.c **** uint8  WaveB_DAC_initVar = 0u;
  19:Generated_Source\PSoC5/WaveB_DAC.c **** 
ARM GAS  C:\Users\merce\AppData\Local\Temp\ccE0b0LV.s 			page 13


  20:Generated_Source\PSoC5/WaveB_DAC.c **** const uint8 CYCODE WaveB_DAC_wave1[WaveB_DAC_WAVE1_LENGTH] = { 128u,129u,131u,132u,134u,135u,137u,1
  21:Generated_Source\PSoC5/WaveB_DAC.c **** const uint8 CYCODE WaveB_DAC_wave2[WaveB_DAC_WAVE2_LENGTH] = { 128u,132u,138u,143u,148u,152u,158u,1
  22:Generated_Source\PSoC5/WaveB_DAC.c **** 
  23:Generated_Source\PSoC5/WaveB_DAC.c **** static uint8  WaveB_DAC_Wave1Chan;
  24:Generated_Source\PSoC5/WaveB_DAC.c **** static uint8  WaveB_DAC_Wave2Chan;
  25:Generated_Source\PSoC5/WaveB_DAC.c **** static uint8  WaveB_DAC_Wave1TD;
  26:Generated_Source\PSoC5/WaveB_DAC.c **** static uint8  WaveB_DAC_Wave2TD;
  27:Generated_Source\PSoC5/WaveB_DAC.c **** 
  28:Generated_Source\PSoC5/WaveB_DAC.c **** 
  29:Generated_Source\PSoC5/WaveB_DAC.c **** /*******************************************************************************
  30:Generated_Source\PSoC5/WaveB_DAC.c **** * Function Name: WaveB_DAC_Init
  31:Generated_Source\PSoC5/WaveB_DAC.c **** ********************************************************************************
  32:Generated_Source\PSoC5/WaveB_DAC.c **** *
  33:Generated_Source\PSoC5/WaveB_DAC.c **** * Summary:
  34:Generated_Source\PSoC5/WaveB_DAC.c **** *  Initializes component with parameters set in the customizer.
  35:Generated_Source\PSoC5/WaveB_DAC.c **** *
  36:Generated_Source\PSoC5/WaveB_DAC.c **** * Parameters:  
  37:Generated_Source\PSoC5/WaveB_DAC.c **** *  None
  38:Generated_Source\PSoC5/WaveB_DAC.c **** *
  39:Generated_Source\PSoC5/WaveB_DAC.c **** * Return: 
  40:Generated_Source\PSoC5/WaveB_DAC.c **** *  None
  41:Generated_Source\PSoC5/WaveB_DAC.c **** *
  42:Generated_Source\PSoC5/WaveB_DAC.c **** *******************************************************************************/
  43:Generated_Source\PSoC5/WaveB_DAC.c **** void WaveB_DAC_Init(void) 
  44:Generated_Source\PSoC5/WaveB_DAC.c **** {
 666              		.loc 1 44 0
 667              		.cfi_startproc
 668              		@ args = 0, pretend = 0, frame = 0
 669              		@ frame_needed = 1, uses_anonymous_args = 0
 670 0000 80B5     		push	{r7, lr}
 671              		.cfi_def_cfa_offset 8
 672              		.cfi_offset 7, -8
 673              		.cfi_offset 14, -4
 674 0002 00AF     		add	r7, sp, #0
 675              		.cfi_def_cfa_register 7
  45:Generated_Source\PSoC5/WaveB_DAC.c **** 	WaveB_DAC_VDAC8_Init();
 676              		.loc 1 45 0
 677 0004 FFF7FEFF 		bl	WaveB_DAC_VDAC8_Init
  46:Generated_Source\PSoC5/WaveB_DAC.c **** 	WaveB_DAC_VDAC8_SetSpeed(WaveB_DAC_HIGHSPEED);
 678              		.loc 1 46 0
 679 0008 0220     		movs	r0, #2
 680 000a FFF7FEFF 		bl	WaveB_DAC_VDAC8_SetSpeed
  47:Generated_Source\PSoC5/WaveB_DAC.c **** 	WaveB_DAC_VDAC8_SetRange(WaveB_DAC_DAC_RANGE);
 681              		.loc 1 47 0
 682 000e 0420     		movs	r0, #4
 683 0010 FFF7FEFF 		bl	WaveB_DAC_VDAC8_SetRange
  48:Generated_Source\PSoC5/WaveB_DAC.c **** 
  49:Generated_Source\PSoC5/WaveB_DAC.c **** 	#if(WaveB_DAC_DAC_MODE == WaveB_DAC_CURRENT_MODE)
  50:Generated_Source\PSoC5/WaveB_DAC.c **** 		WaveB_DAC_IDAC8_SetPolarity(WaveB_DAC_DAC_POL);
  51:Generated_Source\PSoC5/WaveB_DAC.c **** 	#endif /* WaveB_DAC_DAC_MODE == WaveB_DAC_CURRENT_MODE */
  52:Generated_Source\PSoC5/WaveB_DAC.c **** 
  53:Generated_Source\PSoC5/WaveB_DAC.c **** 	#if(WaveB_DAC_OUT_MODE == WaveB_DAC_BUFFER_MODE)
  54:Generated_Source\PSoC5/WaveB_DAC.c **** 	   WaveB_DAC_BuffAmp_Init();
  55:Generated_Source\PSoC5/WaveB_DAC.c **** 	#endif /* WaveB_DAC_OUT_MODE == WaveB_DAC_BUFFER_MODE */
  56:Generated_Source\PSoC5/WaveB_DAC.c **** 
  57:Generated_Source\PSoC5/WaveB_DAC.c **** 	/* Get the TD Number for the DMA channel 1 and 2   */
  58:Generated_Source\PSoC5/WaveB_DAC.c **** 	WaveB_DAC_Wave1TD = CyDmaTdAllocate();
ARM GAS  C:\Users\merce\AppData\Local\Temp\ccE0b0LV.s 			page 14


 684              		.loc 1 58 0
 685 0014 FFF7FEFF 		bl	CyDmaTdAllocate
 686 0018 0346     		mov	r3, r0
 687 001a 1A46     		mov	r2, r3
 688 001c 094B     		ldr	r3, .L2
 689 001e 1A70     		strb	r2, [r3]
  59:Generated_Source\PSoC5/WaveB_DAC.c **** 	WaveB_DAC_Wave2TD = CyDmaTdAllocate();
 690              		.loc 1 59 0
 691 0020 FFF7FEFF 		bl	CyDmaTdAllocate
 692 0024 0346     		mov	r3, r0
 693 0026 1A46     		mov	r2, r3
 694 0028 074B     		ldr	r3, .L2+4
 695 002a 1A70     		strb	r2, [r3]
  60:Generated_Source\PSoC5/WaveB_DAC.c **** 	
  61:Generated_Source\PSoC5/WaveB_DAC.c **** 	/* Initialize waveform pointers  */
  62:Generated_Source\PSoC5/WaveB_DAC.c **** 	WaveB_DAC_Wave1Setup(WaveB_DAC_wave1, WaveB_DAC_WAVE1_LENGTH) ;
 696              		.loc 1 62 0
 697 002c 4FF40071 		mov	r1, #512
 698 0030 0648     		ldr	r0, .L2+8
 699 0032 FFF7FEFF 		bl	WaveB_DAC_Wave1Setup
  63:Generated_Source\PSoC5/WaveB_DAC.c **** 	WaveB_DAC_Wave2Setup(WaveB_DAC_wave2, WaveB_DAC_WAVE2_LENGTH) ;
 700              		.loc 1 63 0
 701 0036 6421     		movs	r1, #100
 702 0038 0548     		ldr	r0, .L2+12
 703 003a FFF7FEFF 		bl	WaveB_DAC_Wave2Setup
  64:Generated_Source\PSoC5/WaveB_DAC.c **** 	
  65:Generated_Source\PSoC5/WaveB_DAC.c **** 	/* Initialize the internal clock if one present  */
  66:Generated_Source\PSoC5/WaveB_DAC.c **** 	#if defined(WaveB_DAC_DacClk_PHASE)
  67:Generated_Source\PSoC5/WaveB_DAC.c **** 	   WaveB_DAC_DacClk_SetPhase(WaveB_DAC_CLK_PHASE_0nS);
  68:Generated_Source\PSoC5/WaveB_DAC.c **** 	#endif /* defined(WaveB_DAC_DacClk_PHASE) */
  69:Generated_Source\PSoC5/WaveB_DAC.c **** }
 704              		.loc 1 69 0
 705 003e 00BF     		nop
 706 0040 80BD     		pop	{r7, pc}
 707              	.L3:
 708 0042 00BF     		.align	2
 709              	.L2:
 710 0044 03000000 		.word	WaveB_DAC_Wave1TD
 711 0048 04000000 		.word	WaveB_DAC_Wave2TD
 712 004c 00000000 		.word	WaveB_DAC_wave1
 713 0050 00000000 		.word	WaveB_DAC_wave2
 714              		.cfi_endproc
 715              	.LFE0:
 716              		.size	WaveB_DAC_Init, .-WaveB_DAC_Init
 717              		.section	.text.WaveB_DAC_Enable,"ax",%progbits
 718              		.align	2
 719              		.global	WaveB_DAC_Enable
 720              		.thumb
 721              		.thumb_func
 722              		.type	WaveB_DAC_Enable, %function
 723              	WaveB_DAC_Enable:
 724              	.LFB1:
  70:Generated_Source\PSoC5/WaveB_DAC.c **** 
  71:Generated_Source\PSoC5/WaveB_DAC.c **** 
  72:Generated_Source\PSoC5/WaveB_DAC.c **** /*******************************************************************************
  73:Generated_Source\PSoC5/WaveB_DAC.c **** * Function Name: WaveB_DAC_Enable
  74:Generated_Source\PSoC5/WaveB_DAC.c **** ********************************************************************************
ARM GAS  C:\Users\merce\AppData\Local\Temp\ccE0b0LV.s 			page 15


  75:Generated_Source\PSoC5/WaveB_DAC.c **** *  
  76:Generated_Source\PSoC5/WaveB_DAC.c **** * Summary: 
  77:Generated_Source\PSoC5/WaveB_DAC.c **** *  Enables the DAC block and DMA operation.
  78:Generated_Source\PSoC5/WaveB_DAC.c **** *
  79:Generated_Source\PSoC5/WaveB_DAC.c **** * Parameters:  
  80:Generated_Source\PSoC5/WaveB_DAC.c **** *  None
  81:Generated_Source\PSoC5/WaveB_DAC.c **** *
  82:Generated_Source\PSoC5/WaveB_DAC.c **** * Return: 
  83:Generated_Source\PSoC5/WaveB_DAC.c **** *  None
  84:Generated_Source\PSoC5/WaveB_DAC.c **** *
  85:Generated_Source\PSoC5/WaveB_DAC.c **** *******************************************************************************/
  86:Generated_Source\PSoC5/WaveB_DAC.c **** void WaveB_DAC_Enable(void) 
  87:Generated_Source\PSoC5/WaveB_DAC.c **** {
 725              		.loc 1 87 0
 726              		.cfi_startproc
 727              		@ args = 0, pretend = 0, frame = 0
 728              		@ frame_needed = 1, uses_anonymous_args = 0
 729 0000 80B5     		push	{r7, lr}
 730              		.cfi_def_cfa_offset 8
 731              		.cfi_offset 7, -8
 732              		.cfi_offset 14, -4
 733 0002 00AF     		add	r7, sp, #0
 734              		.cfi_def_cfa_register 7
  88:Generated_Source\PSoC5/WaveB_DAC.c **** 	WaveB_DAC_VDAC8_Enable();
 735              		.loc 1 88 0
 736 0004 FFF7FEFF 		bl	WaveB_DAC_VDAC8_Enable
  89:Generated_Source\PSoC5/WaveB_DAC.c **** 
  90:Generated_Source\PSoC5/WaveB_DAC.c **** 	#if(WaveB_DAC_OUT_MODE == WaveB_DAC_BUFFER_MODE)
  91:Generated_Source\PSoC5/WaveB_DAC.c **** 	   WaveB_DAC_BuffAmp_Enable();
  92:Generated_Source\PSoC5/WaveB_DAC.c **** 	#endif /* WaveB_DAC_OUT_MODE == WaveB_DAC_BUFFER_MODE */
  93:Generated_Source\PSoC5/WaveB_DAC.c **** 
  94:Generated_Source\PSoC5/WaveB_DAC.c **** 	/* 
  95:Generated_Source\PSoC5/WaveB_DAC.c **** 	* Enable the channel. It is configured to remember the TD value so that
  96:Generated_Source\PSoC5/WaveB_DAC.c **** 	* it can be restored from the place where it has been stopped.
  97:Generated_Source\PSoC5/WaveB_DAC.c **** 	*/
  98:Generated_Source\PSoC5/WaveB_DAC.c **** 	(void)CyDmaChEnable(WaveB_DAC_Wave1Chan, 1u);
 737              		.loc 1 98 0
 738 0008 084B     		ldr	r3, .L5
 739 000a 1B78     		ldrb	r3, [r3]	@ zero_extendqisi2
 740 000c 0121     		movs	r1, #1
 741 000e 1846     		mov	r0, r3
 742 0010 FFF7FEFF 		bl	CyDmaChEnable
  99:Generated_Source\PSoC5/WaveB_DAC.c **** 	(void)CyDmaChEnable(WaveB_DAC_Wave2Chan, 1u);
 743              		.loc 1 99 0
 744 0014 064B     		ldr	r3, .L5+4
 745 0016 1B78     		ldrb	r3, [r3]	@ zero_extendqisi2
 746 0018 0121     		movs	r1, #1
 747 001a 1846     		mov	r0, r3
 748 001c FFF7FEFF 		bl	CyDmaChEnable
 100:Generated_Source\PSoC5/WaveB_DAC.c **** 	
 101:Generated_Source\PSoC5/WaveB_DAC.c **** 	/* set the initial value */
 102:Generated_Source\PSoC5/WaveB_DAC.c **** 	WaveB_DAC_SetValue(0u);
 749              		.loc 1 102 0
 750 0020 0020     		movs	r0, #0
 751 0022 FFF7FEFF 		bl	WaveB_DAC_VDAC8_SetValue
 103:Generated_Source\PSoC5/WaveB_DAC.c **** 	
 104:Generated_Source\PSoC5/WaveB_DAC.c **** 	#if(WaveB_DAC_CLOCK_SRC == WaveB_DAC_CLOCK_INT)  	
ARM GAS  C:\Users\merce\AppData\Local\Temp\ccE0b0LV.s 			page 16


 105:Generated_Source\PSoC5/WaveB_DAC.c **** 	   WaveB_DAC_DacClk_Start();
 106:Generated_Source\PSoC5/WaveB_DAC.c **** 	#endif /* WaveB_DAC_CLOCK_SRC == WaveB_DAC_CLOCK_INT */
 107:Generated_Source\PSoC5/WaveB_DAC.c **** }
 752              		.loc 1 107 0
 753 0026 00BF     		nop
 754 0028 80BD     		pop	{r7, pc}
 755              	.L6:
 756 002a 00BF     		.align	2
 757              	.L5:
 758 002c 01000000 		.word	WaveB_DAC_Wave1Chan
 759 0030 02000000 		.word	WaveB_DAC_Wave2Chan
 760              		.cfi_endproc
 761              	.LFE1:
 762              		.size	WaveB_DAC_Enable, .-WaveB_DAC_Enable
 763              		.section	.text.WaveB_DAC_Start,"ax",%progbits
 764              		.align	2
 765              		.global	WaveB_DAC_Start
 766              		.thumb
 767              		.thumb_func
 768              		.type	WaveB_DAC_Start, %function
 769              	WaveB_DAC_Start:
 770              	.LFB2:
 108:Generated_Source\PSoC5/WaveB_DAC.c **** 
 109:Generated_Source\PSoC5/WaveB_DAC.c **** 
 110:Generated_Source\PSoC5/WaveB_DAC.c **** /*******************************************************************************
 111:Generated_Source\PSoC5/WaveB_DAC.c **** * Function Name: WaveB_DAC_Start
 112:Generated_Source\PSoC5/WaveB_DAC.c **** ********************************************************************************
 113:Generated_Source\PSoC5/WaveB_DAC.c **** *
 114:Generated_Source\PSoC5/WaveB_DAC.c **** * Summary:
 115:Generated_Source\PSoC5/WaveB_DAC.c **** *  The start function initializes the voltage DAC with the default values, 
 116:Generated_Source\PSoC5/WaveB_DAC.c **** *  and sets the power to the given level.  A power level of 0, is the same as 
 117:Generated_Source\PSoC5/WaveB_DAC.c **** *  executing the stop function.
 118:Generated_Source\PSoC5/WaveB_DAC.c **** *
 119:Generated_Source\PSoC5/WaveB_DAC.c **** * Parameters:  
 120:Generated_Source\PSoC5/WaveB_DAC.c **** *  None
 121:Generated_Source\PSoC5/WaveB_DAC.c **** *
 122:Generated_Source\PSoC5/WaveB_DAC.c **** * Return: 
 123:Generated_Source\PSoC5/WaveB_DAC.c **** *  None
 124:Generated_Source\PSoC5/WaveB_DAC.c **** *
 125:Generated_Source\PSoC5/WaveB_DAC.c **** * Reentrant:
 126:Generated_Source\PSoC5/WaveB_DAC.c **** *  No
 127:Generated_Source\PSoC5/WaveB_DAC.c **** *
 128:Generated_Source\PSoC5/WaveB_DAC.c **** *******************************************************************************/
 129:Generated_Source\PSoC5/WaveB_DAC.c **** void WaveB_DAC_Start(void) 
 130:Generated_Source\PSoC5/WaveB_DAC.c **** {
 771              		.loc 1 130 0
 772              		.cfi_startproc
 773              		@ args = 0, pretend = 0, frame = 0
 774              		@ frame_needed = 1, uses_anonymous_args = 0
 775 0000 80B5     		push	{r7, lr}
 776              		.cfi_def_cfa_offset 8
 777              		.cfi_offset 7, -8
 778              		.cfi_offset 14, -4
 779 0002 00AF     		add	r7, sp, #0
 780              		.cfi_def_cfa_register 7
 131:Generated_Source\PSoC5/WaveB_DAC.c **** 	/* If not Initialized then initialize all required hardware and software */
 132:Generated_Source\PSoC5/WaveB_DAC.c **** 	if(WaveB_DAC_initVar == 0u)
ARM GAS  C:\Users\merce\AppData\Local\Temp\ccE0b0LV.s 			page 17


 781              		.loc 1 132 0
 782 0004 064B     		ldr	r3, .L9
 783 0006 1B78     		ldrb	r3, [r3]	@ zero_extendqisi2
 784 0008 002B     		cmp	r3, #0
 785 000a 04D1     		bne	.L8
 133:Generated_Source\PSoC5/WaveB_DAC.c **** 	{
 134:Generated_Source\PSoC5/WaveB_DAC.c **** 		WaveB_DAC_Init();
 786              		.loc 1 134 0
 787 000c FFF7FEFF 		bl	WaveB_DAC_Init
 135:Generated_Source\PSoC5/WaveB_DAC.c **** 		WaveB_DAC_initVar = 1u;
 788              		.loc 1 135 0
 789 0010 034B     		ldr	r3, .L9
 790 0012 0122     		movs	r2, #1
 791 0014 1A70     		strb	r2, [r3]
 792              	.L8:
 136:Generated_Source\PSoC5/WaveB_DAC.c **** 	}
 137:Generated_Source\PSoC5/WaveB_DAC.c **** 	
 138:Generated_Source\PSoC5/WaveB_DAC.c **** 	WaveB_DAC_Enable();
 793              		.loc 1 138 0
 794 0016 FFF7FEFF 		bl	WaveB_DAC_Enable
 139:Generated_Source\PSoC5/WaveB_DAC.c **** }
 795              		.loc 1 139 0
 796 001a 00BF     		nop
 797 001c 80BD     		pop	{r7, pc}
 798              	.L10:
 799 001e 00BF     		.align	2
 800              	.L9:
 801 0020 00000000 		.word	WaveB_DAC_initVar
 802              		.cfi_endproc
 803              	.LFE2:
 804              		.size	WaveB_DAC_Start, .-WaveB_DAC_Start
 805              		.section	.text.WaveB_DAC_StartEx,"ax",%progbits
 806              		.align	2
 807              		.global	WaveB_DAC_StartEx
 808              		.thumb
 809              		.thumb_func
 810              		.type	WaveB_DAC_StartEx, %function
 811              	WaveB_DAC_StartEx:
 812              	.LFB3:
 140:Generated_Source\PSoC5/WaveB_DAC.c **** 
 141:Generated_Source\PSoC5/WaveB_DAC.c **** 
 142:Generated_Source\PSoC5/WaveB_DAC.c **** /*******************************************************************************
 143:Generated_Source\PSoC5/WaveB_DAC.c **** * Function Name: WaveB_DAC_StartEx
 144:Generated_Source\PSoC5/WaveB_DAC.c **** ********************************************************************************
 145:Generated_Source\PSoC5/WaveB_DAC.c **** *
 146:Generated_Source\PSoC5/WaveB_DAC.c **** * Summary:
 147:Generated_Source\PSoC5/WaveB_DAC.c **** *  The StartEx function sets pointers and sizes for both waveforms
 148:Generated_Source\PSoC5/WaveB_DAC.c **** *  and then starts the component.
 149:Generated_Source\PSoC5/WaveB_DAC.c **** *
 150:Generated_Source\PSoC5/WaveB_DAC.c **** * Parameters:  
 151:Generated_Source\PSoC5/WaveB_DAC.c **** *   uint8 * wavePtr1:     Pointer to the waveform 1 array.
 152:Generated_Source\PSoC5/WaveB_DAC.c **** *   uint16  sampleSize1:  The amount of samples in the waveform 1.
 153:Generated_Source\PSoC5/WaveB_DAC.c **** *   uint8 * wavePtr2:     Pointer to the waveform 2 array.
 154:Generated_Source\PSoC5/WaveB_DAC.c **** *   uint16  sampleSize2:  The amount of samples in the waveform 2.
 155:Generated_Source\PSoC5/WaveB_DAC.c **** *
 156:Generated_Source\PSoC5/WaveB_DAC.c **** * Return: 
 157:Generated_Source\PSoC5/WaveB_DAC.c **** *  None
ARM GAS  C:\Users\merce\AppData\Local\Temp\ccE0b0LV.s 			page 18


 158:Generated_Source\PSoC5/WaveB_DAC.c **** *
 159:Generated_Source\PSoC5/WaveB_DAC.c **** * Reentrant:
 160:Generated_Source\PSoC5/WaveB_DAC.c **** *  No
 161:Generated_Source\PSoC5/WaveB_DAC.c **** *
 162:Generated_Source\PSoC5/WaveB_DAC.c **** *******************************************************************************/
 163:Generated_Source\PSoC5/WaveB_DAC.c **** void WaveB_DAC_StartEx(const uint8 * wavePtr1, uint16 sampleSize1, const uint8 * wavePtr2, uint16 s
 164:Generated_Source\PSoC5/WaveB_DAC.c **** 
 165:Generated_Source\PSoC5/WaveB_DAC.c **** {
 813              		.loc 1 165 0
 814              		.cfi_startproc
 815              		@ args = 0, pretend = 0, frame = 16
 816              		@ frame_needed = 1, uses_anonymous_args = 0
 817 0000 80B5     		push	{r7, lr}
 818              		.cfi_def_cfa_offset 8
 819              		.cfi_offset 7, -8
 820              		.cfi_offset 14, -4
 821 0002 84B0     		sub	sp, sp, #16
 822              		.cfi_def_cfa_offset 24
 823 0004 00AF     		add	r7, sp, #0
 824              		.cfi_def_cfa_register 7
 825 0006 F860     		str	r0, [r7, #12]
 826 0008 7A60     		str	r2, [r7, #4]
 827 000a 1A46     		mov	r2, r3
 828 000c 0B46     		mov	r3, r1	@ movhi
 829 000e 7B81     		strh	r3, [r7, #10]	@ movhi
 830 0010 1346     		mov	r3, r2	@ movhi
 831 0012 3B81     		strh	r3, [r7, #8]	@ movhi
 166:Generated_Source\PSoC5/WaveB_DAC.c **** 	WaveB_DAC_Wave1Setup(wavePtr1, sampleSize1);
 832              		.loc 1 166 0
 833 0014 7B89     		ldrh	r3, [r7, #10]
 834 0016 1946     		mov	r1, r3
 835 0018 F868     		ldr	r0, [r7, #12]
 836 001a FFF7FEFF 		bl	WaveB_DAC_Wave1Setup
 167:Generated_Source\PSoC5/WaveB_DAC.c **** 	WaveB_DAC_Wave2Setup(wavePtr2, sampleSize2);
 837              		.loc 1 167 0
 838 001e 3B89     		ldrh	r3, [r7, #8]
 839 0020 1946     		mov	r1, r3
 840 0022 7868     		ldr	r0, [r7, #4]
 841 0024 FFF7FEFF 		bl	WaveB_DAC_Wave2Setup
 168:Generated_Source\PSoC5/WaveB_DAC.c **** 	WaveB_DAC_Start();
 842              		.loc 1 168 0
 843 0028 FFF7FEFF 		bl	WaveB_DAC_Start
 169:Generated_Source\PSoC5/WaveB_DAC.c **** }
 844              		.loc 1 169 0
 845 002c 00BF     		nop
 846 002e 1037     		adds	r7, r7, #16
 847              		.cfi_def_cfa_offset 8
 848 0030 BD46     		mov	sp, r7
 849              		.cfi_def_cfa_register 13
 850              		@ sp needed
 851 0032 80BD     		pop	{r7, pc}
 852              		.cfi_endproc
 853              	.LFE3:
 854              		.size	WaveB_DAC_StartEx, .-WaveB_DAC_StartEx
 855              		.section	.text.WaveB_DAC_Stop,"ax",%progbits
 856              		.align	2
 857              		.global	WaveB_DAC_Stop
ARM GAS  C:\Users\merce\AppData\Local\Temp\ccE0b0LV.s 			page 19


 858              		.thumb
 859              		.thumb_func
 860              		.type	WaveB_DAC_Stop, %function
 861              	WaveB_DAC_Stop:
 862              	.LFB4:
 170:Generated_Source\PSoC5/WaveB_DAC.c **** 
 171:Generated_Source\PSoC5/WaveB_DAC.c **** 
 172:Generated_Source\PSoC5/WaveB_DAC.c **** /*******************************************************************************
 173:Generated_Source\PSoC5/WaveB_DAC.c **** * Function Name: WaveB_DAC_Stop
 174:Generated_Source\PSoC5/WaveB_DAC.c **** ********************************************************************************
 175:Generated_Source\PSoC5/WaveB_DAC.c **** *
 176:Generated_Source\PSoC5/WaveB_DAC.c **** * Summary:
 177:Generated_Source\PSoC5/WaveB_DAC.c **** *  Stops the clock (if internal), disables the DMA channels
 178:Generated_Source\PSoC5/WaveB_DAC.c **** *  and powers down the DAC.
 179:Generated_Source\PSoC5/WaveB_DAC.c **** *
 180:Generated_Source\PSoC5/WaveB_DAC.c **** * Parameters:  
 181:Generated_Source\PSoC5/WaveB_DAC.c **** *  None  
 182:Generated_Source\PSoC5/WaveB_DAC.c **** *
 183:Generated_Source\PSoC5/WaveB_DAC.c **** * Return: 
 184:Generated_Source\PSoC5/WaveB_DAC.c **** *  None
 185:Generated_Source\PSoC5/WaveB_DAC.c **** *
 186:Generated_Source\PSoC5/WaveB_DAC.c **** *******************************************************************************/
 187:Generated_Source\PSoC5/WaveB_DAC.c **** void WaveB_DAC_Stop(void) 
 188:Generated_Source\PSoC5/WaveB_DAC.c **** {
 863              		.loc 1 188 0
 864              		.cfi_startproc
 865              		@ args = 0, pretend = 0, frame = 0
 866              		@ frame_needed = 1, uses_anonymous_args = 0
 867 0000 80B5     		push	{r7, lr}
 868              		.cfi_def_cfa_offset 8
 869              		.cfi_offset 7, -8
 870              		.cfi_offset 14, -4
 871 0002 00AF     		add	r7, sp, #0
 872              		.cfi_def_cfa_register 7
 189:Generated_Source\PSoC5/WaveB_DAC.c **** 	/* Turn off internal clock, if one present */
 190:Generated_Source\PSoC5/WaveB_DAC.c **** 	#if(WaveB_DAC_CLOCK_SRC == WaveB_DAC_CLOCK_INT)  	
 191:Generated_Source\PSoC5/WaveB_DAC.c **** 	   WaveB_DAC_DacClk_Stop();
 192:Generated_Source\PSoC5/WaveB_DAC.c **** 	#endif /* WaveB_DAC_CLOCK_SRC == WaveB_DAC_CLOCK_INT */
 193:Generated_Source\PSoC5/WaveB_DAC.c **** 	
 194:Generated_Source\PSoC5/WaveB_DAC.c **** 	/* Disble DMA channels */
 195:Generated_Source\PSoC5/WaveB_DAC.c **** 	(void)CyDmaChDisable(WaveB_DAC_Wave1Chan);
 873              		.loc 1 195 0
 874 0004 064B     		ldr	r3, .L13
 875 0006 1B78     		ldrb	r3, [r3]	@ zero_extendqisi2
 876 0008 1846     		mov	r0, r3
 877 000a FFF7FEFF 		bl	CyDmaChDisable
 196:Generated_Source\PSoC5/WaveB_DAC.c **** 	(void)CyDmaChDisable(WaveB_DAC_Wave2Chan);
 878              		.loc 1 196 0
 879 000e 054B     		ldr	r3, .L13+4
 880 0010 1B78     		ldrb	r3, [r3]	@ zero_extendqisi2
 881 0012 1846     		mov	r0, r3
 882 0014 FFF7FEFF 		bl	CyDmaChDisable
 197:Generated_Source\PSoC5/WaveB_DAC.c **** 
 198:Generated_Source\PSoC5/WaveB_DAC.c **** 	/* Disable power to DAC */
 199:Generated_Source\PSoC5/WaveB_DAC.c **** 	WaveB_DAC_VDAC8_Stop();
 883              		.loc 1 199 0
 884 0018 FFF7FEFF 		bl	WaveB_DAC_VDAC8_Stop
ARM GAS  C:\Users\merce\AppData\Local\Temp\ccE0b0LV.s 			page 20


 200:Generated_Source\PSoC5/WaveB_DAC.c **** }
 885              		.loc 1 200 0
 886 001c 00BF     		nop
 887 001e 80BD     		pop	{r7, pc}
 888              	.L14:
 889              		.align	2
 890              	.L13:
 891 0020 01000000 		.word	WaveB_DAC_Wave1Chan
 892 0024 02000000 		.word	WaveB_DAC_Wave2Chan
 893              		.cfi_endproc
 894              	.LFE4:
 895              		.size	WaveB_DAC_Stop, .-WaveB_DAC_Stop
 896              		.section	.text.WaveB_DAC_Wave1Setup,"ax",%progbits
 897              		.align	2
 898              		.global	WaveB_DAC_Wave1Setup
 899              		.thumb
 900              		.thumb_func
 901              		.type	WaveB_DAC_Wave1Setup, %function
 902              	WaveB_DAC_Wave1Setup:
 903              	.LFB5:
 201:Generated_Source\PSoC5/WaveB_DAC.c **** 
 202:Generated_Source\PSoC5/WaveB_DAC.c **** 
 203:Generated_Source\PSoC5/WaveB_DAC.c **** /*******************************************************************************
 204:Generated_Source\PSoC5/WaveB_DAC.c **** * Function Name: WaveB_DAC_Wave1Setup
 205:Generated_Source\PSoC5/WaveB_DAC.c **** ********************************************************************************
 206:Generated_Source\PSoC5/WaveB_DAC.c **** *
 207:Generated_Source\PSoC5/WaveB_DAC.c **** * Summary:
 208:Generated_Source\PSoC5/WaveB_DAC.c **** *  Sets pointer and size for waveform 1.                                    
 209:Generated_Source\PSoC5/WaveB_DAC.c **** *
 210:Generated_Source\PSoC5/WaveB_DAC.c **** * Parameters:  
 211:Generated_Source\PSoC5/WaveB_DAC.c **** *  uint8 * WavePtr:     Pointer to the waveform array.
 212:Generated_Source\PSoC5/WaveB_DAC.c **** *  uint16  SampleSize:  The amount of samples in the waveform.
 213:Generated_Source\PSoC5/WaveB_DAC.c **** *
 214:Generated_Source\PSoC5/WaveB_DAC.c **** * Return: 
 215:Generated_Source\PSoC5/WaveB_DAC.c **** *  None 
 216:Generated_Source\PSoC5/WaveB_DAC.c **** *
 217:Generated_Source\PSoC5/WaveB_DAC.c **** *******************************************************************************/
 218:Generated_Source\PSoC5/WaveB_DAC.c **** void WaveB_DAC_Wave1Setup(const uint8 * wavePtr, uint16 sampleSize)
 219:Generated_Source\PSoC5/WaveB_DAC.c **** 
 220:Generated_Source\PSoC5/WaveB_DAC.c **** {
 904              		.loc 1 220 0
 905              		.cfi_startproc
 906              		@ args = 0, pretend = 0, frame = 8
 907              		@ frame_needed = 1, uses_anonymous_args = 0
 908 0000 80B5     		push	{r7, lr}
 909              		.cfi_def_cfa_offset 8
 910              		.cfi_offset 7, -8
 911              		.cfi_offset 14, -4
 912 0002 82B0     		sub	sp, sp, #8
 913              		.cfi_def_cfa_offset 16
 914 0004 00AF     		add	r7, sp, #0
 915              		.cfi_def_cfa_register 7
 916 0006 7860     		str	r0, [r7, #4]
 917 0008 0B46     		mov	r3, r1
 918 000a 7B80     		strh	r3, [r7, #2]	@ movhi
 221:Generated_Source\PSoC5/WaveB_DAC.c **** 	#if (CY_PSOC3)
 222:Generated_Source\PSoC5/WaveB_DAC.c **** 		uint16 memoryType; /* determining the source memory type */
ARM GAS  C:\Users\merce\AppData\Local\Temp\ccE0b0LV.s 			page 21


 223:Generated_Source\PSoC5/WaveB_DAC.c **** 		memoryType = (WaveB_DAC_HI16FLASHPTR == HI16(wavePtr)) ? HI16(CYDEV_FLS_BASE) : HI16(CYDEV_SRAM_B
 224:Generated_Source\PSoC5/WaveB_DAC.c **** 		
 225:Generated_Source\PSoC5/WaveB_DAC.c **** 		WaveB_DAC_Wave1Chan = WaveB_DAC_Wave1_DMA_DmaInitialize(
 226:Generated_Source\PSoC5/WaveB_DAC.c **** 		WaveB_DAC_Wave1_DMA_BYTES_PER_BURST, WaveB_DAC_Wave1_DMA_REQUEST_PER_BURST,
 227:Generated_Source\PSoC5/WaveB_DAC.c **** 		memoryType, HI16(CYDEV_PERIPH_BASE));
 228:Generated_Source\PSoC5/WaveB_DAC.c **** 	#else /* PSoC 5 */
 229:Generated_Source\PSoC5/WaveB_DAC.c **** 		WaveB_DAC_Wave1Chan = WaveB_DAC_Wave1_DMA_DmaInitialize(
 230:Generated_Source\PSoC5/WaveB_DAC.c **** 		WaveB_DAC_Wave1_DMA_BYTES_PER_BURST, WaveB_DAC_Wave1_DMA_REQUEST_PER_BURST,
 231:Generated_Source\PSoC5/WaveB_DAC.c **** 		HI16(wavePtr), HI16(WaveB_DAC_DAC8__D));
 919              		.loc 1 231 0
 920 000c 7B68     		ldr	r3, [r7, #4]
 921 000e 1B0C     		lsrs	r3, r3, #16
 229:Generated_Source\PSoC5/WaveB_DAC.c **** 		WaveB_DAC_Wave1_DMA_BYTES_PER_BURST, WaveB_DAC_Wave1_DMA_REQUEST_PER_BURST,
 922              		.loc 1 229 0
 923 0010 9AB2     		uxth	r2, r3
 924 0012 4FF48043 		mov	r3, #16384
 925 0016 0121     		movs	r1, #1
 926 0018 0120     		movs	r0, #1
 927 001a FFF7FEFF 		bl	WaveB_DAC_Wave1_DMA_DmaInitialize
 928 001e 0346     		mov	r3, r0
 929 0020 1A46     		mov	r2, r3
 930 0022 0F4B     		ldr	r3, .L16
 931 0024 1A70     		strb	r2, [r3]
 232:Generated_Source\PSoC5/WaveB_DAC.c **** 	#endif /* CY_PSOC3 */
 233:Generated_Source\PSoC5/WaveB_DAC.c **** 	
 234:Generated_Source\PSoC5/WaveB_DAC.c **** 	/*
 235:Generated_Source\PSoC5/WaveB_DAC.c **** 	* TD is looping on itself. 
 236:Generated_Source\PSoC5/WaveB_DAC.c ****     * Increment the source address, but not the destination address. 
 237:Generated_Source\PSoC5/WaveB_DAC.c **** 	*/
 238:Generated_Source\PSoC5/WaveB_DAC.c **** 	(void)CyDmaTdSetConfiguration(WaveB_DAC_Wave1TD, sampleSize, WaveB_DAC_Wave1TD, 
 932              		.loc 1 238 0
 933 0026 0F4B     		ldr	r3, .L16+4
 934 0028 1878     		ldrb	r0, [r3]	@ zero_extendqisi2
 935 002a 0E4B     		ldr	r3, .L16+4
 936 002c 1A78     		ldrb	r2, [r3]	@ zero_extendqisi2
 937 002e 7988     		ldrh	r1, [r7, #2]
 938 0030 0123     		movs	r3, #1
 939 0032 FFF7FEFF 		bl	CyDmaTdSetConfiguration
 239:Generated_Source\PSoC5/WaveB_DAC.c ****                                     (uint8)CY_DMA_TD_INC_SRC_ADR | (uint8)WaveB_DAC_Wave1_DMA__TD_T
 240:Generated_Source\PSoC5/WaveB_DAC.c **** 	
 241:Generated_Source\PSoC5/WaveB_DAC.c **** 	/* Set the TD source and destination address */
 242:Generated_Source\PSoC5/WaveB_DAC.c **** 	(void)CyDmaTdSetAddress(WaveB_DAC_Wave1TD, LO16((uint32)wavePtr), LO16(WaveB_DAC_DAC8__D));
 940              		.loc 1 242 0
 941 0036 0B4B     		ldr	r3, .L16+4
 942 0038 1B78     		ldrb	r3, [r3]	@ zero_extendqisi2
 943 003a 7A68     		ldr	r2, [r7, #4]
 944 003c 91B2     		uxth	r1, r2
 945 003e 45F68232 		movw	r2, #23426
 946 0042 1846     		mov	r0, r3
 947 0044 FFF7FEFF 		bl	CyDmaTdSetAddress
 243:Generated_Source\PSoC5/WaveB_DAC.c **** 	
 244:Generated_Source\PSoC5/WaveB_DAC.c **** 	/* Associate the TD with the channel */
 245:Generated_Source\PSoC5/WaveB_DAC.c **** 	(void)CyDmaChSetInitialTd(WaveB_DAC_Wave1Chan, WaveB_DAC_Wave1TD);
 948              		.loc 1 245 0
 949 0048 054B     		ldr	r3, .L16
 950 004a 1A78     		ldrb	r2, [r3]	@ zero_extendqisi2
 951 004c 054B     		ldr	r3, .L16+4
ARM GAS  C:\Users\merce\AppData\Local\Temp\ccE0b0LV.s 			page 22


 952 004e 1B78     		ldrb	r3, [r3]	@ zero_extendqisi2
 953 0050 1946     		mov	r1, r3
 954 0052 1046     		mov	r0, r2
 955 0054 FFF7FEFF 		bl	CyDmaChSetInitialTd
 246:Generated_Source\PSoC5/WaveB_DAC.c **** }
 956              		.loc 1 246 0
 957 0058 00BF     		nop
 958 005a 0837     		adds	r7, r7, #8
 959              		.cfi_def_cfa_offset 8
 960 005c BD46     		mov	sp, r7
 961              		.cfi_def_cfa_register 13
 962              		@ sp needed
 963 005e 80BD     		pop	{r7, pc}
 964              	.L17:
 965              		.align	2
 966              	.L16:
 967 0060 01000000 		.word	WaveB_DAC_Wave1Chan
 968 0064 03000000 		.word	WaveB_DAC_Wave1TD
 969              		.cfi_endproc
 970              	.LFE5:
 971              		.size	WaveB_DAC_Wave1Setup, .-WaveB_DAC_Wave1Setup
 972              		.section	.text.WaveB_DAC_Wave2Setup,"ax",%progbits
 973              		.align	2
 974              		.global	WaveB_DAC_Wave2Setup
 975              		.thumb
 976              		.thumb_func
 977              		.type	WaveB_DAC_Wave2Setup, %function
 978              	WaveB_DAC_Wave2Setup:
 979              	.LFB6:
 247:Generated_Source\PSoC5/WaveB_DAC.c **** 
 248:Generated_Source\PSoC5/WaveB_DAC.c **** 
 249:Generated_Source\PSoC5/WaveB_DAC.c **** /*******************************************************************************
 250:Generated_Source\PSoC5/WaveB_DAC.c **** * Function Name: WaveB_DAC_Wave2Setup
 251:Generated_Source\PSoC5/WaveB_DAC.c **** ********************************************************************************
 252:Generated_Source\PSoC5/WaveB_DAC.c **** *
 253:Generated_Source\PSoC5/WaveB_DAC.c **** * Summary:
 254:Generated_Source\PSoC5/WaveB_DAC.c **** *  Sets pointer and size for waveform 2.                                    
 255:Generated_Source\PSoC5/WaveB_DAC.c **** *
 256:Generated_Source\PSoC5/WaveB_DAC.c **** * Parameters:  
 257:Generated_Source\PSoC5/WaveB_DAC.c **** *  uint8 * WavePtr:     Pointer to the waveform array.
 258:Generated_Source\PSoC5/WaveB_DAC.c **** *  uint16  SampleSize:  The amount of samples in the waveform.
 259:Generated_Source\PSoC5/WaveB_DAC.c **** *
 260:Generated_Source\PSoC5/WaveB_DAC.c **** * Return: 
 261:Generated_Source\PSoC5/WaveB_DAC.c **** *  None
 262:Generated_Source\PSoC5/WaveB_DAC.c **** *
 263:Generated_Source\PSoC5/WaveB_DAC.c **** *******************************************************************************/
 264:Generated_Source\PSoC5/WaveB_DAC.c **** void WaveB_DAC_Wave2Setup(const uint8 * wavePtr, uint16 sampleSize)
 265:Generated_Source\PSoC5/WaveB_DAC.c ****  
 266:Generated_Source\PSoC5/WaveB_DAC.c **** {
 980              		.loc 1 266 0
 981              		.cfi_startproc
 982              		@ args = 0, pretend = 0, frame = 8
 983              		@ frame_needed = 1, uses_anonymous_args = 0
 984 0000 80B5     		push	{r7, lr}
 985              		.cfi_def_cfa_offset 8
 986              		.cfi_offset 7, -8
 987              		.cfi_offset 14, -4
ARM GAS  C:\Users\merce\AppData\Local\Temp\ccE0b0LV.s 			page 23


 988 0002 82B0     		sub	sp, sp, #8
 989              		.cfi_def_cfa_offset 16
 990 0004 00AF     		add	r7, sp, #0
 991              		.cfi_def_cfa_register 7
 992 0006 7860     		str	r0, [r7, #4]
 993 0008 0B46     		mov	r3, r1
 994 000a 7B80     		strh	r3, [r7, #2]	@ movhi
 267:Generated_Source\PSoC5/WaveB_DAC.c **** 	#if (CY_PSOC3)
 268:Generated_Source\PSoC5/WaveB_DAC.c **** 		uint16 memoryType; /* determining the source memory type */
 269:Generated_Source\PSoC5/WaveB_DAC.c **** 		memoryType = (WaveB_DAC_HI16FLASHPTR == HI16(wavePtr)) ? HI16(CYDEV_FLS_BASE) : HI16(CYDEV_SRAM_B
 270:Generated_Source\PSoC5/WaveB_DAC.c **** 			
 271:Generated_Source\PSoC5/WaveB_DAC.c **** 		WaveB_DAC_Wave2Chan = WaveB_DAC_Wave2_DMA_DmaInitialize(
 272:Generated_Source\PSoC5/WaveB_DAC.c **** 		WaveB_DAC_Wave2_DMA_BYTES_PER_BURST, WaveB_DAC_Wave2_DMA_REQUEST_PER_BURST,
 273:Generated_Source\PSoC5/WaveB_DAC.c **** 		memoryType, HI16(CYDEV_PERIPH_BASE));
 274:Generated_Source\PSoC5/WaveB_DAC.c **** 	#else /* PSoC 5 */
 275:Generated_Source\PSoC5/WaveB_DAC.c **** 		WaveB_DAC_Wave2Chan = WaveB_DAC_Wave2_DMA_DmaInitialize(
 276:Generated_Source\PSoC5/WaveB_DAC.c **** 		WaveB_DAC_Wave2_DMA_BYTES_PER_BURST, WaveB_DAC_Wave2_DMA_REQUEST_PER_BURST,
 277:Generated_Source\PSoC5/WaveB_DAC.c **** 		HI16(wavePtr), HI16(WaveB_DAC_DAC8__D));
 995              		.loc 1 277 0
 996 000c 7B68     		ldr	r3, [r7, #4]
 997 000e 1B0C     		lsrs	r3, r3, #16
 275:Generated_Source\PSoC5/WaveB_DAC.c **** 		WaveB_DAC_Wave2_DMA_BYTES_PER_BURST, WaveB_DAC_Wave2_DMA_REQUEST_PER_BURST,
 998              		.loc 1 275 0
 999 0010 9AB2     		uxth	r2, r3
 1000 0012 4FF48043 		mov	r3, #16384
 1001 0016 0121     		movs	r1, #1
 1002 0018 0120     		movs	r0, #1
 1003 001a FFF7FEFF 		bl	WaveB_DAC_Wave2_DMA_DmaInitialize
 1004 001e 0346     		mov	r3, r0
 1005 0020 1A46     		mov	r2, r3
 1006 0022 0F4B     		ldr	r3, .L19
 1007 0024 1A70     		strb	r2, [r3]
 278:Generated_Source\PSoC5/WaveB_DAC.c **** 	#endif /* CY_PSOC3 */
 279:Generated_Source\PSoC5/WaveB_DAC.c **** 	
 280:Generated_Source\PSoC5/WaveB_DAC.c **** 	/*
 281:Generated_Source\PSoC5/WaveB_DAC.c **** 	* TD is looping on itself. 
 282:Generated_Source\PSoC5/WaveB_DAC.c **** 	* Increment the source address, but not the destination address. 
 283:Generated_Source\PSoC5/WaveB_DAC.c **** 	*/
 284:Generated_Source\PSoC5/WaveB_DAC.c **** 	(void)CyDmaTdSetConfiguration(WaveB_DAC_Wave2TD, sampleSize, WaveB_DAC_Wave2TD, 
 1008              		.loc 1 284 0
 1009 0026 0F4B     		ldr	r3, .L19+4
 1010 0028 1878     		ldrb	r0, [r3]	@ zero_extendqisi2
 1011 002a 0E4B     		ldr	r3, .L19+4
 1012 002c 1A78     		ldrb	r2, [r3]	@ zero_extendqisi2
 1013 002e 7988     		ldrh	r1, [r7, #2]
 1014 0030 0123     		movs	r3, #1
 1015 0032 FFF7FEFF 		bl	CyDmaTdSetConfiguration
 285:Generated_Source\PSoC5/WaveB_DAC.c ****                                     (uint8)CY_DMA_TD_INC_SRC_ADR | (uint8)WaveB_DAC_Wave2_DMA__TD_T
 286:Generated_Source\PSoC5/WaveB_DAC.c **** 	
 287:Generated_Source\PSoC5/WaveB_DAC.c **** 	/* Set the TD source and destination address */
 288:Generated_Source\PSoC5/WaveB_DAC.c **** 	(void)CyDmaTdSetAddress(WaveB_DAC_Wave2TD, LO16((uint32)wavePtr), LO16(WaveB_DAC_DAC8__D));
 1016              		.loc 1 288 0
 1017 0036 0B4B     		ldr	r3, .L19+4
 1018 0038 1B78     		ldrb	r3, [r3]	@ zero_extendqisi2
 1019 003a 7A68     		ldr	r2, [r7, #4]
 1020 003c 91B2     		uxth	r1, r2
 1021 003e 45F68232 		movw	r2, #23426
ARM GAS  C:\Users\merce\AppData\Local\Temp\ccE0b0LV.s 			page 24


 1022 0042 1846     		mov	r0, r3
 1023 0044 FFF7FEFF 		bl	CyDmaTdSetAddress
 289:Generated_Source\PSoC5/WaveB_DAC.c **** 	
 290:Generated_Source\PSoC5/WaveB_DAC.c **** 	/* Associate the TD with the channel */
 291:Generated_Source\PSoC5/WaveB_DAC.c **** 	(void)CyDmaChSetInitialTd(WaveB_DAC_Wave2Chan, WaveB_DAC_Wave2TD);
 1024              		.loc 1 291 0
 1025 0048 054B     		ldr	r3, .L19
 1026 004a 1A78     		ldrb	r2, [r3]	@ zero_extendqisi2
 1027 004c 054B     		ldr	r3, .L19+4
 1028 004e 1B78     		ldrb	r3, [r3]	@ zero_extendqisi2
 1029 0050 1946     		mov	r1, r3
 1030 0052 1046     		mov	r0, r2
 1031 0054 FFF7FEFF 		bl	CyDmaChSetInitialTd
 292:Generated_Source\PSoC5/WaveB_DAC.c **** }
 1032              		.loc 1 292 0
 1033 0058 00BF     		nop
 1034 005a 0837     		adds	r7, r7, #8
 1035              		.cfi_def_cfa_offset 8
 1036 005c BD46     		mov	sp, r7
 1037              		.cfi_def_cfa_register 13
 1038              		@ sp needed
 1039 005e 80BD     		pop	{r7, pc}
 1040              	.L20:
 1041              		.align	2
 1042              	.L19:
 1043 0060 02000000 		.word	WaveB_DAC_Wave2Chan
 1044 0064 04000000 		.word	WaveB_DAC_Wave2TD
 1045              		.cfi_endproc
 1046              	.LFE6:
 1047              		.size	WaveB_DAC_Wave2Setup, .-WaveB_DAC_Wave2Setup
 1048              		.text
 1049              	.Letext0:
 1050              		.file 2 "Generated_Source\\PSoC5\\cytypes.h"
 1051              		.section	.debug_info,"",%progbits
 1052              	.Ldebug_info0:
 1053 0000 55020000 		.4byte	0x255
 1054 0004 0400     		.2byte	0x4
 1055 0006 00000000 		.4byte	.Ldebug_abbrev0
 1056 000a 04       		.byte	0x4
 1057 000b 01       		.uleb128 0x1
 1058 000c 00000000 		.4byte	.LASF37
 1059 0010 0C       		.byte	0xc
 1060 0011 C4000000 		.4byte	.LASF38
 1061 0015 F1010000 		.4byte	.LASF39
 1062 0019 00000000 		.4byte	.Ldebug_ranges0+0
 1063 001d 00000000 		.4byte	0
 1064 0021 00000000 		.4byte	.Ldebug_line0
 1065 0025 02       		.uleb128 0x2
 1066 0026 01       		.byte	0x1
 1067 0027 06       		.byte	0x6
 1068 0028 CC020000 		.4byte	.LASF0
 1069 002c 02       		.uleb128 0x2
 1070 002d 01       		.byte	0x1
 1071 002e 08       		.byte	0x8
 1072 002f 6B010000 		.4byte	.LASF1
 1073 0033 02       		.uleb128 0x2
 1074 0034 02       		.byte	0x2
ARM GAS  C:\Users\merce\AppData\Local\Temp\ccE0b0LV.s 			page 25


 1075 0035 05       		.byte	0x5
 1076 0036 A3010000 		.4byte	.LASF2
 1077 003a 02       		.uleb128 0x2
 1078 003b 02       		.byte	0x2
 1079 003c 07       		.byte	0x7
 1080 003d B1000000 		.4byte	.LASF3
 1081 0041 02       		.uleb128 0x2
 1082 0042 04       		.byte	0x4
 1083 0043 05       		.byte	0x5
 1084 0044 95020000 		.4byte	.LASF4
 1085 0048 02       		.uleb128 0x2
 1086 0049 04       		.byte	0x4
 1087 004a 07       		.byte	0x7
 1088 004b BB010000 		.4byte	.LASF5
 1089 004f 02       		.uleb128 0x2
 1090 0050 08       		.byte	0x8
 1091 0051 05       		.byte	0x5
 1092 0052 51020000 		.4byte	.LASF6
 1093 0056 02       		.uleb128 0x2
 1094 0057 08       		.byte	0x8
 1095 0058 07       		.byte	0x7
 1096 0059 DA010000 		.4byte	.LASF7
 1097 005d 03       		.uleb128 0x3
 1098 005e 04       		.byte	0x4
 1099 005f 05       		.byte	0x5
 1100 0060 696E7400 		.ascii	"int\000"
 1101 0064 02       		.uleb128 0x2
 1102 0065 04       		.byte	0x4
 1103 0066 07       		.byte	0x7
 1104 0067 CD010000 		.4byte	.LASF8
 1105 006b 04       		.uleb128 0x4
 1106 006c 4D010000 		.4byte	.LASF9
 1107 0070 02       		.byte	0x2
 1108 0071 E901     		.2byte	0x1e9
 1109 0073 2C000000 		.4byte	0x2c
 1110 0077 04       		.uleb128 0x4
 1111 0078 AD010000 		.4byte	.LASF10
 1112 007c 02       		.byte	0x2
 1113 007d EA01     		.2byte	0x1ea
 1114 007f 3A000000 		.4byte	0x3a
 1115 0083 04       		.uleb128 0x4
 1116 0084 B4010000 		.4byte	.LASF11
 1117 0088 02       		.byte	0x2
 1118 0089 EB01     		.2byte	0x1eb
 1119 008b 48000000 		.4byte	0x48
 1120 008f 02       		.uleb128 0x2
 1121 0090 04       		.byte	0x4
 1122 0091 04       		.byte	0x4
 1123 0092 0D010000 		.4byte	.LASF12
 1124 0096 02       		.uleb128 0x2
 1125 0097 08       		.byte	0x8
 1126 0098 04       		.byte	0x4
 1127 0099 8D010000 		.4byte	.LASF13
 1128 009d 02       		.uleb128 0x2
 1129 009e 01       		.byte	0x1
 1130 009f 08       		.byte	0x8
 1131 00a0 6F020000 		.4byte	.LASF14
ARM GAS  C:\Users\merce\AppData\Local\Temp\ccE0b0LV.s 			page 26


 1132 00a4 02       		.uleb128 0x2
 1133 00a5 08       		.byte	0x8
 1134 00a6 04       		.byte	0x4
 1135 00a7 B0020000 		.4byte	.LASF15
 1136 00ab 02       		.uleb128 0x2
 1137 00ac 04       		.byte	0x4
 1138 00ad 07       		.byte	0x7
 1139 00ae 48020000 		.4byte	.LASF16
 1140 00b2 05       		.uleb128 0x5
 1141 00b3 94010000 		.4byte	.LASF17
 1142 00b7 01       		.byte	0x1
 1143 00b8 2B       		.byte	0x2b
 1144 00b9 00000000 		.4byte	.LFB0
 1145 00bd 54000000 		.4byte	.LFE0-.LFB0
 1146 00c1 01       		.uleb128 0x1
 1147 00c2 9C       		.byte	0x9c
 1148 00c3 05       		.uleb128 0x5
 1149 00c4 8E000000 		.4byte	.LASF18
 1150 00c8 01       		.byte	0x1
 1151 00c9 56       		.byte	0x56
 1152 00ca 00000000 		.4byte	.LFB1
 1153 00ce 34000000 		.4byte	.LFE1-.LFB1
 1154 00d2 01       		.uleb128 0x1
 1155 00d3 9C       		.byte	0x9c
 1156 00d4 05       		.uleb128 0x5
 1157 00d5 5F020000 		.4byte	.LASF19
 1158 00d9 01       		.byte	0x1
 1159 00da 81       		.byte	0x81
 1160 00db 00000000 		.4byte	.LFB2
 1161 00df 24000000 		.4byte	.LFE2-.LFB2
 1162 00e3 01       		.uleb128 0x1
 1163 00e4 9C       		.byte	0x9c
 1164 00e5 06       		.uleb128 0x6
 1165 00e6 33010000 		.4byte	.LASF25
 1166 00ea 01       		.byte	0x1
 1167 00eb A3       		.byte	0xa3
 1168 00ec 00000000 		.4byte	.LFB3
 1169 00f0 34000000 		.4byte	.LFE3-.LFB3
 1170 00f4 01       		.uleb128 0x1
 1171 00f5 9C       		.byte	0x9c
 1172 00f6 33010000 		.4byte	0x133
 1173 00fa 07       		.uleb128 0x7
 1174 00fb FB000000 		.4byte	.LASF20
 1175 00ff 01       		.byte	0x1
 1176 0100 A3       		.byte	0xa3
 1177 0101 33010000 		.4byte	0x133
 1178 0105 02       		.uleb128 0x2
 1179 0106 91       		.byte	0x91
 1180 0107 74       		.sleb128 -12
 1181 0108 07       		.uleb128 0x7
 1182 0109 53010000 		.4byte	.LASF21
 1183 010d 01       		.byte	0x1
 1184 010e A3       		.byte	0xa3
 1185 010f 77000000 		.4byte	0x77
 1186 0113 02       		.uleb128 0x2
 1187 0114 91       		.byte	0x91
 1188 0115 72       		.sleb128 -14
ARM GAS  C:\Users\merce\AppData\Local\Temp\ccE0b0LV.s 			page 27


 1189 0116 07       		.uleb128 0x7
 1190 0117 04010000 		.4byte	.LASF22
 1191 011b 01       		.byte	0x1
 1192 011c A3       		.byte	0xa3
 1193 011d 33010000 		.4byte	0x133
 1194 0121 02       		.uleb128 0x2
 1195 0122 91       		.byte	0x91
 1196 0123 6C       		.sleb128 -20
 1197 0124 07       		.uleb128 0x7
 1198 0125 5F010000 		.4byte	.LASF23
 1199 0129 01       		.byte	0x1
 1200 012a A3       		.byte	0xa3
 1201 012b 77000000 		.4byte	0x77
 1202 012f 02       		.uleb128 0x2
 1203 0130 91       		.byte	0x91
 1204 0131 70       		.sleb128 -16
 1205 0132 00       		.byte	0
 1206 0133 08       		.uleb128 0x8
 1207 0134 04       		.byte	0x4
 1208 0135 39010000 		.4byte	0x139
 1209 0139 09       		.uleb128 0x9
 1210 013a 6B000000 		.4byte	0x6b
 1211 013e 05       		.uleb128 0x5
 1212 013f 86020000 		.4byte	.LASF24
 1213 0143 01       		.byte	0x1
 1214 0144 BB       		.byte	0xbb
 1215 0145 00000000 		.4byte	.LFB4
 1216 0149 28000000 		.4byte	.LFE4-.LFB4
 1217 014d 01       		.uleb128 0x1
 1218 014e 9C       		.byte	0x9c
 1219 014f 06       		.uleb128 0x6
 1220 0150 E8020000 		.4byte	.LASF26
 1221 0154 01       		.byte	0x1
 1222 0155 DA       		.byte	0xda
 1223 0156 00000000 		.4byte	.LFB5
 1224 015a 68000000 		.4byte	.LFE5-.LFB5
 1225 015e 01       		.uleb128 0x1
 1226 015f 9C       		.byte	0x9c
 1227 0160 81010000 		.4byte	0x181
 1228 0164 07       		.uleb128 0x7
 1229 0165 45010000 		.4byte	.LASF27
 1230 0169 01       		.byte	0x1
 1231 016a DA       		.byte	0xda
 1232 016b 33010000 		.4byte	0x133
 1233 016f 02       		.uleb128 0x2
 1234 0170 91       		.byte	0x91
 1235 0171 74       		.sleb128 -12
 1236 0172 07       		.uleb128 0x7
 1237 0173 28010000 		.4byte	.LASF28
 1238 0177 01       		.byte	0x1
 1239 0178 DA       		.byte	0xda
 1240 0179 77000000 		.4byte	0x77
 1241 017d 02       		.uleb128 0x2
 1242 017e 91       		.byte	0x91
 1243 017f 72       		.sleb128 -14
 1244 0180 00       		.byte	0
 1245 0181 0A       		.uleb128 0xa
ARM GAS  C:\Users\merce\AppData\Local\Temp\ccE0b0LV.s 			page 28


 1246 0182 13010000 		.4byte	.LASF29
 1247 0186 01       		.byte	0x1
 1248 0187 0801     		.2byte	0x108
 1249 0189 00000000 		.4byte	.LFB6
 1250 018d 68000000 		.4byte	.LFE6-.LFB6
 1251 0191 01       		.uleb128 0x1
 1252 0192 9C       		.byte	0x9c
 1253 0193 B6010000 		.4byte	0x1b6
 1254 0197 0B       		.uleb128 0xb
 1255 0198 45010000 		.4byte	.LASF27
 1256 019c 01       		.byte	0x1
 1257 019d 0801     		.2byte	0x108
 1258 019f 33010000 		.4byte	0x133
 1259 01a3 02       		.uleb128 0x2
 1260 01a4 91       		.byte	0x91
 1261 01a5 74       		.sleb128 -12
 1262 01a6 0B       		.uleb128 0xb
 1263 01a7 28010000 		.4byte	.LASF28
 1264 01ab 01       		.byte	0x1
 1265 01ac 0801     		.2byte	0x108
 1266 01ae 77000000 		.4byte	0x77
 1267 01b2 02       		.uleb128 0x2
 1268 01b3 91       		.byte	0x91
 1269 01b4 72       		.sleb128 -14
 1270 01b5 00       		.byte	0
 1271 01b6 0C       		.uleb128 0xc
 1272 01b7 E7000000 		.4byte	.LASF30
 1273 01bb 01       		.byte	0x1
 1274 01bc 17       		.byte	0x17
 1275 01bd 6B000000 		.4byte	0x6b
 1276 01c1 05       		.uleb128 0x5
 1277 01c2 03       		.byte	0x3
 1278 01c3 01000000 		.4byte	WaveB_DAC_Wave1Chan
 1279 01c7 0C       		.uleb128 0xc
 1280 01c8 79010000 		.4byte	.LASF31
 1281 01cc 01       		.byte	0x1
 1282 01cd 18       		.byte	0x18
 1283 01ce 6B000000 		.4byte	0x6b
 1284 01d2 05       		.uleb128 0x5
 1285 01d3 03       		.byte	0x3
 1286 01d4 02000000 		.4byte	WaveB_DAC_Wave2Chan
 1287 01d8 0C       		.uleb128 0xc
 1288 01d9 9E020000 		.4byte	.LASF32
 1289 01dd 01       		.byte	0x1
 1290 01de 19       		.byte	0x19
 1291 01df 6B000000 		.4byte	0x6b
 1292 01e3 05       		.uleb128 0x5
 1293 01e4 03       		.byte	0x3
 1294 01e5 03000000 		.4byte	WaveB_DAC_Wave1TD
 1295 01e9 0C       		.uleb128 0xc
 1296 01ea 74020000 		.4byte	.LASF33
 1297 01ee 01       		.byte	0x1
 1298 01ef 1A       		.byte	0x1a
 1299 01f0 6B000000 		.4byte	0x6b
 1300 01f4 05       		.uleb128 0x5
 1301 01f5 03       		.byte	0x3
 1302 01f6 04000000 		.4byte	WaveB_DAC_Wave2TD
ARM GAS  C:\Users\merce\AppData\Local\Temp\ccE0b0LV.s 			page 29


 1303 01fa 0D       		.uleb128 0xd
 1304 01fb 9F000000 		.4byte	.LASF34
 1305 01ff 01       		.byte	0x1
 1306 0200 12       		.byte	0x12
 1307 0201 6B000000 		.4byte	0x6b
 1308 0205 05       		.uleb128 0x5
 1309 0206 03       		.byte	0x3
 1310 0207 00000000 		.4byte	WaveB_DAC_initVar
 1311 020b 0E       		.uleb128 0xe
 1312 020c 39010000 		.4byte	0x139
 1313 0210 1C020000 		.4byte	0x21c
 1314 0214 0F       		.uleb128 0xf
 1315 0215 AB000000 		.4byte	0xab
 1316 0219 FF01     		.2byte	0x1ff
 1317 021b 00       		.byte	0
 1318 021c 0D       		.uleb128 0xd
 1319 021d BC020000 		.4byte	.LASF35
 1320 0221 01       		.byte	0x1
 1321 0222 14       		.byte	0x14
 1322 0223 2D020000 		.4byte	0x22d
 1323 0227 05       		.uleb128 0x5
 1324 0228 03       		.byte	0x3
 1325 0229 00000000 		.4byte	WaveB_DAC_wave1
 1326 022d 09       		.uleb128 0x9
 1327 022e 0B020000 		.4byte	0x20b
 1328 0232 0E       		.uleb128 0xe
 1329 0233 39010000 		.4byte	0x139
 1330 0237 42020000 		.4byte	0x242
 1331 023b 10       		.uleb128 0x10
 1332 023c AB000000 		.4byte	0xab
 1333 0240 63       		.byte	0x63
 1334 0241 00       		.byte	0
 1335 0242 0D       		.uleb128 0xd
 1336 0243 D8020000 		.4byte	.LASF36
 1337 0247 01       		.byte	0x1
 1338 0248 15       		.byte	0x15
 1339 0249 53020000 		.4byte	0x253
 1340 024d 05       		.uleb128 0x5
 1341 024e 03       		.byte	0x3
 1342 024f 00000000 		.4byte	WaveB_DAC_wave2
 1343 0253 09       		.uleb128 0x9
 1344 0254 32020000 		.4byte	0x232
 1345 0258 00       		.byte	0
 1346              		.section	.debug_abbrev,"",%progbits
 1347              	.Ldebug_abbrev0:
 1348 0000 01       		.uleb128 0x1
 1349 0001 11       		.uleb128 0x11
 1350 0002 01       		.byte	0x1
 1351 0003 25       		.uleb128 0x25
 1352 0004 0E       		.uleb128 0xe
 1353 0005 13       		.uleb128 0x13
 1354 0006 0B       		.uleb128 0xb
 1355 0007 03       		.uleb128 0x3
 1356 0008 0E       		.uleb128 0xe
 1357 0009 1B       		.uleb128 0x1b
 1358 000a 0E       		.uleb128 0xe
 1359 000b 55       		.uleb128 0x55
ARM GAS  C:\Users\merce\AppData\Local\Temp\ccE0b0LV.s 			page 30


 1360 000c 17       		.uleb128 0x17
 1361 000d 11       		.uleb128 0x11
 1362 000e 01       		.uleb128 0x1
 1363 000f 10       		.uleb128 0x10
 1364 0010 17       		.uleb128 0x17
 1365 0011 00       		.byte	0
 1366 0012 00       		.byte	0
 1367 0013 02       		.uleb128 0x2
 1368 0014 24       		.uleb128 0x24
 1369 0015 00       		.byte	0
 1370 0016 0B       		.uleb128 0xb
 1371 0017 0B       		.uleb128 0xb
 1372 0018 3E       		.uleb128 0x3e
 1373 0019 0B       		.uleb128 0xb
 1374 001a 03       		.uleb128 0x3
 1375 001b 0E       		.uleb128 0xe
 1376 001c 00       		.byte	0
 1377 001d 00       		.byte	0
 1378 001e 03       		.uleb128 0x3
 1379 001f 24       		.uleb128 0x24
 1380 0020 00       		.byte	0
 1381 0021 0B       		.uleb128 0xb
 1382 0022 0B       		.uleb128 0xb
 1383 0023 3E       		.uleb128 0x3e
 1384 0024 0B       		.uleb128 0xb
 1385 0025 03       		.uleb128 0x3
 1386 0026 08       		.uleb128 0x8
 1387 0027 00       		.byte	0
 1388 0028 00       		.byte	0
 1389 0029 04       		.uleb128 0x4
 1390 002a 16       		.uleb128 0x16
 1391 002b 00       		.byte	0
 1392 002c 03       		.uleb128 0x3
 1393 002d 0E       		.uleb128 0xe
 1394 002e 3A       		.uleb128 0x3a
 1395 002f 0B       		.uleb128 0xb
 1396 0030 3B       		.uleb128 0x3b
 1397 0031 05       		.uleb128 0x5
 1398 0032 49       		.uleb128 0x49
 1399 0033 13       		.uleb128 0x13
 1400 0034 00       		.byte	0
 1401 0035 00       		.byte	0
 1402 0036 05       		.uleb128 0x5
 1403 0037 2E       		.uleb128 0x2e
 1404 0038 00       		.byte	0
 1405 0039 3F       		.uleb128 0x3f
 1406 003a 19       		.uleb128 0x19
 1407 003b 03       		.uleb128 0x3
 1408 003c 0E       		.uleb128 0xe
 1409 003d 3A       		.uleb128 0x3a
 1410 003e 0B       		.uleb128 0xb
 1411 003f 3B       		.uleb128 0x3b
 1412 0040 0B       		.uleb128 0xb
 1413 0041 27       		.uleb128 0x27
 1414 0042 19       		.uleb128 0x19
 1415 0043 11       		.uleb128 0x11
 1416 0044 01       		.uleb128 0x1
ARM GAS  C:\Users\merce\AppData\Local\Temp\ccE0b0LV.s 			page 31


 1417 0045 12       		.uleb128 0x12
 1418 0046 06       		.uleb128 0x6
 1419 0047 40       		.uleb128 0x40
 1420 0048 18       		.uleb128 0x18
 1421 0049 9642     		.uleb128 0x2116
 1422 004b 19       		.uleb128 0x19
 1423 004c 00       		.byte	0
 1424 004d 00       		.byte	0
 1425 004e 06       		.uleb128 0x6
 1426 004f 2E       		.uleb128 0x2e
 1427 0050 01       		.byte	0x1
 1428 0051 3F       		.uleb128 0x3f
 1429 0052 19       		.uleb128 0x19
 1430 0053 03       		.uleb128 0x3
 1431 0054 0E       		.uleb128 0xe
 1432 0055 3A       		.uleb128 0x3a
 1433 0056 0B       		.uleb128 0xb
 1434 0057 3B       		.uleb128 0x3b
 1435 0058 0B       		.uleb128 0xb
 1436 0059 27       		.uleb128 0x27
 1437 005a 19       		.uleb128 0x19
 1438 005b 11       		.uleb128 0x11
 1439 005c 01       		.uleb128 0x1
 1440 005d 12       		.uleb128 0x12
 1441 005e 06       		.uleb128 0x6
 1442 005f 40       		.uleb128 0x40
 1443 0060 18       		.uleb128 0x18
 1444 0061 9642     		.uleb128 0x2116
 1445 0063 19       		.uleb128 0x19
 1446 0064 01       		.uleb128 0x1
 1447 0065 13       		.uleb128 0x13
 1448 0066 00       		.byte	0
 1449 0067 00       		.byte	0
 1450 0068 07       		.uleb128 0x7
 1451 0069 05       		.uleb128 0x5
 1452 006a 00       		.byte	0
 1453 006b 03       		.uleb128 0x3
 1454 006c 0E       		.uleb128 0xe
 1455 006d 3A       		.uleb128 0x3a
 1456 006e 0B       		.uleb128 0xb
 1457 006f 3B       		.uleb128 0x3b
 1458 0070 0B       		.uleb128 0xb
 1459 0071 49       		.uleb128 0x49
 1460 0072 13       		.uleb128 0x13
 1461 0073 02       		.uleb128 0x2
 1462 0074 18       		.uleb128 0x18
 1463 0075 00       		.byte	0
 1464 0076 00       		.byte	0
 1465 0077 08       		.uleb128 0x8
 1466 0078 0F       		.uleb128 0xf
 1467 0079 00       		.byte	0
 1468 007a 0B       		.uleb128 0xb
 1469 007b 0B       		.uleb128 0xb
 1470 007c 49       		.uleb128 0x49
 1471 007d 13       		.uleb128 0x13
 1472 007e 00       		.byte	0
 1473 007f 00       		.byte	0
ARM GAS  C:\Users\merce\AppData\Local\Temp\ccE0b0LV.s 			page 32


 1474 0080 09       		.uleb128 0x9
 1475 0081 26       		.uleb128 0x26
 1476 0082 00       		.byte	0
 1477 0083 49       		.uleb128 0x49
 1478 0084 13       		.uleb128 0x13
 1479 0085 00       		.byte	0
 1480 0086 00       		.byte	0
 1481 0087 0A       		.uleb128 0xa
 1482 0088 2E       		.uleb128 0x2e
 1483 0089 01       		.byte	0x1
 1484 008a 3F       		.uleb128 0x3f
 1485 008b 19       		.uleb128 0x19
 1486 008c 03       		.uleb128 0x3
 1487 008d 0E       		.uleb128 0xe
 1488 008e 3A       		.uleb128 0x3a
 1489 008f 0B       		.uleb128 0xb
 1490 0090 3B       		.uleb128 0x3b
 1491 0091 05       		.uleb128 0x5
 1492 0092 27       		.uleb128 0x27
 1493 0093 19       		.uleb128 0x19
 1494 0094 11       		.uleb128 0x11
 1495 0095 01       		.uleb128 0x1
 1496 0096 12       		.uleb128 0x12
 1497 0097 06       		.uleb128 0x6
 1498 0098 40       		.uleb128 0x40
 1499 0099 18       		.uleb128 0x18
 1500 009a 9642     		.uleb128 0x2116
 1501 009c 19       		.uleb128 0x19
 1502 009d 01       		.uleb128 0x1
 1503 009e 13       		.uleb128 0x13
 1504 009f 00       		.byte	0
 1505 00a0 00       		.byte	0
 1506 00a1 0B       		.uleb128 0xb
 1507 00a2 05       		.uleb128 0x5
 1508 00a3 00       		.byte	0
 1509 00a4 03       		.uleb128 0x3
 1510 00a5 0E       		.uleb128 0xe
 1511 00a6 3A       		.uleb128 0x3a
 1512 00a7 0B       		.uleb128 0xb
 1513 00a8 3B       		.uleb128 0x3b
 1514 00a9 05       		.uleb128 0x5
 1515 00aa 49       		.uleb128 0x49
 1516 00ab 13       		.uleb128 0x13
 1517 00ac 02       		.uleb128 0x2
 1518 00ad 18       		.uleb128 0x18
 1519 00ae 00       		.byte	0
 1520 00af 00       		.byte	0
 1521 00b0 0C       		.uleb128 0xc
 1522 00b1 34       		.uleb128 0x34
 1523 00b2 00       		.byte	0
 1524 00b3 03       		.uleb128 0x3
 1525 00b4 0E       		.uleb128 0xe
 1526 00b5 3A       		.uleb128 0x3a
 1527 00b6 0B       		.uleb128 0xb
 1528 00b7 3B       		.uleb128 0x3b
 1529 00b8 0B       		.uleb128 0xb
 1530 00b9 49       		.uleb128 0x49
ARM GAS  C:\Users\merce\AppData\Local\Temp\ccE0b0LV.s 			page 33


 1531 00ba 13       		.uleb128 0x13
 1532 00bb 02       		.uleb128 0x2
 1533 00bc 18       		.uleb128 0x18
 1534 00bd 00       		.byte	0
 1535 00be 00       		.byte	0
 1536 00bf 0D       		.uleb128 0xd
 1537 00c0 34       		.uleb128 0x34
 1538 00c1 00       		.byte	0
 1539 00c2 03       		.uleb128 0x3
 1540 00c3 0E       		.uleb128 0xe
 1541 00c4 3A       		.uleb128 0x3a
 1542 00c5 0B       		.uleb128 0xb
 1543 00c6 3B       		.uleb128 0x3b
 1544 00c7 0B       		.uleb128 0xb
 1545 00c8 49       		.uleb128 0x49
 1546 00c9 13       		.uleb128 0x13
 1547 00ca 3F       		.uleb128 0x3f
 1548 00cb 19       		.uleb128 0x19
 1549 00cc 02       		.uleb128 0x2
 1550 00cd 18       		.uleb128 0x18
 1551 00ce 00       		.byte	0
 1552 00cf 00       		.byte	0
 1553 00d0 0E       		.uleb128 0xe
 1554 00d1 01       		.uleb128 0x1
 1555 00d2 01       		.byte	0x1
 1556 00d3 49       		.uleb128 0x49
 1557 00d4 13       		.uleb128 0x13
 1558 00d5 01       		.uleb128 0x1
 1559 00d6 13       		.uleb128 0x13
 1560 00d7 00       		.byte	0
 1561 00d8 00       		.byte	0
 1562 00d9 0F       		.uleb128 0xf
 1563 00da 21       		.uleb128 0x21
 1564 00db 00       		.byte	0
 1565 00dc 49       		.uleb128 0x49
 1566 00dd 13       		.uleb128 0x13
 1567 00de 2F       		.uleb128 0x2f
 1568 00df 05       		.uleb128 0x5
 1569 00e0 00       		.byte	0
 1570 00e1 00       		.byte	0
 1571 00e2 10       		.uleb128 0x10
 1572 00e3 21       		.uleb128 0x21
 1573 00e4 00       		.byte	0
 1574 00e5 49       		.uleb128 0x49
 1575 00e6 13       		.uleb128 0x13
 1576 00e7 2F       		.uleb128 0x2f
 1577 00e8 0B       		.uleb128 0xb
 1578 00e9 00       		.byte	0
 1579 00ea 00       		.byte	0
 1580 00eb 00       		.byte	0
 1581              		.section	.debug_aranges,"",%progbits
 1582 0000 4C000000 		.4byte	0x4c
 1583 0004 0200     		.2byte	0x2
 1584 0006 00000000 		.4byte	.Ldebug_info0
 1585 000a 04       		.byte	0x4
 1586 000b 00       		.byte	0
 1587 000c 0000     		.2byte	0
ARM GAS  C:\Users\merce\AppData\Local\Temp\ccE0b0LV.s 			page 34


 1588 000e 0000     		.2byte	0
 1589 0010 00000000 		.4byte	.LFB0
 1590 0014 54000000 		.4byte	.LFE0-.LFB0
 1591 0018 00000000 		.4byte	.LFB1
 1592 001c 34000000 		.4byte	.LFE1-.LFB1
 1593 0020 00000000 		.4byte	.LFB2
 1594 0024 24000000 		.4byte	.LFE2-.LFB2
 1595 0028 00000000 		.4byte	.LFB3
 1596 002c 34000000 		.4byte	.LFE3-.LFB3
 1597 0030 00000000 		.4byte	.LFB4
 1598 0034 28000000 		.4byte	.LFE4-.LFB4
 1599 0038 00000000 		.4byte	.LFB5
 1600 003c 68000000 		.4byte	.LFE5-.LFB5
 1601 0040 00000000 		.4byte	.LFB6
 1602 0044 68000000 		.4byte	.LFE6-.LFB6
 1603 0048 00000000 		.4byte	0
 1604 004c 00000000 		.4byte	0
 1605              		.section	.debug_ranges,"",%progbits
 1606              	.Ldebug_ranges0:
 1607 0000 00000000 		.4byte	.LFB0
 1608 0004 54000000 		.4byte	.LFE0
 1609 0008 00000000 		.4byte	.LFB1
 1610 000c 34000000 		.4byte	.LFE1
 1611 0010 00000000 		.4byte	.LFB2
 1612 0014 24000000 		.4byte	.LFE2
 1613 0018 00000000 		.4byte	.LFB3
 1614 001c 34000000 		.4byte	.LFE3
 1615 0020 00000000 		.4byte	.LFB4
 1616 0024 28000000 		.4byte	.LFE4
 1617 0028 00000000 		.4byte	.LFB5
 1618 002c 68000000 		.4byte	.LFE5
 1619 0030 00000000 		.4byte	.LFB6
 1620 0034 68000000 		.4byte	.LFE6
 1621 0038 00000000 		.4byte	0
 1622 003c 00000000 		.4byte	0
 1623              		.section	.debug_line,"",%progbits
 1624              	.Ldebug_line0:
 1625 0000 ED000000 		.section	.debug_str,"MS",%progbits,1
 1625      02004600 
 1625      00000201 
 1625      FB0E0D00 
 1625      01010101 
 1626              	.LASF37:
 1627 0000 474E5520 		.ascii	"GNU C11 5.4.1 20160609 (release) [ARM/embedded-5-br"
 1627      43313120 
 1627      352E342E 
 1627      31203230 
 1627      31363036 
 1628 0033 616E6368 		.ascii	"anch revision 237715] -mcpu=cortex-m3 -mthumb -g -O"
 1628      20726576 
 1628      6973696F 
 1628      6E203233 
 1628      37373135 
 1629 0066 30202D66 		.ascii	"0 -ffunction-sections -ffat-lto-objects\000"
 1629      66756E63 
 1629      74696F6E 
 1629      2D736563 
ARM GAS  C:\Users\merce\AppData\Local\Temp\ccE0b0LV.s 			page 35


 1629      74696F6E 
 1630              	.LASF18:
 1631 008e 57617665 		.ascii	"WaveB_DAC_Enable\000"
 1631      425F4441 
 1631      435F456E 
 1631      61626C65 
 1631      00
 1632              	.LASF34:
 1633 009f 57617665 		.ascii	"WaveB_DAC_initVar\000"
 1633      425F4441 
 1633      435F696E 
 1633      69745661 
 1633      7200
 1634              	.LASF3:
 1635 00b1 73686F72 		.ascii	"short unsigned int\000"
 1635      7420756E 
 1635      7369676E 
 1635      65642069 
 1635      6E7400
 1636              	.LASF38:
 1637 00c4 47656E65 		.ascii	"Generated_Source\\PSoC5\\WaveB_DAC.c\000"
 1637      72617465 
 1637      645F536F 
 1637      75726365 
 1637      5C50536F 
 1638              	.LASF30:
 1639 00e7 57617665 		.ascii	"WaveB_DAC_Wave1Chan\000"
 1639      425F4441 
 1639      435F5761 
 1639      76653143 
 1639      68616E00 
 1640              	.LASF20:
 1641 00fb 77617665 		.ascii	"wavePtr1\000"
 1641      50747231 
 1641      00
 1642              	.LASF22:
 1643 0104 77617665 		.ascii	"wavePtr2\000"
 1643      50747232 
 1643      00
 1644              	.LASF12:
 1645 010d 666C6F61 		.ascii	"float\000"
 1645      7400
 1646              	.LASF29:
 1647 0113 57617665 		.ascii	"WaveB_DAC_Wave2Setup\000"
 1647      425F4441 
 1647      435F5761 
 1647      76653253 
 1647      65747570 
 1648              	.LASF28:
 1649 0128 73616D70 		.ascii	"sampleSize\000"
 1649      6C655369 
 1649      7A6500
 1650              	.LASF25:
 1651 0133 57617665 		.ascii	"WaveB_DAC_StartEx\000"
 1651      425F4441 
 1651      435F5374 
 1651      61727445 
ARM GAS  C:\Users\merce\AppData\Local\Temp\ccE0b0LV.s 			page 36


 1651      7800
 1652              	.LASF27:
 1653 0145 77617665 		.ascii	"wavePtr\000"
 1653      50747200 
 1654              	.LASF9:
 1655 014d 75696E74 		.ascii	"uint8\000"
 1655      3800
 1656              	.LASF21:
 1657 0153 73616D70 		.ascii	"sampleSize1\000"
 1657      6C655369 
 1657      7A653100 
 1658              	.LASF23:
 1659 015f 73616D70 		.ascii	"sampleSize2\000"
 1659      6C655369 
 1659      7A653200 
 1660              	.LASF1:
 1661 016b 756E7369 		.ascii	"unsigned char\000"
 1661      676E6564 
 1661      20636861 
 1661      7200
 1662              	.LASF31:
 1663 0179 57617665 		.ascii	"WaveB_DAC_Wave2Chan\000"
 1663      425F4441 
 1663      435F5761 
 1663      76653243 
 1663      68616E00 
 1664              	.LASF13:
 1665 018d 646F7562 		.ascii	"double\000"
 1665      6C6500
 1666              	.LASF17:
 1667 0194 57617665 		.ascii	"WaveB_DAC_Init\000"
 1667      425F4441 
 1667      435F496E 
 1667      697400
 1668              	.LASF2:
 1669 01a3 73686F72 		.ascii	"short int\000"
 1669      7420696E 
 1669      7400
 1670              	.LASF10:
 1671 01ad 75696E74 		.ascii	"uint16\000"
 1671      313600
 1672              	.LASF11:
 1673 01b4 75696E74 		.ascii	"uint32\000"
 1673      333200
 1674              	.LASF5:
 1675 01bb 6C6F6E67 		.ascii	"long unsigned int\000"
 1675      20756E73 
 1675      69676E65 
 1675      6420696E 
 1675      7400
 1676              	.LASF8:
 1677 01cd 756E7369 		.ascii	"unsigned int\000"
 1677      676E6564 
 1677      20696E74 
 1677      00
 1678              	.LASF7:
 1679 01da 6C6F6E67 		.ascii	"long long unsigned int\000"
ARM GAS  C:\Users\merce\AppData\Local\Temp\ccE0b0LV.s 			page 37


 1679      206C6F6E 
 1679      6720756E 
 1679      7369676E 
 1679      65642069 
 1680              	.LASF39:
 1681 01f1 433A5C55 		.ascii	"C:\\Users\\merce\\Documents\\scope\\CyScope\\CY8CKI"
 1681      73657273 
 1681      5C6D6572 
 1681      63655C44 
 1681      6F63756D 
 1682 021e 542D3034 		.ascii	"T-044\\ScopeKitProg\\Scope_CY8KIT-044.cydsn\000"
 1682      345C5363 
 1682      6F70654B 
 1682      69745072 
 1682      6F675C53 
 1683              	.LASF16:
 1684 0248 73697A65 		.ascii	"sizetype\000"
 1684      74797065 
 1684      00
 1685              	.LASF6:
 1686 0251 6C6F6E67 		.ascii	"long long int\000"
 1686      206C6F6E 
 1686      6720696E 
 1686      7400
 1687              	.LASF19:
 1688 025f 57617665 		.ascii	"WaveB_DAC_Start\000"
 1688      425F4441 
 1688      435F5374 
 1688      61727400 
 1689              	.LASF14:
 1690 026f 63686172 		.ascii	"char\000"
 1690      00
 1691              	.LASF33:
 1692 0274 57617665 		.ascii	"WaveB_DAC_Wave2TD\000"
 1692      425F4441 
 1692      435F5761 
 1692      76653254 
 1692      4400
 1693              	.LASF24:
 1694 0286 57617665 		.ascii	"WaveB_DAC_Stop\000"
 1694      425F4441 
 1694      435F5374 
 1694      6F7000
 1695              	.LASF4:
 1696 0295 6C6F6E67 		.ascii	"long int\000"
 1696      20696E74 
 1696      00
 1697              	.LASF32:
 1698 029e 57617665 		.ascii	"WaveB_DAC_Wave1TD\000"
 1698      425F4441 
 1698      435F5761 
 1698      76653154 
 1698      4400
 1699              	.LASF15:
 1700 02b0 6C6F6E67 		.ascii	"long double\000"
 1700      20646F75 
 1700      626C6500 
ARM GAS  C:\Users\merce\AppData\Local\Temp\ccE0b0LV.s 			page 38


 1701              	.LASF35:
 1702 02bc 57617665 		.ascii	"WaveB_DAC_wave1\000"
 1702      425F4441 
 1702      435F7761 
 1702      76653100 
 1703              	.LASF0:
 1704 02cc 7369676E 		.ascii	"signed char\000"
 1704      65642063 
 1704      68617200 
 1705              	.LASF36:
 1706 02d8 57617665 		.ascii	"WaveB_DAC_wave2\000"
 1706      425F4441 
 1706      435F7761 
 1706      76653200 
 1707              	.LASF26:
 1708 02e8 57617665 		.ascii	"WaveB_DAC_Wave1Setup\000"
 1708      425F4441 
 1708      435F5761 
 1708      76653153 
 1708      65747570 
 1709              		.ident	"GCC: (GNU Tools for ARM Embedded Processors) 5.4.1 20160609 (release) [ARM/embedded-5-bran
