ARM GAS  C:\Users\merce\AppData\Local\Temp\cckjl0AJ.s 			page 1


   1              		.syntax unified
   2              		.cpu cortex-m3
   3              		.fpu softvfp
   4              		.eabi_attribute 20, 1
   5              		.eabi_attribute 21, 1
   6              		.eabi_attribute 23, 3
   7              		.eabi_attribute 24, 1
   8              		.eabi_attribute 25, 1
   9              		.eabi_attribute 26, 1
  10              		.eabi_attribute 30, 6
  11              		.eabi_attribute 34, 1
  12              		.eabi_attribute 18, 4
  13              		.thumb
  14              		.syntax unified
  15              		.file	"WaveA_DAC.c"
  16              		.text
  17              	.Ltext0:
  18              		.cfi_sections	.debug_frame
  19              		.global	WaveA_DAC_initVar
  20              		.bss
  21              		.type	WaveA_DAC_initVar, %object
  22              		.size	WaveA_DAC_initVar, 1
  23              	WaveA_DAC_initVar:
  24 0000 00       		.space	1
  25              		.global	WaveA_DAC_wave1
  26              		.section	.rodata
  27              		.align	2
  28              		.type	WaveA_DAC_wave1, %object
  29              		.size	WaveA_DAC_wave1, 512
  30              	WaveA_DAC_wave1:
  31 0000 80       		.byte	-128
  32 0001 80       		.byte	-128
  33 0002 80       		.byte	-128
  34 0003 81       		.byte	-127
  35 0004 81       		.byte	-127
  36 0005 81       		.byte	-127
  37 0006 82       		.byte	-126
  38 0007 82       		.byte	-126
  39 0008 83       		.byte	-125
  40 0009 83       		.byte	-125
  41 000a 83       		.byte	-125
  42 000b 84       		.byte	-124
  43 000c 84       		.byte	-124
  44 000d 84       		.byte	-124
  45 000e 85       		.byte	-123
  46 000f 85       		.byte	-123
  47 0010 86       		.byte	-122
  48 0011 86       		.byte	-122
  49 0012 86       		.byte	-122
  50 0013 87       		.byte	-121
  51 0014 87       		.byte	-121
  52 0015 87       		.byte	-121
  53 0016 88       		.byte	-120
  54 0017 88       		.byte	-120
  55 0018 89       		.byte	-119
  56 0019 89       		.byte	-119
  57 001a 89       		.byte	-119
ARM GAS  C:\Users\merce\AppData\Local\Temp\cckjl0AJ.s 			page 2


  58 001b 8A       		.byte	-118
  59 001c 8A       		.byte	-118
  60 001d 8A       		.byte	-118
  61 001e 8B       		.byte	-117
  62 001f 8B       		.byte	-117
  63 0020 8B       		.byte	-117
  64 0021 8C       		.byte	-116
  65 0022 8C       		.byte	-116
  66 0023 8D       		.byte	-115
  67 0024 8D       		.byte	-115
  68 0025 8D       		.byte	-115
  69 0026 8E       		.byte	-114
  70 0027 8E       		.byte	-114
  71 0028 8E       		.byte	-114
  72 0029 8F       		.byte	-113
  73 002a 8F       		.byte	-113
  74 002b 8F       		.byte	-113
  75 002c 90       		.byte	-112
  76 002d 90       		.byte	-112
  77 002e 90       		.byte	-112
  78 002f 91       		.byte	-111
  79 0030 91       		.byte	-111
  80 0031 91       		.byte	-111
  81 0032 91       		.byte	-111
  82 0033 92       		.byte	-110
  83 0034 92       		.byte	-110
  84 0035 92       		.byte	-110
  85 0036 93       		.byte	-109
  86 0037 93       		.byte	-109
  87 0038 93       		.byte	-109
  88 0039 94       		.byte	-108
  89 003a 94       		.byte	-108
  90 003b 94       		.byte	-108
  91 003c 94       		.byte	-108
  92 003d 95       		.byte	-107
  93 003e 95       		.byte	-107
  94 003f 95       		.byte	-107
  95 0040 96       		.byte	-106
  96 0041 96       		.byte	-106
  97 0042 96       		.byte	-106
  98 0043 96       		.byte	-106
  99 0044 97       		.byte	-105
 100 0045 97       		.byte	-105
 101 0046 97       		.byte	-105
 102 0047 97       		.byte	-105
 103 0048 98       		.byte	-104
 104 0049 98       		.byte	-104
 105 004a 98       		.byte	-104
 106 004b 98       		.byte	-104
 107 004c 99       		.byte	-103
 108 004d 99       		.byte	-103
 109 004e 99       		.byte	-103
 110 004f 99       		.byte	-103
 111 0050 99       		.byte	-103
 112 0051 9A       		.byte	-102
 113 0052 9A       		.byte	-102
 114 0053 9A       		.byte	-102
ARM GAS  C:\Users\merce\AppData\Local\Temp\cckjl0AJ.s 			page 3


 115 0054 9A       		.byte	-102
 116 0055 9A       		.byte	-102
 117 0056 9B       		.byte	-101
 118 0057 9B       		.byte	-101
 119 0058 9B       		.byte	-101
 120 0059 9B       		.byte	-101
 121 005a 9B       		.byte	-101
 122 005b 9C       		.byte	-100
 123 005c 9C       		.byte	-100
 124 005d 9C       		.byte	-100
 125 005e 9C       		.byte	-100
 126 005f 9C       		.byte	-100
 127 0060 9C       		.byte	-100
 128 0061 9D       		.byte	-99
 129 0062 9D       		.byte	-99
 130 0063 9D       		.byte	-99
 131 0064 9D       		.byte	-99
 132 0065 9D       		.byte	-99
 133 0066 9D       		.byte	-99
 134 0067 9D       		.byte	-99
 135 0068 9D       		.byte	-99
 136 0069 9E       		.byte	-98
 137 006a 9E       		.byte	-98
 138 006b 9E       		.byte	-98
 139 006c 9E       		.byte	-98
 140 006d 9E       		.byte	-98
 141 006e 9E       		.byte	-98
 142 006f 9E       		.byte	-98
 143 0070 9E       		.byte	-98
 144 0071 9E       		.byte	-98
 145 0072 9E       		.byte	-98
 146 0073 9E       		.byte	-98
 147 0074 9E       		.byte	-98
 148 0075 9E       		.byte	-98
 149 0076 9F       		.byte	-97
 150 0077 9F       		.byte	-97
 151 0078 9F       		.byte	-97
 152 0079 9F       		.byte	-97
 153 007a 9F       		.byte	-97
 154 007b 9F       		.byte	-97
 155 007c 9F       		.byte	-97
 156 007d 9F       		.byte	-97
 157 007e 9F       		.byte	-97
 158 007f 9F       		.byte	-97
 159 0080 9F       		.byte	-97
 160 0081 9F       		.byte	-97
 161 0082 9F       		.byte	-97
 162 0083 9F       		.byte	-97
 163 0084 9F       		.byte	-97
 164 0085 9F       		.byte	-97
 165 0086 9F       		.byte	-97
 166 0087 9F       		.byte	-97
 167 0088 9F       		.byte	-97
 168 0089 9F       		.byte	-97
 169 008a 9F       		.byte	-97
 170 008b 9E       		.byte	-98
 171 008c 9E       		.byte	-98
ARM GAS  C:\Users\merce\AppData\Local\Temp\cckjl0AJ.s 			page 4


 172 008d 9E       		.byte	-98
 173 008e 9E       		.byte	-98
 174 008f 9E       		.byte	-98
 175 0090 9E       		.byte	-98
 176 0091 9E       		.byte	-98
 177 0092 9E       		.byte	-98
 178 0093 9E       		.byte	-98
 179 0094 9E       		.byte	-98
 180 0095 9E       		.byte	-98
 181 0096 9E       		.byte	-98
 182 0097 9E       		.byte	-98
 183 0098 9D       		.byte	-99
 184 0099 9D       		.byte	-99
 185 009a 9D       		.byte	-99
 186 009b 9D       		.byte	-99
 187 009c 9D       		.byte	-99
 188 009d 9D       		.byte	-99
 189 009e 9D       		.byte	-99
 190 009f 9D       		.byte	-99
 191 00a0 9C       		.byte	-100
 192 00a1 9C       		.byte	-100
 193 00a2 9C       		.byte	-100
 194 00a3 9C       		.byte	-100
 195 00a4 9C       		.byte	-100
 196 00a5 9C       		.byte	-100
 197 00a6 9B       		.byte	-101
 198 00a7 9B       		.byte	-101
 199 00a8 9B       		.byte	-101
 200 00a9 9B       		.byte	-101
 201 00aa 9B       		.byte	-101
 202 00ab 9A       		.byte	-102
 203 00ac 9A       		.byte	-102
 204 00ad 9A       		.byte	-102
 205 00ae 9A       		.byte	-102
 206 00af 9A       		.byte	-102
 207 00b0 99       		.byte	-103
 208 00b1 99       		.byte	-103
 209 00b2 99       		.byte	-103
 210 00b3 99       		.byte	-103
 211 00b4 99       		.byte	-103
 212 00b5 98       		.byte	-104
 213 00b6 98       		.byte	-104
 214 00b7 98       		.byte	-104
 215 00b8 98       		.byte	-104
 216 00b9 97       		.byte	-105
 217 00ba 97       		.byte	-105
 218 00bb 97       		.byte	-105
 219 00bc 97       		.byte	-105
 220 00bd 96       		.byte	-106
 221 00be 96       		.byte	-106
 222 00bf 96       		.byte	-106
 223 00c0 96       		.byte	-106
 224 00c1 95       		.byte	-107
 225 00c2 95       		.byte	-107
 226 00c3 95       		.byte	-107
 227 00c4 94       		.byte	-108
 228 00c5 94       		.byte	-108
ARM GAS  C:\Users\merce\AppData\Local\Temp\cckjl0AJ.s 			page 5


 229 00c6 94       		.byte	-108
 230 00c7 94       		.byte	-108
 231 00c8 93       		.byte	-109
 232 00c9 93       		.byte	-109
 233 00ca 93       		.byte	-109
 234 00cb 92       		.byte	-110
 235 00cc 92       		.byte	-110
 236 00cd 92       		.byte	-110
 237 00ce 91       		.byte	-111
 238 00cf 91       		.byte	-111
 239 00d0 91       		.byte	-111
 240 00d1 91       		.byte	-111
 241 00d2 90       		.byte	-112
 242 00d3 90       		.byte	-112
 243 00d4 90       		.byte	-112
 244 00d5 8F       		.byte	-113
 245 00d6 8F       		.byte	-113
 246 00d7 8F       		.byte	-113
 247 00d8 8E       		.byte	-114
 248 00d9 8E       		.byte	-114
 249 00da 8E       		.byte	-114
 250 00db 8D       		.byte	-115
 251 00dc 8D       		.byte	-115
 252 00dd 8D       		.byte	-115
 253 00de 8C       		.byte	-116
 254 00df 8C       		.byte	-116
 255 00e0 8B       		.byte	-117
 256 00e1 8B       		.byte	-117
 257 00e2 8B       		.byte	-117
 258 00e3 8A       		.byte	-118
 259 00e4 8A       		.byte	-118
 260 00e5 8A       		.byte	-118
 261 00e6 89       		.byte	-119
 262 00e7 89       		.byte	-119
 263 00e8 89       		.byte	-119
 264 00e9 88       		.byte	-120
 265 00ea 88       		.byte	-120
 266 00eb 87       		.byte	-121
 267 00ec 87       		.byte	-121
 268 00ed 87       		.byte	-121
 269 00ee 86       		.byte	-122
 270 00ef 86       		.byte	-122
 271 00f0 86       		.byte	-122
 272 00f1 85       		.byte	-123
 273 00f2 85       		.byte	-123
 274 00f3 84       		.byte	-124
 275 00f4 84       		.byte	-124
 276 00f5 84       		.byte	-124
 277 00f6 83       		.byte	-125
 278 00f7 83       		.byte	-125
 279 00f8 83       		.byte	-125
 280 00f9 82       		.byte	-126
 281 00fa 82       		.byte	-126
 282 00fb 81       		.byte	-127
 283 00fc 81       		.byte	-127
 284 00fd 81       		.byte	-127
 285 00fe 80       		.byte	-128
ARM GAS  C:\Users\merce\AppData\Local\Temp\cckjl0AJ.s 			page 6


 286 00ff 80       		.byte	-128
 287 0100 80       		.byte	-128
 288 0101 7F       		.byte	127
 289 0102 7F       		.byte	127
 290 0103 7E       		.byte	126
 291 0104 7E       		.byte	126
 292 0105 7E       		.byte	126
 293 0106 7D       		.byte	125
 294 0107 7D       		.byte	125
 295 0108 7C       		.byte	124
 296 0109 7C       		.byte	124
 297 010a 7C       		.byte	124
 298 010b 7B       		.byte	123
 299 010c 7B       		.byte	123
 300 010d 7B       		.byte	123
 301 010e 7A       		.byte	122
 302 010f 7A       		.byte	122
 303 0110 79       		.byte	121
 304 0111 79       		.byte	121
 305 0112 79       		.byte	121
 306 0113 78       		.byte	120
 307 0114 78       		.byte	120
 308 0115 78       		.byte	120
 309 0116 77       		.byte	119
 310 0117 77       		.byte	119
 311 0118 76       		.byte	118
 312 0119 76       		.byte	118
 313 011a 76       		.byte	118
 314 011b 75       		.byte	117
 315 011c 75       		.byte	117
 316 011d 75       		.byte	117
 317 011e 74       		.byte	116
 318 011f 74       		.byte	116
 319 0120 74       		.byte	116
 320 0121 73       		.byte	115
 321 0122 73       		.byte	115
 322 0123 72       		.byte	114
 323 0124 72       		.byte	114
 324 0125 72       		.byte	114
 325 0126 71       		.byte	113
 326 0127 71       		.byte	113
 327 0128 71       		.byte	113
 328 0129 70       		.byte	112
 329 012a 70       		.byte	112
 330 012b 70       		.byte	112
 331 012c 6F       		.byte	111
 332 012d 6F       		.byte	111
 333 012e 6F       		.byte	111
 334 012f 6E       		.byte	110
 335 0130 6E       		.byte	110
 336 0131 6E       		.byte	110
 337 0132 6E       		.byte	110
 338 0133 6D       		.byte	109
 339 0134 6D       		.byte	109
 340 0135 6D       		.byte	109
 341 0136 6C       		.byte	108
 342 0137 6C       		.byte	108
ARM GAS  C:\Users\merce\AppData\Local\Temp\cckjl0AJ.s 			page 7


 343 0138 6C       		.byte	108
 344 0139 6B       		.byte	107
 345 013a 6B       		.byte	107
 346 013b 6B       		.byte	107
 347 013c 6B       		.byte	107
 348 013d 6A       		.byte	106
 349 013e 6A       		.byte	106
 350 013f 6A       		.byte	106
 351 0140 69       		.byte	105
 352 0141 69       		.byte	105
 353 0142 69       		.byte	105
 354 0143 69       		.byte	105
 355 0144 68       		.byte	104
 356 0145 68       		.byte	104
 357 0146 68       		.byte	104
 358 0147 68       		.byte	104
 359 0148 67       		.byte	103
 360 0149 67       		.byte	103
 361 014a 67       		.byte	103
 362 014b 67       		.byte	103
 363 014c 66       		.byte	102
 364 014d 66       		.byte	102
 365 014e 66       		.byte	102
 366 014f 66       		.byte	102
 367 0150 66       		.byte	102
 368 0151 65       		.byte	101
 369 0152 65       		.byte	101
 370 0153 65       		.byte	101
 371 0154 65       		.byte	101
 372 0155 65       		.byte	101
 373 0156 64       		.byte	100
 374 0157 64       		.byte	100
 375 0158 64       		.byte	100
 376 0159 64       		.byte	100
 377 015a 64       		.byte	100
 378 015b 63       		.byte	99
 379 015c 63       		.byte	99
 380 015d 63       		.byte	99
 381 015e 63       		.byte	99
 382 015f 63       		.byte	99
 383 0160 63       		.byte	99
 384 0161 62       		.byte	98
 385 0162 62       		.byte	98
 386 0163 62       		.byte	98
 387 0164 62       		.byte	98
 388 0165 62       		.byte	98
 389 0166 62       		.byte	98
 390 0167 62       		.byte	98
 391 0168 62       		.byte	98
 392 0169 61       		.byte	97
 393 016a 61       		.byte	97
 394 016b 61       		.byte	97
 395 016c 61       		.byte	97
 396 016d 61       		.byte	97
 397 016e 61       		.byte	97
 398 016f 61       		.byte	97
 399 0170 61       		.byte	97
ARM GAS  C:\Users\merce\AppData\Local\Temp\cckjl0AJ.s 			page 8


 400 0171 61       		.byte	97
 401 0172 61       		.byte	97
 402 0173 61       		.byte	97
 403 0174 61       		.byte	97
 404 0175 61       		.byte	97
 405 0176 60       		.byte	96
 406 0177 60       		.byte	96
 407 0178 60       		.byte	96
 408 0179 60       		.byte	96
 409 017a 60       		.byte	96
 410 017b 60       		.byte	96
 411 017c 60       		.byte	96
 412 017d 60       		.byte	96
 413 017e 60       		.byte	96
 414 017f 60       		.byte	96
 415 0180 60       		.byte	96
 416 0181 60       		.byte	96
 417 0182 60       		.byte	96
 418 0183 60       		.byte	96
 419 0184 60       		.byte	96
 420 0185 60       		.byte	96
 421 0186 60       		.byte	96
 422 0187 60       		.byte	96
 423 0188 60       		.byte	96
 424 0189 60       		.byte	96
 425 018a 60       		.byte	96
 426 018b 61       		.byte	97
 427 018c 61       		.byte	97
 428 018d 61       		.byte	97
 429 018e 61       		.byte	97
 430 018f 61       		.byte	97
 431 0190 61       		.byte	97
 432 0191 61       		.byte	97
 433 0192 61       		.byte	97
 434 0193 61       		.byte	97
 435 0194 61       		.byte	97
 436 0195 61       		.byte	97
 437 0196 61       		.byte	97
 438 0197 61       		.byte	97
 439 0198 62       		.byte	98
 440 0199 62       		.byte	98
 441 019a 62       		.byte	98
 442 019b 62       		.byte	98
 443 019c 62       		.byte	98
 444 019d 62       		.byte	98
 445 019e 62       		.byte	98
 446 019f 62       		.byte	98
 447 01a0 63       		.byte	99
 448 01a1 63       		.byte	99
 449 01a2 63       		.byte	99
 450 01a3 63       		.byte	99
 451 01a4 63       		.byte	99
 452 01a5 63       		.byte	99
 453 01a6 64       		.byte	100
 454 01a7 64       		.byte	100
 455 01a8 64       		.byte	100
 456 01a9 64       		.byte	100
ARM GAS  C:\Users\merce\AppData\Local\Temp\cckjl0AJ.s 			page 9


 457 01aa 64       		.byte	100
 458 01ab 65       		.byte	101
 459 01ac 65       		.byte	101
 460 01ad 65       		.byte	101
 461 01ae 65       		.byte	101
 462 01af 65       		.byte	101
 463 01b0 66       		.byte	102
 464 01b1 66       		.byte	102
 465 01b2 66       		.byte	102
 466 01b3 66       		.byte	102
 467 01b4 66       		.byte	102
 468 01b5 67       		.byte	103
 469 01b6 67       		.byte	103
 470 01b7 67       		.byte	103
 471 01b8 67       		.byte	103
 472 01b9 68       		.byte	104
 473 01ba 68       		.byte	104
 474 01bb 68       		.byte	104
 475 01bc 68       		.byte	104
 476 01bd 69       		.byte	105
 477 01be 69       		.byte	105
 478 01bf 69       		.byte	105
 479 01c0 69       		.byte	105
 480 01c1 6A       		.byte	106
 481 01c2 6A       		.byte	106
 482 01c3 6A       		.byte	106
 483 01c4 6B       		.byte	107
 484 01c5 6B       		.byte	107
 485 01c6 6B       		.byte	107
 486 01c7 6B       		.byte	107
 487 01c8 6C       		.byte	108
 488 01c9 6C       		.byte	108
 489 01ca 6C       		.byte	108
 490 01cb 6D       		.byte	109
 491 01cc 6D       		.byte	109
 492 01cd 6D       		.byte	109
 493 01ce 6E       		.byte	110
 494 01cf 6E       		.byte	110
 495 01d0 6E       		.byte	110
 496 01d1 6E       		.byte	110
 497 01d2 6F       		.byte	111
 498 01d3 6F       		.byte	111
 499 01d4 6F       		.byte	111
 500 01d5 70       		.byte	112
 501 01d6 70       		.byte	112
 502 01d7 70       		.byte	112
 503 01d8 71       		.byte	113
 504 01d9 71       		.byte	113
 505 01da 71       		.byte	113
 506 01db 72       		.byte	114
 507 01dc 72       		.byte	114
 508 01dd 72       		.byte	114
 509 01de 73       		.byte	115
 510 01df 73       		.byte	115
 511 01e0 74       		.byte	116
 512 01e1 74       		.byte	116
 513 01e2 74       		.byte	116
ARM GAS  C:\Users\merce\AppData\Local\Temp\cckjl0AJ.s 			page 10


 514 01e3 75       		.byte	117
 515 01e4 75       		.byte	117
 516 01e5 75       		.byte	117
 517 01e6 76       		.byte	118
 518 01e7 76       		.byte	118
 519 01e8 76       		.byte	118
 520 01e9 77       		.byte	119
 521 01ea 77       		.byte	119
 522 01eb 78       		.byte	120
 523 01ec 78       		.byte	120
 524 01ed 78       		.byte	120
 525 01ee 79       		.byte	121
 526 01ef 79       		.byte	121
 527 01f0 79       		.byte	121
 528 01f1 7A       		.byte	122
 529 01f2 7A       		.byte	122
 530 01f3 7B       		.byte	123
 531 01f4 7B       		.byte	123
 532 01f5 7B       		.byte	123
 533 01f6 7C       		.byte	124
 534 01f7 7C       		.byte	124
 535 01f8 7C       		.byte	124
 536 01f9 7D       		.byte	125
 537 01fa 7D       		.byte	125
 538 01fb 7E       		.byte	126
 539 01fc 7E       		.byte	126
 540 01fd 7E       		.byte	126
 541 01fe 7F       		.byte	127
 542 01ff 7F       		.byte	127
 543              		.global	WaveA_DAC_wave2
 544              		.align	2
 545              		.type	WaveA_DAC_wave2, %object
 546              		.size	WaveA_DAC_wave2, 50
 547              	WaveA_DAC_wave2:
 548 0200 20       		.byte	32
 549 0201 23       		.byte	35
 550 0202 25       		.byte	37
 551 0203 28       		.byte	40
 552 0204 2A       		.byte	42
 553 0205 2D       		.byte	45
 554 0206 2F       		.byte	47
 555 0207 32       		.byte	50
 556 0208 34       		.byte	52
 557 0209 37       		.byte	55
 558 020a 3A       		.byte	58
 559 020b 3C       		.byte	60
 560 020c 3F       		.byte	63
 561 020d 3F       		.byte	63
 562 020e 3C       		.byte	60
 563 020f 3A       		.byte	58
 564 0210 37       		.byte	55
 565 0211 34       		.byte	52
 566 0212 32       		.byte	50
 567 0213 2F       		.byte	47
 568 0214 2D       		.byte	45
 569 0215 2A       		.byte	42
 570 0216 28       		.byte	40
ARM GAS  C:\Users\merce\AppData\Local\Temp\cckjl0AJ.s 			page 11


 571 0217 25       		.byte	37
 572 0218 23       		.byte	35
 573 0219 20       		.byte	32
 574 021a 1D       		.byte	29
 575 021b 1B       		.byte	27
 576 021c 18       		.byte	24
 577 021d 16       		.byte	22
 578 021e 13       		.byte	19
 579 021f 11       		.byte	17
 580 0220 0E       		.byte	14
 581 0221 0C       		.byte	12
 582 0222 09       		.byte	9
 583 0223 06       		.byte	6
 584 0224 04       		.byte	4
 585 0225 01       		.byte	1
 586 0226 01       		.byte	1
 587 0227 04       		.byte	4
 588 0228 06       		.byte	6
 589 0229 09       		.byte	9
 590 022a 0C       		.byte	12
 591 022b 0E       		.byte	14
 592 022c 11       		.byte	17
 593 022d 13       		.byte	19
 594 022e 16       		.byte	22
 595 022f 18       		.byte	24
 596 0230 1B       		.byte	27
 597 0231 1D       		.byte	29
 598              		.bss
 599              	WaveA_DAC_Wave1Chan:
 600 0001 00       		.space	1
 601              	WaveA_DAC_Wave2Chan:
 602 0002 00       		.space	1
 603              	WaveA_DAC_Wave1TD:
 604 0003 00       		.space	1
 605              	WaveA_DAC_Wave2TD:
 606 0004 00       		.space	1
 607              		.section	.text.WaveA_DAC_Init,"ax",%progbits
 608              		.align	2
 609              		.global	WaveA_DAC_Init
 610              		.thumb
 611              		.thumb_func
 612              		.type	WaveA_DAC_Init, %function
 613              	WaveA_DAC_Init:
 614              	.LFB0:
 615              		.file 1 "Generated_Source\\PSoC5\\WaveA_DAC.c"
   1:Generated_Source\PSoC5/WaveA_DAC.c **** /*******************************************************************************
   2:Generated_Source\PSoC5/WaveA_DAC.c **** * File Name: WaveA_DAC.c
   3:Generated_Source\PSoC5/WaveA_DAC.c **** * Version 2.10
   4:Generated_Source\PSoC5/WaveA_DAC.c **** *
   5:Generated_Source\PSoC5/WaveA_DAC.c **** * Description:
   6:Generated_Source\PSoC5/WaveA_DAC.c **** *  This file provides the source code for the 8-bit Waveform DAC 
   7:Generated_Source\PSoC5/WaveA_DAC.c **** *  (WaveDAC8) Component.
   8:Generated_Source\PSoC5/WaveA_DAC.c **** *
   9:Generated_Source\PSoC5/WaveA_DAC.c **** ********************************************************************************
  10:Generated_Source\PSoC5/WaveA_DAC.c **** * Copyright 2013, Cypress Semiconductor Corporation.  All rights reserved.
  11:Generated_Source\PSoC5/WaveA_DAC.c **** * You may use this file only in accordance with the license, terms, conditions,
  12:Generated_Source\PSoC5/WaveA_DAC.c **** * disclaimers, and limitations in the end user license agreement accompanying
ARM GAS  C:\Users\merce\AppData\Local\Temp\cckjl0AJ.s 			page 12


  13:Generated_Source\PSoC5/WaveA_DAC.c **** * the software package with which this file was provided.
  14:Generated_Source\PSoC5/WaveA_DAC.c **** *******************************************************************************/
  15:Generated_Source\PSoC5/WaveA_DAC.c **** 
  16:Generated_Source\PSoC5/WaveA_DAC.c **** #include "WaveA_DAC.h"
  17:Generated_Source\PSoC5/WaveA_DAC.c **** 
  18:Generated_Source\PSoC5/WaveA_DAC.c **** uint8  WaveA_DAC_initVar = 0u;
  19:Generated_Source\PSoC5/WaveA_DAC.c **** 
  20:Generated_Source\PSoC5/WaveA_DAC.c **** const uint8 CYCODE WaveA_DAC_wave1[WaveA_DAC_WAVE1_LENGTH] = { 128u,128u,128u,129u,129u,129u,130u,1
  21:Generated_Source\PSoC5/WaveA_DAC.c **** const uint8 CYCODE WaveA_DAC_wave2[WaveA_DAC_WAVE2_LENGTH] = {  32,35,37,40,42,45,47,50,52,55,58,60
  22:Generated_Source\PSoC5/WaveA_DAC.c **** 
  23:Generated_Source\PSoC5/WaveA_DAC.c **** static uint8  WaveA_DAC_Wave1Chan;
  24:Generated_Source\PSoC5/WaveA_DAC.c **** static uint8  WaveA_DAC_Wave2Chan;
  25:Generated_Source\PSoC5/WaveA_DAC.c **** static uint8  WaveA_DAC_Wave1TD;
  26:Generated_Source\PSoC5/WaveA_DAC.c **** static uint8  WaveA_DAC_Wave2TD;
  27:Generated_Source\PSoC5/WaveA_DAC.c **** 
  28:Generated_Source\PSoC5/WaveA_DAC.c **** 
  29:Generated_Source\PSoC5/WaveA_DAC.c **** /*******************************************************************************
  30:Generated_Source\PSoC5/WaveA_DAC.c **** * Function Name: WaveA_DAC_Init
  31:Generated_Source\PSoC5/WaveA_DAC.c **** ********************************************************************************
  32:Generated_Source\PSoC5/WaveA_DAC.c **** *
  33:Generated_Source\PSoC5/WaveA_DAC.c **** * Summary:
  34:Generated_Source\PSoC5/WaveA_DAC.c **** *  Initializes component with parameters set in the customizer.
  35:Generated_Source\PSoC5/WaveA_DAC.c **** *
  36:Generated_Source\PSoC5/WaveA_DAC.c **** * Parameters:  
  37:Generated_Source\PSoC5/WaveA_DAC.c **** *  None
  38:Generated_Source\PSoC5/WaveA_DAC.c **** *
  39:Generated_Source\PSoC5/WaveA_DAC.c **** * Return: 
  40:Generated_Source\PSoC5/WaveA_DAC.c **** *  None
  41:Generated_Source\PSoC5/WaveA_DAC.c **** *
  42:Generated_Source\PSoC5/WaveA_DAC.c **** *******************************************************************************/
  43:Generated_Source\PSoC5/WaveA_DAC.c **** void WaveA_DAC_Init(void) 
  44:Generated_Source\PSoC5/WaveA_DAC.c **** {
 616              		.loc 1 44 0
 617              		.cfi_startproc
 618              		@ args = 0, pretend = 0, frame = 0
 619              		@ frame_needed = 1, uses_anonymous_args = 0
 620 0000 80B5     		push	{r7, lr}
 621              		.cfi_def_cfa_offset 8
 622              		.cfi_offset 7, -8
 623              		.cfi_offset 14, -4
 624 0002 00AF     		add	r7, sp, #0
 625              		.cfi_def_cfa_register 7
  45:Generated_Source\PSoC5/WaveA_DAC.c **** 	WaveA_DAC_VDAC8_Init();
 626              		.loc 1 45 0
 627 0004 FFF7FEFF 		bl	WaveA_DAC_VDAC8_Init
  46:Generated_Source\PSoC5/WaveA_DAC.c **** 	WaveA_DAC_VDAC8_SetSpeed(WaveA_DAC_HIGHSPEED);
 628              		.loc 1 46 0
 629 0008 0220     		movs	r0, #2
 630 000a FFF7FEFF 		bl	WaveA_DAC_VDAC8_SetSpeed
  47:Generated_Source\PSoC5/WaveA_DAC.c **** 	WaveA_DAC_VDAC8_SetRange(WaveA_DAC_DAC_RANGE);
 631              		.loc 1 47 0
 632 000e 0420     		movs	r0, #4
 633 0010 FFF7FEFF 		bl	WaveA_DAC_VDAC8_SetRange
  48:Generated_Source\PSoC5/WaveA_DAC.c **** 
  49:Generated_Source\PSoC5/WaveA_DAC.c **** 	#if(WaveA_DAC_DAC_MODE == WaveA_DAC_CURRENT_MODE)
  50:Generated_Source\PSoC5/WaveA_DAC.c **** 		WaveA_DAC_IDAC8_SetPolarity(WaveA_DAC_DAC_POL);
  51:Generated_Source\PSoC5/WaveA_DAC.c **** 	#endif /* WaveA_DAC_DAC_MODE == WaveA_DAC_CURRENT_MODE */
ARM GAS  C:\Users\merce\AppData\Local\Temp\cckjl0AJ.s 			page 13


  52:Generated_Source\PSoC5/WaveA_DAC.c **** 
  53:Generated_Source\PSoC5/WaveA_DAC.c **** 	#if(WaveA_DAC_OUT_MODE == WaveA_DAC_BUFFER_MODE)
  54:Generated_Source\PSoC5/WaveA_DAC.c **** 	   WaveA_DAC_BuffAmp_Init();
  55:Generated_Source\PSoC5/WaveA_DAC.c **** 	#endif /* WaveA_DAC_OUT_MODE == WaveA_DAC_BUFFER_MODE */
  56:Generated_Source\PSoC5/WaveA_DAC.c **** 
  57:Generated_Source\PSoC5/WaveA_DAC.c **** 	/* Get the TD Number for the DMA channel 1 and 2   */
  58:Generated_Source\PSoC5/WaveA_DAC.c **** 	WaveA_DAC_Wave1TD = CyDmaTdAllocate();
 634              		.loc 1 58 0
 635 0014 FFF7FEFF 		bl	CyDmaTdAllocate
 636 0018 0346     		mov	r3, r0
 637 001a 1A46     		mov	r2, r3
 638 001c 094B     		ldr	r3, .L2
 639 001e 1A70     		strb	r2, [r3]
  59:Generated_Source\PSoC5/WaveA_DAC.c **** 	WaveA_DAC_Wave2TD = CyDmaTdAllocate();
 640              		.loc 1 59 0
 641 0020 FFF7FEFF 		bl	CyDmaTdAllocate
 642 0024 0346     		mov	r3, r0
 643 0026 1A46     		mov	r2, r3
 644 0028 074B     		ldr	r3, .L2+4
 645 002a 1A70     		strb	r2, [r3]
  60:Generated_Source\PSoC5/WaveA_DAC.c **** 	
  61:Generated_Source\PSoC5/WaveA_DAC.c **** 	/* Initialize waveform pointers  */
  62:Generated_Source\PSoC5/WaveA_DAC.c **** 	WaveA_DAC_Wave1Setup(WaveA_DAC_wave1, WaveA_DAC_WAVE1_LENGTH) ;
 646              		.loc 1 62 0
 647 002c 4FF40071 		mov	r1, #512
 648 0030 0648     		ldr	r0, .L2+8
 649 0032 FFF7FEFF 		bl	WaveA_DAC_Wave1Setup
  63:Generated_Source\PSoC5/WaveA_DAC.c **** 	WaveA_DAC_Wave2Setup(WaveA_DAC_wave2, WaveA_DAC_WAVE2_LENGTH) ;
 650              		.loc 1 63 0
 651 0036 3221     		movs	r1, #50
 652 0038 0548     		ldr	r0, .L2+12
 653 003a FFF7FEFF 		bl	WaveA_DAC_Wave2Setup
  64:Generated_Source\PSoC5/WaveA_DAC.c **** 	
  65:Generated_Source\PSoC5/WaveA_DAC.c **** 	/* Initialize the internal clock if one present  */
  66:Generated_Source\PSoC5/WaveA_DAC.c **** 	#if defined(WaveA_DAC_DacClk_PHASE)
  67:Generated_Source\PSoC5/WaveA_DAC.c **** 	   WaveA_DAC_DacClk_SetPhase(WaveA_DAC_CLK_PHASE_0nS);
  68:Generated_Source\PSoC5/WaveA_DAC.c **** 	#endif /* defined(WaveA_DAC_DacClk_PHASE) */
  69:Generated_Source\PSoC5/WaveA_DAC.c **** }
 654              		.loc 1 69 0
 655 003e 00BF     		nop
 656 0040 80BD     		pop	{r7, pc}
 657              	.L3:
 658 0042 00BF     		.align	2
 659              	.L2:
 660 0044 03000000 		.word	WaveA_DAC_Wave1TD
 661 0048 04000000 		.word	WaveA_DAC_Wave2TD
 662 004c 00000000 		.word	WaveA_DAC_wave1
 663 0050 00000000 		.word	WaveA_DAC_wave2
 664              		.cfi_endproc
 665              	.LFE0:
 666              		.size	WaveA_DAC_Init, .-WaveA_DAC_Init
 667              		.section	.text.WaveA_DAC_Enable,"ax",%progbits
 668              		.align	2
 669              		.global	WaveA_DAC_Enable
 670              		.thumb
 671              		.thumb_func
 672              		.type	WaveA_DAC_Enable, %function
ARM GAS  C:\Users\merce\AppData\Local\Temp\cckjl0AJ.s 			page 14


 673              	WaveA_DAC_Enable:
 674              	.LFB1:
  70:Generated_Source\PSoC5/WaveA_DAC.c **** 
  71:Generated_Source\PSoC5/WaveA_DAC.c **** 
  72:Generated_Source\PSoC5/WaveA_DAC.c **** /*******************************************************************************
  73:Generated_Source\PSoC5/WaveA_DAC.c **** * Function Name: WaveA_DAC_Enable
  74:Generated_Source\PSoC5/WaveA_DAC.c **** ********************************************************************************
  75:Generated_Source\PSoC5/WaveA_DAC.c **** *  
  76:Generated_Source\PSoC5/WaveA_DAC.c **** * Summary: 
  77:Generated_Source\PSoC5/WaveA_DAC.c **** *  Enables the DAC block and DMA operation.
  78:Generated_Source\PSoC5/WaveA_DAC.c **** *
  79:Generated_Source\PSoC5/WaveA_DAC.c **** * Parameters:  
  80:Generated_Source\PSoC5/WaveA_DAC.c **** *  None
  81:Generated_Source\PSoC5/WaveA_DAC.c **** *
  82:Generated_Source\PSoC5/WaveA_DAC.c **** * Return: 
  83:Generated_Source\PSoC5/WaveA_DAC.c **** *  None
  84:Generated_Source\PSoC5/WaveA_DAC.c **** *
  85:Generated_Source\PSoC5/WaveA_DAC.c **** *******************************************************************************/
  86:Generated_Source\PSoC5/WaveA_DAC.c **** void WaveA_DAC_Enable(void) 
  87:Generated_Source\PSoC5/WaveA_DAC.c **** {
 675              		.loc 1 87 0
 676              		.cfi_startproc
 677              		@ args = 0, pretend = 0, frame = 0
 678              		@ frame_needed = 1, uses_anonymous_args = 0
 679 0000 80B5     		push	{r7, lr}
 680              		.cfi_def_cfa_offset 8
 681              		.cfi_offset 7, -8
 682              		.cfi_offset 14, -4
 683 0002 00AF     		add	r7, sp, #0
 684              		.cfi_def_cfa_register 7
  88:Generated_Source\PSoC5/WaveA_DAC.c **** 	WaveA_DAC_VDAC8_Enable();
 685              		.loc 1 88 0
 686 0004 FFF7FEFF 		bl	WaveA_DAC_VDAC8_Enable
  89:Generated_Source\PSoC5/WaveA_DAC.c **** 
  90:Generated_Source\PSoC5/WaveA_DAC.c **** 	#if(WaveA_DAC_OUT_MODE == WaveA_DAC_BUFFER_MODE)
  91:Generated_Source\PSoC5/WaveA_DAC.c **** 	   WaveA_DAC_BuffAmp_Enable();
  92:Generated_Source\PSoC5/WaveA_DAC.c **** 	#endif /* WaveA_DAC_OUT_MODE == WaveA_DAC_BUFFER_MODE */
  93:Generated_Source\PSoC5/WaveA_DAC.c **** 
  94:Generated_Source\PSoC5/WaveA_DAC.c **** 	/* 
  95:Generated_Source\PSoC5/WaveA_DAC.c **** 	* Enable the channel. It is configured to remember the TD value so that
  96:Generated_Source\PSoC5/WaveA_DAC.c **** 	* it can be restored from the place where it has been stopped.
  97:Generated_Source\PSoC5/WaveA_DAC.c **** 	*/
  98:Generated_Source\PSoC5/WaveA_DAC.c **** 	(void)CyDmaChEnable(WaveA_DAC_Wave1Chan, 1u);
 687              		.loc 1 98 0
 688 0008 084B     		ldr	r3, .L5
 689 000a 1B78     		ldrb	r3, [r3]	@ zero_extendqisi2
 690 000c 0121     		movs	r1, #1
 691 000e 1846     		mov	r0, r3
 692 0010 FFF7FEFF 		bl	CyDmaChEnable
  99:Generated_Source\PSoC5/WaveA_DAC.c **** 	(void)CyDmaChEnable(WaveA_DAC_Wave2Chan, 1u);
 693              		.loc 1 99 0
 694 0014 064B     		ldr	r3, .L5+4
 695 0016 1B78     		ldrb	r3, [r3]	@ zero_extendqisi2
 696 0018 0121     		movs	r1, #1
 697 001a 1846     		mov	r0, r3
 698 001c FFF7FEFF 		bl	CyDmaChEnable
 100:Generated_Source\PSoC5/WaveA_DAC.c **** 	
ARM GAS  C:\Users\merce\AppData\Local\Temp\cckjl0AJ.s 			page 15


 101:Generated_Source\PSoC5/WaveA_DAC.c **** 	/* set the initial value */
 102:Generated_Source\PSoC5/WaveA_DAC.c **** 	WaveA_DAC_SetValue(0u);
 699              		.loc 1 102 0
 700 0020 0020     		movs	r0, #0
 701 0022 FFF7FEFF 		bl	WaveA_DAC_VDAC8_SetValue
 103:Generated_Source\PSoC5/WaveA_DAC.c **** 	
 104:Generated_Source\PSoC5/WaveA_DAC.c **** 	#if(WaveA_DAC_CLOCK_SRC == WaveA_DAC_CLOCK_INT)  	
 105:Generated_Source\PSoC5/WaveA_DAC.c **** 	   WaveA_DAC_DacClk_Start();
 106:Generated_Source\PSoC5/WaveA_DAC.c **** 	#endif /* WaveA_DAC_CLOCK_SRC == WaveA_DAC_CLOCK_INT */
 107:Generated_Source\PSoC5/WaveA_DAC.c **** }
 702              		.loc 1 107 0
 703 0026 00BF     		nop
 704 0028 80BD     		pop	{r7, pc}
 705              	.L6:
 706 002a 00BF     		.align	2
 707              	.L5:
 708 002c 01000000 		.word	WaveA_DAC_Wave1Chan
 709 0030 02000000 		.word	WaveA_DAC_Wave2Chan
 710              		.cfi_endproc
 711              	.LFE1:
 712              		.size	WaveA_DAC_Enable, .-WaveA_DAC_Enable
 713              		.section	.text.WaveA_DAC_Start,"ax",%progbits
 714              		.align	2
 715              		.global	WaveA_DAC_Start
 716              		.thumb
 717              		.thumb_func
 718              		.type	WaveA_DAC_Start, %function
 719              	WaveA_DAC_Start:
 720              	.LFB2:
 108:Generated_Source\PSoC5/WaveA_DAC.c **** 
 109:Generated_Source\PSoC5/WaveA_DAC.c **** 
 110:Generated_Source\PSoC5/WaveA_DAC.c **** /*******************************************************************************
 111:Generated_Source\PSoC5/WaveA_DAC.c **** * Function Name: WaveA_DAC_Start
 112:Generated_Source\PSoC5/WaveA_DAC.c **** ********************************************************************************
 113:Generated_Source\PSoC5/WaveA_DAC.c **** *
 114:Generated_Source\PSoC5/WaveA_DAC.c **** * Summary:
 115:Generated_Source\PSoC5/WaveA_DAC.c **** *  The start function initializes the voltage DAC with the default values, 
 116:Generated_Source\PSoC5/WaveA_DAC.c **** *  and sets the power to the given level.  A power level of 0, is the same as 
 117:Generated_Source\PSoC5/WaveA_DAC.c **** *  executing the stop function.
 118:Generated_Source\PSoC5/WaveA_DAC.c **** *
 119:Generated_Source\PSoC5/WaveA_DAC.c **** * Parameters:  
 120:Generated_Source\PSoC5/WaveA_DAC.c **** *  None
 121:Generated_Source\PSoC5/WaveA_DAC.c **** *
 122:Generated_Source\PSoC5/WaveA_DAC.c **** * Return: 
 123:Generated_Source\PSoC5/WaveA_DAC.c **** *  None
 124:Generated_Source\PSoC5/WaveA_DAC.c **** *
 125:Generated_Source\PSoC5/WaveA_DAC.c **** * Reentrant:
 126:Generated_Source\PSoC5/WaveA_DAC.c **** *  No
 127:Generated_Source\PSoC5/WaveA_DAC.c **** *
 128:Generated_Source\PSoC5/WaveA_DAC.c **** *******************************************************************************/
 129:Generated_Source\PSoC5/WaveA_DAC.c **** void WaveA_DAC_Start(void) 
 130:Generated_Source\PSoC5/WaveA_DAC.c **** {
 721              		.loc 1 130 0
 722              		.cfi_startproc
 723              		@ args = 0, pretend = 0, frame = 0
 724              		@ frame_needed = 1, uses_anonymous_args = 0
 725 0000 80B5     		push	{r7, lr}
ARM GAS  C:\Users\merce\AppData\Local\Temp\cckjl0AJ.s 			page 16


 726              		.cfi_def_cfa_offset 8
 727              		.cfi_offset 7, -8
 728              		.cfi_offset 14, -4
 729 0002 00AF     		add	r7, sp, #0
 730              		.cfi_def_cfa_register 7
 131:Generated_Source\PSoC5/WaveA_DAC.c **** 	/* If not Initialized then initialize all required hardware and software */
 132:Generated_Source\PSoC5/WaveA_DAC.c **** 	if(WaveA_DAC_initVar == 0u)
 731              		.loc 1 132 0
 732 0004 064B     		ldr	r3, .L9
 733 0006 1B78     		ldrb	r3, [r3]	@ zero_extendqisi2
 734 0008 002B     		cmp	r3, #0
 735 000a 04D1     		bne	.L8
 133:Generated_Source\PSoC5/WaveA_DAC.c **** 	{
 134:Generated_Source\PSoC5/WaveA_DAC.c **** 		WaveA_DAC_Init();
 736              		.loc 1 134 0
 737 000c FFF7FEFF 		bl	WaveA_DAC_Init
 135:Generated_Source\PSoC5/WaveA_DAC.c **** 		WaveA_DAC_initVar = 1u;
 738              		.loc 1 135 0
 739 0010 034B     		ldr	r3, .L9
 740 0012 0122     		movs	r2, #1
 741 0014 1A70     		strb	r2, [r3]
 742              	.L8:
 136:Generated_Source\PSoC5/WaveA_DAC.c **** 	}
 137:Generated_Source\PSoC5/WaveA_DAC.c **** 	
 138:Generated_Source\PSoC5/WaveA_DAC.c **** 	WaveA_DAC_Enable();
 743              		.loc 1 138 0
 744 0016 FFF7FEFF 		bl	WaveA_DAC_Enable
 139:Generated_Source\PSoC5/WaveA_DAC.c **** }
 745              		.loc 1 139 0
 746 001a 00BF     		nop
 747 001c 80BD     		pop	{r7, pc}
 748              	.L10:
 749 001e 00BF     		.align	2
 750              	.L9:
 751 0020 00000000 		.word	WaveA_DAC_initVar
 752              		.cfi_endproc
 753              	.LFE2:
 754              		.size	WaveA_DAC_Start, .-WaveA_DAC_Start
 755              		.section	.text.WaveA_DAC_StartEx,"ax",%progbits
 756              		.align	2
 757              		.global	WaveA_DAC_StartEx
 758              		.thumb
 759              		.thumb_func
 760              		.type	WaveA_DAC_StartEx, %function
 761              	WaveA_DAC_StartEx:
 762              	.LFB3:
 140:Generated_Source\PSoC5/WaveA_DAC.c **** 
 141:Generated_Source\PSoC5/WaveA_DAC.c **** 
 142:Generated_Source\PSoC5/WaveA_DAC.c **** /*******************************************************************************
 143:Generated_Source\PSoC5/WaveA_DAC.c **** * Function Name: WaveA_DAC_StartEx
 144:Generated_Source\PSoC5/WaveA_DAC.c **** ********************************************************************************
 145:Generated_Source\PSoC5/WaveA_DAC.c **** *
 146:Generated_Source\PSoC5/WaveA_DAC.c **** * Summary:
 147:Generated_Source\PSoC5/WaveA_DAC.c **** *  The StartEx function sets pointers and sizes for both waveforms
 148:Generated_Source\PSoC5/WaveA_DAC.c **** *  and then starts the component.
 149:Generated_Source\PSoC5/WaveA_DAC.c **** *
 150:Generated_Source\PSoC5/WaveA_DAC.c **** * Parameters:  
ARM GAS  C:\Users\merce\AppData\Local\Temp\cckjl0AJ.s 			page 17


 151:Generated_Source\PSoC5/WaveA_DAC.c **** *   uint8 * wavePtr1:     Pointer to the waveform 1 array.
 152:Generated_Source\PSoC5/WaveA_DAC.c **** *   uint16  sampleSize1:  The amount of samples in the waveform 1.
 153:Generated_Source\PSoC5/WaveA_DAC.c **** *   uint8 * wavePtr2:     Pointer to the waveform 2 array.
 154:Generated_Source\PSoC5/WaveA_DAC.c **** *   uint16  sampleSize2:  The amount of samples in the waveform 2.
 155:Generated_Source\PSoC5/WaveA_DAC.c **** *
 156:Generated_Source\PSoC5/WaveA_DAC.c **** * Return: 
 157:Generated_Source\PSoC5/WaveA_DAC.c **** *  None
 158:Generated_Source\PSoC5/WaveA_DAC.c **** *
 159:Generated_Source\PSoC5/WaveA_DAC.c **** * Reentrant:
 160:Generated_Source\PSoC5/WaveA_DAC.c **** *  No
 161:Generated_Source\PSoC5/WaveA_DAC.c **** *
 162:Generated_Source\PSoC5/WaveA_DAC.c **** *******************************************************************************/
 163:Generated_Source\PSoC5/WaveA_DAC.c **** void WaveA_DAC_StartEx(const uint8 * wavePtr1, uint16 sampleSize1, const uint8 * wavePtr2, uint16 s
 164:Generated_Source\PSoC5/WaveA_DAC.c **** 
 165:Generated_Source\PSoC5/WaveA_DAC.c **** {
 763              		.loc 1 165 0
 764              		.cfi_startproc
 765              		@ args = 0, pretend = 0, frame = 16
 766              		@ frame_needed = 1, uses_anonymous_args = 0
 767 0000 80B5     		push	{r7, lr}
 768              		.cfi_def_cfa_offset 8
 769              		.cfi_offset 7, -8
 770              		.cfi_offset 14, -4
 771 0002 84B0     		sub	sp, sp, #16
 772              		.cfi_def_cfa_offset 24
 773 0004 00AF     		add	r7, sp, #0
 774              		.cfi_def_cfa_register 7
 775 0006 F860     		str	r0, [r7, #12]
 776 0008 7A60     		str	r2, [r7, #4]
 777 000a 1A46     		mov	r2, r3
 778 000c 0B46     		mov	r3, r1	@ movhi
 779 000e 7B81     		strh	r3, [r7, #10]	@ movhi
 780 0010 1346     		mov	r3, r2	@ movhi
 781 0012 3B81     		strh	r3, [r7, #8]	@ movhi
 166:Generated_Source\PSoC5/WaveA_DAC.c **** 	WaveA_DAC_Wave1Setup(wavePtr1, sampleSize1);
 782              		.loc 1 166 0
 783 0014 7B89     		ldrh	r3, [r7, #10]
 784 0016 1946     		mov	r1, r3
 785 0018 F868     		ldr	r0, [r7, #12]
 786 001a FFF7FEFF 		bl	WaveA_DAC_Wave1Setup
 167:Generated_Source\PSoC5/WaveA_DAC.c **** 	WaveA_DAC_Wave2Setup(wavePtr2, sampleSize2);
 787              		.loc 1 167 0
 788 001e 3B89     		ldrh	r3, [r7, #8]
 789 0020 1946     		mov	r1, r3
 790 0022 7868     		ldr	r0, [r7, #4]
 791 0024 FFF7FEFF 		bl	WaveA_DAC_Wave2Setup
 168:Generated_Source\PSoC5/WaveA_DAC.c **** 	WaveA_DAC_Start();
 792              		.loc 1 168 0
 793 0028 FFF7FEFF 		bl	WaveA_DAC_Start
 169:Generated_Source\PSoC5/WaveA_DAC.c **** }
 794              		.loc 1 169 0
 795 002c 00BF     		nop
 796 002e 1037     		adds	r7, r7, #16
 797              		.cfi_def_cfa_offset 8
 798 0030 BD46     		mov	sp, r7
 799              		.cfi_def_cfa_register 13
 800              		@ sp needed
ARM GAS  C:\Users\merce\AppData\Local\Temp\cckjl0AJ.s 			page 18


 801 0032 80BD     		pop	{r7, pc}
 802              		.cfi_endproc
 803              	.LFE3:
 804              		.size	WaveA_DAC_StartEx, .-WaveA_DAC_StartEx
 805              		.section	.text.WaveA_DAC_Stop,"ax",%progbits
 806              		.align	2
 807              		.global	WaveA_DAC_Stop
 808              		.thumb
 809              		.thumb_func
 810              		.type	WaveA_DAC_Stop, %function
 811              	WaveA_DAC_Stop:
 812              	.LFB4:
 170:Generated_Source\PSoC5/WaveA_DAC.c **** 
 171:Generated_Source\PSoC5/WaveA_DAC.c **** 
 172:Generated_Source\PSoC5/WaveA_DAC.c **** /*******************************************************************************
 173:Generated_Source\PSoC5/WaveA_DAC.c **** * Function Name: WaveA_DAC_Stop
 174:Generated_Source\PSoC5/WaveA_DAC.c **** ********************************************************************************
 175:Generated_Source\PSoC5/WaveA_DAC.c **** *
 176:Generated_Source\PSoC5/WaveA_DAC.c **** * Summary:
 177:Generated_Source\PSoC5/WaveA_DAC.c **** *  Stops the clock (if internal), disables the DMA channels
 178:Generated_Source\PSoC5/WaveA_DAC.c **** *  and powers down the DAC.
 179:Generated_Source\PSoC5/WaveA_DAC.c **** *
 180:Generated_Source\PSoC5/WaveA_DAC.c **** * Parameters:  
 181:Generated_Source\PSoC5/WaveA_DAC.c **** *  None  
 182:Generated_Source\PSoC5/WaveA_DAC.c **** *
 183:Generated_Source\PSoC5/WaveA_DAC.c **** * Return: 
 184:Generated_Source\PSoC5/WaveA_DAC.c **** *  None
 185:Generated_Source\PSoC5/WaveA_DAC.c **** *
 186:Generated_Source\PSoC5/WaveA_DAC.c **** *******************************************************************************/
 187:Generated_Source\PSoC5/WaveA_DAC.c **** void WaveA_DAC_Stop(void) 
 188:Generated_Source\PSoC5/WaveA_DAC.c **** {
 813              		.loc 1 188 0
 814              		.cfi_startproc
 815              		@ args = 0, pretend = 0, frame = 0
 816              		@ frame_needed = 1, uses_anonymous_args = 0
 817 0000 80B5     		push	{r7, lr}
 818              		.cfi_def_cfa_offset 8
 819              		.cfi_offset 7, -8
 820              		.cfi_offset 14, -4
 821 0002 00AF     		add	r7, sp, #0
 822              		.cfi_def_cfa_register 7
 189:Generated_Source\PSoC5/WaveA_DAC.c **** 	/* Turn off internal clock, if one present */
 190:Generated_Source\PSoC5/WaveA_DAC.c **** 	#if(WaveA_DAC_CLOCK_SRC == WaveA_DAC_CLOCK_INT)  	
 191:Generated_Source\PSoC5/WaveA_DAC.c **** 	   WaveA_DAC_DacClk_Stop();
 192:Generated_Source\PSoC5/WaveA_DAC.c **** 	#endif /* WaveA_DAC_CLOCK_SRC == WaveA_DAC_CLOCK_INT */
 193:Generated_Source\PSoC5/WaveA_DAC.c **** 	
 194:Generated_Source\PSoC5/WaveA_DAC.c **** 	/* Disble DMA channels */
 195:Generated_Source\PSoC5/WaveA_DAC.c **** 	(void)CyDmaChDisable(WaveA_DAC_Wave1Chan);
 823              		.loc 1 195 0
 824 0004 064B     		ldr	r3, .L13
 825 0006 1B78     		ldrb	r3, [r3]	@ zero_extendqisi2
 826 0008 1846     		mov	r0, r3
 827 000a FFF7FEFF 		bl	CyDmaChDisable
 196:Generated_Source\PSoC5/WaveA_DAC.c **** 	(void)CyDmaChDisable(WaveA_DAC_Wave2Chan);
 828              		.loc 1 196 0
 829 000e 054B     		ldr	r3, .L13+4
 830 0010 1B78     		ldrb	r3, [r3]	@ zero_extendqisi2
ARM GAS  C:\Users\merce\AppData\Local\Temp\cckjl0AJ.s 			page 19


 831 0012 1846     		mov	r0, r3
 832 0014 FFF7FEFF 		bl	CyDmaChDisable
 197:Generated_Source\PSoC5/WaveA_DAC.c **** 
 198:Generated_Source\PSoC5/WaveA_DAC.c **** 	/* Disable power to DAC */
 199:Generated_Source\PSoC5/WaveA_DAC.c **** 	WaveA_DAC_VDAC8_Stop();
 833              		.loc 1 199 0
 834 0018 FFF7FEFF 		bl	WaveA_DAC_VDAC8_Stop
 200:Generated_Source\PSoC5/WaveA_DAC.c **** }
 835              		.loc 1 200 0
 836 001c 00BF     		nop
 837 001e 80BD     		pop	{r7, pc}
 838              	.L14:
 839              		.align	2
 840              	.L13:
 841 0020 01000000 		.word	WaveA_DAC_Wave1Chan
 842 0024 02000000 		.word	WaveA_DAC_Wave2Chan
 843              		.cfi_endproc
 844              	.LFE4:
 845              		.size	WaveA_DAC_Stop, .-WaveA_DAC_Stop
 846              		.section	.text.WaveA_DAC_Wave1Setup,"ax",%progbits
 847              		.align	2
 848              		.global	WaveA_DAC_Wave1Setup
 849              		.thumb
 850              		.thumb_func
 851              		.type	WaveA_DAC_Wave1Setup, %function
 852              	WaveA_DAC_Wave1Setup:
 853              	.LFB5:
 201:Generated_Source\PSoC5/WaveA_DAC.c **** 
 202:Generated_Source\PSoC5/WaveA_DAC.c **** 
 203:Generated_Source\PSoC5/WaveA_DAC.c **** /*******************************************************************************
 204:Generated_Source\PSoC5/WaveA_DAC.c **** * Function Name: WaveA_DAC_Wave1Setup
 205:Generated_Source\PSoC5/WaveA_DAC.c **** ********************************************************************************
 206:Generated_Source\PSoC5/WaveA_DAC.c **** *
 207:Generated_Source\PSoC5/WaveA_DAC.c **** * Summary:
 208:Generated_Source\PSoC5/WaveA_DAC.c **** *  Sets pointer and size for waveform 1.                                    
 209:Generated_Source\PSoC5/WaveA_DAC.c **** *
 210:Generated_Source\PSoC5/WaveA_DAC.c **** * Parameters:  
 211:Generated_Source\PSoC5/WaveA_DAC.c **** *  uint8 * WavePtr:     Pointer to the waveform array.
 212:Generated_Source\PSoC5/WaveA_DAC.c **** *  uint16  SampleSize:  The amount of samples in the waveform.
 213:Generated_Source\PSoC5/WaveA_DAC.c **** *
 214:Generated_Source\PSoC5/WaveA_DAC.c **** * Return: 
 215:Generated_Source\PSoC5/WaveA_DAC.c **** *  None 
 216:Generated_Source\PSoC5/WaveA_DAC.c **** *
 217:Generated_Source\PSoC5/WaveA_DAC.c **** *******************************************************************************/
 218:Generated_Source\PSoC5/WaveA_DAC.c **** void WaveA_DAC_Wave1Setup(const uint8 * wavePtr, uint16 sampleSize)
 219:Generated_Source\PSoC5/WaveA_DAC.c **** 
 220:Generated_Source\PSoC5/WaveA_DAC.c **** {
 854              		.loc 1 220 0
 855              		.cfi_startproc
 856              		@ args = 0, pretend = 0, frame = 8
 857              		@ frame_needed = 1, uses_anonymous_args = 0
 858 0000 80B5     		push	{r7, lr}
 859              		.cfi_def_cfa_offset 8
 860              		.cfi_offset 7, -8
 861              		.cfi_offset 14, -4
 862 0002 82B0     		sub	sp, sp, #8
 863              		.cfi_def_cfa_offset 16
ARM GAS  C:\Users\merce\AppData\Local\Temp\cckjl0AJ.s 			page 20


 864 0004 00AF     		add	r7, sp, #0
 865              		.cfi_def_cfa_register 7
 866 0006 7860     		str	r0, [r7, #4]
 867 0008 0B46     		mov	r3, r1
 868 000a 7B80     		strh	r3, [r7, #2]	@ movhi
 221:Generated_Source\PSoC5/WaveA_DAC.c **** 	#if (CY_PSOC3)
 222:Generated_Source\PSoC5/WaveA_DAC.c **** 		uint16 memoryType; /* determining the source memory type */
 223:Generated_Source\PSoC5/WaveA_DAC.c **** 		memoryType = (WaveA_DAC_HI16FLASHPTR == HI16(wavePtr)) ? HI16(CYDEV_FLS_BASE) : HI16(CYDEV_SRAM_B
 224:Generated_Source\PSoC5/WaveA_DAC.c **** 		
 225:Generated_Source\PSoC5/WaveA_DAC.c **** 		WaveA_DAC_Wave1Chan = WaveA_DAC_Wave1_DMA_DmaInitialize(
 226:Generated_Source\PSoC5/WaveA_DAC.c **** 		WaveA_DAC_Wave1_DMA_BYTES_PER_BURST, WaveA_DAC_Wave1_DMA_REQUEST_PER_BURST,
 227:Generated_Source\PSoC5/WaveA_DAC.c **** 		memoryType, HI16(CYDEV_PERIPH_BASE));
 228:Generated_Source\PSoC5/WaveA_DAC.c **** 	#else /* PSoC 5 */
 229:Generated_Source\PSoC5/WaveA_DAC.c **** 		WaveA_DAC_Wave1Chan = WaveA_DAC_Wave1_DMA_DmaInitialize(
 230:Generated_Source\PSoC5/WaveA_DAC.c **** 		WaveA_DAC_Wave1_DMA_BYTES_PER_BURST, WaveA_DAC_Wave1_DMA_REQUEST_PER_BURST,
 231:Generated_Source\PSoC5/WaveA_DAC.c **** 		HI16(wavePtr), HI16(WaveA_DAC_DAC8__D));
 869              		.loc 1 231 0
 870 000c 7B68     		ldr	r3, [r7, #4]
 871 000e 1B0C     		lsrs	r3, r3, #16
 229:Generated_Source\PSoC5/WaveA_DAC.c **** 		WaveA_DAC_Wave1_DMA_BYTES_PER_BURST, WaveA_DAC_Wave1_DMA_REQUEST_PER_BURST,
 872              		.loc 1 229 0
 873 0010 9AB2     		uxth	r2, r3
 874 0012 4FF48043 		mov	r3, #16384
 875 0016 0121     		movs	r1, #1
 876 0018 0120     		movs	r0, #1
 877 001a FFF7FEFF 		bl	WaveA_DAC_Wave1_DMA_DmaInitialize
 878 001e 0346     		mov	r3, r0
 879 0020 1A46     		mov	r2, r3
 880 0022 0F4B     		ldr	r3, .L16
 881 0024 1A70     		strb	r2, [r3]
 232:Generated_Source\PSoC5/WaveA_DAC.c **** 	#endif /* CY_PSOC3 */
 233:Generated_Source\PSoC5/WaveA_DAC.c **** 	
 234:Generated_Source\PSoC5/WaveA_DAC.c **** 	/*
 235:Generated_Source\PSoC5/WaveA_DAC.c **** 	* TD is looping on itself. 
 236:Generated_Source\PSoC5/WaveA_DAC.c ****     * Increment the source address, but not the destination address. 
 237:Generated_Source\PSoC5/WaveA_DAC.c **** 	*/
 238:Generated_Source\PSoC5/WaveA_DAC.c **** 	(void)CyDmaTdSetConfiguration(WaveA_DAC_Wave1TD, sampleSize, WaveA_DAC_Wave1TD, 
 882              		.loc 1 238 0
 883 0026 0F4B     		ldr	r3, .L16+4
 884 0028 1878     		ldrb	r0, [r3]	@ zero_extendqisi2
 885 002a 0E4B     		ldr	r3, .L16+4
 886 002c 1A78     		ldrb	r2, [r3]	@ zero_extendqisi2
 887 002e 7988     		ldrh	r1, [r7, #2]
 888 0030 0123     		movs	r3, #1
 889 0032 FFF7FEFF 		bl	CyDmaTdSetConfiguration
 239:Generated_Source\PSoC5/WaveA_DAC.c ****                                     (uint8)CY_DMA_TD_INC_SRC_ADR | (uint8)WaveA_DAC_Wave1_DMA__TD_T
 240:Generated_Source\PSoC5/WaveA_DAC.c **** 	
 241:Generated_Source\PSoC5/WaveA_DAC.c **** 	/* Set the TD source and destination address */
 242:Generated_Source\PSoC5/WaveA_DAC.c **** 	(void)CyDmaTdSetAddress(WaveA_DAC_Wave1TD, LO16((uint32)wavePtr), LO16(WaveA_DAC_DAC8__D));
 890              		.loc 1 242 0
 891 0036 0B4B     		ldr	r3, .L16+4
 892 0038 1B78     		ldrb	r3, [r3]	@ zero_extendqisi2
 893 003a 7A68     		ldr	r2, [r7, #4]
 894 003c 91B2     		uxth	r1, r2
 895 003e 45F68132 		movw	r2, #23425
 896 0042 1846     		mov	r0, r3
 897 0044 FFF7FEFF 		bl	CyDmaTdSetAddress
ARM GAS  C:\Users\merce\AppData\Local\Temp\cckjl0AJ.s 			page 21


 243:Generated_Source\PSoC5/WaveA_DAC.c **** 	
 244:Generated_Source\PSoC5/WaveA_DAC.c **** 	/* Associate the TD with the channel */
 245:Generated_Source\PSoC5/WaveA_DAC.c **** 	(void)CyDmaChSetInitialTd(WaveA_DAC_Wave1Chan, WaveA_DAC_Wave1TD);
 898              		.loc 1 245 0
 899 0048 054B     		ldr	r3, .L16
 900 004a 1A78     		ldrb	r2, [r3]	@ zero_extendqisi2
 901 004c 054B     		ldr	r3, .L16+4
 902 004e 1B78     		ldrb	r3, [r3]	@ zero_extendqisi2
 903 0050 1946     		mov	r1, r3
 904 0052 1046     		mov	r0, r2
 905 0054 FFF7FEFF 		bl	CyDmaChSetInitialTd
 246:Generated_Source\PSoC5/WaveA_DAC.c **** }
 906              		.loc 1 246 0
 907 0058 00BF     		nop
 908 005a 0837     		adds	r7, r7, #8
 909              		.cfi_def_cfa_offset 8
 910 005c BD46     		mov	sp, r7
 911              		.cfi_def_cfa_register 13
 912              		@ sp needed
 913 005e 80BD     		pop	{r7, pc}
 914              	.L17:
 915              		.align	2
 916              	.L16:
 917 0060 01000000 		.word	WaveA_DAC_Wave1Chan
 918 0064 03000000 		.word	WaveA_DAC_Wave1TD
 919              		.cfi_endproc
 920              	.LFE5:
 921              		.size	WaveA_DAC_Wave1Setup, .-WaveA_DAC_Wave1Setup
 922              		.section	.text.WaveA_DAC_Wave2Setup,"ax",%progbits
 923              		.align	2
 924              		.global	WaveA_DAC_Wave2Setup
 925              		.thumb
 926              		.thumb_func
 927              		.type	WaveA_DAC_Wave2Setup, %function
 928              	WaveA_DAC_Wave2Setup:
 929              	.LFB6:
 247:Generated_Source\PSoC5/WaveA_DAC.c **** 
 248:Generated_Source\PSoC5/WaveA_DAC.c **** 
 249:Generated_Source\PSoC5/WaveA_DAC.c **** /*******************************************************************************
 250:Generated_Source\PSoC5/WaveA_DAC.c **** * Function Name: WaveA_DAC_Wave2Setup
 251:Generated_Source\PSoC5/WaveA_DAC.c **** ********************************************************************************
 252:Generated_Source\PSoC5/WaveA_DAC.c **** *
 253:Generated_Source\PSoC5/WaveA_DAC.c **** * Summary:
 254:Generated_Source\PSoC5/WaveA_DAC.c **** *  Sets pointer and size for waveform 2.                                    
 255:Generated_Source\PSoC5/WaveA_DAC.c **** *
 256:Generated_Source\PSoC5/WaveA_DAC.c **** * Parameters:  
 257:Generated_Source\PSoC5/WaveA_DAC.c **** *  uint8 * WavePtr:     Pointer to the waveform array.
 258:Generated_Source\PSoC5/WaveA_DAC.c **** *  uint16  SampleSize:  The amount of samples in the waveform.
 259:Generated_Source\PSoC5/WaveA_DAC.c **** *
 260:Generated_Source\PSoC5/WaveA_DAC.c **** * Return: 
 261:Generated_Source\PSoC5/WaveA_DAC.c **** *  None
 262:Generated_Source\PSoC5/WaveA_DAC.c **** *
 263:Generated_Source\PSoC5/WaveA_DAC.c **** *******************************************************************************/
 264:Generated_Source\PSoC5/WaveA_DAC.c **** void WaveA_DAC_Wave2Setup(const uint8 * wavePtr, uint16 sampleSize)
 265:Generated_Source\PSoC5/WaveA_DAC.c ****  
 266:Generated_Source\PSoC5/WaveA_DAC.c **** {
 930              		.loc 1 266 0
ARM GAS  C:\Users\merce\AppData\Local\Temp\cckjl0AJ.s 			page 22


 931              		.cfi_startproc
 932              		@ args = 0, pretend = 0, frame = 8
 933              		@ frame_needed = 1, uses_anonymous_args = 0
 934 0000 80B5     		push	{r7, lr}
 935              		.cfi_def_cfa_offset 8
 936              		.cfi_offset 7, -8
 937              		.cfi_offset 14, -4
 938 0002 82B0     		sub	sp, sp, #8
 939              		.cfi_def_cfa_offset 16
 940 0004 00AF     		add	r7, sp, #0
 941              		.cfi_def_cfa_register 7
 942 0006 7860     		str	r0, [r7, #4]
 943 0008 0B46     		mov	r3, r1
 944 000a 7B80     		strh	r3, [r7, #2]	@ movhi
 267:Generated_Source\PSoC5/WaveA_DAC.c **** 	#if (CY_PSOC3)
 268:Generated_Source\PSoC5/WaveA_DAC.c **** 		uint16 memoryType; /* determining the source memory type */
 269:Generated_Source\PSoC5/WaveA_DAC.c **** 		memoryType = (WaveA_DAC_HI16FLASHPTR == HI16(wavePtr)) ? HI16(CYDEV_FLS_BASE) : HI16(CYDEV_SRAM_B
 270:Generated_Source\PSoC5/WaveA_DAC.c **** 			
 271:Generated_Source\PSoC5/WaveA_DAC.c **** 		WaveA_DAC_Wave2Chan = WaveA_DAC_Wave2_DMA_DmaInitialize(
 272:Generated_Source\PSoC5/WaveA_DAC.c **** 		WaveA_DAC_Wave2_DMA_BYTES_PER_BURST, WaveA_DAC_Wave2_DMA_REQUEST_PER_BURST,
 273:Generated_Source\PSoC5/WaveA_DAC.c **** 		memoryType, HI16(CYDEV_PERIPH_BASE));
 274:Generated_Source\PSoC5/WaveA_DAC.c **** 	#else /* PSoC 5 */
 275:Generated_Source\PSoC5/WaveA_DAC.c **** 		WaveA_DAC_Wave2Chan = WaveA_DAC_Wave2_DMA_DmaInitialize(
 276:Generated_Source\PSoC5/WaveA_DAC.c **** 		WaveA_DAC_Wave2_DMA_BYTES_PER_BURST, WaveA_DAC_Wave2_DMA_REQUEST_PER_BURST,
 277:Generated_Source\PSoC5/WaveA_DAC.c **** 		HI16(wavePtr), HI16(WaveA_DAC_DAC8__D));
 945              		.loc 1 277 0
 946 000c 7B68     		ldr	r3, [r7, #4]
 947 000e 1B0C     		lsrs	r3, r3, #16
 275:Generated_Source\PSoC5/WaveA_DAC.c **** 		WaveA_DAC_Wave2_DMA_BYTES_PER_BURST, WaveA_DAC_Wave2_DMA_REQUEST_PER_BURST,
 948              		.loc 1 275 0
 949 0010 9AB2     		uxth	r2, r3
 950 0012 4FF48043 		mov	r3, #16384
 951 0016 0121     		movs	r1, #1
 952 0018 0120     		movs	r0, #1
 953 001a FFF7FEFF 		bl	WaveA_DAC_Wave2_DMA_DmaInitialize
 954 001e 0346     		mov	r3, r0
 955 0020 1A46     		mov	r2, r3
 956 0022 0F4B     		ldr	r3, .L19
 957 0024 1A70     		strb	r2, [r3]
 278:Generated_Source\PSoC5/WaveA_DAC.c **** 	#endif /* CY_PSOC3 */
 279:Generated_Source\PSoC5/WaveA_DAC.c **** 	
 280:Generated_Source\PSoC5/WaveA_DAC.c **** 	/*
 281:Generated_Source\PSoC5/WaveA_DAC.c **** 	* TD is looping on itself. 
 282:Generated_Source\PSoC5/WaveA_DAC.c **** 	* Increment the source address, but not the destination address. 
 283:Generated_Source\PSoC5/WaveA_DAC.c **** 	*/
 284:Generated_Source\PSoC5/WaveA_DAC.c **** 	(void)CyDmaTdSetConfiguration(WaveA_DAC_Wave2TD, sampleSize, WaveA_DAC_Wave2TD, 
 958              		.loc 1 284 0
 959 0026 0F4B     		ldr	r3, .L19+4
 960 0028 1878     		ldrb	r0, [r3]	@ zero_extendqisi2
 961 002a 0E4B     		ldr	r3, .L19+4
 962 002c 1A78     		ldrb	r2, [r3]	@ zero_extendqisi2
 963 002e 7988     		ldrh	r1, [r7, #2]
 964 0030 0123     		movs	r3, #1
 965 0032 FFF7FEFF 		bl	CyDmaTdSetConfiguration
 285:Generated_Source\PSoC5/WaveA_DAC.c ****                                     (uint8)CY_DMA_TD_INC_SRC_ADR | (uint8)WaveA_DAC_Wave2_DMA__TD_T
 286:Generated_Source\PSoC5/WaveA_DAC.c **** 	
 287:Generated_Source\PSoC5/WaveA_DAC.c **** 	/* Set the TD source and destination address */
ARM GAS  C:\Users\merce\AppData\Local\Temp\cckjl0AJ.s 			page 23


 288:Generated_Source\PSoC5/WaveA_DAC.c **** 	(void)CyDmaTdSetAddress(WaveA_DAC_Wave2TD, LO16((uint32)wavePtr), LO16(WaveA_DAC_DAC8__D));
 966              		.loc 1 288 0
 967 0036 0B4B     		ldr	r3, .L19+4
 968 0038 1B78     		ldrb	r3, [r3]	@ zero_extendqisi2
 969 003a 7A68     		ldr	r2, [r7, #4]
 970 003c 91B2     		uxth	r1, r2
 971 003e 45F68132 		movw	r2, #23425
 972 0042 1846     		mov	r0, r3
 973 0044 FFF7FEFF 		bl	CyDmaTdSetAddress
 289:Generated_Source\PSoC5/WaveA_DAC.c **** 	
 290:Generated_Source\PSoC5/WaveA_DAC.c **** 	/* Associate the TD with the channel */
 291:Generated_Source\PSoC5/WaveA_DAC.c **** 	(void)CyDmaChSetInitialTd(WaveA_DAC_Wave2Chan, WaveA_DAC_Wave2TD);
 974              		.loc 1 291 0
 975 0048 054B     		ldr	r3, .L19
 976 004a 1A78     		ldrb	r2, [r3]	@ zero_extendqisi2
 977 004c 054B     		ldr	r3, .L19+4
 978 004e 1B78     		ldrb	r3, [r3]	@ zero_extendqisi2
 979 0050 1946     		mov	r1, r3
 980 0052 1046     		mov	r0, r2
 981 0054 FFF7FEFF 		bl	CyDmaChSetInitialTd
 292:Generated_Source\PSoC5/WaveA_DAC.c **** }
 982              		.loc 1 292 0
 983 0058 00BF     		nop
 984 005a 0837     		adds	r7, r7, #8
 985              		.cfi_def_cfa_offset 8
 986 005c BD46     		mov	sp, r7
 987              		.cfi_def_cfa_register 13
 988              		@ sp needed
 989 005e 80BD     		pop	{r7, pc}
 990              	.L20:
 991              		.align	2
 992              	.L19:
 993 0060 02000000 		.word	WaveA_DAC_Wave2Chan
 994 0064 04000000 		.word	WaveA_DAC_Wave2TD
 995              		.cfi_endproc
 996              	.LFE6:
 997              		.size	WaveA_DAC_Wave2Setup, .-WaveA_DAC_Wave2Setup
 998              		.text
 999              	.Letext0:
 1000              		.file 2 "Generated_Source\\PSoC5\\cytypes.h"
 1001              		.section	.debug_info,"",%progbits
 1002              	.Ldebug_info0:
 1003 0000 55020000 		.4byte	0x255
 1004 0004 0400     		.2byte	0x4
 1005 0006 00000000 		.4byte	.Ldebug_abbrev0
 1006 000a 04       		.byte	0x4
 1007 000b 01       		.uleb128 0x1
 1008 000c 24000000 		.4byte	.LASF37
 1009 0010 0C       		.byte	0xc
 1010 0011 B2000000 		.4byte	.LASF38
 1011 0015 93010000 		.4byte	.LASF39
 1012 0019 00000000 		.4byte	.Ldebug_ranges0+0
 1013 001d 00000000 		.4byte	0
 1014 0021 00000000 		.4byte	.Ldebug_line0
 1015 0025 02       		.uleb128 0x2
 1016 0026 01       		.byte	0x1
 1017 0027 06       		.byte	0x6
ARM GAS  C:\Users\merce\AppData\Local\Temp\cckjl0AJ.s 			page 24


 1018 0028 E4020000 		.4byte	.LASF0
 1019 002c 02       		.uleb128 0x2
 1020 002d 01       		.byte	0x1
 1021 002e 08       		.byte	0x8
 1022 002f 7E010000 		.4byte	.LASF1
 1023 0033 02       		.uleb128 0x2
 1024 0034 02       		.byte	0x2
 1025 0035 05       		.byte	0x5
 1026 0036 B6020000 		.4byte	.LASF2
 1027 003a 02       		.uleb128 0x2
 1028 003b 02       		.byte	0x2
 1029 003c 07       		.byte	0x7
 1030 003d EA000000 		.4byte	.LASF3
 1031 0041 02       		.uleb128 0x2
 1032 0042 04       		.byte	0x4
 1033 0043 05       		.byte	0x5
 1034 0044 CF020000 		.4byte	.LASF4
 1035 0048 02       		.uleb128 0x2
 1036 0049 04       		.byte	0x4
 1037 004a 07       		.byte	0x7
 1038 004b 20010000 		.4byte	.LASF5
 1039 004f 02       		.uleb128 0x2
 1040 0050 08       		.byte	0x8
 1041 0051 05       		.byte	0x5
 1042 0052 7C020000 		.4byte	.LASF6
 1043 0056 02       		.uleb128 0x2
 1044 0057 08       		.byte	0x8
 1045 0058 07       		.byte	0x7
 1046 0059 17020000 		.4byte	.LASF7
 1047 005d 03       		.uleb128 0x3
 1048 005e 04       		.byte	0x4
 1049 005f 05       		.byte	0x5
 1050 0060 696E7400 		.ascii	"int\000"
 1051 0064 02       		.uleb128 0x2
 1052 0065 04       		.byte	0x4
 1053 0066 07       		.byte	0x7
 1054 0067 0A020000 		.4byte	.LASF8
 1055 006b 04       		.uleb128 0x4
 1056 006c 3A010000 		.4byte	.LASF9
 1057 0070 02       		.byte	0x2
 1058 0071 E901     		.2byte	0x1e9
 1059 0073 2C000000 		.4byte	0x2c
 1060 0077 04       		.uleb128 0x4
 1061 0078 FC010000 		.4byte	.LASF10
 1062 007c 02       		.byte	0x2
 1063 007d EA01     		.2byte	0x1ea
 1064 007f 3A000000 		.4byte	0x3a
 1065 0083 04       		.uleb128 0x4
 1066 0084 03020000 		.4byte	.LASF11
 1067 0088 02       		.byte	0x2
 1068 0089 EB01     		.2byte	0x1eb
 1069 008b 48000000 		.4byte	0x48
 1070 008f 02       		.uleb128 0x2
 1071 0090 04       		.byte	0x4
 1072 0091 04       		.byte	0x4
 1073 0092 0F010000 		.4byte	.LASF12
 1074 0096 02       		.uleb128 0x2
ARM GAS  C:\Users\merce\AppData\Local\Temp\cckjl0AJ.s 			page 25


 1075 0097 08       		.byte	0x8
 1076 0098 04       		.byte	0x4
 1077 0099 8C010000 		.4byte	.LASF13
 1078 009d 02       		.uleb128 0x2
 1079 009e 01       		.byte	0x1
 1080 009f 08       		.byte	0x8
 1081 00a0 8A020000 		.4byte	.LASF14
 1082 00a4 02       		.uleb128 0x2
 1083 00a5 08       		.byte	0x8
 1084 00a6 04       		.byte	0x4
 1085 00a7 D8020000 		.4byte	.LASF15
 1086 00ab 02       		.uleb128 0x2
 1087 00ac 04       		.byte	0x4
 1088 00ad 07       		.byte	0x7
 1089 00ae 73020000 		.4byte	.LASF16
 1090 00b2 05       		.uleb128 0x5
 1091 00b3 ED010000 		.4byte	.LASF17
 1092 00b7 01       		.byte	0x1
 1093 00b8 2B       		.byte	0x2b
 1094 00b9 00000000 		.4byte	.LFB0
 1095 00bd 54000000 		.4byte	.LFE0-.LFB0
 1096 00c1 01       		.uleb128 0x1
 1097 00c2 9C       		.byte	0x9c
 1098 00c3 05       		.uleb128 0x5
 1099 00c4 62020000 		.4byte	.LASF18
 1100 00c8 01       		.byte	0x1
 1101 00c9 56       		.byte	0x56
 1102 00ca 00000000 		.4byte	.LFB1
 1103 00ce 34000000 		.4byte	.LFE1-.LFB1
 1104 00d2 01       		.uleb128 0x1
 1105 00d3 9C       		.byte	0x9c
 1106 00d4 05       		.uleb128 0x5
 1107 00d5 F0020000 		.4byte	.LASF19
 1108 00d9 01       		.byte	0x1
 1109 00da 81       		.byte	0x81
 1110 00db 00000000 		.4byte	.LFB2
 1111 00df 24000000 		.4byte	.LFE2-.LFB2
 1112 00e3 01       		.uleb128 0x1
 1113 00e4 9C       		.byte	0x9c
 1114 00e5 06       		.uleb128 0x6
 1115 00e6 8F020000 		.4byte	.LASF25
 1116 00ea 01       		.byte	0x1
 1117 00eb A3       		.byte	0xa3
 1118 00ec 00000000 		.4byte	.LFB3
 1119 00f0 34000000 		.4byte	.LFE3-.LFB3
 1120 00f4 01       		.uleb128 0x1
 1121 00f5 9C       		.byte	0x9c
 1122 00f6 33010000 		.4byte	0x133
 1123 00fa 07       		.uleb128 0x7
 1124 00fb FD000000 		.4byte	.LASF20
 1125 00ff 01       		.byte	0x1
 1126 0100 A3       		.byte	0xa3
 1127 0101 33010000 		.4byte	0x133
 1128 0105 02       		.uleb128 0x2
 1129 0106 91       		.byte	0x91
 1130 0107 74       		.sleb128 -12
 1131 0108 07       		.uleb128 0x7
ARM GAS  C:\Users\merce\AppData\Local\Temp\cckjl0AJ.s 			page 26


 1132 0109 54010000 		.4byte	.LASF21
 1133 010d 01       		.byte	0x1
 1134 010e A3       		.byte	0xa3
 1135 010f 77000000 		.4byte	0x77
 1136 0113 02       		.uleb128 0x2
 1137 0114 91       		.byte	0x91
 1138 0115 72       		.sleb128 -14
 1139 0116 07       		.uleb128 0x7
 1140 0117 06010000 		.4byte	.LASF22
 1141 011b 01       		.byte	0x1
 1142 011c A3       		.byte	0xa3
 1143 011d 33010000 		.4byte	0x133
 1144 0121 02       		.uleb128 0x2
 1145 0122 91       		.byte	0x91
 1146 0123 6C       		.sleb128 -20
 1147 0124 07       		.uleb128 0x7
 1148 0125 60010000 		.4byte	.LASF23
 1149 0129 01       		.byte	0x1
 1150 012a A3       		.byte	0xa3
 1151 012b 77000000 		.4byte	0x77
 1152 012f 02       		.uleb128 0x2
 1153 0130 91       		.byte	0x91
 1154 0131 70       		.sleb128 -16
 1155 0132 00       		.byte	0
 1156 0133 08       		.uleb128 0x8
 1157 0134 04       		.byte	0x4
 1158 0135 39010000 		.4byte	0x139
 1159 0139 09       		.uleb128 0x9
 1160 013a 6B000000 		.4byte	0x6b
 1161 013e 05       		.uleb128 0x5
 1162 013f C0020000 		.4byte	.LASF24
 1163 0143 01       		.byte	0x1
 1164 0144 BB       		.byte	0xbb
 1165 0145 00000000 		.4byte	.LFB4
 1166 0149 28000000 		.4byte	.LFE4-.LFB4
 1167 014d 01       		.uleb128 0x1
 1168 014e 9C       		.byte	0x9c
 1169 014f 06       		.uleb128 0x6
 1170 0150 A1020000 		.4byte	.LASF26
 1171 0154 01       		.byte	0x1
 1172 0155 DA       		.byte	0xda
 1173 0156 00000000 		.4byte	.LFB5
 1174 015a 68000000 		.4byte	.LFE5-.LFB5
 1175 015e 01       		.uleb128 0x1
 1176 015f 9C       		.byte	0x9c
 1177 0160 81010000 		.4byte	0x181
 1178 0164 07       		.uleb128 0x7
 1179 0165 32010000 		.4byte	.LASF27
 1180 0169 01       		.byte	0x1
 1181 016a DA       		.byte	0xda
 1182 016b 33010000 		.4byte	0x133
 1183 016f 02       		.uleb128 0x2
 1184 0170 91       		.byte	0x91
 1185 0171 74       		.sleb128 -12
 1186 0172 07       		.uleb128 0x7
 1187 0173 15010000 		.4byte	.LASF28
 1188 0177 01       		.byte	0x1
ARM GAS  C:\Users\merce\AppData\Local\Temp\cckjl0AJ.s 			page 27


 1189 0178 DA       		.byte	0xda
 1190 0179 77000000 		.4byte	0x77
 1191 017d 02       		.uleb128 0x2
 1192 017e 91       		.byte	0x91
 1193 017f 72       		.sleb128 -14
 1194 0180 00       		.byte	0
 1195 0181 0A       		.uleb128 0xa
 1196 0182 D5000000 		.4byte	.LASF29
 1197 0186 01       		.byte	0x1
 1198 0187 0801     		.2byte	0x108
 1199 0189 00000000 		.4byte	.LFB6
 1200 018d 68000000 		.4byte	.LFE6-.LFB6
 1201 0191 01       		.uleb128 0x1
 1202 0192 9C       		.byte	0x9c
 1203 0193 B6010000 		.4byte	0x1b6
 1204 0197 0B       		.uleb128 0xb
 1205 0198 32010000 		.4byte	.LASF27
 1206 019c 01       		.byte	0x1
 1207 019d 0801     		.2byte	0x108
 1208 019f 33010000 		.4byte	0x133
 1209 01a3 02       		.uleb128 0x2
 1210 01a4 91       		.byte	0x91
 1211 01a5 74       		.sleb128 -12
 1212 01a6 0B       		.uleb128 0xb
 1213 01a7 15010000 		.4byte	.LASF28
 1214 01ab 01       		.byte	0x1
 1215 01ac 0801     		.2byte	0x108
 1216 01ae 77000000 		.4byte	0x77
 1217 01b2 02       		.uleb128 0x2
 1218 01b3 91       		.byte	0x91
 1219 01b4 72       		.sleb128 -14
 1220 01b5 00       		.byte	0
 1221 01b6 0C       		.uleb128 0xc
 1222 01b7 4E020000 		.4byte	.LASF30
 1223 01bb 01       		.byte	0x1
 1224 01bc 17       		.byte	0x17
 1225 01bd 6B000000 		.4byte	0x6b
 1226 01c1 05       		.uleb128 0x5
 1227 01c2 03       		.byte	0x3
 1228 01c3 01000000 		.4byte	WaveA_DAC_Wave1Chan
 1229 01c7 0C       		.uleb128 0xc
 1230 01c8 40010000 		.4byte	.LASF31
 1231 01cc 01       		.byte	0x1
 1232 01cd 18       		.byte	0x18
 1233 01ce 6B000000 		.4byte	0x6b
 1234 01d2 05       		.uleb128 0x5
 1235 01d3 03       		.byte	0x3
 1236 01d4 02000000 		.4byte	WaveA_DAC_Wave2Chan
 1237 01d8 0C       		.uleb128 0xc
 1238 01d9 00000000 		.4byte	.LASF32
 1239 01dd 01       		.byte	0x1
 1240 01de 19       		.byte	0x19
 1241 01df 6B000000 		.4byte	0x6b
 1242 01e3 05       		.uleb128 0x5
 1243 01e4 03       		.byte	0x3
 1244 01e5 03000000 		.4byte	WaveA_DAC_Wave1TD
 1245 01e9 0C       		.uleb128 0xc
ARM GAS  C:\Users\merce\AppData\Local\Temp\cckjl0AJ.s 			page 28


 1246 01ea 12000000 		.4byte	.LASF33
 1247 01ee 01       		.byte	0x1
 1248 01ef 1A       		.byte	0x1a
 1249 01f0 6B000000 		.4byte	0x6b
 1250 01f4 05       		.uleb128 0x5
 1251 01f5 03       		.byte	0x3
 1252 01f6 04000000 		.4byte	WaveA_DAC_Wave2TD
 1253 01fa 0D       		.uleb128 0xd
 1254 01fb 6C010000 		.4byte	.LASF34
 1255 01ff 01       		.byte	0x1
 1256 0200 12       		.byte	0x12
 1257 0201 6B000000 		.4byte	0x6b
 1258 0205 05       		.uleb128 0x5
 1259 0206 03       		.byte	0x3
 1260 0207 00000000 		.4byte	WaveA_DAC_initVar
 1261 020b 0E       		.uleb128 0xe
 1262 020c 39010000 		.4byte	0x139
 1263 0210 1C020000 		.4byte	0x21c
 1264 0214 0F       		.uleb128 0xf
 1265 0215 AB000000 		.4byte	0xab
 1266 0219 FF01     		.2byte	0x1ff
 1267 021b 00       		.byte	0
 1268 021c 0D       		.uleb128 0xd
 1269 021d 2E020000 		.4byte	.LASF35
 1270 0221 01       		.byte	0x1
 1271 0222 14       		.byte	0x14
 1272 0223 2D020000 		.4byte	0x22d
 1273 0227 05       		.uleb128 0x5
 1274 0228 03       		.byte	0x3
 1275 0229 00000000 		.4byte	WaveA_DAC_wave1
 1276 022d 09       		.uleb128 0x9
 1277 022e 0B020000 		.4byte	0x20b
 1278 0232 0E       		.uleb128 0xe
 1279 0233 39010000 		.4byte	0x139
 1280 0237 42020000 		.4byte	0x242
 1281 023b 10       		.uleb128 0x10
 1282 023c AB000000 		.4byte	0xab
 1283 0240 31       		.byte	0x31
 1284 0241 00       		.byte	0
 1285 0242 0D       		.uleb128 0xd
 1286 0243 3E020000 		.4byte	.LASF36
 1287 0247 01       		.byte	0x1
 1288 0248 15       		.byte	0x15
 1289 0249 53020000 		.4byte	0x253
 1290 024d 05       		.uleb128 0x5
 1291 024e 03       		.byte	0x3
 1292 024f 00000000 		.4byte	WaveA_DAC_wave2
 1293 0253 09       		.uleb128 0x9
 1294 0254 32020000 		.4byte	0x232
 1295 0258 00       		.byte	0
 1296              		.section	.debug_abbrev,"",%progbits
 1297              	.Ldebug_abbrev0:
 1298 0000 01       		.uleb128 0x1
 1299 0001 11       		.uleb128 0x11
 1300 0002 01       		.byte	0x1
 1301 0003 25       		.uleb128 0x25
 1302 0004 0E       		.uleb128 0xe
ARM GAS  C:\Users\merce\AppData\Local\Temp\cckjl0AJ.s 			page 29


 1303 0005 13       		.uleb128 0x13
 1304 0006 0B       		.uleb128 0xb
 1305 0007 03       		.uleb128 0x3
 1306 0008 0E       		.uleb128 0xe
 1307 0009 1B       		.uleb128 0x1b
 1308 000a 0E       		.uleb128 0xe
 1309 000b 55       		.uleb128 0x55
 1310 000c 17       		.uleb128 0x17
 1311 000d 11       		.uleb128 0x11
 1312 000e 01       		.uleb128 0x1
 1313 000f 10       		.uleb128 0x10
 1314 0010 17       		.uleb128 0x17
 1315 0011 00       		.byte	0
 1316 0012 00       		.byte	0
 1317 0013 02       		.uleb128 0x2
 1318 0014 24       		.uleb128 0x24
 1319 0015 00       		.byte	0
 1320 0016 0B       		.uleb128 0xb
 1321 0017 0B       		.uleb128 0xb
 1322 0018 3E       		.uleb128 0x3e
 1323 0019 0B       		.uleb128 0xb
 1324 001a 03       		.uleb128 0x3
 1325 001b 0E       		.uleb128 0xe
 1326 001c 00       		.byte	0
 1327 001d 00       		.byte	0
 1328 001e 03       		.uleb128 0x3
 1329 001f 24       		.uleb128 0x24
 1330 0020 00       		.byte	0
 1331 0021 0B       		.uleb128 0xb
 1332 0022 0B       		.uleb128 0xb
 1333 0023 3E       		.uleb128 0x3e
 1334 0024 0B       		.uleb128 0xb
 1335 0025 03       		.uleb128 0x3
 1336 0026 08       		.uleb128 0x8
 1337 0027 00       		.byte	0
 1338 0028 00       		.byte	0
 1339 0029 04       		.uleb128 0x4
 1340 002a 16       		.uleb128 0x16
 1341 002b 00       		.byte	0
 1342 002c 03       		.uleb128 0x3
 1343 002d 0E       		.uleb128 0xe
 1344 002e 3A       		.uleb128 0x3a
 1345 002f 0B       		.uleb128 0xb
 1346 0030 3B       		.uleb128 0x3b
 1347 0031 05       		.uleb128 0x5
 1348 0032 49       		.uleb128 0x49
 1349 0033 13       		.uleb128 0x13
 1350 0034 00       		.byte	0
 1351 0035 00       		.byte	0
 1352 0036 05       		.uleb128 0x5
 1353 0037 2E       		.uleb128 0x2e
 1354 0038 00       		.byte	0
 1355 0039 3F       		.uleb128 0x3f
 1356 003a 19       		.uleb128 0x19
 1357 003b 03       		.uleb128 0x3
 1358 003c 0E       		.uleb128 0xe
 1359 003d 3A       		.uleb128 0x3a
ARM GAS  C:\Users\merce\AppData\Local\Temp\cckjl0AJ.s 			page 30


 1360 003e 0B       		.uleb128 0xb
 1361 003f 3B       		.uleb128 0x3b
 1362 0040 0B       		.uleb128 0xb
 1363 0041 27       		.uleb128 0x27
 1364 0042 19       		.uleb128 0x19
 1365 0043 11       		.uleb128 0x11
 1366 0044 01       		.uleb128 0x1
 1367 0045 12       		.uleb128 0x12
 1368 0046 06       		.uleb128 0x6
 1369 0047 40       		.uleb128 0x40
 1370 0048 18       		.uleb128 0x18
 1371 0049 9642     		.uleb128 0x2116
 1372 004b 19       		.uleb128 0x19
 1373 004c 00       		.byte	0
 1374 004d 00       		.byte	0
 1375 004e 06       		.uleb128 0x6
 1376 004f 2E       		.uleb128 0x2e
 1377 0050 01       		.byte	0x1
 1378 0051 3F       		.uleb128 0x3f
 1379 0052 19       		.uleb128 0x19
 1380 0053 03       		.uleb128 0x3
 1381 0054 0E       		.uleb128 0xe
 1382 0055 3A       		.uleb128 0x3a
 1383 0056 0B       		.uleb128 0xb
 1384 0057 3B       		.uleb128 0x3b
 1385 0058 0B       		.uleb128 0xb
 1386 0059 27       		.uleb128 0x27
 1387 005a 19       		.uleb128 0x19
 1388 005b 11       		.uleb128 0x11
 1389 005c 01       		.uleb128 0x1
 1390 005d 12       		.uleb128 0x12
 1391 005e 06       		.uleb128 0x6
 1392 005f 40       		.uleb128 0x40
 1393 0060 18       		.uleb128 0x18
 1394 0061 9642     		.uleb128 0x2116
 1395 0063 19       		.uleb128 0x19
 1396 0064 01       		.uleb128 0x1
 1397 0065 13       		.uleb128 0x13
 1398 0066 00       		.byte	0
 1399 0067 00       		.byte	0
 1400 0068 07       		.uleb128 0x7
 1401 0069 05       		.uleb128 0x5
 1402 006a 00       		.byte	0
 1403 006b 03       		.uleb128 0x3
 1404 006c 0E       		.uleb128 0xe
 1405 006d 3A       		.uleb128 0x3a
 1406 006e 0B       		.uleb128 0xb
 1407 006f 3B       		.uleb128 0x3b
 1408 0070 0B       		.uleb128 0xb
 1409 0071 49       		.uleb128 0x49
 1410 0072 13       		.uleb128 0x13
 1411 0073 02       		.uleb128 0x2
 1412 0074 18       		.uleb128 0x18
 1413 0075 00       		.byte	0
 1414 0076 00       		.byte	0
 1415 0077 08       		.uleb128 0x8
 1416 0078 0F       		.uleb128 0xf
ARM GAS  C:\Users\merce\AppData\Local\Temp\cckjl0AJ.s 			page 31


 1417 0079 00       		.byte	0
 1418 007a 0B       		.uleb128 0xb
 1419 007b 0B       		.uleb128 0xb
 1420 007c 49       		.uleb128 0x49
 1421 007d 13       		.uleb128 0x13
 1422 007e 00       		.byte	0
 1423 007f 00       		.byte	0
 1424 0080 09       		.uleb128 0x9
 1425 0081 26       		.uleb128 0x26
 1426 0082 00       		.byte	0
 1427 0083 49       		.uleb128 0x49
 1428 0084 13       		.uleb128 0x13
 1429 0085 00       		.byte	0
 1430 0086 00       		.byte	0
 1431 0087 0A       		.uleb128 0xa
 1432 0088 2E       		.uleb128 0x2e
 1433 0089 01       		.byte	0x1
 1434 008a 3F       		.uleb128 0x3f
 1435 008b 19       		.uleb128 0x19
 1436 008c 03       		.uleb128 0x3
 1437 008d 0E       		.uleb128 0xe
 1438 008e 3A       		.uleb128 0x3a
 1439 008f 0B       		.uleb128 0xb
 1440 0090 3B       		.uleb128 0x3b
 1441 0091 05       		.uleb128 0x5
 1442 0092 27       		.uleb128 0x27
 1443 0093 19       		.uleb128 0x19
 1444 0094 11       		.uleb128 0x11
 1445 0095 01       		.uleb128 0x1
 1446 0096 12       		.uleb128 0x12
 1447 0097 06       		.uleb128 0x6
 1448 0098 40       		.uleb128 0x40
 1449 0099 18       		.uleb128 0x18
 1450 009a 9642     		.uleb128 0x2116
 1451 009c 19       		.uleb128 0x19
 1452 009d 01       		.uleb128 0x1
 1453 009e 13       		.uleb128 0x13
 1454 009f 00       		.byte	0
 1455 00a0 00       		.byte	0
 1456 00a1 0B       		.uleb128 0xb
 1457 00a2 05       		.uleb128 0x5
 1458 00a3 00       		.byte	0
 1459 00a4 03       		.uleb128 0x3
 1460 00a5 0E       		.uleb128 0xe
 1461 00a6 3A       		.uleb128 0x3a
 1462 00a7 0B       		.uleb128 0xb
 1463 00a8 3B       		.uleb128 0x3b
 1464 00a9 05       		.uleb128 0x5
 1465 00aa 49       		.uleb128 0x49
 1466 00ab 13       		.uleb128 0x13
 1467 00ac 02       		.uleb128 0x2
 1468 00ad 18       		.uleb128 0x18
 1469 00ae 00       		.byte	0
 1470 00af 00       		.byte	0
 1471 00b0 0C       		.uleb128 0xc
 1472 00b1 34       		.uleb128 0x34
 1473 00b2 00       		.byte	0
ARM GAS  C:\Users\merce\AppData\Local\Temp\cckjl0AJ.s 			page 32


 1474 00b3 03       		.uleb128 0x3
 1475 00b4 0E       		.uleb128 0xe
 1476 00b5 3A       		.uleb128 0x3a
 1477 00b6 0B       		.uleb128 0xb
 1478 00b7 3B       		.uleb128 0x3b
 1479 00b8 0B       		.uleb128 0xb
 1480 00b9 49       		.uleb128 0x49
 1481 00ba 13       		.uleb128 0x13
 1482 00bb 02       		.uleb128 0x2
 1483 00bc 18       		.uleb128 0x18
 1484 00bd 00       		.byte	0
 1485 00be 00       		.byte	0
 1486 00bf 0D       		.uleb128 0xd
 1487 00c0 34       		.uleb128 0x34
 1488 00c1 00       		.byte	0
 1489 00c2 03       		.uleb128 0x3
 1490 00c3 0E       		.uleb128 0xe
 1491 00c4 3A       		.uleb128 0x3a
 1492 00c5 0B       		.uleb128 0xb
 1493 00c6 3B       		.uleb128 0x3b
 1494 00c7 0B       		.uleb128 0xb
 1495 00c8 49       		.uleb128 0x49
 1496 00c9 13       		.uleb128 0x13
 1497 00ca 3F       		.uleb128 0x3f
 1498 00cb 19       		.uleb128 0x19
 1499 00cc 02       		.uleb128 0x2
 1500 00cd 18       		.uleb128 0x18
 1501 00ce 00       		.byte	0
 1502 00cf 00       		.byte	0
 1503 00d0 0E       		.uleb128 0xe
 1504 00d1 01       		.uleb128 0x1
 1505 00d2 01       		.byte	0x1
 1506 00d3 49       		.uleb128 0x49
 1507 00d4 13       		.uleb128 0x13
 1508 00d5 01       		.uleb128 0x1
 1509 00d6 13       		.uleb128 0x13
 1510 00d7 00       		.byte	0
 1511 00d8 00       		.byte	0
 1512 00d9 0F       		.uleb128 0xf
 1513 00da 21       		.uleb128 0x21
 1514 00db 00       		.byte	0
 1515 00dc 49       		.uleb128 0x49
 1516 00dd 13       		.uleb128 0x13
 1517 00de 2F       		.uleb128 0x2f
 1518 00df 05       		.uleb128 0x5
 1519 00e0 00       		.byte	0
 1520 00e1 00       		.byte	0
 1521 00e2 10       		.uleb128 0x10
 1522 00e3 21       		.uleb128 0x21
 1523 00e4 00       		.byte	0
 1524 00e5 49       		.uleb128 0x49
 1525 00e6 13       		.uleb128 0x13
 1526 00e7 2F       		.uleb128 0x2f
 1527 00e8 0B       		.uleb128 0xb
 1528 00e9 00       		.byte	0
 1529 00ea 00       		.byte	0
 1530 00eb 00       		.byte	0
ARM GAS  C:\Users\merce\AppData\Local\Temp\cckjl0AJ.s 			page 33


 1531              		.section	.debug_aranges,"",%progbits
 1532 0000 4C000000 		.4byte	0x4c
 1533 0004 0200     		.2byte	0x2
 1534 0006 00000000 		.4byte	.Ldebug_info0
 1535 000a 04       		.byte	0x4
 1536 000b 00       		.byte	0
 1537 000c 0000     		.2byte	0
 1538 000e 0000     		.2byte	0
 1539 0010 00000000 		.4byte	.LFB0
 1540 0014 54000000 		.4byte	.LFE0-.LFB0
 1541 0018 00000000 		.4byte	.LFB1
 1542 001c 34000000 		.4byte	.LFE1-.LFB1
 1543 0020 00000000 		.4byte	.LFB2
 1544 0024 24000000 		.4byte	.LFE2-.LFB2
 1545 0028 00000000 		.4byte	.LFB3
 1546 002c 34000000 		.4byte	.LFE3-.LFB3
 1547 0030 00000000 		.4byte	.LFB4
 1548 0034 28000000 		.4byte	.LFE4-.LFB4
 1549 0038 00000000 		.4byte	.LFB5
 1550 003c 68000000 		.4byte	.LFE5-.LFB5
 1551 0040 00000000 		.4byte	.LFB6
 1552 0044 68000000 		.4byte	.LFE6-.LFB6
 1553 0048 00000000 		.4byte	0
 1554 004c 00000000 		.4byte	0
 1555              		.section	.debug_ranges,"",%progbits
 1556              	.Ldebug_ranges0:
 1557 0000 00000000 		.4byte	.LFB0
 1558 0004 54000000 		.4byte	.LFE0
 1559 0008 00000000 		.4byte	.LFB1
 1560 000c 34000000 		.4byte	.LFE1
 1561 0010 00000000 		.4byte	.LFB2
 1562 0014 24000000 		.4byte	.LFE2
 1563 0018 00000000 		.4byte	.LFB3
 1564 001c 34000000 		.4byte	.LFE3
 1565 0020 00000000 		.4byte	.LFB4
 1566 0024 28000000 		.4byte	.LFE4
 1567 0028 00000000 		.4byte	.LFB5
 1568 002c 68000000 		.4byte	.LFE5
 1569 0030 00000000 		.4byte	.LFB6
 1570 0034 68000000 		.4byte	.LFE6
 1571 0038 00000000 		.4byte	0
 1572 003c 00000000 		.4byte	0
 1573              		.section	.debug_line,"",%progbits
 1574              	.Ldebug_line0:
 1575 0000 ED000000 		.section	.debug_str,"MS",%progbits,1
 1575      02004600 
 1575      00000201 
 1575      FB0E0D00 
 1575      01010101 
 1576              	.LASF32:
 1577 0000 57617665 		.ascii	"WaveA_DAC_Wave1TD\000"
 1577      415F4441 
 1577      435F5761 
 1577      76653154 
 1577      4400
 1578              	.LASF33:
 1579 0012 57617665 		.ascii	"WaveA_DAC_Wave2TD\000"
ARM GAS  C:\Users\merce\AppData\Local\Temp\cckjl0AJ.s 			page 34


 1579      415F4441 
 1579      435F5761 
 1579      76653254 
 1579      4400
 1580              	.LASF37:
 1581 0024 474E5520 		.ascii	"GNU C11 5.4.1 20160609 (release) [ARM/embedded-5-br"
 1581      43313120 
 1581      352E342E 
 1581      31203230 
 1581      31363036 
 1582 0057 616E6368 		.ascii	"anch revision 237715] -mcpu=cortex-m3 -mthumb -g -O"
 1582      20726576 
 1582      6973696F 
 1582      6E203233 
 1582      37373135 
 1583 008a 30202D66 		.ascii	"0 -ffunction-sections -ffat-lto-objects\000"
 1583      66756E63 
 1583      74696F6E 
 1583      2D736563 
 1583      74696F6E 
 1584              	.LASF38:
 1585 00b2 47656E65 		.ascii	"Generated_Source\\PSoC5\\WaveA_DAC.c\000"
 1585      72617465 
 1585      645F536F 
 1585      75726365 
 1585      5C50536F 
 1586              	.LASF29:
 1587 00d5 57617665 		.ascii	"WaveA_DAC_Wave2Setup\000"
 1587      415F4441 
 1587      435F5761 
 1587      76653253 
 1587      65747570 
 1588              	.LASF3:
 1589 00ea 73686F72 		.ascii	"short unsigned int\000"
 1589      7420756E 
 1589      7369676E 
 1589      65642069 
 1589      6E7400
 1590              	.LASF20:
 1591 00fd 77617665 		.ascii	"wavePtr1\000"
 1591      50747231 
 1591      00
 1592              	.LASF22:
 1593 0106 77617665 		.ascii	"wavePtr2\000"
 1593      50747232 
 1593      00
 1594              	.LASF12:
 1595 010f 666C6F61 		.ascii	"float\000"
 1595      7400
 1596              	.LASF28:
 1597 0115 73616D70 		.ascii	"sampleSize\000"
 1597      6C655369 
 1597      7A6500
 1598              	.LASF5:
 1599 0120 6C6F6E67 		.ascii	"long unsigned int\000"
 1599      20756E73 
 1599      69676E65 
ARM GAS  C:\Users\merce\AppData\Local\Temp\cckjl0AJ.s 			page 35


 1599      6420696E 
 1599      7400
 1600              	.LASF27:
 1601 0132 77617665 		.ascii	"wavePtr\000"
 1601      50747200 
 1602              	.LASF9:
 1603 013a 75696E74 		.ascii	"uint8\000"
 1603      3800
 1604              	.LASF31:
 1605 0140 57617665 		.ascii	"WaveA_DAC_Wave2Chan\000"
 1605      415F4441 
 1605      435F5761 
 1605      76653243 
 1605      68616E00 
 1606              	.LASF21:
 1607 0154 73616D70 		.ascii	"sampleSize1\000"
 1607      6C655369 
 1607      7A653100 
 1608              	.LASF23:
 1609 0160 73616D70 		.ascii	"sampleSize2\000"
 1609      6C655369 
 1609      7A653200 
 1610              	.LASF34:
 1611 016c 57617665 		.ascii	"WaveA_DAC_initVar\000"
 1611      415F4441 
 1611      435F696E 
 1611      69745661 
 1611      7200
 1612              	.LASF1:
 1613 017e 756E7369 		.ascii	"unsigned char\000"
 1613      676E6564 
 1613      20636861 
 1613      7200
 1614              	.LASF13:
 1615 018c 646F7562 		.ascii	"double\000"
 1615      6C6500
 1616              	.LASF39:
 1617 0193 433A5C55 		.ascii	"C:\\Users\\merce\\Documents\\scope\\CyScope\\Twelve"
 1617      73657273 
 1617      5C6D6572 
 1617      63655C44 
 1617      6F63756D 
 1618 01c0 2D626974 		.ascii	"-bit-4-chan\\ScopeKitProg\\Scope_KitProg.cydsn\000"
 1618      2D342D63 
 1618      68616E5C 
 1618      53636F70 
 1618      654B6974 
 1619              	.LASF17:
 1620 01ed 57617665 		.ascii	"WaveA_DAC_Init\000"
 1620      415F4441 
 1620      435F496E 
 1620      697400
 1621              	.LASF10:
 1622 01fc 75696E74 		.ascii	"uint16\000"
 1622      313600
 1623              	.LASF11:
 1624 0203 75696E74 		.ascii	"uint32\000"
ARM GAS  C:\Users\merce\AppData\Local\Temp\cckjl0AJ.s 			page 36


 1624      333200
 1625              	.LASF8:
 1626 020a 756E7369 		.ascii	"unsigned int\000"
 1626      676E6564 
 1626      20696E74 
 1626      00
 1627              	.LASF7:
 1628 0217 6C6F6E67 		.ascii	"long long unsigned int\000"
 1628      206C6F6E 
 1628      6720756E 
 1628      7369676E 
 1628      65642069 
 1629              	.LASF35:
 1630 022e 57617665 		.ascii	"WaveA_DAC_wave1\000"
 1630      415F4441 
 1630      435F7761 
 1630      76653100 
 1631              	.LASF36:
 1632 023e 57617665 		.ascii	"WaveA_DAC_wave2\000"
 1632      415F4441 
 1632      435F7761 
 1632      76653200 
 1633              	.LASF30:
 1634 024e 57617665 		.ascii	"WaveA_DAC_Wave1Chan\000"
 1634      415F4441 
 1634      435F5761 
 1634      76653143 
 1634      68616E00 
 1635              	.LASF18:
 1636 0262 57617665 		.ascii	"WaveA_DAC_Enable\000"
 1636      415F4441 
 1636      435F456E 
 1636      61626C65 
 1636      00
 1637              	.LASF16:
 1638 0273 73697A65 		.ascii	"sizetype\000"
 1638      74797065 
 1638      00
 1639              	.LASF6:
 1640 027c 6C6F6E67 		.ascii	"long long int\000"
 1640      206C6F6E 
 1640      6720696E 
 1640      7400
 1641              	.LASF14:
 1642 028a 63686172 		.ascii	"char\000"
 1642      00
 1643              	.LASF25:
 1644 028f 57617665 		.ascii	"WaveA_DAC_StartEx\000"
 1644      415F4441 
 1644      435F5374 
 1644      61727445 
 1644      7800
 1645              	.LASF26:
 1646 02a1 57617665 		.ascii	"WaveA_DAC_Wave1Setup\000"
 1646      415F4441 
 1646      435F5761 
 1646      76653153 
ARM GAS  C:\Users\merce\AppData\Local\Temp\cckjl0AJ.s 			page 37


 1646      65747570 
 1647              	.LASF2:
 1648 02b6 73686F72 		.ascii	"short int\000"
 1648      7420696E 
 1648      7400
 1649              	.LASF24:
 1650 02c0 57617665 		.ascii	"WaveA_DAC_Stop\000"
 1650      415F4441 
 1650      435F5374 
 1650      6F7000
 1651              	.LASF4:
 1652 02cf 6C6F6E67 		.ascii	"long int\000"
 1652      20696E74 
 1652      00
 1653              	.LASF15:
 1654 02d8 6C6F6E67 		.ascii	"long double\000"
 1654      20646F75 
 1654      626C6500 
 1655              	.LASF0:
 1656 02e4 7369676E 		.ascii	"signed char\000"
 1656      65642063 
 1656      68617200 
 1657              	.LASF19:
 1658 02f0 57617665 		.ascii	"WaveA_DAC_Start\000"
 1658      415F4441 
 1658      435F5374 
 1658      61727400 
 1659              		.ident	"GCC: (GNU Tools for ARM Embedded Processors) 5.4.1 20160609 (release) [ARM/embedded-5-bran
